
[14:55:49] [INFO ] [EngineManager]
    | ==================================================
    | GRPD Solver Engine Initialized                 
    | ==================================================

[14:55:49] [INFO ] [EngineRegistry]
    | Creating Engine instance: PD

[14:55:49] [INFO ] [PDEngine]
    | PD Engine instance created.
    | ===============================================
    | ========== Registered Types Summary ===========
    | TimeIntegrator    : ADR, CentralDifference, Explicit, MatrixFreeImplicit, Staggered
    | FieldRegistry     : DoubleField, IntField
    | PhysicsFields     : Mechanical, Thermal
    | BCRegistry        : AX, AY, AZ, CONV, FLUX, PX, PY, PZ, T, UX, UY, UZ, VX, VY, VZ
    | ReaderRegistry    : .grpd, .inp
    | StabilizerRegistry: Mechanical_Silling, Mechanical_Wan, Mechanical_Zhang, Thermal_Silling,
    | Thermal_Wan, Thermal_Zhang
    | ContactRegistry   : [Type] General, [ForceLaw] KinematicNormal, [ForceLaw] Nonlinear, [ForceLaw]
    | Penalty, [ForceLaw] Silling, [ForceLaw] Viscous, [Evaluator] NTC, [Evaluator] NTN, [Evaluator] NTS,
    | [FrictionLaw] ElasticStickSlip, [FrictionLaw] ExplicitImpulse, [FrictionLaw] TanhRegularized
    | MaterialRegistry  : FourierThermalMat, J2PlasticityMat, J2VoceLemaitre, JCPlasticityMat,
    | LinearElasticMat
    | KernelRegistry    : NOSB_M, NOSB_T
    | EngineRegistry    : PD
    | ===============================================

[14:55:49] [INFO ] [EngineManager]
    | Initializing solver: PD

[14:55:49] [INFO ] [PDEngine]
    | Initializing PD simulation context...

[14:55:49] [INFO ] [InitModel]
    | ==================================================
    | Model pre-processing...
    | ==================================================
    | grpd path: D:\Project_C++\GRPD\Examples\Plastic_Fracture\Plastic_Fracture.grpd
    | model name: Plastic_Fracture
    | Calling Python pre-processor to generate .grpd mesh...
    | Mesh generated successfully by Python.

[14:55:53] [INFO ] [Context Manager]
    | Formalized model name to: Plastic_Fracture
    | Model dimension set to: 2D
    | 2D thickness set to: 1.000000

[14:55:53] [INFO ] [ReaderRegistry]
    | Creating reader for: .grpd (name: Plastic_Fracture)

[14:55:53] [INFO ] [InitModel]
    | Reading mesh file: D:\Project_C++\GRPD\Examples\Plastic_Fracture\Plastic_Fracture.grpd (reader:
    | .grpd)

[14:55:53] [INFO ] [GrpdMeshReader]
    | Reading file: D:\Project_C++\GRPD\Examples\Plastic_Fracture\Plastic_Fracture.grpd
    | Entering *PARTICLE section (Line 1)
    | Pre-allocated memory for 30876 particles (Zero-Reallocation)
    | Entering *LOAD section (Line 30880)
    | ============================================
    | File reading complete!
    | Total particles: 30876
    | Total load entries: 5760
    | ============================================

[14:55:53] [INFO ] [ParticleManager]
    | Pre-allocated memory for 30876 particles

[14:55:53] [INFO ] [InitModel]
    | Total particles loaded for model Plastic_Fracture: 30876

[14:55:53] [INFO ] [InitMaterial]
    | ==================================================
    | Entering Material Initialization Phase...
    | ==================================================
    | Instantiating material [1] of type: JCPlasticityMat

[14:55:53] [INFO ] [MaterialRegistry]
    | Using factory to create material: Ductile_Steel_3D (type: JCPlasticityMat)

[14:55:53] [INFO ] [DamageValueFracture]
    | Configured Critical_Damage = 0.990000

[14:55:53] [INFO ] [Material]
    | Attached FractureModel 'DamageValueFracture' to material: Ductile_Steel_3D

[14:55:53] [INFO ] [J2PlasticityMat]
    | Hardening Type: Isotropic

[14:55:53] [INFO ] [JCPlasticityMat]
    | Initialized JC Damage parameters: D1=0.050000 D2=3.440000 D3=-2.120000 [Triaxiality Active]

[14:55:53] [INFO ] [MaterialManager]
    | Successfully added material instance: Ductile_Steel_3D

[14:55:53] [INFO ] [InitMaterial]
    | Successfully registered material ID 1 (Ductile_Steel_3D)
    | Assigning material pointers to particles...
    | Successfully assigned materials to 30876 particles.

[14:55:53] [INFO ] [InitFields]
    | ==================================================
    | Entering Field Registration Phase...
    | ==================================================

[14:55:53] [INFO ] [FieldManager]
    | Added field 'Displacement'.
    | Added field 'Velocity'.
    | Added field 'Acceleration'.
    | Added field 'ContactNormal'.
    | Added field 'ContactGap'.
    | Added field 'VirtualSurfacePos'.

[14:55:53] [INFO ] [MechanicalFields]
    | Core fields registered: Displacement, Velocity, Acceleration, ContactNormal, ContactGap,
    | VirtualSurfacePos.

[14:55:53] [INFO ] [InitFields]
    | Auto-registered PhysicsFields module: Mechanical

[14:55:53] [INFO ] [FieldManager]
    | Added field 'ID'.
    | Added field 'PartID'.
    | Added field 'MatID'.
    | Added field 'Coords'.
    | Added field 'Volume'.
    | Added field 'ActiveStatus'.

[14:55:53] [INFO ] [InitFields]
    | Global ActiveStatus field registered.

[14:55:53] [INFO ] [FieldManager]
    | Added field 'EqPlasticStrain_Old'.
    | Added field 'EqPlasticStrain_Trial'.
    | Registered swap pair: EqPlasticStrain_Old <-> EqPlasticStrain_Trial
    | Added field 'PlasticStrain_Old'.
    | Added field 'PlasticStrain_Trial'.
    | Registered swap pair: PlasticStrain_Old <-> PlasticStrain_Trial
    | Added field 'VonMisesStress'.
    | Added field 'Damage_Old'.
    | Added field 'Damage_Trial'.
    | Registered swap pair: Damage_Old <-> Damage_Trial
    | Resized all 19 fields for 30876 particles.

[14:55:53] [INFO ] [InitFields]
    | ActiveStatus initialized to 1 for all particles.
    | Binding high-speed material state pointers...

[14:55:53] [INFO ] [MeshData]
    | Populated particle geometry fields into FieldManager for 30876 particles.

[14:55:53] [INFO ] [InitFields]
    | All fields allocated for 30876 particles. Total fields: 19.

[14:55:53] [INFO ] [InitConditions]
    | ==================================================
    | Entering Conditions Initialization Phase...
    | ==================================================

[14:55:53] [INFO ] [ReaderRegistry]
    | Creating reader for: .grpd (name: LoadReader)

[14:55:53] [INFO ] [GrpdMeshReader]
    | Reading file: D:\Project_C++\GRPD\Examples\Plastic_Fracture\Plastic_Fracture.grpd
    | Entering *PARTICLE section (Line 1)
    | Pre-allocated memory for 30876 particles (Zero-Reallocation)
    | Entering *LOAD section (Line 30880)
    | ============================================
    | File reading complete!
    | Total particles: 30876
    | Total load entries: 5760
    | ============================================

[14:55:53] [INFO ] [InitConditions]
    | Load statistics:
    | - UX : 960
    | - UY : 3840
    | - UZ : 960
    | Boundary conditions initialization complete.

[14:55:53] [INFO ] [InitNeighbors]
    | ==================================================
    | Entering Neighbor Search Phase...
    | ==================================================
    | Horizon radius: 0.754500

[14:55:53] [INFO ] [NeighborList]
    | Starting full-flat CSR search for 30876 particles, horizon = 0.754500
    | Cell grid: 27 x 133 x 1 = 3591 cells
    | Flat cell list built in 1.000166 ms
    | Pass 1 (count) done in 0.999928 ms
    | Total bonds: 847092, Memory: 9 MB
    | Pass 2 (fill) done in 5.000114 ms
    | Max neighbors: 28
    | Total time: 7.000208 ms

[14:55:53] [INFO ] [FieldManager]
    | Added field 'NeighborCount'.

[14:55:53] [INFO ] [InitNeighbors]
    | NeighborCount field populated for 30876 particles.

[14:55:53] [INFO ] [FieldManager]
    | Added field 'BondIntegrity'.

[14:55:53] [INFO ] [InitNeighbors]
    | Global BondIntegrity scalar field properly initialized to 0.0

[14:55:53] [INFO ] [FieldManager]
    | Added field 'IsSurface'.

[14:55:53] [INFO ] [SurfaceDetector]
    | Volume Deficit check complete. Identified 992 surface particles out of 30876 (Threshold: 0.750000).

[14:55:53] [INFO ] [InitNeighbors]
    | Neighbor search phase complete.

[14:55:53] [INFO ] [InitContact]
    | ==================================================
    | Entering Contact Initialization Phase...
    | ==================================================
    | No explicit ContactPairs defined in YAML. Contact engine skipping.
    | Initializing Material-specific BondIntegrity Models...
    | Material BondIntegrity Models initialized. Total Active Models: 1

[14:55:53] [INFO ] [InitPreCracks]
    | Detected PreCracks configuration. Initializing geometric cuts...

[14:55:53] [INFO ] [QuadCrack]
    | Successfully configured QuadCrack with normal: (0.000000, 1.000000, 0.000000)
    | Evaluating bond breakage for crack...
    | Cut 276 bonds traversing the preset crack.

[14:55:53] [INFO ] [InitPreCracks]
    | Applied PreCrack of type: QuadCrack

[14:55:53] [INFO ] [QuadCrack]
    | Successfully configured QuadCrack with normal: (0.000000, 1.000000, 0.000000)
    | Evaluating bond breakage for crack...
    | Cut 276 bonds traversing the preset crack.

[14:55:53] [INFO ] [InitPreCracks]
    | Applied PreCrack of type: QuadCrack

[14:55:53] [INFO ] [InitSolverComponents]
    | ==================================================
    | Entering Solver Components Assembly Phase...
    | ==================================================
    | Building Time Integrator: ADR

[14:55:53] [INFO ] [TimeIntegrator]
    | Explicitly set OMP Threads to: 16

[14:55:53] [INFO ] [InitSolverComponents]
    | Time Integrator configured.
    | Building Space Kernel: NOSB_M

[14:55:53] [INFO ] [NOSB_Base]
    | Applied KernelWeightType: Gaussian
    | Applied ZeroEnergyG0: 0.200000
    | Applied ZeroEnergyMethod string: Silling

[14:55:53] [INFO ] [InitSolverComponents]
    | Space Kernel 'NOSB_M' configured.
    | Total kernels assembled: 1

[14:55:53] [INFO ] [PDEngine::Init]
    | Initializing PostProcessing modules...

[14:55:53] [INFO ] [FieldManager]
    | Added field 'ReactionForce'.

[14:55:53] [INFO ] [ReactionForceExtractor]
    | Initialized physical field 'ReactionForce'.

[14:55:53] [INFO ] [PDEngine::Init]
    | Registered PostProcessor: ReactionForce

[14:55:53] [INFO ] [PDEngine]
    | PD simulation context initialized successfully.

[14:55:53] [INFO ] [EngineManager]
    | All solvers initialized. Total: 1
    | ==================================================
    | Entering Main Solver Phase
    | ==================================================
    | Solving: PD

[14:55:53] [INFO ] [PDEngine]
    | Starting PD Engine Solve Phase...

[14:55:53] [INFO ] [ADR]
    | Identified 2nd-order ODE coupling: Displacement <- Velocity <- Acceleration

[14:55:53] [INFO ] [FieldManager]
    | Added field 'ShapeTensorInv'.
    | Added field 'VHorizon'.
    | Added field 'SumFac'.
    | Added field 'SumOmegaRaw'.

[14:55:53] [INFO ] [NOSB_Base]
    | Computing InfluenceWeight + Shape Tensor Inverse (K^-1)...
    | All NOSB base fields registered and Shape Tensor Inverse computed.

[14:55:53] [INFO ] [FieldManager]
    | Added field 'DeformationGradient'.
    | Added field 'PK1Stress'.

[14:55:53] [INFO ] [NOSB_M]
    | Instantiated MechanicalStabilizer globally in Phase 0 using strategy: Silling

[14:55:53] [INFO ] [ADR]
    | Material [Ductile_Steel_3D]: WaveSpeed c = 5.000000e+01, Safe CFL dt = 4.000000e-03
    | Computed safe CFL limit dt: 4.000000e-03 (dx = 2.500000e-01, c = 5.000000e+01)

[14:55:53] [INFO ] [ADR_Integrator]
    | Auto CFL enabled. Setting dt = 4.000000e-03
    | Starting Custom ADR: NumLoadSteps = 3, MassScale = 1.000000e+10, DampingMethod = HybridKinetic, dt
    | = 4.000000e-03
    | === Load Step 1 / 3 | NumSubsteps: 5 | KBC: 0 ===
    |     [36m[NR-Increment][0m Computed forceCorr for NR iter 1
    |     [Substep 1] Computed RampIters: 623
    |     > Sub 1 Iter 1000 | Time: 4.000000e-01 | KineticRatio: 1.363384e-01 | DispRatio: 1.849049e-04 |
    |     ForceRatio: 1.571129e-03 | Speed: 206 steps/s
    |     > Sub 1 Iter 2000 | Time: 4.000000e-01 | KineticRatio: 4.068463e-03 | DispRatio: 3.139819e-05 |
    |     ForceRatio: 1.493013e-04 | Speed: 196 steps/s
    |     [Step 1 / Sub 1] Converged. Iter: 2684 | KineticRatio: 9.993238e-05 | DispRatio: 4.910313e-06 |
    |     ForceRatio: 2.166728e-05
    |     [35m[NR][0m iter 1 / 20 | MacroForce: 2.952454e-01 (dFref=3.382564e+03) | MacroDisp:
    |     1.000000e+00
    |     [36m[NR-Increment][0m Computed forceCorr for NR iter 2
    |     [Substep 1] Computed RampIters: 0
    |     > Sub 1 Iter 1000 | Time: 4.000000e-01 | KineticRatio: 4.171420e-01 | DispRatio: 2.896411e-04 |
    |     ForceRatio: 1.599977e-03 | Speed: 180 steps/s
    |     > Sub 1 Iter 2000 | Time: 4.000000e-01 | KineticRatio: 4.658249e-03 | DispRatio: 2.869836e-05 |
    |     ForceRatio: 1.314600e-04 | Speed: 173 steps/s
    |     [Step 1 / Sub 1] Converged. Iter: 2725 | KineticRatio: 9.950512e-05 | DispRatio: 4.171657e-06 |
    |     ForceRatio: 1.820462e-05
    |     [36m[Anderson Acceleration][0m Applied! Depth: 2
    |     [35m[NR][0m iter 2 / 20 | MacroForce: 1.205879e-01 (dFref=3.750720e+03) | MacroDisp:
    |     4.066516e-01
    |     [36m[NR-Increment][0m Computed forceCorr for NR iter 3
    |     [Substep 1] Computed RampIters: 0
    |     > Sub 1 Iter 1000 | Time: 4.000000e-01 | KineticRatio: 4.310430e-01 | DispRatio: 2.316677e-04 |
    |     ForceRatio: 1.319985e-03 | Speed: 184 steps/s
    |     > Sub 1 Iter 2000 | Time: 4.000000e-01 | KineticRatio: 4.908408e-03 | DispRatio: 2.343324e-05 |
    |     ForceRatio: 1.099506e-04 | Speed: 188 steps/s
    |     [Step 1 / Sub 1] Converged. Iter: 2735 | KineticRatio: 9.993673e-05 | DispRatio: 3.328619e-06 |
    |     ForceRatio: 1.485784e-05
    |     [36m[Anderson Acceleration][0m Applied! Depth: 3
    |     [35m[NR][0m iter 3 / 20 | MacroForce: 5.730590e-01 (dFref=4.675272e+03) | MacroDisp:
    |     3.327214e-01
    |     [36m[NR-Increment][0m Computed forceCorr for NR iter 4
    |     [Substep 1] Computed RampIters: 0
    |     > Sub 1 Iter 1000 | Time: 4.000000e-01 | KineticRatio: 5.418461e-02 | DispRatio: 3.419758e-05 |
    |     ForceRatio: 2.553628e-04 | Speed: 195 steps/s
    |     > Sub 1 Iter 2000 | Time: 4.000000e-01 | KineticRatio: 1.475275e-03 | DispRatio: 5.572155e-06 |
    |     ForceRatio: 3.342268e-05 | Speed: 197 steps/s
    |     > Sub 1 Iter 3000 | Time: 4.000000e-01 | KineticRatio: 1.000000e+00 | DispRatio: 3.063241e-04 |
    |     ForceRatio: 2.349017e-03 | Speed: 199 steps/s
    |     > Sub 1 Iter 4000 | Time: 4.000000e-01 | KineticRatio: 4.981573e-03 | DispRatio: 1.969455e-04 |
    |     ForceRatio: 5.991607e-02 | Speed: 198 steps/s
    |     > Sub 1 Iter 5000 | Time: 4.000000e-01 | KineticRatio: 1.239617e-03 | DispRatio: 8.883356e-05 |
    |     ForceRatio: 6.733070e-02 | Speed: 196 steps/s
    |     > Sub 1 Iter 6000 | Time: 4.000000e-01 | KineticRatio: 1.044654e-03 | DispRatio: 7.762211e-05 |
    |     ForceRatio: 7.313555e-02 | Speed: 193 steps/s
    |     > Sub 1 Iter 7000 | Time: 4.000000e-01 | KineticRatio: 3.286188e-04 | DispRatio: 4.189840e-05 |
    |     ForceRatio: 1.114025e-01 | Speed: 191 steps/s
    |     > Sub 1 Iter 8000 | Time: 4.000000e-01 | KineticRatio: 4.000264e-05 | DispRatio: 1.416542e-05 |
    |     ForceRatio: 8.274455e-02 | Speed: 189 steps/s
    |     > Sub 1 Iter 9000 | Time: 4.000000e-01 | KineticRatio: 5.552689e-05 | DispRatio: 1.621289e-05 |
    |     ForceRatio: 9.011869e-02 | Speed: 188 steps/s
    |     > Sub 1 Iter 10000 | Time: 4.000000e-01 | KineticRatio: 7.028893e-04 | DispRatio: 5.629792e-05
    |     | ForceRatio: 9.944295e-02 | Speed: 187 steps/s
    |     > Sub 1 Iter 11000 | Time: 4.000000e-01 | KineticRatio: 3.022279e-04 | DispRatio: 3.615422e-05
    |     | ForceRatio: 8.951552e-02 | Speed: 186 steps/s
    |     > Sub 1 Iter 12000 | Time: 4.000000e-01 | KineticRatio: 1.385280e-04 | DispRatio: 2.400386e-05
    |     | ForceRatio: 1.435828e-01 | Speed: 186 steps/s
    |     > Sub 1 Iter 13000 | Time: 4.000000e-01 | KineticRatio: 8.212576e-05 | DispRatio: 1.812660e-05
    |     | ForceRatio: 1.163171e-01 | Speed: 186 steps/s
    |     > Sub 1 Iter 14000 | Time: 4.000000e-01 | KineticRatio: 1.026230e-04 | DispRatio: 1.988905e-05
    |     | ForceRatio: 1.278298e-01 | Speed: 187 steps/s
[14:58:00] [WARNING] [ADR_Integrator]
    |     [Step 1 / Sub 1] Reached MaxPseudoSteps without convergence! | KineticRatio: 2.365591e-03 |
    |     DispRatio: 9.380762e-05 | ForceRatio: 4.004366e-01
[14:58:00] [INFO ] [ADR_Integrator]
    |     [36m[Anderson Acceleration][0m Applied! Depth: 3
    |     [35m[NR][0m iter 4 / 20 | MacroForce: 5.598250e-01 (dFref=4.944791e+03) | MacroDisp:
    |     9.230360e-01
    |     [36m[NR-Increment][0m Computed forceCorr for NR iter 5
    |     [Substep 1] Computed RampIters: 0
    |     > Sub 1 Iter 1000 | Time: 4.000000e-01 | KineticRatio: 1.000000e+00 | DispRatio: 5.375146e-04 |
    |     ForceRatio: 3.204030e-03 | Speed: 189 steps/s
    |     > Sub 1 Iter 2000 | Time: 4.000000e-01 | KineticRatio: 2.180454e-02 | DispRatio: 3.649194e-04 |
    |     ForceRatio: 6.014100e-02 | Speed: 189 steps/s
    |     > Sub 1 Iter 3000 | Time: 4.000000e-01 | KineticRatio: 3.096149e-04 | DispRatio: 3.971829e-05 |
    |     ForceRatio: 6.889590e-02 | Speed: 190 steps/s
    |     > Sub 1 Iter 4000 | Time: 4.000000e-01 | KineticRatio: 8.593496e-04 | DispRatio: 6.284043e-05 |
    |     ForceRatio: 7.579313e-02 | Speed: 190 steps/s
    |     > Sub 1 Iter 5000 | Time: 4.000000e-01 | KineticRatio: 6.956228e-04 | DispRatio: 5.433867e-05 |
    |     ForceRatio: 2.193095e-01 | Speed: 189 steps/s
    |     > Sub 1 Iter 6000 | Time: 4.000000e-01 | KineticRatio: 9.449975e-04 | DispRatio: 6.127639e-05 |
    |     ForceRatio: 8.536417e-02 | Speed: 189 steps/s
    |     > Sub 1 Iter 7000 | Time: 4.000000e-01 | KineticRatio: 1.992556e-03 | DispRatio: 8.631353e-05 |
    |     ForceRatio: 4.331016e-01 | Speed: 188 steps/s
    |     > Sub 1 Iter 8000 | Time: 4.000000e-01 | KineticRatio: 2.879107e-03 | DispRatio: 1.009360e-04 |
    |     ForceRatio: 4.976973e-01 | Speed: 188 steps/s
    |     > Sub 1 Iter 9000 | Time: 4.000000e-01 | KineticRatio: 1.641681e-03 | DispRatio: 7.428705e-05 |
    |     ForceRatio: 1.009492e-01 | Speed: 188 steps/s
    |     > Sub 1 Iter 10000 | Time: 4.000000e-01 | KineticRatio: 2.615927e-03 | DispRatio: 9.157427e-05
    |     | ForceRatio: 4.798856e-01 | Speed: 189 steps/s
    |     > Sub 1 Iter 11000 | Time: 4.000000e-01 | KineticRatio: 2.527074e-03 | DispRatio: 8.795888e-05
    |     | ForceRatio: 4.646810e-01 | Speed: 189 steps/s
    |     > Sub 1 Iter 12000 | Time: 4.000000e-01 | KineticRatio: 1.847164e-03 | DispRatio: 7.349227e-05
    |     | ForceRatio: 4.156534e-01 | Speed: 189 steps/s
    |     > Sub 1 Iter 13000 | Time: 4.000000e-01 | KineticRatio: 1.087842e-02 | DispRatio: 1.744772e-04
    |     | ForceRatio: 4.848161e-01 | Speed: 189 steps/s
    |     > Sub 1 Iter 14000 | Time: 4.000000e-01 | KineticRatio: 8.607427e-04 | DispRatio: 4.807519e-05
    |     | ForceRatio: 1.066223e-01 | Speed: 190 steps/s
[14:59:21] [WARNING] [ADR_Integrator]
    |     [Step 1 / Sub 1] Reached MaxPseudoSteps without convergence! | KineticRatio: 4.495131e-04 |
    |     DispRatio: 3.399893e-05 | ForceRatio: 1.709610e-01
[14:59:21] [INFO ] [ADR_Integrator]
    |     [36m[Anderson Acceleration][0m Applied! Depth: 3
    |     [35m[NR][0m iter 5 / 20 | MacroForce: 5.215146e-01 (dFref=4.663433e+03) | MacroDisp:
    |     9.354205e-01
    |     [36m[NR-Increment][0m Computed forceCorr for NR iter 6
    |     [Substep 1] Computed RampIters: 0
    |     > Sub 1 Iter 1000 | Time: 4.000000e-01 | KineticRatio: 1.000000e+00 | DispRatio: 1.342077e-03 |
    |     ForceRatio: 9.175363e-03 | Speed: 189 steps/s
    |     > Sub 1 Iter 2000 | Time: 4.000000e-01 | KineticRatio: 2.639423e-02 | DispRatio: 4.565478e-04 |
    |     ForceRatio: 5.551853e-02 | Speed: 189 steps/s
    |     > Sub 1 Iter 3000 | Time: 4.000000e-01 | KineticRatio: 3.049659e-04 | DispRatio: 4.382570e-05 |
    |     ForceRatio: 6.656851e-02 | Speed: 188 steps/s
    |     > Sub 1 Iter 4000 | Time: 4.000000e-01 | KineticRatio: 3.621132e-04 | DispRatio: 4.499946e-05 |
    |     ForceRatio: 7.232168e-02 | Speed: 188 steps/s
    |     > Sub 1 Iter 5000 | Time: 4.000000e-01 | KineticRatio: 9.866203e-04 | DispRatio: 7.110404e-05 |
    |     ForceRatio: 2.316802e-01 | Speed: 188 steps/s
    |     > Sub 1 Iter 6000 | Time: 4.000000e-01 | KineticRatio: 6.796740e-05 | DispRatio: 1.795540e-05 |
    |     ForceRatio: 8.325820e-02 | Speed: 188 steps/s
    |     > Sub 1 Iter 7000 | Time: 4.000000e-01 | KineticRatio: 1.104121e-03 | DispRatio: 6.996678e-05 |
    |     ForceRatio: 8.783806e-02 | Speed: 189 steps/s
    |     > Sub 1 Iter 8000 | Time: 4.000000e-01 | KineticRatio: 4.254885e-04 | DispRatio: 4.219788e-05 |
    |     ForceRatio: 9.475326e-02 | Speed: 189 steps/s
    |     > Sub 1 Iter 9000 | Time: 4.000000e-01 | KineticRatio: 1.367938e-04 | DispRatio: 2.330301e-05 |
    |     ForceRatio: 9.919878e-02 | Speed: 190 steps/s
    |     > Sub 1 Iter 10000 | Time: 4.000000e-01 | KineticRatio: 8.249756e-05 | DispRatio: 1.764207e-05
    |     | ForceRatio: 1.097847e-01 | Speed: 190 steps/s
    |     > Sub 1 Iter 11000 | Time: 4.000000e-01 | KineticRatio: 5.324800e-04 | DispRatio: 4.373376e-05
    |     | ForceRatio: 1.126447e-01 | Speed: 190 steps/s
    |     > Sub 1 Iter 12000 | Time: 4.000000e-01 | KineticRatio: 1.463912e-04 | DispRatio: 2.240757e-05
    |     | ForceRatio: 1.322221e-01 | Speed: 190 steps/s
    |     > Sub 1 Iter 13000 | Time: 4.000000e-01 | KineticRatio: 2.746255e-03 | DispRatio: 9.493996e-05
    |     | ForceRatio: 5.161482e-01 | Speed: 189 steps/s
    |     > Sub 1 Iter 14000 | Time: 4.000000e-01 | KineticRatio: 7.591293e-04 | DispRatio: 4.885855e-05
    |     | ForceRatio: 1.273959e-01 | Speed: 190 steps/s
[15:00:42] [WARNING] [ADR_Integrator]
    |     [Step 1 / Sub 1] Reached MaxPseudoSteps without convergence! | KineticRatio: 1.302850e-04 |
    |     DispRatio: 1.981993e-05 | ForceRatio: 1.331326e-01
[15:00:42] [INFO ] [ADR_Integrator]
    |     [36m[Anderson Acceleration][0m Applied! Depth: 3
    |     [35m[NR][0m iter 6 / 20 | MacroForce: 5.365822e-01 (dFref=4.824726e+03) | MacroDisp:
    |     9.386003e-01
    |     [36m[NR-Increment][0m Computed forceCorr for NR iter 7
    |     [Substep 1] Computed RampIters: 0
    |     > Sub 1 Iter 1000 | Time: 4.000000e-01 | KineticRatio: 1.000000e+00 | DispRatio: 1.864631e-03 |
    |     ForceRatio: 1.461015e-02 | Speed: 190 steps/s
    |     > Sub 1 Iter 2000 | Time: 4.000000e-01 | KineticRatio: 9.249407e-04 | DispRatio: 9.423936e-05 |
    |     ForceRatio: 6.956274e-02 | Speed: 191 steps/s
    |     > Sub 1 Iter 3000 | Time: 4.000000e-01 | KineticRatio: 3.634053e-04 | DispRatio: 5.621304e-05 |
    |     ForceRatio: 7.677628e-02 | Speed: 191 steps/s
    |     > Sub 1 Iter 4000 | Time: 4.000000e-01 | KineticRatio: 5.008204e-04 | DispRatio: 6.365992e-05 |
    |     ForceRatio: 3.003487e-01 | Speed: 191 steps/s
    |     > Sub 1 Iter 5000 | Time: 4.000000e-01 | KineticRatio: 2.299166e-04 | DispRatio: 4.185810e-05 |
    |     ForceRatio: 1.443677e-01 | Speed: 190 steps/s
    |     > Sub 1 Iter 6000 | Time: 4.000000e-01 | KineticRatio: 2.980788e-04 | DispRatio: 4.643247e-05 |
    |     ForceRatio: 2.473328e-01 | Speed: 190 steps/s
    |     > Sub 1 Iter 7000 | Time: 4.000000e-01 | KineticRatio: 4.277709e-05 | DispRatio: 1.715548e-05 |
    |     ForceRatio: 9.679164e-02 | Speed: 190 steps/s
    |     > Sub 1 Iter 8000 | Time: 4.000000e-01 | KineticRatio: 3.698749e-04 | DispRatio: 4.925239e-05 |
    |     ForceRatio: 1.041145e-01 | Speed: 190 steps/s
    |     > Sub 1 Iter 9000 | Time: 4.000000e-01 | KineticRatio: 1.465087e-03 | DispRatio: 9.583722e-05 |
    |     ForceRatio: 4.463098e-01 | Speed: 190 steps/s
    |     > Sub 1 Iter 10000 | Time: 4.000000e-01 | KineticRatio: 1.491536e-04 | DispRatio: 2.992034e-05
    |     | ForceRatio: 1.867813e-01 | Speed: 190 steps/s
    |     > Sub 1 Iter 11000 | Time: 4.000000e-01 | KineticRatio: 5.695983e-05 | DispRatio: 1.810587e-05
    |     | ForceRatio: 1.228912e-01 | Speed: 190 steps/s
    |     > Sub 1 Iter 12000 | Time: 4.000000e-01 | KineticRatio: 6.949988e-05 | DispRatio: 1.958718e-05
    |     | ForceRatio: 1.256827e-01 | Speed: 190 steps/s
    |     > Sub 1 Iter 13000 | Time: 4.000000e-01 | KineticRatio: 2.700635e-04 | DispRatio: 3.786670e-05
    |     | ForceRatio: 1.046685e-01 | Speed: 190 steps/s
    |     > Sub 1 Iter 14000 | Time: 4.000000e-01 | KineticRatio: 1.191614e-04 | DispRatio: 2.466245e-05
    |     | ForceRatio: 1.380949e-01 | Speed: 188 steps/s
[15:02:08] [WARNING] [ADR_Integrator]
    |     [Step 1 / Sub 1] Reached MaxPseudoSteps without convergence! | KineticRatio: 7.085469e-05 |
    |     DispRatio: 1.865709e-05 | ForceRatio: 1.246970e-01
[15:02:08] [INFO ] [ADR_Integrator]
    |     [36m[Anderson Acceleration][0m Applied! Depth: 3
    |     [35m[NR][0m iter 7 / 20 | MacroForce: 5.830513e-01 (dFref=5.050438e+03) | MacroDisp:
    |     9.382688e-01
    |     [36m[NR-Increment][0m Computed forceCorr for NR iter 8
    |     [Substep 1] Computed RampIters: 0
    |     > Sub 1 Iter 1000 | Time: 4.000000e-01 | KineticRatio: 1.000000e+00 | DispRatio: 1.510638e-03 |
    |     ForceRatio: 1.142916e-02 | Speed: 187 steps/s
    |     > Sub 1 Iter 2000 | Time: 4.000000e-01 | KineticRatio: 1.311367e-03 | DispRatio: 9.810924e-05 |
    |     ForceRatio: 6.590241e-02 | Speed: 186 steps/s
    |     > Sub 1 Iter 3000 | Time: 4.000000e-01 | KineticRatio: 8.727518e-04 | DispRatio: 7.393061e-05 |
    |     ForceRatio: 7.174803e-02 | Speed: 186 steps/s
    |     > Sub 1 Iter 4000 | Time: 4.000000e-01 | KineticRatio: 2.428026e-04 | DispRatio: 3.738335e-05 |
    |     ForceRatio: 7.895255e-02 | Speed: 186 steps/s
    |     > Sub 1 Iter 5000 | Time: 4.000000e-01 | KineticRatio: 2.323176e-03 | DispRatio: 1.117007e-04 |
    |     ForceRatio: 5.299546e-01 | Speed: 187 steps/s
    |     > Sub 1 Iter 6000 | Time: 4.000000e-01 | KineticRatio: 1.295968e-04 | DispRatio: 2.564439e-05 |
    |     ForceRatio: 1.404915e-01 | Speed: 187 steps/s
    |     > Sub 1 Iter 7000 | Time: 4.000000e-01 | KineticRatio: 3.746542e-04 | DispRatio: 4.243812e-05 |
    |     ForceRatio: 9.140838e-02 | Speed: 187 steps/s
    |     > Sub 1 Iter 8000 | Time: 4.000000e-01 | KineticRatio: 9.169830e-05 | DispRatio: 2.048834e-05 |
    |     ForceRatio: 8.801639e-02 | Speed: 187 steps/s
    |     > Sub 1 Iter 9000 | Time: 4.000000e-01 | KineticRatio: 7.481977e-04 | DispRatio: 5.716020e-05 |
    |     ForceRatio: 1.035393e-01 | Speed: 188 steps/s
    |     > Sub 1 Iter 10000 | Time: 4.000000e-01 | KineticRatio: 5.672777e-05 | DispRatio: 1.540109e-05
    |     | ForceRatio: 9.426022e-02 | Speed: 188 steps/s
    |     > Sub 1 Iter 11000 | Time: 4.000000e-01 | KineticRatio: 9.199396e-05 | DispRatio: 1.920283e-05
    |     | ForceRatio: 1.116157e-01 | Speed: 188 steps/s
    |     > Sub 1 Iter 12000 | Time: 4.000000e-01 | KineticRatio: 4.840834e-04 | DispRatio: 4.313576e-05
    |     | ForceRatio: 1.209877e-01 | Speed: 187 steps/s
    |     > Sub 1 Iter 13000 | Time: 4.000000e-01 | KineticRatio: 1.176518e-04 | DispRatio: 2.084025e-05
    |     | ForceRatio: 1.203059e-01 | Speed: 187 steps/s
    |     > Sub 1 Iter 14000 | Time: 4.000000e-01 | KineticRatio: 1.862000e-04 | DispRatio: 2.570415e-05
    |     | ForceRatio: 1.427450e-01 | Speed: 187 steps/s
[15:03:35] [WARNING] [ADR_Integrator]
    |     [Step 1 / Sub 1] Reached MaxPseudoSteps without convergence! | KineticRatio: 7.527750e-04 |
    |     DispRatio: 5.071370e-05 | ForceRatio: 1.318621e-01
[15:03:35] [INFO ] [ADR_Integrator]
    |     [36m[Anderson Acceleration][0m Applied! Depth: 3
    |     [35m[NR][0m iter 8 / 20 | MacroForce: 5.634557e-01 (dFref=4.892276e+03) | MacroDisp:
    |     9.350063e-01
    |     [36m[NR-Increment][0m Computed forceCorr for NR iter 9
    |     [Substep 1] Computed RampIters: 0
    |     > Sub 1 Iter 1000 | Time: 4.000000e-01 | KineticRatio: 1.000000e+00 | DispRatio: 9.279068e-04 |
    |     ForceRatio: 6.859181e-03 | Speed: 185 steps/s
    |     > Sub 1 Iter 2000 | Time: 4.000000e-01 | KineticRatio: 1.280092e-04 | DispRatio: 3.997970e-05 |
    |     ForceRatio: 7.192141e-02 | Speed: 185 steps/s
    |     > Sub 1 Iter 3000 | Time: 4.000000e-01 | KineticRatio: 6.872741e-04 | DispRatio: 8.813462e-05 |
    |     ForceRatio: 3.673149e-01 | Speed: 184 steps/s
    |     > Sub 1 Iter 4000 | Time: 4.000000e-01 | KineticRatio: 2.851782e-04 | DispRatio: 5.479877e-05 |
    |     ForceRatio: 2.816986e-01 | Speed: 184 steps/s
    |     > Sub 1 Iter 5000 | Time: 4.000000e-01 | KineticRatio: 1.869157e-04 | DispRatio: 4.312482e-05 |
    |     ForceRatio: 2.564041e-01 | Speed: 183 steps/s
    |     > Sub 1 Iter 6000 | Time: 4.000000e-01 | KineticRatio: 1.021088e-04 | DispRatio: 3.106265e-05 |
    |     ForceRatio: 8.672578e-02 | Speed: 182 steps/s
    |     > Sub 1 Iter 7000 | Time: 4.000000e-01 | KineticRatio: 1.683339e-04 | DispRatio: 3.898231e-05 |
    |     ForceRatio: 1.002714e-01 | Speed: 181 steps/s
    |     > Sub 1 Iter 8000 | Time: 4.000000e-01 | KineticRatio: 1.704384e-04 | DispRatio: 3.837062e-05 |
    |     ForceRatio: 1.023288e-01 | Speed: 181 steps/s
    |     > Sub 1 Iter 9000 | Time: 4.000000e-01 | KineticRatio: 5.660922e-05 | DispRatio: 2.162206e-05 |
    |     ForceRatio: 1.109966e-01 | Speed: 181 steps/s
    |     > Sub 1 Iter 10000 | Time: 4.000000e-01 | KineticRatio: 3.743596e-05 | DispRatio: 1.723874e-05
    |     | ForceRatio: 1.132708e-01 | Speed: 181 steps/s
    |     > Sub 1 Iter 11000 | Time: 4.000000e-01 | KineticRatio: 2.351217e-04 | DispRatio: 4.236876e-05
    |     | ForceRatio: 1.223523e-01 | Speed: 181 steps/s
    |     > Sub 1 Iter 12000 | Time: 4.000000e-01 | KineticRatio: 9.119764e-05 | DispRatio: 2.587830e-05
    |     | ForceRatio: 1.220280e-01 | Speed: 181 steps/s
    |     > Sub 1 Iter 13000 | Time: 4.000000e-01 | KineticRatio: 1.100091e-04 | DispRatio: 2.789797e-05
    |     | ForceRatio: 1.920391e-01 | Speed: 181 steps/s
    |     > Sub 1 Iter 14000 | Time: 4.000000e-01 | KineticRatio: 5.402186e-05 | DispRatio: 1.920310e-05
    |     | ForceRatio: 1.349506e-01 | Speed: 181 steps/s
[15:05:12] [WARNING] [ADR_Integrator]
    |     [Step 1 / Sub 1] Reached MaxPseudoSteps without convergence! | KineticRatio: 6.000919e-05 |
    |     DispRatio: 1.988693e-05 | ForceRatio: 1.425196e-01
[15:05:12] [INFO ] [ADR_Integrator]
    |     [36m[Anderson Acceleration][0m Applied! Depth: 3
    |     [35m[NR][0m iter 9 / 20 | MacroForce: 5.938268e-01 (dFref=5.010068e+03) | MacroDisp:
    |     9.396790e-01
    |     [36m[NR-Increment][0m Computed forceCorr for NR iter 10
    |     [Substep 1] Computed RampIters: 0
    |     > Sub 1 Iter 1000 | Time: 4.000000e-01 | KineticRatio: 1.000000e+00 | DispRatio: 9.912648e-04 |
    |     ForceRatio: 7.045295e-03 | Speed: 181 steps/s
    |     > Sub 1 Iter 2000 | Time: 4.000000e-01 | KineticRatio: 5.138249e-04 | DispRatio: 8.651307e-05 |
    |     ForceRatio: 7.510645e-02 | Speed: 181 steps/s
    |     > Sub 1 Iter 3000 | Time: 4.000000e-01 | KineticRatio: 1.522275e-05 | DispRatio: 1.436763e-05 |
    |     ForceRatio: 8.433088e-02 | Speed: 181 steps/s
    |     > Sub 1 Iter 4000 | Time: 4.000000e-01 | KineticRatio: 2.015087e-05 | DispRatio: 1.605350e-05 |
    |     ForceRatio: 9.646070e-02 | Speed: 181 steps/s
    |     > Sub 1 Iter 5000 | Time: 4.000000e-01 | KineticRatio: 1.545109e-04 | DispRatio: 4.331935e-05 |
    |     ForceRatio: 9.391959e-02 | Speed: 181 steps/s
    |     > Sub 1 Iter 6000 | Time: 4.000000e-01 | KineticRatio: 1.367084e-04 | DispRatio: 3.978835e-05 |
    |     ForceRatio: 9.970165e-02 | Speed: 181 steps/s
    |     > Sub 1 Iter 7000 | Time: 4.000000e-01 | KineticRatio: 2.464243e-05 | DispRatio: 1.651725e-05 |
    |     ForceRatio: 1.083213e-01 | Speed: 181 steps/s
    |     > Sub 1 Iter 8000 | Time: 4.000000e-01 | KineticRatio: 5.872153e-04 | DispRatio: 7.890193e-05 |
    |     ForceRatio: 9.440636e-02 | Speed: 181 steps/s
    |     > Sub 1 Iter 9000 | Time: 4.000000e-01 | KineticRatio: 6.221776e-05 | DispRatio: 2.514973e-05 |
    |     ForceRatio: 1.711726e-01 | Speed: 181 steps/s
    |     > Sub 1 Iter 10000 | Time: 4.000000e-01 | KineticRatio: 2.659163e-04 | DispRatio: 5.092580e-05
    |     | ForceRatio: 1.039851e-01 | Speed: 181 steps/s
    |     > Sub 1 Iter 11000 | Time: 4.000000e-01 | KineticRatio: 6.081785e-05 | DispRatio: 2.388094e-05
    |     | ForceRatio: 1.678973e-01 | Speed: 181 steps/s
    |     > Sub 1 Iter 12000 | Time: 4.000000e-01 | KineticRatio: 3.163856e-05 | DispRatio: 1.690495e-05
    |     | ForceRatio: 1.292081e-01 | Speed: 181 steps/s
    |     > Sub 1 Iter 13000 | Time: 4.000000e-01 | KineticRatio: 8.675010e-05 | DispRatio: 2.745546e-05
    |     | ForceRatio: 1.296757e-01 | Speed: 181 steps/s
    |     > Sub 1 Iter 14000 | Time: 4.000000e-01 | KineticRatio: 1.155439e-04 | DispRatio: 3.108780e-05
    |     | ForceRatio: 1.215487e-01 | Speed: 181 steps/s
[15:06:36] [WARNING] [ADR_Integrator]
    |     [Step 1 / Sub 1] Reached MaxPseudoSteps without convergence! | KineticRatio: 6.802475e-05 |
    |     DispRatio: 2.338104e-05 | ForceRatio: 1.743401e-01
[15:06:36] [INFO ] [ADR_Integrator]
    |     [36m[Anderson Acceleration][0m Applied! Depth: 3
    |     [35m[NR][0m iter 10 / 20 | MacroForce: 6.162833e-01 (dFref=5.115745e+03) | MacroDisp:
    |     9.512230e-01
    |     [36m[NR-Increment][0m Computed forceCorr for NR iter 11
    |     [Substep 1] Computed RampIters: 0
    |     > Sub 1 Iter 1000 | Time: 4.000000e-01 | KineticRatio: 9.111421e-02 | DispRatio: 1.400133e-04 |
    |     ForceRatio: 7.611770e-04 | Speed: 182 steps/s
    |     > Sub 1 Iter 2000 | Time: 4.000000e-01 | KineticRatio: 2.117110e-02 | DispRatio: 5.823769e-04 |
    |     ForceRatio: 6.934364e-02 | Speed: 182 steps/s
    |     > Sub 1 Iter 3000 | Time: 4.000000e-01 | KineticRatio: 5.351408e-05 | DispRatio: 2.578354e-05 |
    |     ForceRatio: 1.511232e-01 | Speed: 182 steps/s
    |     > Sub 1 Iter 4000 | Time: 4.000000e-01 | KineticRatio: 4.697699e-04 | DispRatio: 7.388755e-05 |
    |     ForceRatio: 8.762388e-02 | Speed: 182 steps/s
    |     > Sub 1 Iter 5000 | Time: 4.000000e-01 | KineticRatio: 1.018144e-04 | DispRatio: 3.346512e-05 |
    |     ForceRatio: 9.307216e-02 | Speed: 182 steps/s
    |     > Sub 1 Iter 6000 | Time: 4.000000e-01 | KineticRatio: 3.861954e-04 | DispRatio: 6.363204e-05 |
    |     ForceRatio: 9.818703e-02 | Speed: 181 steps/s
    |     > Sub 1 Iter 7000 | Time: 4.000000e-01 | KineticRatio: 2.293694e-05 | DispRatio: 1.515430e-05 |
    |     ForceRatio: 1.044831e-01 | Speed: 181 steps/s
    |     > Sub 1 Iter 8000 | Time: 4.000000e-01 | KineticRatio: 3.168860e-04 | DispRatio: 5.505898e-05 |
    |     ForceRatio: 3.593678e-01 | Speed: 181 steps/s
    |     > Sub 1 Iter 9000 | Time: 4.000000e-01 | KineticRatio: 1.913958e-04 | DispRatio: 4.189719e-05 |
    |     ForceRatio: 9.725053e-02 | Speed: 181 steps/s
    |     > Sub 1 Iter 10000 | Time: 4.000000e-01 | KineticRatio: 3.386003e-05 | DispRatio: 1.726343e-05
    |     | ForceRatio: 1.247308e-01 | Speed: 181 steps/s
    |     > Sub 1 Iter 11000 | Time: 4.000000e-01 | KineticRatio: 1.122744e-04 | DispRatio: 3.086382e-05
    |     | ForceRatio: 1.224995e-01 | Speed: 181 steps/s
    |     > Sub 1 Iter 12000 | Time: 4.000000e-01 | KineticRatio: 4.467575e-05 | DispRatio: 1.909330e-05
    |     | ForceRatio: 1.302850e-01 | Speed: 181 steps/s
    |     > Sub 1 Iter 13000 | Time: 4.000000e-01 | KineticRatio: 5.017206e-05 | DispRatio: 1.982578e-05
    |     | ForceRatio: 1.285004e-01 | Speed: 181 steps/s
    |     > Sub 1 Iter 14000 | Time: 4.000000e-01 | KineticRatio: 4.522801e-04 | DispRatio: 5.827402e-05
    |     | ForceRatio: 1.242819e-01 | Speed: 181 steps/s
[15:08:02] [WARNING] [ADR_Integrator]
    |     [Step 1 / Sub 1] Reached MaxPseudoSteps without convergence! | KineticRatio: 4.465835e-05 |
    |     DispRatio: 1.791964e-05 | ForceRatio: 1.384537e-01
[15:08:02] [INFO ] [ADR_Integrator]
    |     [36m[Anderson Acceleration][0m Applied! Depth: 3
    |     [35m[NR][0m iter 11 / 20 | MacroForce: 6.089024e-01 (dFref=5.057956e+03) | MacroDisp:
    |     9.549449e-01
    |     [36m[NR-Increment][0m Computed forceCorr for NR iter 12
    |     [Substep 1] Computed RampIters: 0
    |     > Sub 1 Iter 1000 | Time: 4.000000e-01 | KineticRatio: 1.000000e+00 | DispRatio: 5.516505e-04 |
    |     ForceRatio: 3.979687e-03 | Speed: 182 steps/s
    |     > Sub 1 Iter 2000 | Time: 4.000000e-01 | KineticRatio: 4.308266e-02 | DispRatio: 6.545061e-04 |
    |     ForceRatio: 5.927710e-02 | Speed: 182 steps/s
    |     > Sub 1 Iter 3000 | Time: 4.000000e-01 | KineticRatio: 4.250866e-04 | DispRatio: 5.438605e-05 |
    |     ForceRatio: 7.465006e-02 | Speed: 182 steps/s
    |     > Sub 1 Iter 4000 | Time: 4.000000e-01 | KineticRatio: 1.888225e-04 | DispRatio: 3.456771e-05 |
    |     ForceRatio: 9.561333e-02 | Speed: 182 steps/s
    |     > Sub 1 Iter 5000 | Time: 4.000000e-01 | KineticRatio: 3.778175e-05 | DispRatio: 1.494277e-05 |
    |     ForceRatio: 8.803814e-02 | Speed: 181 steps/s
    |     > Sub 1 Iter 6000 | Time: 4.000000e-01 | KineticRatio: 3.030795e-04 | DispRatio: 4.116054e-05 |
    |     ForceRatio: 1.448350e-01 | Speed: 181 steps/s
    |     > Sub 1 Iter 7000 | Time: 4.000000e-01 | KineticRatio: 1.682554e-04 | DispRatio: 2.988878e-05 |
    |     ForceRatio: 9.535810e-02 | Speed: 181 steps/s
    |     > Sub 1 Iter 8000 | Time: 4.000000e-01 | KineticRatio: 2.773529e-04 | DispRatio: 3.747293e-05 |
    |     ForceRatio: 1.005286e-01 | Speed: 181 steps/s
    |     > Sub 1 Iter 9000 | Time: 4.000000e-01 | KineticRatio: 8.754723e-04 | DispRatio: 6.511282e-05 |
    |     ForceRatio: 1.027311e-01 | Speed: 180 steps/s
    |     > Sub 1 Iter 10000 | Time: 4.000000e-01 | KineticRatio: 4.531780e-04 | DispRatio: 4.585566e-05
    |     | ForceRatio: 9.532042e-02 | Speed: 180 steps/s
    |     > Sub 1 Iter 11000 | Time: 4.000000e-01 | KineticRatio: 1.772945e-03 | DispRatio: 8.882467e-05
    |     | ForceRatio: 2.527280e-01 | Speed: 180 steps/s
    |     > Sub 1 Iter 12000 | Time: 4.000000e-01 | KineticRatio: 6.342659e-05 | DispRatio: 1.647233e-05
    |     | ForceRatio: 1.265294e-01 | Speed: 180 steps/s
    |     > Sub 1 Iter 13000 | Time: 4.000000e-01 | KineticRatio: 1.325736e-03 | DispRatio: 7.392814e-05
    |     | ForceRatio: 1.122401e-01 | Speed: 179 steps/s
    |     > Sub 1 Iter 14000 | Time: 4.000000e-01 | KineticRatio: 3.073712e-04 | DispRatio: 3.491785e-05
    |     | ForceRatio: 1.301346e-01 | Speed: 179 steps/s
[15:09:37] [WARNING] [ADR_Integrator]
    |     [Step 1 / Sub 1] Reached MaxPseudoSteps without convergence! | KineticRatio: 2.955313e-04 |
    |     DispRatio: 3.353395e-05 | ForceRatio: 2.516463e-01
[15:09:37] [INFO ] [ADR_Integrator]
    |     [36m[Anderson Acceleration][0m Applied! Depth: 3
    |     [35m[NR][0m iter 12 / 20 | MacroForce: 5.906723e-01 (dFref=4.903182e+03) | MacroDisp:
    |     9.465024e-01
    |     [36m[NR-Increment][0m Computed forceCorr for NR iter 13
    |     [Substep 1] Computed RampIters: 0
    |     > Sub 1 Iter 1000 | Time: 4.000000e-01 | KineticRatio: 1.000000e+00 | DispRatio: 5.721553e-04 |
    |     ForceRatio: 4.086997e-03 | Speed: 179 steps/s
    |     > Sub 1 Iter 2000 | Time: 4.000000e-01 | KineticRatio: 2.036090e-03 | DispRatio: 1.637943e-04 |
    |     ForceRatio: 7.096236e-02 | Speed: 180 steps/s
    |     > Sub 1 Iter 3000 | Time: 4.000000e-01 | KineticRatio: 1.046780e-04 | DispRatio: 3.444139e-05 |
    |     ForceRatio: 8.145819e-02 | Speed: 180 steps/s
    |     > Sub 1 Iter 4000 | Time: 4.000000e-01 | KineticRatio: 1.810006e-05 | DispRatio: 1.378706e-05 |
    |     ForceRatio: 8.417980e-02 | Speed: 180 steps/s
    |     > Sub 1 Iter 5000 | Time: 4.000000e-01 | KineticRatio: 2.288212e-04 | DispRatio: 4.756544e-05 |
    |     ForceRatio: 1.153927e-01 | Speed: 180 steps/s
    |     > Sub 1 Iter 6000 | Time: 4.000000e-01 | KineticRatio: 6.075154e-04 | DispRatio: 7.544237e-05 |
    |     ForceRatio: 2.945626e-01 | Speed: 180 steps/s
    |     > Sub 1 Iter 7000 | Time: 4.000000e-01 | KineticRatio: 3.777770e-04 | DispRatio: 5.805446e-05 |
    |     ForceRatio: 9.980326e-02 | Speed: 180 steps/s
    |     > Sub 1 Iter 8000 | Time: 4.000000e-01 | KineticRatio: 2.426503e-05 | DispRatio: 1.437324e-05 |
    |     ForceRatio: 9.242217e-02 | Speed: 180 steps/s
    |     > Sub 1 Iter 9000 | Time: 4.000000e-01 | KineticRatio: 1.548922e-04 | DispRatio: 3.551104e-05 |
    |     ForceRatio: 1.104769e-01 | Speed: 180 steps/s
    |     > Sub 1 Iter 10000 | Time: 4.000000e-01 | KineticRatio: 3.244789e-05 | DispRatio: 1.593035e-05
    |     | ForceRatio: 1.127477e-01 | Speed: 180 steps/s
    |     > Sub 1 Iter 11000 | Time: 4.000000e-01 | KineticRatio: 6.774624e-05 | DispRatio: 2.255472e-05
    |     | ForceRatio: 1.060155e-01 | Speed: 180 steps/s
    |     > Sub 1 Iter 12000 | Time: 4.000000e-01 | KineticRatio: 4.037570e-05 | DispRatio: 1.708198e-05
    |     | ForceRatio: 1.217316e-01 | Speed: 180 steps/s
    |     > Sub 1 Iter 13000 | Time: 4.000000e-01 | KineticRatio: 1.490710e-04 | DispRatio: 3.222469e-05
    |     | ForceRatio: 1.104507e-01 | Speed: 180 steps/s
    |     > Sub 1 Iter 14000 | Time: 4.000000e-01 | KineticRatio: 3.836814e-05 | DispRatio: 1.602987e-05
    |     | ForceRatio: 1.272552e-01 | Speed: 180 steps/s
[15:10:57] [WARNING] [ADR_Integrator]
    |     [Step 1 / Sub 1] Reached MaxPseudoSteps without convergence! | KineticRatio: 2.338703e-04 |
    |     DispRatio: 3.875494e-05 | ForceRatio: 1.173442e-01
[15:10:57] [INFO ] [ADR_Integrator]
    |     [36m[Anderson Acceleration][0m Applied! Depth: 3
    |     [35m[NR][0m iter 13 / 20 | MacroForce: 5.966157e-01 (dFref=4.872142e+03) | MacroDisp:
    |     9.487869e-01
    |     [36m[NR-Increment][0m Computed forceCorr for NR iter 14
    |     [Substep 1] Computed RampIters: 0
    |     > Sub 1 Iter 1000 | Time: 4.000000e-01 | KineticRatio: 1.000000e+00 | DispRatio: 7.576666e-04 |
    |     ForceRatio: 5.292661e-03 | Speed: 181 steps/s
    |     > Sub 1 Iter 2000 | Time: 4.000000e-01 | KineticRatio: 4.317457e-04 | DispRatio: 7.002598e-05 |
    |     ForceRatio: 7.123163e-02 | Speed: 181 steps/s
    |     > Sub 1 Iter 3000 | Time: 4.000000e-01 | KineticRatio: 2.111863e-05 | DispRatio: 1.463199e-05 |
    |     ForceRatio: 8.348119e-02 | Speed: 181 steps/s
    |     > Sub 1 Iter 4000 | Time: 4.000000e-01 | KineticRatio: 7.810944e-05 | DispRatio: 2.710841e-05 |
    |     ForceRatio: 9.511301e-02 | Speed: 181 steps/s
    |     > Sub 1 Iter 5000 | Time: 4.000000e-01 | KineticRatio: 1.138810e-04 | DispRatio: 3.174850e-05 |
    |     ForceRatio: 9.115493e-02 | Speed: 181 steps/s
    |     > Sub 1 Iter 6000 | Time: 4.000000e-01 | KineticRatio: 3.188816e-05 | DispRatio: 1.634971e-05 |
    |     ForceRatio: 9.204939e-02 | Speed: 181 steps/s
    |     > Sub 1 Iter 7000 | Time: 4.000000e-01 | KineticRatio: 1.314433e-04 | DispRatio: 3.235586e-05 |
    |     ForceRatio: 9.745713e-02 | Speed: 181 steps/s
    |     > Sub 1 Iter 8000 | Time: 4.000000e-01 | KineticRatio: 3.818667e-04 | DispRatio: 5.384376e-05 |
    |     ForceRatio: 3.378129e-01 | Speed: 180 steps/s
    |     > Sub 1 Iter 9000 | Time: 4.000000e-01 | KineticRatio: 1.054785e-04 | DispRatio: 2.765643e-05 |
    |     ForceRatio: 1.596589e-01 | Speed: 180 steps/s
    |     > Sub 1 Iter 10000 | Time: 4.000000e-01 | KineticRatio: 1.285710e-03 | DispRatio: 9.460567e-05
    |     | ForceRatio: 3.914551e-01 | Speed: 180 steps/s
    |     > Sub 1 Iter 11000 | Time: 4.000000e-01 | KineticRatio: 8.498957e-04 | DispRatio: 7.551833e-05
    |     | ForceRatio: 1.489957e-01 | Speed: 180 steps/s
    |     > Sub 1 Iter 12000 | Time: 4.000000e-01 | KineticRatio: 1.058015e-04 | DispRatio: 2.616131e-05
    |     | ForceRatio: 1.083347e-01 | Speed: 180 steps/s
    |     > Sub 1 Iter 13000 | Time: 4.000000e-01 | KineticRatio: 9.031054e-05 | DispRatio: 2.373466e-05
    |     | ForceRatio: 1.137530e-01 | Speed: 180 steps/s
    |     > Sub 1 Iter 14000 | Time: 4.000000e-01 | KineticRatio: 4.406608e-04 | DispRatio: 5.141417e-05
    |     | ForceRatio: 1.231585e-01 | Speed: 180 steps/s
[15:12:23] [WARNING] [ADR_Integrator]
    |     [Step 1 / Sub 1] Reached MaxPseudoSteps without convergence! | KineticRatio: 2.354895e-04 |
    |     DispRatio: 3.682161e-05 | ForceRatio: 1.291059e-01
[15:12:23] [INFO ] [ADR_Integrator]
    |     [36m[Anderson Acceleration][0m Applied! Depth: 3
    |     [35m[NR][0m iter 14 / 20 | MacroForce: 5.991985e-01 (dFref=4.851543e+03) | MacroDisp:
    |     9.505599e-01
    |     [36m[NR-Increment][0m Computed forceCorr for NR iter 15
    |     [Substep 1] Computed RampIters: 0
    |     [Step 1 / Sub 1] Converged. Iter: 305 | KineticRatio: 2.472129e-06 | DispRatio: 1.697843e-05 |
    |     ForceRatio: 1.124746e-02
    |     [36m[Anderson Acceleration][0m Applied! Depth: 3
    |     [35m[NR][0m iter 15 / 20 | MacroForce: 9.761052e-01 (dFref=4.545884e+04) | MacroDisp:
    |     1.849757e-01
    |     [36m[NR-Increment][0m Computed forceCorr for NR iter 16
    |     [Substep 1] Computed RampIters: 0
    |     [Step 1 / Sub 1] Converged. Iter: 276 | KineticRatio: 3.241464e-06 | DispRatio: 1.570804e-05 |
    |     ForceRatio: 1.339906e-02
    |     [36m[Anderson Acceleration][0m Applied! Depth: 3
    |     [35m[NR][0m iter 16 / 20 | MacroForce: 9.727499e-01 (dFref=3.715698e+04) | MacroDisp:
    |     1.423021e-01
    |     [36m[NR-Increment][0m Computed forceCorr for NR iter 17
    |     [Substep 1] Computed RampIters: 0
    |     [Step 1 / Sub 1] Converged. Iter: 194 | KineticRatio: 9.739231e-05 | DispRatio: 5.020742e-05 |
    |     ForceRatio: 1.948566e-02
    |     [36m[Anderson Acceleration][0m Applied! Depth: 3
    |     [35m[NR][0m iter 17 / 20 | MacroForce: 9.608960e-01 (dFref=2.235201e+04) | MacroDisp:
    |     7.604344e-02
    |     [36m[NR-Increment][0m Computed forceCorr for NR iter 18
    |     [Substep 1] Computed RampIters: 0
    |     [Step 1 / Sub 1] Converged. Iter: 208 | KineticRatio: 3.365462e-05 | DispRatio: 1.824015e-05 |
    |     ForceRatio: 3.866901e-02
    |     [36m[Anderson Acceleration][0m Applied! Depth: 3
    |     [35m[NR][0m iter 18 / 20 | MacroForce: 9.409455e-01 (dFref=1.448231e+04) | MacroDisp:
    |     5.081953e-02
    |     [36m[NR-Increment][0m Computed forceCorr for NR iter 19
    |     [Substep 1] Computed RampIters: 0
    |     [Step 1 / Sub 1] Converged. Iter: 346 | KineticRatio: 2.122296e-05 | DispRatio: 1.203991e-05 |
    |     ForceRatio: 3.336941e-02
    |     [36m[Anderson Acceleration][0m Applied! Depth: 3
    |     [35m[NR][0m iter 19 / 20 | MacroForce: 9.220350e-01 (dFref=1.228015e+04) | MacroDisp:
    |     8.771475e-02
    |     [36m[NR-Increment][0m Computed forceCorr for NR iter 20
    |     [Substep 1] Computed RampIters: 0
    |     [Step 1 / Sub 1] Converged. Iter: 342 | KineticRatio: 5.917974e-05 | DispRatio: 2.034397e-05 |
    |     ForceRatio: 2.164812e-02
    |     [36m[Anderson Acceleration][0m Applied! Depth: 3
    |     [35m[NR][0m iter 20 / 20 | MacroForce: 9.227711e-01 (dFref=1.240386e+04) | MacroDisp:
    |     8.763892e-02
[15:12:33] [WARNING] [ADR_Integrator]
    |     [Step 1 / Sub 1] [35m[NR][0m did NOT converge within 20 iterations!
    |     >> [31m[Auto-Switch][0m Severe tearing detected! Rolling back substep and permanently
    |     switching to FastInnerLoop explicit dynamics...
[15:12:33] [INFO ] [ADR_Integrator]
    |     [Substep 1] Computed RampIters: 623
    |     > Sub 1 Iter 1000 | Time: 4.000000e-01 | KineticRatio: 1.669318e-04 | DispRatio: 3.826036e-05 |
    |     ForceRatio: 1.776006e-01 | Speed: 180 steps/s
    |     > Sub 1 Iter 2000 | Time: 4.000000e-01 | KineticRatio: 6.617819e-05 | DispRatio: 2.415901e-05 |
    |     ForceRatio: 6.820091e-02 | Speed: 180 steps/s
    |     > Sub 1 Iter 3000 | Time: 4.000000e-01 | KineticRatio: 4.855142e-03 | DispRatio: 2.120824e-04 |
    |     ForceRatio: 1.479296e-01 | Speed: 180 steps/s
    |     > Sub 1 Iter 4000 | Time: 4.000000e-01 | KineticRatio: 7.436092e-05 | DispRatio: 2.714515e-05 |
    |     ForceRatio: 1.008548e-01 | Speed: 180 steps/s
    |     > Sub 1 Iter 5000 | Time: 4.000000e-01 | KineticRatio: 9.291127e-05 | DispRatio: 3.043621e-05 |
    |     ForceRatio: 1.351698e-01 | Speed: 180 steps/s
    |     > Sub 1 Iter 6000 | Time: 4.000000e-01 | KineticRatio: 1.508653e-04 | DispRatio: 3.889256e-05 |
    |     ForceRatio: 1.710327e-01 | Speed: 181 steps/s
    |     > Sub 1 Iter 7000 | Time: 4.000000e-01 | KineticRatio: 1.850435e-05 | DispRatio: 1.365883e-05 |
    |     ForceRatio: 1.249155e-01 | Speed: 181 steps/s
    |     > Sub 1 Iter 8000 | Time: 4.000000e-01 | KineticRatio: 1.140898e-04 | DispRatio: 3.401195e-05 |
    |     ForceRatio: 2.607026e-01 | Speed: 181 steps/s
    |     > Sub 1 Iter 9000 | Time: 4.000000e-01 | KineticRatio: 1.301546e-05 | DispRatio: 1.152386e-05 |
    |     ForceRatio: 1.052492e-01 | Speed: 181 steps/s
    |     > Sub 1 Iter 10000 | Time: 4.000000e-01 | KineticRatio: 4.832801e-05 | DispRatio: 2.228320e-05
    |     | ForceRatio: 9.440022e-02 | Speed: 181 steps/s
    |     > Sub 1 Iter 11000 | Time: 4.000000e-01 | KineticRatio: 3.374402e-04 | DispRatio: 5.911740e-05
    |     | ForceRatio: 3.832003e-01 | Speed: 181 steps/s
    |     > Sub 1 Iter 12000 | Time: 4.000000e-01 | KineticRatio: 1.812823e-05 | DispRatio: 1.381512e-05
    |     | ForceRatio: 1.090428e-01 | Speed: 181 steps/s
    |     > Sub 1 Iter 13000 | Time: 4.000000e-01 | KineticRatio: 2.075435e-05 | DispRatio: 1.527148e-05
    |     | ForceRatio: 1.299373e-01 | Speed: 181 steps/s
    |     > Sub 1 Iter 14000 | Time: 4.000000e-01 | KineticRatio: 3.405616e-05 | DispRatio: 1.959195e-05
    |     | ForceRatio: 1.566771e-01 | Speed: 181 steps/s
[15:13:53] [WARNING] [ADR_Integrator]
    |     [Step 1 / Sub 1] Reached MaxPseudoSteps without convergence! | KineticRatio: 8.007787e-05 |
    |     DispRatio: 3.008446e-05 | ForceRatio: 2.411790e-01
    |     [Explicit] Inner loop did NOT converge within MaxPseudoSteps!
[15:13:53] [INFO ] [ADR_Integrator]
    |     [Substep 2] Computed RampIters: 623
    |     > Sub 2 Iter 1000 | Time: 8.000000e-01 | KineticRatio: 2.686320e-03 | DispRatio: 5.215214e-05 |
    |     ForceRatio: 2.276149e-01 | Speed: 181 steps/s
    |     > Sub 2 Iter 2000 | Time: 8.000000e-01 | KineticRatio: 6.498483e-02 | DispRatio: 2.561133e-04 |
    |     ForceRatio: 8.044464e-02 | Speed: 181 steps/s
    |     > Sub 2 Iter 3000 | Time: 8.000000e-01 | KineticRatio: 2.035200e-02 | DispRatio: 1.415972e-04 |
    |     ForceRatio: 5.851500e-03 | Speed: 181 steps/s
    |     > Sub 2 Iter 4000 | Time: 8.000000e-01 | KineticRatio: 2.544281e-04 | DispRatio: 1.567297e-05 |
    |     ForceRatio: 6.999353e-04 | Speed: 181 steps/s
    |     [Step 1 / Sub 2] Converged. Iter: 4122 | KineticRatio: 9.929719e-05 | DispRatio: 9.788563e-06 |
    |     ForceRatio: 5.968794e-04
    |     [35m[Explicit][0m Inner loop converged -> substep done. (No outer NR needed)
    |     [Substep 3] Computed RampIters: 623
    |     > Sub 3 Iter 1000 | Time: 1.200000e+00 | KineticRatio: 4.261838e-02 | DispRatio: 3.241250e-04 |
    |     ForceRatio: 2.136482e+00 | Speed: 181 steps/s
    |     > Sub 3 Iter 2000 | Time: 1.200000e+00 | KineticRatio: 3.722133e-03 | DispRatio: 9.539696e-05 |
    |     ForceRatio: 2.893614e-01 | Speed: 181 steps/s
    |     > Sub 3 Iter 3000 | Time: 1.200000e+00 | KineticRatio: 1.627277e-04 | DispRatio: 1.991739e-05 |
    |     ForceRatio: 2.049717e-02 | Speed: 181 steps/s
    |     [Step 1 / Sub 3] Converged. Iter: 3168 | KineticRatio: 9.968821e-05 | DispRatio: 1.558765e-05 |
    |     ForceRatio: 1.456862e-02
    |     [35m[Explicit][0m Inner loop converged -> substep done. (No outer NR needed)
    |     [Substep 4] Computed RampIters: 623
    |     > Sub 4 Iter 1000 | Time: 1.600000e+00 | KineticRatio: 4.467729e-04 | DispRatio: 1.894415e-05 |
    |     ForceRatio: 8.460626e-01 | Speed: 181 steps/s
    |     > Sub 4 Iter 2000 | Time: 1.600000e+00 | KineticRatio: 3.758916e-04 | DispRatio: 1.736590e-05 |
    |     ForceRatio: 4.382043e-01 | Speed: 181 steps/s
    |     > Sub 4 Iter 3000 | Time: 1.600000e+00 | KineticRatio: 8.681988e-05 | DispRatio: 8.343198e-06 |
    |     ForceRatio: 5.171911e-01 | Speed: 181 steps/s
    |     > Sub 4 Iter 4000 | Time: 1.600000e+00 | KineticRatio: 3.632529e-04 | DispRatio: 1.706199e-05 |
    |     ForceRatio: 5.138443e-01 | Speed: 181 steps/s
    |     > Sub 4 Iter 5000 | Time: 1.600000e+00 | KineticRatio: 3.341409e-04 | DispRatio: 1.636107e-05 |
    |     ForceRatio: 1.109177e+00 | Speed: 181 steps/s
    |     > Sub 4 Iter 6000 | Time: 1.600000e+00 | KineticRatio: 3.258337e-04 | DispRatio: 1.615389e-05 |
    |     ForceRatio: 1.095604e+00 | Speed: 181 steps/s
    |     > Sub 4 Iter 7000 | Time: 1.600000e+00 | KineticRatio: 3.272006e-04 | DispRatio: 1.618539e-05 |
    |     ForceRatio: 1.106281e+00 | Speed: 181 steps/s
    |     > Sub 4 Iter 8000 | Time: 1.600000e+00 | KineticRatio: 1.135075e-04 | DispRatio: 9.531421e-06 |
    |     ForceRatio: 6.209966e-01 | Speed: 181 steps/s
    |     > Sub 4 Iter 9000 | Time: 1.600000e+00 | KineticRatio: 4.222207e-04 | DispRatio: 1.838022e-05 |
    |     ForceRatio: 5.731419e-01 | Speed: 181 steps/s
    |     > Sub 4 Iter 10000 | Time: 1.600000e+00 | KineticRatio: 1.326154e-04 | DispRatio: 1.029957e-05
    |     | ForceRatio: 6.620668e-01 | Speed: 181 steps/s
    |     > Sub 4 Iter 11000 | Time: 1.600000e+00 | KineticRatio: 1.414174e-04 | DispRatio: 1.063461e-05
    |     | ForceRatio: 6.789355e-01 | Speed: 181 steps/s
    |     > Sub 4 Iter 12000 | Time: 1.600000e+00 | KineticRatio: 3.069183e-04 | DispRatio: 1.566496e-05
    |     | ForceRatio: 1.114165e+00 | Speed: 180 steps/s
    |     > Sub 4 Iter 13000 | Time: 1.600000e+00 | KineticRatio: 2.861370e-04 | DispRatio: 1.512354e-05
    |     | ForceRatio: 1.083452e+00 | Speed: 180 steps/s
    |     > Sub 4 Iter 14000 | Time: 1.600000e+00 | KineticRatio: 1.596513e-04 | DispRatio: 1.129546e-05
    |     | ForceRatio: 7.095874e-01 | Speed: 179 steps/s
[15:16:13] [WARNING] [ADR_Integrator]
    |     [Step 1 / Sub 4] Reached MaxPseudoSteps without convergence! | KineticRatio: 5.912284e-04 |
    |     DispRatio: 2.173453e-05 | ForceRatio: 6.594685e-01
    |     [Explicit] Inner loop did NOT converge within MaxPseudoSteps!
[15:16:13] [INFO ] [ADR_Integrator]
    |     [Substep 5] Computed RampIters: 623
    |     > Sub 5 Iter 1000 | Time: 2.000000e+00 | KineticRatio: 6.208928e-04 | DispRatio: 2.595032e-04 |
    |     ForceRatio: 1.837330e+00 | Speed: 179 steps/s
    |     > Sub 5 Iter 2000 | Time: 2.000000e+00 | KineticRatio: 4.126621e-05 | DispRatio: 6.629046e-05 |
    |     ForceRatio: 6.439745e-02 | Speed: 179 steps/s
    |     [Step 1 / Sub 5] Converged. Iter: 2098 | KineticRatio: 4.019126e-05 | DispRatio: 6.538543e-05 |
    |     ForceRatio: 4.992098e-02
    |     [35m[Explicit][0m Inner loop converged -> substep done. (No outer NR needed)
    | === Load Step 2 / 3 | NumSubsteps: 50 | KBC: 0 ===
    |     [Substep 1] Computed RampIters: 623
    |     > Sub 1 Iter 1000 | Time: 2.060000e+00 | KineticRatio: 1.652485e-01 | DispRatio: 1.031775e-03 |
    |     ForceRatio: 1.736968e+02 | Speed: 179 steps/s

[17:05:57] [INFO ] [EngineManager]
    | ==================================================
    | GRPD Solver Engine Initialized                 
    | ==================================================

[17:05:57] [INFO ] [EngineRegistry]
    | Creating Engine instance: PD

[17:05:57] [INFO ] [PDEngine]
    | PD Engine instance created.
    | ===============================================
    | ========== Registered Types Summary ===========
    | TimeIntegrator    : ADR, CentralDifference, Explicit, MatrixFreeImplicit, Staggered
    | FieldRegistry     : DoubleField, IntField
    | PhysicsFields     : Mechanical, Thermal
    | BCRegistry        : AX, AY, AZ, CONV, FLUX, PX, PY, PZ, T, UX, UY, UZ, VX, VY, VZ
    | ReaderRegistry    : .grpd, .inp
    | StabilizerRegistry: Mechanical_Silling, Mechanical_Wan, Mechanical_Zhang, Thermal_Silling,
    | Thermal_Wan, Thermal_Zhang
    | ContactRegistry   : [Type] General, [ForceLaw] KinematicNormal, [ForceLaw] Nonlinear, [ForceLaw]
    | Penalty, [ForceLaw] Silling, [ForceLaw] Viscous, [Evaluator] NTC, [Evaluator] NTN, [Evaluator] NTS,
    | [FrictionLaw] ElasticStickSlip, [FrictionLaw] ExplicitImpulse, [FrictionLaw] TanhRegularized
    | MaterialRegistry  : FourierThermalMat, J2PlasticityMat, J2VoceLemaitre, JCPlasticityMat,
    | LinearElasticMat
    | KernelRegistry    : NOSB_M, NOSB_T
    | EngineRegistry    : PD
    | ===============================================

[17:05:57] [INFO ] [EngineManager]
    | Initializing solver: PD

[17:05:57] [INFO ] [PDEngine]
    | Initializing PD simulation context...

[17:05:57] [INFO ] [InitModel]
    | ==================================================
    | Model pre-processing...
    | ==================================================
    | grpd path: D:\Project_C++\GRPD\Examples\Plastic_Fracture\Plastic_Fracture.grpd
    | model name: Plastic_Fracture
    | Calling Python pre-processor to generate .grpd mesh...
    | Mesh generated successfully by Python.

[17:06:00] [INFO ] [Context Manager]
    | Formalized model name to: Plastic_Fracture
    | Model dimension set to: 2D
    | 2D thickness set to: 1.000000

[17:06:00] [INFO ] [ReaderRegistry]
    | Creating reader for: .grpd (name: Plastic_Fracture)

[17:06:00] [INFO ] [InitModel]
    | Reading mesh file: D:\Project_C++\GRPD\Examples\Plastic_Fracture\Plastic_Fracture.grpd (reader:
    | .grpd)

[17:06:00] [INFO ] [GrpdMeshReader]
    | Reading file: D:\Project_C++\GRPD\Examples\Plastic_Fracture\Plastic_Fracture.grpd
    | Entering *PARTICLE section (Line 1)
    | Pre-allocated memory for 7720 particles (Zero-Reallocation)
    | Entering *LOAD section (Line 7724)
    | ============================================
    | File reading complete!
    | Total particles: 7720
    | Total load entries: 1440
    | ============================================

[17:06:00] [INFO ] [ParticleManager]
    | Pre-allocated memory for 7720 particles

[17:06:00] [INFO ] [InitModel]
    | Total particles loaded for model Plastic_Fracture: 7720

[17:06:00] [INFO ] [InitMaterial]
    | ==================================================
    | Entering Material Initialization Phase...
    | ==================================================
    | Instantiating material [1] of type: JCPlasticityMat

[17:06:00] [INFO ] [MaterialRegistry]
    | Using factory to create material: Ductile_Steel_3D (type: JCPlasticityMat)

[17:06:00] [INFO ] [DamageValueFracture]
    | Configured Critical_Damage = 0.990000

[17:06:00] [INFO ] [Material]
    | Attached FractureModel 'DamageValueFracture' to material: Ductile_Steel_3D

[17:06:00] [INFO ] [J2PlasticityMat]
    | Hardening Type: Isotropic

[17:06:00] [INFO ] [JCPlasticityMat]
    | Initialized JC Damage parameters: D1=0.050000 D2=3.440000 D3=-2.120000 [Triaxiality Active]

[17:06:00] [INFO ] [MaterialManager]
    | Successfully added material instance: Ductile_Steel_3D

[17:06:00] [INFO ] [InitMaterial]
    | Successfully registered material ID 1 (Ductile_Steel_3D)
    | Assigning material pointers to particles...
    | Successfully assigned materials to 7720 particles.

[17:06:00] [INFO ] [InitFields]
    | ==================================================
    | Entering Field Registration Phase...
    | ==================================================

[17:06:00] [INFO ] [FieldManager]
    | Added field 'Displacement'.
    | Added field 'Velocity'.
    | Added field 'Acceleration'.
    | Added field 'ContactNormal'.
    | Added field 'ContactGap'.
    | Added field 'VirtualSurfacePos'.

[17:06:00] [INFO ] [MechanicalFields]
    | Core fields registered: Displacement, Velocity, Acceleration, ContactNormal, ContactGap,
    | VirtualSurfacePos.

[17:06:00] [INFO ] [InitFields]
    | Auto-registered PhysicsFields module: Mechanical

[17:06:00] [INFO ] [FieldManager]
    | Added field 'ID'.
    | Added field 'PartID'.
    | Added field 'MatID'.
    | Added field 'Coords'.
    | Added field 'Volume'.
    | Added field 'ActiveStatus'.

[17:06:00] [INFO ] [InitFields]
    | Global ActiveStatus field registered.

[17:06:00] [INFO ] [FieldManager]
    | Added field 'EqPlasticStrain_Old'.
    | Added field 'EqPlasticStrain_Trial'.
    | Registered swap pair: EqPlasticStrain_Old <-> EqPlasticStrain_Trial
    | Added field 'PlasticStrain_Old'.
    | Added field 'PlasticStrain_Trial'.
    | Registered swap pair: PlasticStrain_Old <-> PlasticStrain_Trial
    | Added field 'VonMisesStress'.
    | Added field 'Damage_Old'.
    | Added field 'Damage_Trial'.
    | Registered swap pair: Damage_Old <-> Damage_Trial
    | Resized all 19 fields for 7720 particles.

[17:06:00] [INFO ] [InitFields]
    | ActiveStatus initialized to 1 for all particles.
    | Binding high-speed material state pointers...

[17:06:00] [INFO ] [MeshData]
    | Populated particle geometry fields into FieldManager for 7720 particles.

[17:06:00] [INFO ] [InitFields]
    | All fields allocated for 7720 particles. Total fields: 19.

[17:06:00] [INFO ] [InitConditions]
    | ==================================================
    | Entering Conditions Initialization Phase...
    | ==================================================

[17:06:00] [INFO ] [ReaderRegistry]
    | Creating reader for: .grpd (name: LoadReader)

[17:06:00] [INFO ] [GrpdMeshReader]
    | Reading file: D:\Project_C++\GRPD\Examples\Plastic_Fracture\Plastic_Fracture.grpd
    | Entering *PARTICLE section (Line 1)
    | Pre-allocated memory for 7720 particles (Zero-Reallocation)
    | Entering *LOAD section (Line 7724)
    | ============================================
    | File reading complete!
    | Total particles: 7720
    | Total load entries: 1440
    | ============================================

[17:06:00] [INFO ] [InitConditions]
    | Load statistics:
    | - UX : 240
    | - UY : 960
    | - UZ : 240
    | Boundary conditions initialization complete.

[17:06:00] [INFO ] [InitNeighbors]
    | ==================================================
    | Entering Neighbor Search Phase...
    | ==================================================
    | Horizon radius: 0.754500

[17:06:00] [INFO ] [NeighborList]
    | Starting full-flat CSR search for 7720 particles, horizon = 0.754500
    | Cell grid: 26 x 132 x 1 = 3432 cells
    | Flat cell list built in 0.000000 ms
    | Pass 1 (count) done in 0.000000 ms
    | Total bonds: 60308, Memory: 0 MB
    | Pass 2 (fill) done in 0.999928 ms
    | Max neighbors: 8
    | Total time: 0.999928 ms

[17:06:00] [INFO ] [FieldManager]
    | Added field 'NeighborCount'.

[17:06:00] [INFO ] [InitNeighbors]
    | NeighborCount field populated for 7720 particles.

[17:06:00] [INFO ] [FieldManager]
    | Added field 'BondIntegrity'.

[17:06:00] [INFO ] [InitNeighbors]
    | Global BondIntegrity scalar field properly initialized to 0.0

[17:06:00] [INFO ] [FieldManager]
    | Added field 'IsSurface'.

[17:06:00] [INFO ] [SurfaceDetector]
    | Volume Deficit check complete. Identified 460 surface particles out of 7720 (Threshold: 0.750000).

[17:06:00] [INFO ] [InitNeighbors]
    | Neighbor search phase complete.

[17:06:00] [INFO ] [InitContact]
    | ==================================================
    | Entering Contact Initialization Phase...
    | ==================================================
    | No explicit ContactPairs defined in YAML. Contact engine skipping.
    | Initializing Material-specific BondIntegrity Models...
    | Material BondIntegrity Models initialized. Total Active Models: 1

[17:06:00] [INFO ] [InitPreCracks]
    | Detected PreCracks configuration. Initializing geometric cuts...

[17:06:00] [INFO ] [QuadCrack]
    | Successfully configured QuadCrack with normal: (0.000000, 1.000000, 0.000000)
    | Evaluating bond breakage for crack...
    | Cut 24 bonds traversing the preset crack.

[17:06:00] [INFO ] [InitPreCracks]
    | Applied PreCrack of type: QuadCrack

[17:06:00] [INFO ] [QuadCrack]
    | Successfully configured QuadCrack with normal: (0.000000, 1.000000, 0.000000)
    | Evaluating bond breakage for crack...
    | Cut 24 bonds traversing the preset crack.

[17:06:00] [INFO ] [InitPreCracks]
    | Applied PreCrack of type: QuadCrack

[17:06:00] [INFO ] [InitSolverComponents]
    | ==================================================
    | Entering Solver Components Assembly Phase...
    | ==================================================
    | Building Time Integrator: ADR

[17:06:00] [INFO ] [TimeIntegrator]
    | Explicitly set OMP Threads to: 16

[17:06:00] [INFO ] [InitSolverComponents]
    | Time Integrator configured.
    | Building Space Kernel: NOSB_M

[17:06:00] [INFO ] [NOSB_Base]
    | Applied KernelWeightType: Gaussian
    | Applied ZeroEnergyG0: 0.200000
    | Applied ZeroEnergyMethod string: Silling

[17:06:00] [INFO ] [InitSolverComponents]
    | Space Kernel 'NOSB_M' configured.
    | Total kernels assembled: 1

[17:06:00] [INFO ] [PDEngine::Init]
    | Initializing PostProcessing modules...

[17:06:00] [INFO ] [FieldManager]
    | Added field 'ReactionForce'.

[17:06:00] [INFO ] [ReactionForceExtractor]
    | Initialized physical field 'ReactionForce'.

[17:06:00] [INFO ] [PDEngine::Init]
    | Registered PostProcessor: ReactionForce

[17:06:00] [INFO ] [PDEngine]
    | PD simulation context initialized successfully.

[17:06:00] [INFO ] [EngineManager]
    | All solvers initialized. Total: 1
    | ==================================================
    | Entering Main Solver Phase
    | ==================================================
    | Solving: PD

[17:06:00] [INFO ] [PDEngine]
    | Starting PD Engine Solve Phase...

[17:06:00] [INFO ] [ADR]
    | Identified 2nd-order ODE coupling: Displacement <- Velocity <- Acceleration

[17:06:00] [INFO ] [FieldManager]
    | Added field 'ShapeTensorInv'.
    | Added field 'VHorizon'.
    | Added field 'SumFac'.
    | Added field 'SumOmegaRaw'.

[17:06:00] [INFO ] [NOSB_Base]
    | Computing InfluenceWeight + Shape Tensor Inverse (K^-1)...
    | All NOSB base fields registered and Shape Tensor Inverse computed.

[17:06:00] [INFO ] [FieldManager]
    | Added field 'DeformationGradient'.
    | Added field 'PK1Stress'.

[17:06:00] [INFO ] [NOSB_M]
    | Instantiated MechanicalStabilizer globally in Phase 0 using strategy: Silling

[17:06:00] [INFO ] [ADR]
    | Material [Ductile_Steel_3D]: WaveSpeed c = 5.000000e+01, Safe CFL dt = 8.000000e-03
    | Computed safe CFL limit dt: 8.000000e-03 (dx = 5.000000e-01, c = 5.000000e+01)

[17:06:00] [INFO ] [ADR_Integrator]
    | Auto CFL enabled. Setting dt = 8.000000e-03
    | Starting Custom ADR: NumLoadSteps = 3, MassScale = 1.000000e+10, DampingMethod = HybridKinetic, dt
    | = 8.000000e-03
    | === Load Step 1 / 3 | NumSubsteps: 5 | KBC: 0 ===
    |     [36m[NR-Increment][0m Computed forceCorr for NR iter 1
    |     [Substep 1] Computed RampIters: 312
    |     [Step 1 / Sub 1] Converged. Iter: 771 | KineticRatio: 9.973578e-05 | DispRatio: 3.758144e-05 |
    |     ForceRatio: 1.368047e-03
    |     [35m[NR][0m iter 1 / 20 | MacroForce: 1.105944e-01 (dFref=7.998294e+02) | MacroDisp:
    |     1.000000e+00
    |     [36m[NR-Increment][0m Computed forceCorr for NR iter 2
    |     [Substep 1] Computed RampIters: 0
    |     [Step 1 / Sub 1] Converged. Iter: 573 | KineticRatio: 9.898846e-05 | DispRatio: 3.004695e-07 |
    |     ForceRatio: 1.072039e-05
    |     [35m[NR][0m Converged at iter 2 | MacroForce: 4.154273e-02 | MacroDisp: 3.684110e-03 | dFref:
    |     7.642174e+02 (Total=7.642174e+02)
    |     [36m[NR-Increment][0m Computed forceCorr for NR iter 1
    |     [Substep 2] Computed RampIters: 312
    |     [Step 1 / Sub 2] Converged. Iter: 771 | KineticRatio: 9.970679e-05 | DispRatio: 3.754621e-05 |
    |     ForceRatio: 1.374271e-03
    |     [35m[NR][0m iter 1 / 20 | MacroForce: 5.749700e-01 (dFref=8.658752e+02) | MacroDisp:
    |     1.000000e+00
    |     [36m[NR-Increment][0m Computed forceCorr for NR iter 2
    |     [Substep 2] Computed RampIters: 0
    |     [Step 1 / Sub 2] Converged. Iter: 376 | KineticRatio: 9.891685e-05 | DispRatio: 2.959988e-06 |
    |     ForceRatio: 2.638868e-04
    |     [36m[Anderson Acceleration][0m Applied! Depth: 2
    |     [35m[NR][0m iter 2 / 20 | MacroForce: 5.039098e-01 (dFref=6.512569e+02) | MacroDisp:
    |     3.575584e-02
    |     [36m[NR-Increment][0m Computed forceCorr for NR iter 3
    |     [Substep 2] Computed RampIters: 0
    |     [Step 1 / Sub 2] Converged. Iter: 523 | KineticRatio: 9.916183e-05 | DispRatio: 2.560911e-06 |
    |     ForceRatio: 1.396436e-04
    |     [36m[Anderson Acceleration][0m Applied! Depth: 3
    |     [35m[NR][0m iter 3 / 20 | MacroForce: 5.013716e-01 (dFref=6.169912e+02) | MacroDisp:
    |     3.160399e-02
    |     [36m[NR-Increment][0m Computed forceCorr for NR iter 4
    |     [Substep 2] Computed RampIters: 0
    |     [Step 1 / Sub 2] Converged. Iter: 545 | KineticRatio: 9.888113e-05 | DispRatio: 2.697155e-06 |
    |     ForceRatio: 1.717275e-04
    |     [36m[Anderson Acceleration][0m Applied! Depth: 3
    |     [35m[NR][0m iter 4 / 20 | MacroForce: 4.179368e-01 (dFref=4.963875e+02) | MacroDisp:
    |     2.116689e-02
    |     [36m[NR-Increment][0m Computed forceCorr for NR iter 5
    |     [Substep 2] Computed RampIters: 0
    |     [Step 1 / Sub 2] Converged. Iter: 337 | KineticRatio: 9.634609e-05 | DispRatio: 1.889006e-06 |
    |     ForceRatio: 2.154459e-04
    |     [36m[Anderson Acceleration][0m Applied! Depth: 3
    |     [35m[NR][0m iter 5 / 20 | MacroForce: 3.940839e-01 (dFref=4.881113e+02) | MacroDisp:
    |     1.513566e-02
    |     [36m[NR-Increment][0m Computed forceCorr for NR iter 6
    |     [Substep 2] Computed RampIters: 0
    |     [Step 1 / Sub 2] Converged. Iter: 490 | KineticRatio: 9.824448e-05 | DispRatio: 1.512319e-06 |
    |     ForceRatio: 1.137881e-04
    |     [36m[Anderson Acceleration][0m Applied! Depth: 3
    |     [35m[NR][0m iter 6 / 20 | MacroForce: 3.846063e-01 (dFref=4.633022e+02) | MacroDisp:
    |     1.110612e-02
    |     [36m[NR-Increment][0m Computed forceCorr for NR iter 7
    |     [Substep 2] Computed RampIters: 0
    |     [Step 1 / Sub 2] Converged. Iter: 361 | KineticRatio: 9.945462e-05 | DispRatio: 1.178113e-06 |
    |     ForceRatio: 1.267018e-04
    |     [36m[Anderson Acceleration][0m Applied! Depth: 3
    |     [35m[NR][0m iter 7 / 20 | MacroForce: 3.841840e-01 (dFref=4.335817e+02) | MacroDisp:
    |     7.357026e-03
    |     [36m[NR-Increment][0m Computed forceCorr for NR iter 8
    |     [Substep 2] Computed RampIters: 0
    |     [Step 1 / Sub 2] Converged. Iter: 418 | KineticRatio: 9.981502e-05 | DispRatio: 9.984735e-07 |
    |     ForceRatio: 9.002640e-05
    |     [36m[Anderson Acceleration][0m Applied! Depth: 3
    |     [35m[NR][0m iter 8 / 20 | MacroForce: 3.691631e-01 (dFref=4.292331e+02) | MacroDisp:
    |     6.258058e-03
    |     [36m[NR-Increment][0m Computed forceCorr for NR iter 9
    |     [Substep 2] Computed RampIters: 0
    |     [Step 1 / Sub 2] Converged. Iter: 502 | KineticRatio: 9.822433e-05 | DispRatio: 7.490821e-07 |
    |     ForceRatio: 5.495122e-05
    |     [36m[Anderson Acceleration][0m Applied! Depth: 3
    |     [35m[NR][0m iter 9 / 20 | MacroForce: 3.331877e-01 (dFref=4.263889e+02) | MacroDisp:
    |     4.721294e-03
    |     [36m[NR-Increment][0m Computed forceCorr for NR iter 10
    |     [Substep 2] Computed RampIters: 0
    |     [Step 1 / Sub 2] Converged. Iter: 500 | KineticRatio: 9.829281e-05 | DispRatio: 6.853910e-07 |
    |     ForceRatio: 5.321604e-05
    |     [36m[Anderson Acceleration][0m Applied! Depth: 3
    |     [35m[NR][0m iter 10 / 20 | MacroForce: 3.143477e-01 (dFref=4.279651e+02) | MacroDisp:
    |     4.226759e-03
    |     [36m[NR-Increment][0m Computed forceCorr for NR iter 11
    |     [Substep 2] Computed RampIters: 0
    |     [Step 1 / Sub 2] Converged. Iter: 479 | KineticRatio: 9.949209e-05 | DispRatio: 6.385630e-07 |
    |     ForceRatio: 5.282024e-05
    |     [36m[Anderson Acceleration][0m Applied! Depth: 3
    |     [35m[NR][0m iter 11 / 20 | MacroForce: 2.965617e-01 (dFref=4.261840e+02) | MacroDisp:
    |     3.918790e-03
    |     [36m[NR-Increment][0m Computed forceCorr for NR iter 12
    |     [Substep 2] Computed RampIters: 0
    |     [Step 1 / Sub 2] Converged. Iter: 502 | KineticRatio: 9.979208e-05 | DispRatio: 5.644171e-07 |
    |     ForceRatio: 4.492373e-05
    |     [36m[Anderson Acceleration][0m Applied! Depth: 3
    |     [35m[NR][0m iter 12 / 20 | MacroForce: 2.671928e-01 (dFref=4.132826e+02) | MacroDisp:
    |     2.918737e-03
    |     [36m[NR-Increment][0m Computed forceCorr for NR iter 13
    |     [Substep 2] Computed RampIters: 0
    |     [Step 1 / Sub 2] Converged. Iter: 495 | KineticRatio: 9.903265e-05 | DispRatio: 4.911348e-07 |
    |     ForceRatio: 3.975624e-05
    |     [36m[Anderson Acceleration][0m Applied! Depth: 3
    |     [35m[NR][0m iter 13 / 20 | MacroForce: 2.456192e-01 (dFref=4.037420e+02) | MacroDisp:
    |     2.300059e-03
    |     [36m[NR-Increment][0m Computed forceCorr for NR iter 14
    |     [Substep 2] Computed RampIters: 0
    |     [Step 1 / Sub 2] Converged. Iter: 279 | KineticRatio: 9.813874e-05 | DispRatio: 3.541367e-07 |
    |     ForceRatio: 5.402941e-05
    |     [36m[Anderson Acceleration][0m Applied! Depth: 3
    |     [35m[NR][0m iter 14 / 20 | MacroForce: 2.000581e-01 (dFref=3.861519e+02) | MacroDisp:
    |     9.572080e-04
    |     [36m[NR-Increment][0m Computed forceCorr for NR iter 15
    |     [Substep 2] Computed RampIters: 0
    |     [Step 1 / Sub 2] Converged. Iter: 332 | KineticRatio: 9.942681e-05 | DispRatio: 3.433722e-07 |
    |     ForceRatio: 4.230994e-05
    |     [36m[Anderson Acceleration][0m Applied! Depth: 3
    |     [35m[NR][0m iter 15 / 20 | MacroForce: 1.911361e-01 (dFref=3.830705e+02) | MacroDisp:
    |     8.756757e-04
    |     [36m[NR-Increment][0m Computed forceCorr for NR iter 16
    |     [Substep 2] Computed RampIters: 0
    |     [Step 1 / Sub 2] Converged. Iter: 149 | KineticRatio: 9.851736e-05 | DispRatio: 2.901459e-07 |
    |     ForceRatio: 9.982925e-05
    |     [36m[Anderson Acceleration][0m Applied! Depth: 3
    |     [35m[NR][0m iter 16 / 20 | MacroForce: 1.689175e-01 (dFref=3.774092e+02) | MacroDisp:
    |     6.977282e-04
    |     [36m[NR-Increment][0m Computed forceCorr for NR iter 17
    |     [Substep 2] Computed RampIters: 0
    |     [Step 1 / Sub 2] Converged. Iter: 223 | KineticRatio: 9.888294e-05 | DispRatio: 2.648149e-07 |
    |     ForceRatio: 4.842604e-05
    |     [36m[Anderson Acceleration][0m Applied! Depth: 3
    |     [35m[NR][0m iter 17 / 20 | MacroForce: 1.568966e-01 (dFref=3.748563e+02) | MacroDisp:
    |     6.288366e-04
    |     [36m[NR-Increment][0m Computed forceCorr for NR iter 18
    |     [Substep 2] Computed RampIters: 0
    |     [Step 1 / Sub 2] Converged. Iter: 261 | KineticRatio: 9.900620e-05 | DispRatio: 2.303557e-07 |
    |     ForceRatio: 3.701372e-05
    |     [36m[Anderson Acceleration][0m Applied! Depth: 3
    |     [35m[NR][0m iter 18 / 20 | MacroForce: 1.333366e-01 (dFref=3.724213e+02) | MacroDisp:
    |     5.223160e-04
    |     [36m[NR-Increment][0m Computed forceCorr for NR iter 19
    |     [Substep 2] Computed RampIters: 0
    |     [Step 1 / Sub 2] Converged. Iter: 252 | KineticRatio: 9.895520e-05 | DispRatio: 2.202754e-07 |
    |     ForceRatio: 3.614963e-05
    |     [36m[Anderson Acceleration][0m Applied! Depth: 3
    |     [35m[NR][0m iter 19 / 20 | MacroForce: 1.277260e-01 (dFref=3.725957e+02) | MacroDisp:
    |     4.787504e-04
    |     [36m[NR-Increment][0m Computed forceCorr for NR iter 20
    |     [Substep 2] Computed RampIters: 0
    |     [Step 1 / Sub 2] Converged. Iter: 272 | KineticRatio: 9.875334e-05 | DispRatio: 1.889283e-07 |
    |     ForceRatio: 2.991972e-05
    |     [36m[Anderson Acceleration][0m Applied! Depth: 3
    |     [35m[NR][0m iter 20 / 20 | MacroForce: 1.141677e-01 (dFref=3.727481e+02) | MacroDisp:
    |     4.309931e-04
[17:06:17] [WARNING] [ADR_Integrator]
    |     [Step 1 / Sub 2] [35m[NR][0m did NOT converge within 20 iterations!
    |     >> [31m[Auto-Switch][0m Severe tearing detected! Rolling back substep and permanently
    |     switching to FastInnerLoop explicit dynamics...
[17:06:17] [INFO ] [ADR_Integrator]
    |     [Substep 2] Computed RampIters: 312
    |     > Sub 2 Iter 1000 | Time: 8.000000e-01 | KineticRatio: 1.026256e-03 | DispRatio: 8.399951e-05 |
    |     ForceRatio: 6.923047e-03 | Speed: 573 steps/s
    |     [Step 1 / Sub 2] Converged. Iter: 1495 | KineticRatio: 9.933490e-05 | DispRatio: 2.591488e-05 |
    |     ForceRatio: 1.048563e-03
    |     [35m[Explicit][0m Inner loop converged -> substep done. (No outer NR needed)
    |     [Substep 3] Computed RampIters: 312
    |     > Sub 3 Iter 1000 | Time: 1.200000e+00 | KineticRatio: 1.573557e-03 | DispRatio: 1.254063e-04 |
    |     ForceRatio: 9.143550e-02 | Speed: 572 steps/s
    |     [Step 1 / Sub 3] Converged. Iter: 1198 | KineticRatio: 9.988796e-05 | DispRatio: 3.140824e-05 |
    |     ForceRatio: 1.841796e-02
    |     [35m[Explicit][0m Inner loop converged -> substep done. (No outer NR needed)
    |     [Substep 4] Computed RampIters: 312
    |     > Sub 4 Iter 1000 | Time: 1.600000e+00 | KineticRatio: 2.046923e-03 | DispRatio: 1.308761e-04 |
    |     ForceRatio: 7.181119e-02 | Speed: 572 steps/s
    |     [Step 1 / Sub 4] Converged. Iter: 1208 | KineticRatio: 9.958082e-05 | DispRatio: 2.871406e-05 |
    |     ForceRatio: 1.207061e-02
    |     [35m[Explicit][0m Inner loop converged -> substep done. (No outer NR needed)
    |     [Substep 5] Computed RampIters: 312
    |     > Sub 5 Iter 1000 | Time: 2.000000e+00 | KineticRatio: 2.263183e-03 | DispRatio: 2.619824e-04 |
    |     ForceRatio: 2.601335e+00 | Speed: 573 steps/s
    |     [Step 1 / Sub 5] Converged. Iter: 1336 | KineticRatio: 9.995648e-05 | DispRatio: 5.407941e-05 |
    |     ForceRatio: 3.456178e-02
    |     [35m[Explicit][0m Inner loop converged -> substep done. (No outer NR needed)
    | === Load Step 2 / 3 | NumSubsteps: 50 | KBC: 0 ===
    |     [Substep 1] Computed RampIters: 312
    |     > Sub 1 Iter 1000 | Time: 2.060000e+00 | KineticRatio: 2.718992e-04 | DispRatio: 6.234980e-05 |
    |     ForceRatio: 2.490869e-02 | Speed: 573 steps/s
    |     [Step 2 / Sub 1] Converged. Iter: 1058 | KineticRatio: 9.908099e-05 | DispRatio: 3.757892e-05 |
    |     ForceRatio: 1.409007e-02
    |     [35m[Explicit][0m Inner loop converged -> substep done. (No outer NR needed)
    |     [Substep 2] Computed RampIters: 312
    |     > Sub 2 Iter 1000 | Time: 2.120000e+00 | KineticRatio: 1.477740e-05 | DispRatio: 1.516386e-05 |
    |     ForceRatio: 5.466492e-02 | Speed: 574 steps/s
    |     [Step 2 / Sub 2] Converged. Iter: 1010 | KineticRatio: 1.261236e-05 | DispRatio: 1.400842e-05 |
    |     ForceRatio: 4.970766e-02
    |     [35m[Explicit][0m Inner loop converged -> substep done. (No outer NR needed)
    |     [Substep 3] Computed RampIters: 312
    |     [Step 2 / Sub 3] Converged. Iter: 927 | KineticRatio: 9.854443e-05 | DispRatio: 3.930627e-05 |
    |     ForceRatio: 4.422141e-02
    |     [35m[Explicit][0m Inner loop converged -> substep done. (No outer NR needed)
    |     [Substep 4] Computed RampIters: 312
    |     [Step 2 / Sub 4] Converged. Iter: 891 | KineticRatio: 3.655737e-05 | DispRatio: 1.471074e-04 |
    |     ForceRatio: 4.972658e-02
    |     [35m[Explicit][0m Inner loop converged -> substep done. (No outer NR needed)
    |     [Substep 5] Computed RampIters: 312
    |     [Step 2 / Sub 5] Converged. Iter: 863 | KineticRatio: 1.886201e-05 | DispRatio: 1.730193e-05 |
    |     ForceRatio: 4.977929e-02
    |     [35m[Explicit][0m Inner loop converged -> substep done. (No outer NR needed)
    |     [Substep 6] Computed RampIters: 312
    |     [Step 2 / Sub 6] Converged. Iter: 973 | KineticRatio: 8.703266e-06 | DispRatio: 1.190703e-05 |
    |     ForceRatio: 4.984431e-02
    |     [35m[Explicit][0m Inner loop converged -> substep done. (No outer NR needed)
    |     [Substep 7] Computed RampIters: 312
    |     > Sub 7 Iter 1000 | Time: 2.420000e+00 | KineticRatio: 1.334102e-05 | DispRatio: 1.470420e-05 |
    |     ForceRatio: 5.630927e-01 | Speed: 568 steps/s
    |     [Step 2 / Sub 7] Converged. Iter: 1129 | KineticRatio: 1.537426e-06 | DispRatio: 4.989063e-06 |
    |     ForceRatio: 4.961611e-02
    |     [35m[Explicit][0m Inner loop converged -> substep done. (No outer NR needed)
    |     [Substep 8] Computed RampIters: 312
    |     > Sub 8 Iter 1000 | Time: 2.480000e+00 | KineticRatio: 3.130772e-05 | DispRatio: 2.247706e-05 |
    |     ForceRatio: 6.320518e-01 | Speed: 563 steps/s
    |     [Step 2 / Sub 8] Converged. Iter: 1208 | KineticRatio: 9.663942e-07 | DispRatio: 3.945349e-06 |
    |     ForceRatio: 4.947988e-02
    |     [35m[Explicit][0m Inner loop converged -> substep done. (No outer NR needed)
    |     [Substep 9] Computed RampIters: 312
    |     > Sub 9 Iter 1000 | Time: 2.540000e+00 | KineticRatio: 4.693999e-05 | DispRatio: 2.744132e-05 |
    |     ForceRatio: 3.668056e-01 | Speed: 555 steps/s
    |     [Step 2 / Sub 9] Converged. Iter: 1142 | KineticRatio: 5.165669e-06 | DispRatio: 9.095110e-06 |
    |     ForceRatio: 4.957866e-02
    |     [35m[Explicit][0m Inner loop converged -> substep done. (No outer NR needed)
    |     [Substep 10] Computed RampIters: 312
    |     > Sub 10 Iter 1000 | Time: 2.600000e+00 | KineticRatio: 1.133847e-03 | DispRatio: 1.700790e-04
    |     | ForceRatio: 1.085617e-01 | Speed: 550 steps/s
    |     [Step 2 / Sub 10] Converged. Iter: 1117 | KineticRatio: 9.950451e-05 | DispRatio: 5.013453e-05
    |     | ForceRatio: 3.755177e-02
    |     [35m[Explicit][0m Inner loop converged -> substep done. (No outer NR needed)
    |     [Substep 11] Computed RampIters: 312
    |     > Sub 11 Iter 1000 | Time: 2.660000e+00 | KineticRatio: 2.619946e-05 | DispRatio: 2.042687e-05
    |     | ForceRatio: 6.474433e-02 | Speed: 544 steps/s
    |     [Step 2 / Sub 11] Converged. Iter: 1043 | KineticRatio: 1.321391e-05 | DispRatio: 1.450255e-05
    |     | ForceRatio: 4.976195e-02
    |     [35m[Explicit][0m Inner loop converged -> substep done. (No outer NR needed)
    |     [Substep 12] Computed RampIters: 312
    |     > Sub 12 Iter 1000 | Time: 2.720000e+00 | KineticRatio: 2.863449e-05 | DispRatio: 2.140896e-05
    |     | ForceRatio: 7.288371e-02 | Speed: 541 steps/s
    |     [Step 2 / Sub 12] Converged. Iter: 1034 | KineticRatio: 1.633209e-05 | DispRatio: 1.616473e-05
    |     | ForceRatio: 4.946199e-02
    |     [35m[Explicit][0m Inner loop converged -> substep done. (No outer NR needed)
    |     [Substep 13] Computed RampIters: 312
    |     > Sub 13 Iter 1000 | Time: 2.780000e+00 | KineticRatio: 2.856169e-05 | DispRatio: 2.140982e-05
    |     | ForceRatio: 5.336425e-02 | Speed: 536 steps/s
    |     [Step 2 / Sub 13] Converged. Iter: 1008 | KineticRatio: 2.548053e-05 | DispRatio: 2.022098e-05
    |     | ForceRatio: 4.967103e-02
    |     [35m[Explicit][0m Inner loop converged -> substep done. (No outer NR needed)
    |     [Substep 14] Computed RampIters: 312
    |     [Step 2 / Sub 14] Converged. Iter: 960 | KineticRatio: 9.820636e-05 | DispRatio: 3.725765e-05 |
    |     ForceRatio: 7.344569e-03
    |     [35m[Explicit][0m Inner loop converged -> substep done. (No outer NR needed)
    |     [Substep 15] Computed RampIters: 312
    |     > Sub 15 Iter 1000 | Time: 2.900000e+00 | KineticRatio: 4.256905e-06 | DispRatio: 8.345274e-06
    |     | ForceRatio: 6.417788e-02 | Speed: 534 steps/s
    |     [Step 2 / Sub 15] Converged. Iter: 1040 | KineticRatio: 2.016642e-06 | DispRatio: 5.743202e-06
    |     | ForceRatio: 4.982115e-02
    |     [35m[Explicit][0m Inner loop converged -> substep done. (No outer NR needed)
    |     [Substep 16] Computed RampIters: 312
    |     > Sub 16 Iter 1000 | Time: 2.960000e+00 | KineticRatio: 1.015914e-05 | DispRatio: 1.289956e-05
    |     | ForceRatio: 4.694686e-01 | Speed: 531 steps/s
    |     [Step 2 / Sub 16] Converged. Iter: 1218 | KineticRatio: 1.969466e-07 | DispRatio: 1.795225e-06
    |     | ForceRatio: 4.979928e-02
    |     [35m[Explicit][0m Inner loop converged -> substep done. (No outer NR needed)
    |     [Substep 17] Computed RampIters: 312
    |     [Step 2 / Sub 17] Converged. Iter: 813 | KineticRatio: 5.520886e-05 | DispRatio: 1.459623e-04 |
    |     ForceRatio: 4.952902e-02
    |     [35m[Explicit][0m Inner loop converged -> substep done. (No outer NR needed)
    |     [Substep 18] Computed RampIters: 312
    |     > Sub 18 Iter 1000 | Time: 3.080000e+00 | KineticRatio: 6.315994e-05 | DispRatio: 3.181318e-05
    |     | ForceRatio: 1.615521e-01 | Speed: 526 steps/s
    |     [Step 2 / Sub 18] Converged. Iter: 1187 | KineticRatio: 3.546395e-06 | DispRatio: 7.533946e-06
    |     | ForceRatio: 4.963392e-02
    |     [35m[Explicit][0m Inner loop converged -> substep done. (No outer NR needed)
    |     [Substep 19] Computed RampIters: 312
    |     > Sub 19 Iter 1000 | Time: 3.140000e+00 | KineticRatio: 3.758142e-05 | DispRatio: 2.470373e-05
    |     | ForceRatio: 2.803059e-01 | Speed: 523 steps/s
    |     [Step 2 / Sub 19] Converged. Iter: 1150 | KineticRatio: 3.363321e-06 | DispRatio: 7.387217e-06
    |     | ForceRatio: 4.994692e-02
    |     [35m[Explicit][0m Inner loop converged -> substep done. (No outer NR needed)
    |     [Substep 20] Computed RampIters: 312
    |     > Sub 20 Iter 1000 | Time: 3.200000e+00 | KineticRatio: 4.652285e-04 | DispRatio: 8.683936e-05
    |     | ForceRatio: 1.330871e+00 | Speed: 521 steps/s
    |     [Step 2 / Sub 20] Converged. Iter: 1324 | KineticRatio: 2.575225e-06 | DispRatio: 6.439846e-06
    |     | ForceRatio: 4.973584e-02
    |     [35m[Explicit][0m Inner loop converged -> substep done. (No outer NR needed)
    |     [Substep 21] Computed RampIters: 312
    |     > Sub 21 Iter 1000 | Time: 3.260000e+00 | KineticRatio: 1.316426e-04 | DispRatio: 5.608354e-05
    |     | ForceRatio: 1.022593e-02 | Speed: 520 steps/s
    |     [Step 2 / Sub 21] Converged. Iter: 1016 | KineticRatio: 9.903966e-05 | DispRatio: 4.861188e-05
    |     | ForceRatio: 8.667284e-03
    |     [35m[Explicit][0m Inner loop converged -> substep done. (No outer NR needed)
    |     [Substep 22] Computed RampIters: 312
    |     [Step 2 / Sub 22] Converged. Iter: 997 | KineticRatio: 5.250522e-06 | DispRatio: 9.262235e-06 |
    |     ForceRatio: 4.956092e-02
    |     [35m[Explicit][0m Inner loop converged -> substep done. (No outer NR needed)
    |     [Substep 23] Computed RampIters: 312
    |     > Sub 23 Iter 1000 | Time: 3.380000e+00 | KineticRatio: 1.417305e-05 | DispRatio: 1.524259e-05
    |     | ForceRatio: 1.009986e-01 | Speed: 518 steps/s
    |     [Step 2 / Sub 23] Converged. Iter: 1073 | KineticRatio: 3.856472e-06 | DispRatio: 7.947698e-06
    |     | ForceRatio: 4.970513e-02
    |     [35m[Explicit][0m Inner loop converged -> substep done. (No outer NR needed)
    |     [Substep 24] Computed RampIters: 312
    |     [Step 2 / Sub 24] Converged. Iter: 943 | KineticRatio: 9.967186e-05 | DispRatio: 3.748622e-05 |
    |     ForceRatio: 6.636749e-03
    |     [35m[Explicit][0m Inner loop converged -> substep done. (No outer NR needed)
    |     [Substep 25] Computed RampIters: 312
    |     [Step 2 / Sub 25] Converged. Iter: 857 | KineticRatio: 2.085687e-05 | DispRatio: 1.863187e-05 |
    |     ForceRatio: 4.999101e-02
    |     [35m[Explicit][0m Inner loop converged -> substep done. (No outer NR needed)
    |     [Substep 26] Computed RampIters: 312
    |     [Step 2 / Sub 26] Converged. Iter: 818 | KineticRatio: 9.906595e-05 | DispRatio: 4.047515e-05 |
    |     ForceRatio: 4.034214e-02
    |     [35m[Explicit][0m Inner loop converged -> substep done. (No outer NR needed)
    |     [Substep 27] Computed RampIters: 312
    |     > Sub 27 Iter 1000 | Time: 3.620000e+00 | KineticRatio: 6.966570e-05 | DispRatio: 2.333431e-04
    |     | ForceRatio: 4.647532e+00 | Speed: 509 steps/s
    |     > Sub 27 Iter 2000 | Time: 3.620000e+00 | KineticRatio: 5.281060e-05 | DispRatio: 2.019169e-04
    |     | ForceRatio: 5.408548e+00 | Speed: 507 steps/s
    |     > Sub 27 Iter 3000 | Time: 3.620000e+00 | KineticRatio: 5.140606e-05 | DispRatio: 1.981817e-04
    |     | ForceRatio: 5.972819e+00 | Speed: 506 steps/s
    |     > Sub 27 Iter 4000 | Time: 3.620000e+00 | KineticRatio: 5.078918e-05 | DispRatio: 1.960835e-04
    |     | ForceRatio: 6.684093e+00 | Speed: 506 steps/s
    |     > Sub 27 Iter 5000 | Time: 3.620000e+00 | KineticRatio: 5.041489e-05 | DispRatio: 1.945557e-04
    |     | ForceRatio: 7.539813e+00 | Speed: 502 steps/s
    |     > Sub 27 Iter 6000 | Time: 3.620000e+00 | KineticRatio: 5.015220e-05 | DispRatio: 1.933315e-04
    |     | ForceRatio: 8.547064e+00 | Speed: 500 steps/s
    |     > Sub 27 Iter 7000 | Time: 3.620000e+00 | KineticRatio: 4.996091e-05 | DispRatio: 1.923222e-04
    |     | ForceRatio: 9.724871e+00 | Speed: 498 steps/s
    |     > Sub 27 Iter 8000 | Time: 3.620000e+00 | KineticRatio: 4.981912e-05 | DispRatio: 1.914764e-04
    |     | ForceRatio: 1.110410e+01 | Speed: 498 steps/s
    |     > Sub 27 Iter 9000 | Time: 3.620000e+00 | KineticRatio: 4.970388e-05 | DispRatio: 1.907422e-04
    |     | ForceRatio: 1.273160e+01 | Speed: 498 steps/s
    |     > Sub 27 Iter 10000 | Time: 3.620000e+00 | KineticRatio: 4.960933e-05 | DispRatio: 1.901018e-04
    |     | ForceRatio: 1.466714e+01 | Speed: 497 steps/s
    |     > Sub 27 Iter 11000 | Time: 3.620000e+00 | KineticRatio: 4.953096e-05 | DispRatio: 1.895405e-04
    |     | ForceRatio: 1.699268e+01 | Speed: 496 steps/s
    |     > Sub 27 Iter 12000 | Time: 3.620000e+00 | KineticRatio: 4.946551e-05 | DispRatio: 1.890469e-04
    |     | ForceRatio: 1.982191e+01 | Speed: 495 steps/s
    |     > Sub 27 Iter 13000 | Time: 3.620000e+00 | KineticRatio: 4.941052e-05 | DispRatio: 1.886116e-04
    |     | ForceRatio: 2.331713e+01 | Speed: 494 steps/s
    |     > Sub 27 Iter 14000 | Time: 3.620000e+00 | KineticRatio: 4.936402e-05 | DispRatio: 1.882267e-04
    |     | ForceRatio: 2.771872e+01 | Speed: 492 steps/s
[17:08:03] [WARNING] [ADR_Integrator]
    |     [Step 2 / Sub 27] Reached MaxPseudoSteps without convergence! | KineticRatio: 4.932438e-05 |
    |     DispRatio: 1.878872e-04 | ForceRatio: 3.339198e+01
    |     [Explicit] Inner loop did NOT converge within MaxPseudoSteps!
[17:08:03] [INFO ] [ADR_Integrator]
    |     [Substep 28] Computed RampIters: 312
    |     [Step 2 / Sub 28] Converged. Iter: 978 | KineticRatio: 9.889839e-05 | DispRatio: 3.973574e-05 |
    |     ForceRatio: 4.738600e-03
    |     [35m[Explicit][0m Inner loop converged -> substep done. (No outer NR needed)
    |     [Substep 29] Computed RampIters: 312
    |     [Step 2 / Sub 29] Converged. Iter: 826 | KineticRatio: 2.458712e-05 | DispRatio: 2.045554e-05 |
    |     ForceRatio: 4.986215e-02
    |     [35m[Explicit][0m Inner loop converged -> substep done. (No outer NR needed)
    |     [Substep 30] Computed RampIters: 312
