[INFO] ==================================================
[INFO]    GRPD Solver Engine Initialized                 
[INFO] ==================================================
[INFO] ========== Registered Types Summary ===========
[INFO]   FieldRegistry     : IntField, ScalarField, SymTensorField, VectorField
[INFO]   PhysicsFields     : Mechanical, Thermal
[INFO]   BCRegistry        : CONV, FLUX, T
[INFO]   MaterialRegistry  : FourierThermalMat
[INFO]   KernelRegistry    : NOSB_Thermal
[INFO]   EngineRegistry    : PD
[INFO] ===============================================
[INFO] [EngineRegistry] Creating Engine instance: PD
[INFO] [PDEngine] PD Engine instance created.
[INFO] [EngineManager] Initializing solver: PD
[INFO] [PDEngine] Initializing PD simulation context...
[INFO] Model pre-processing...
[INFO] [InitModel] grpd path: D:\Project_C++\GRPD\Examples\bone\bone.grpd
[INFO] [InitModel] model name: bone
[INFO] Calling Python pre-processor to generate .grpd mesh...
[INFO] Mesh generated successfully by Python.
[INFO] [Context Manager] Formalized model name to: bone
[INFO] [Context Manager] Model dimension set to: 3D
[INFO] Reading .grpd model file: D:\Project_C++\GRPD\Examples\bone\bone.grpd ...
[INFO] [GrpdReader] Entering *PARTICLE section (Line 1)
[INFO] [GrpdReader] Entering *LOAD section (Line 155623)
[INFO] [GrpdReader] ============================================
[INFO] [GrpdReader]    File reading complete!
[INFO] [GrpdReader]    Total particles: 155620
[INFO] [GrpdReader]    Total load entries: 82
[INFO] [GrpdReader] ============================================
[INFO] Total particles loaded for model bone: 155620
[INFO]   Particle[0] Part=1 Pos=(-201.342010, -71.720001, 1029.696045) Vol=1.000000
[INFO]   Particle[1] Part=1 Pos=(-201.342010, -70.720001, 1029.696045) Vol=1.000000
[INFO]   Particle[2] Part=1 Pos=(-200.342010, -73.720001, 1029.696045) Vol=1.000000
[INFO]   Particle[3] Part=1 Pos=(-200.342010, -72.720001, 1029.696045) Vol=1.000000
[INFO]   Particle[4] Part=1 Pos=(-200.342010, -71.720001, 1029.696045) Vol=1.000000
[INFO] Entering Material Initialization Phase...
[INFO] Instantiating material [1] of type: FourierThermalMat
[INFO] [MaterialRegistry] Using factory to create material: Steel_NmmTonne (type: FourierThermalMat)
[INFO] [FourierThermalMat] Material 'Steel_NmmTonne' is initialized. Conductivity = 45.000000, HeatCapacity = 460000000.000000, Density = 0.000000
[INFO] [MaterialManager] Successfully added material instance: Steel_NmmTonne
[INFO] Successfully registered material ID 1 (Steel_NmmTonne)
[INFO] Assigning material pointers to particles...
[INFO] Successfully assigned materials to 155620 particles.
[INFO] Entering Field Registration Phase...
[INFO] [ThermalFields] Core fields registered: Temperature, TempRate, HeatFlux.
[INFO] [InitFields] Auto-registered PhysicsFields module: Thermal
[INFO] [FieldManager] Resized all 8 fields for 155620 particles.
[INFO] [GrpdReader] Populated particle geometry fields into FieldManager for 155620 particles.
[INFO] [InitFields] All fields allocated for 155620 particles. Total fields: 8.
[INFO] Entering Conditions Initialization Phase...
[INFO] [InitConditions] Reading load data from .grpd file: D:\Project_C++\GRPD\Examples\bone\bone.grpd
[INFO] [GrpdReader::readLoads] Entering *PARTICLE section (Line 1)
[INFO] [GrpdReader::readLoads] Entering *LOAD section (Line 155623)
[INFO] [GrpdReader::readLoads] Load statistics:
[INFO]   - Temperature (Dirichlet): 82
[INFO]   - Heat Flux (Neumann):    0
[INFO]   - Convection (Robin):     0
[INFO] [InitConditions] Boundary conditions initialization complete.
[INFO] [InitNeighbors] Entering Neighbor Search Phase...
[INFO] [InitNeighbors] Horizon radius: 3.015000
[INFO] [NeighborList] Starting full-flat CSR search for 155620 particles, horizon = 3.015000
[INFO] [NeighborList] Cell grid: 34 x 16 x 102 = 55488 cells
[INFO] [NeighborList] Flat cell list built in 4.999876 ms
[INFO] [NeighborList] Pass 1 (count) done in 31.000137 ms
[INFO] [NeighborList] Total bonds: 16990384, Memory: 194 MB
[INFO] [NeighborList] Pass 2 (fill) done in 85.000038 ms
[INFO] [NeighborList] Max neighbors: 122
[INFO] [NeighborList] Total time: 121.000051 ms
[INFO] [InitNeighbors] NeighborCount field populated for 155620 particles.
[INFO] [InitNeighbors] BondDamage field registered, 16990384 bonds initialized to 1.0
[INFO] [InitNeighbors] Neighbor search phase complete.
[INFO] [PDEngine] Creating solver components (L1 + L2)...
[INFO] [PDSolver] Algorithm: Explicit, PDType: NOSB, Physics: Thermal
[INFO] [NOSB_Base] Applied KernelWeightType: Linear
[INFO] [NOSB_Base] Applied ZeroEnergyG0: 1.000000
[INFO] [NOSB_Base] Applied ZeroEnergyMethod: Silling
[INFO] [PDEngine] L1: ExplicitEuler, L2: NOSB_Thermal - components ready.
[INFO] [PDEngine] PD simulation context initialized successfully.
[INFO] [EngineManager] All solvers initialized. Total: 1
[INFO] [EngineManager] Entering Main Solver Phase
[INFO] [EngineManager] Solving: PD
[INFO] [PDEngine] Starting PD Engine Solve Phase...
[INFO] [ExplicitEuler] Time loop: dt = 0.010000, totalSteps = 1000
[INFO] [NOSB_Base] Computing InfluenceWeight + Shape Tensor Inverse (K^-1)...
[INFO] [NOSB_Base] All NOSB base fields registered and Shape Tensor Inverse computed.
[INFO] --- Step 0 / 1000  |  Pure Compute: 0.000000s  |  Total: 0.000000s  |  Pure Speed: 0.000000 steps/s
[INFO] Starting data export process...
[INFO] Starting data export process step=0 t=0.000000
[INFO] Fetching model context for export: bone
[INFO] Exporting to VTK format: D:\Project_C++\GRPD\Examples\bone\Result_20260323_155701\Result_step00000_t0.0000.vtk
[INFO] Output format set to BINARY.
[INFO] Successfully exported data for model: bone
[INFO] --- Step 100 / 1000  |  Pure Compute: 11.282936s  |  Total: 11.291973s  |  Pure Speed: 8.862941 steps/s
[INFO] Starting data export process...
[INFO] Starting data export process step=100 t=1.000000
[INFO] Fetching model context for export: bone
[INFO] Exporting to VTK format: D:\Project_C++\GRPD\Examples\bone\Result_20260323_155701\Result_step00100_t1.0000.vtk
[INFO] Output format set to BINARY.
[INFO] Successfully exported data for model: bone
[INFO] --- Step 200 / 1000  |  Pure Compute: 17.375671s  |  Total: 17.401889s  |  Pure Speed: 11.510347 steps/s
[INFO] Starting data export process...
[INFO] Starting data export process step=200 t=2.000000
[INFO] Fetching model context for export: bone
[INFO] Exporting to VTK format: D:\Project_C++\GRPD\Examples\bone\Result_20260323_155701\Result_step00200_t2.0000.vtk
[INFO] Output format set to BINARY.
[INFO] Successfully exported data for model: bone
[INFO] --- Step 300 / 1000  |  Pure Compute: 23.365003s  |  Total: 23.405920s  |  Pure Speed: 12.839716 steps/s
[INFO] Starting data export process...
[INFO] Starting data export process step=300 t=3.000000
[INFO] Fetching model context for export: bone
[INFO] Exporting to VTK format: D:\Project_C++\GRPD\Examples\bone\Result_20260323_155701\Result_step00300_t3.0000.vtk
[INFO] Output format set to BINARY.
[INFO] Successfully exported data for model: bone
[INFO] --- Step 400 / 1000  |  Pure Compute: 29.534634s  |  Total: 29.595065s  |  Pure Speed: 13.543422 steps/s
[INFO] Starting data export process...
[INFO] Starting data export process step=400 t=4.000000
[INFO] Fetching model context for export: bone
[INFO] Exporting to VTK format: D:\Project_C++\GRPD\Examples\bone\Result_20260323_155701\Result_step00400_t4.0000.vtk
[INFO] Output format set to BINARY.
[INFO] Successfully exported data for model: bone
[INFO] --- Step 500 / 1000  |  Pure Compute: 35.943388s  |  Total: 36.023032s  |  Pure Speed: 13.910764 steps/s
[INFO] Starting data export process...
[INFO] Starting data export process step=500 t=5.000000
[INFO] Fetching model context for export: bone
[INFO] Exporting to VTK format: D:\Project_C++\GRPD\Examples\bone\Result_20260323_155701\Result_step00500_t5.0000.vtk
[INFO] Output format set to BINARY.
[INFO] Successfully exported data for model: bone
[INFO] --- Step 600 / 1000  |  Pure Compute: 42.368584s  |  Total: 42.472460s  |  Pure Speed: 14.161436 steps/s
[INFO] Starting data export process...
[INFO] Starting data export process step=600 t=6.000000
[INFO] Fetching model context for export: bone
[INFO] Exporting to VTK format: D:\Project_C++\GRPD\Examples\bone\Result_20260323_155701\Result_step00600_t6.0000.vtk
[INFO] Output format set to BINARY.
[INFO] Successfully exported data for model: bone
[INFO] --- Step 700 / 1000  |  Pure Compute: 48.010662s  |  Total: 48.128668s  |  Pure Speed: 14.580095 steps/s
[INFO] Starting data export process...
[INFO] Starting data export process step=700 t=7.000000
[INFO] Fetching model context for export: bone
[INFO] Exporting to VTK format: D:\Project_C++\GRPD\Examples\bone\Result_20260323_155701\Result_step00700_t7.0000.vtk
[INFO] Output format set to BINARY.
[INFO] Successfully exported data for model: bone
[INFO] --- Step 800 / 1000  |  Pure Compute: 53.958375s  |  Total: 54.101870s  |  Pure Speed: 14.826243 steps/s
[INFO] Starting data export process...
[INFO] Starting data export process step=800 t=8.000000
[INFO] Fetching model context for export: bone
[INFO] Exporting to VTK format: D:\Project_C++\GRPD\Examples\bone\Result_20260323_155701\Result_step00800_t8.0000.vtk
[INFO] Output format set to BINARY.
[INFO] Successfully exported data for model: bone
[INFO] --- Step 900 / 1000  |  Pure Compute: 60.239798s  |  Total: 60.415184s  |  Pure Speed: 14.940289 steps/s
[INFO] Starting data export process...
[INFO] Starting data export process step=900 t=9.000000
[INFO] Fetching model context for export: bone
[INFO] Exporting to VTK format: D:\Project_C++\GRPD\Examples\bone\Result_20260323_155701\Result_step00900_t9.0000.vtk
[INFO] Output format set to BINARY.
[INFO] Successfully exported data for model: bone
[INFO] --- Step 1000 / 1000  |  Pure Compute: 67.146505s  |  Total: 67.339837s  |  Pure Speed: 14.892808 steps/s
[INFO] Starting data export process...
[INFO] Starting data export process step=1000 t=10.000000
[INFO] Fetching model context for export: bone
[INFO] Exporting to VTK format: D:\Project_C++\GRPD\Examples\bone\Result_20260323_155701\Result_step01000_t10.0000.vtk
[INFO] Output format set to BINARY.
[INFO] Successfully exported data for model: bone
[INFO] [ExplicitEuler] Finished. Total: 67.358875s  |  Pure Compute avg: 0.067147 s/step
[INFO] [PDEngine] PD Engine Solve Phase Finished.
[INFO] [EngineManager] Main Solver Phase finished.
[INFO] [EngineManager] Entering Post-processing Phase
[INFO] [EngineManager] Outputting: PD
[INFO] Starting data export process step=-1 t=0.000000
[INFO] Fetching model context for export: bone
[INFO] Exporting to VTK format: D:\Project_C++\GRPD\Examples\bone\Result_20260323_155701\Result_output.vtk
[INFO] Output format set to BINARY.
[INFO] Successfully exported data for model: bone
[INFO] [EngineManager] Post-processing Phase finished.
[INFO] ==================================================
[INFO]    GRPD Solver Engine Initialized                 
[INFO] ==================================================
[INFO] ========== Registered Types Summary ===========
[INFO]   FieldRegistry     : IntField, ScalarField, SymTensorField, VectorField
[INFO]   PhysicsFields     : Mechanical, Thermal
[INFO]   BCRegistry        : CONV, FLUX, T
[INFO]   MaterialRegistry  : FourierThermalMat
[INFO]   KernelRegistry    : NOSB_Thermal
[INFO]   EngineRegistry    : PD
[INFO] ===============================================
[INFO] [EngineRegistry] Creating Engine instance: PD
[INFO] [PDEngine] PD Engine instance created.
[INFO] [EngineManager] Initializing solver: PD
[INFO] [PDEngine] Initializing PD simulation context...
[INFO] Model pre-processing...
[INFO] [InitModel] grpd path: D:\C++pro\GRPD\Examples\bone\bone.grpd
[INFO] [InitModel] model name: bone
[INFO] Calling Python pre-processor to generate .grpd mesh...
[INFO] Mesh generated successfully by Python.
[INFO] [Context Manager] Formalized model name to: bone
[INFO] [Context Manager] Model dimension set to: 3D
[INFO] [ReaderRegistry] Creating reader for: .grpd (name: bone)
[INFO] [InitModel] Reading mesh file: D:\C++pro\GRPD\Examples\bone\bone.grpd (reader: .grpd)
[INFO] [GrpdMeshReader] Reading file: D:\C++pro\GRPD\Examples\bone\bone.grpd
[INFO] [GrpdReader] Entering *PARTICLE section (Line 1)
[INFO] [GrpdReader] Entering *LOAD section (Line 155623)
[INFO] [GrpdReader] ============================================
[INFO] [GrpdReader]    File reading complete!
[INFO] [GrpdReader]    Total particles: 155620
[INFO] [GrpdReader]    Total load entries: 82
[INFO] [GrpdReader] ============================================
[INFO] [GrpdMeshReader] Successfully loaded 155620 particles into MeshData.
[INFO] [InitModel] Total particles loaded for model bone: 155620
[INFO]   Particle[0] Part=1 Pos=(-201.342010, -71.720001, 1029.696045) Vol=1.000000
[INFO]   Particle[1] Part=1 Pos=(-201.342010, -70.720001, 1029.696045) Vol=1.000000
[INFO]   Particle[2] Part=1 Pos=(-200.342010, -73.720001, 1029.696045) Vol=1.000000
[INFO]   Particle[3] Part=1 Pos=(-200.342010, -72.720001, 1029.696045) Vol=1.000000
[INFO]   Particle[4] Part=1 Pos=(-200.342010, -71.720001, 1029.696045) Vol=1.000000
[INFO] Entering Material Initialization Phase...
[INFO] Instantiating material [1] of type: FourierThermalMat
[INFO] [MaterialRegistry] Using factory to create material: Steel_NmmTonne (type: FourierThermalMat)
[INFO] [FourierThermalMat] Material 'Steel_NmmTonne' is initialized. Conductivity = 45.000000, HeatCapacity = 460000000.000000, Density = 0.000000
[INFO] [MaterialManager] Successfully added material instance: Steel_NmmTonne
[INFO] Successfully registered material ID 1 (Steel_NmmTonne)
[INFO] Assigning material pointers to particles...
[INFO] Successfully assigned materials to 155620 particles.
[INFO] Entering Field Registration Phase...
[INFO] [ThermalFields] Core fields registered: Temperature, TempRate, HeatFlux.
[INFO] [InitFields] Auto-registered PhysicsFields module: Thermal
[INFO] [FieldManager] Resized all 8 fields for 155620 particles.
[INFO] [GrpdReader] Populated particle geometry fields into FieldManager for 155620 particles.
[INFO] [InitFields] All fields allocated for 155620 particles. Total fields: 8.
[INFO] Entering Conditions Initialization Phase...
[INFO] [InitConditions] Reading load data from .grpd file: D:\C++pro\GRPD\Examples\bone\bone.grpd
[INFO] [GrpdReader::readLoads] Entering *PARTICLE section (Line 1)
[INFO] [GrpdReader::readLoads] Entering *LOAD section (Line 155623)
[INFO] [GrpdReader::readLoads] Load statistics:
[INFO]   - Temperature (Dirichlet): 82
[INFO]   - Heat Flux (Neumann):    0
[INFO]   - Convection (Robin):     0
[INFO] [InitConditions] Boundary conditions initialization complete.
[INFO] [InitNeighbors] Entering Neighbor Search Phase...
[INFO] [InitNeighbors] Horizon radius: 3.015000
[INFO] [NeighborList] Starting full-flat CSR search for 155620 particles, horizon = 3.015000
[INFO] [NeighborList] Cell grid: 34 x 16 x 102 = 55488 cells
[INFO] [NeighborList] Flat cell list built in 3.999949 ms
[INFO] [NeighborList] Pass 1 (count) done in 45.000076 ms
[INFO] [NeighborList] Total bonds: 16990384, Memory: 194 MB
[INFO] [NeighborList] Pass 2 (fill) done in 135.999918 ms
[INFO] [NeighborList] Max neighbors: 122
[INFO] [NeighborList] Total time: 184.999943 ms
[INFO] [InitNeighbors] NeighborCount field populated for 155620 particles.
[INFO] [InitNeighbors] BondDamage field registered, 16990384 bonds initialized to 1.0
[INFO] [InitNeighbors] Neighbor search phase complete.
[INFO] [PDEngine] Creating solver components (L1 + L2)...
[INFO] [PDSolver] Algorithm: Explicit, PDType: NOSB, Physics: Thermal
[INFO] [NOSB_Base] Applied KernelWeightType: Linear
[INFO] [NOSB_Base] Applied ZeroEnergyG0: 1.000000
[INFO] [NOSB_Base] Applied ZeroEnergyMethod: Silling
[INFO] [PDEngine] L1: ExplicitEuler, L2: NOSB_Thermal - components ready.
[INFO] [PDEngine] PD simulation context initialized successfully.
[INFO] [EngineManager] All solvers initialized. Total: 1
[INFO] [EngineManager] Entering Main Solver Phase
[INFO] [EngineManager] Solving: PD
[INFO] [PDEngine] Starting PD Engine Solve Phase...
[INFO] [ExplicitEuler] Time loop: dt = 0.010000, totalSteps = 1000
[INFO] [NOSB_Base] Computing InfluenceWeight + Shape Tensor Inverse (K^-1)...
[INFO] [NOSB_Base] All NOSB base fields registered and Shape Tensor Inverse computed.
[INFO] --- Step 0 / 1000  |  Pure Compute: 0.000000s  |  Total: 0.000000s  |  Pure Speed: 0.000000 steps/s
[INFO] Starting data export process...
[INFO] Starting data export process step=0 t=0.000000
[INFO] Fetching model context for export: bone
[INFO] Exporting to VTK format: D:\C++pro\GRPD\Examples\bone\Result_20260323_192509\Result_step00000_t0.0000.vtk
[INFO] Output format set to BINARY.
[INFO] Successfully exported data for model: bone
[INFO] --- Step 100 / 1000  |  Pure Compute: 15.525300s  |  Total: 15.538250s  |  Pure Speed: 6.441099 steps/s
[INFO] Starting data export process...
[INFO] Starting data export process step=100 t=1.000000
[INFO] Fetching model context for export: bone
[INFO] Exporting to VTK format: D:\C++pro\GRPD\Examples\bone\Result_20260323_192509\Result_step00100_t1.0000.vtk
[INFO] Output format set to BINARY.
[INFO] Successfully exported data for model: bone
[INFO] --- Step 200 / 1000  |  Pure Compute: 23.524637s  |  Total: 23.550441s  |  Pure Speed: 8.501725 steps/s
[INFO] Starting data export process...
[INFO] Starting data export process step=200 t=2.000000
[INFO] Fetching model context for export: bone
[INFO] Exporting to VTK format: D:\C++pro\GRPD\Examples\bone\Result_20260323_192509\Result_step00200_t2.0000.vtk
[INFO] Output format set to BINARY.
[INFO] Successfully exported data for model: bone
[INFO] --- Step 300 / 1000  |  Pure Compute: 31.472368s  |  Total: 31.512973s  |  Pure Speed: 9.532171 steps/s
[INFO] Starting data export process...
[INFO] Starting data export process step=300 t=3.000000
[INFO] Fetching model context for export: bone
[INFO] Exporting to VTK format: D:\C++pro\GRPD\Examples\bone\Result_20260323_192509\Result_step00300_t3.0000.vtk
[INFO] Output format set to BINARY.
[INFO] Successfully exported data for model: bone
[INFO] --- Step 400 / 1000  |  Pure Compute: 39.382074s  |  Total: 39.437777s  |  Pure Speed: 10.156906 steps/s
[INFO] Starting data export process...
[INFO] Starting data export process step=400 t=4.000000
[INFO] Fetching model context for export: bone
[INFO] Exporting to VTK format: D:\C++pro\GRPD\Examples\bone\Result_20260323_192509\Result_step00400_t4.0000.vtk
[INFO] Output format set to BINARY.
[INFO] Successfully exported data for model: bone
[INFO] --- Step 500 / 1000  |  Pure Compute: 47.483158s  |  Total: 47.551374s  |  Pure Speed: 10.530049 steps/s
[INFO] Starting data export process...
[INFO] Starting data export process step=500 t=5.000000
[INFO] Fetching model context for export: bone
[INFO] Exporting to VTK format: D:\C++pro\GRPD\Examples\bone\Result_20260323_192509\Result_step00500_t5.0000.vtk
[INFO] Output format set to BINARY.
[INFO] Successfully exported data for model: bone
[INFO] --- Step 600 / 1000  |  Pure Compute: 55.898132s  |  Total: 55.981477s  |  Pure Speed: 10.733811 steps/s
[INFO] Starting data export process...
[INFO] Starting data export process step=600 t=6.000000
[INFO] Fetching model context for export: bone
[INFO] Exporting to VTK format: D:\C++pro\GRPD\Examples\bone\Result_20260323_192509\Result_step00600_t6.0000.vtk
[INFO] Output format set to BINARY.
[INFO] Successfully exported data for model: bone
[INFO] --- Step 700 / 1000  |  Pure Compute: 64.429201s  |  Total: 64.525594s  |  Pure Speed: 10.864639 steps/s
[INFO] Starting data export process...
[INFO] Starting data export process step=700 t=7.000000
[INFO] Fetching model context for export: bone
[INFO] Exporting to VTK format: D:\C++pro\GRPD\Examples\bone\Result_20260323_192509\Result_step00700_t7.0000.vtk
[INFO] Output format set to BINARY.
[INFO] Successfully exported data for model: bone
