
[16:43:28] [INFO ] [EngineManager]
    | ==================================================
    | GRPD Solver Engine Initialized                 
    | ==================================================

[16:43:28] [INFO ] [EngineRegistry]
    | Creating Engine instance: PD

[16:43:28] [INFO ] [PDEngine]
    | PD Engine instance created.
    | ===============================================
    | ========== Registered Types Summary ===========
    | TimeIntegrator    : ADR, CentralDifference, Explicit, Staggered
    | FieldRegistry     : DoubleField, IntField
    | PhysicsFields     : Mechanical, Thermal
    | BCRegistry        : AX, AY, AZ, CONV, FLUX, PX, PY, PZ, T, UX, UY, UZ, VX, VY, VZ
    | ReaderRegistry    : .grpd, .inp
    | StabilizerRegistry: Mechanical_Silling, Mechanical_Wan, Mechanical_Zhang, Thermal_Silling,
    | Thermal_Wan, Thermal_Zhang
    | ContactRegistry   : [Type] General, [ForceLaw] KinematicNormal, [ForceLaw] Nonlinear, [ForceLaw]
    | Penalty, [ForceLaw] Silling, [ForceLaw] Viscous, [Evaluator] NTC, [Evaluator] NTN, [Evaluator] NTS,
    | [FrictionLaw] ElasticStickSlip, [FrictionLaw] ExplicitImpulse, [FrictionLaw] TanhRegularized
    | MaterialRegistry  : FourierThermalMat, J2PlasticityMat, JCPlasticityMat, LinearElasticMat
    | KernelRegistry    : NOSB_M, NOSB_T
    | EngineRegistry    : PD
    | ===============================================

[16:43:28] [INFO ] [EngineManager]
    | Initializing solver: PD

[16:43:28] [INFO ] [PDEngine]
    | Initializing PD simulation context...

[16:43:28] [INFO ] [InitModel]
    | ==================================================
    | Model pre-processing...
    | ==================================================
    | grpd path: D:\Project_C++\GRPD\Examples\J2_Plasticity_PlaneStrain\J2_Plasticity_PlaneStrain.grpd
    | model name: J2_Plasticity_PlaneStrain
    | Calling Python pre-processor to generate .grpd mesh...
    | Mesh generated successfully by Python.

[16:43:29] [INFO ] [Context Manager]
    | Formalized model name to: J2_Plasticity_PlaneStrain
    | Model dimension set to: 2D
    | 2D thickness set to: 1.000000

[16:43:29] [INFO ] [ReaderRegistry]
    | Creating reader for: .grpd (name: J2_Plasticity_PlaneStrain)

[16:43:29] [INFO ] [InitModel]
    | Reading mesh file:
    | D:\Project_C++\GRPD\Examples\J2_Plasticity_PlaneStrain\J2_Plasticity_PlaneStrain.grpd (reader:
    | .grpd)

[16:43:29] [INFO ] [GrpdMeshReader]
    | Reading file: D:\Project_C++\GRPD\Examples\J2_Plasticity_PlaneStrain\J2_Plasticity_PlaneStrain.grpd
    | Entering *PARTICLE section (Line 1)
    | Pre-allocated memory for 20000 particles (Zero-Reallocation)
    | Entering *LOAD section (Line 20004)
    | ============================================
    | File reading complete!
    | Total particles: 20000
    | Total load entries: 1209
    | ============================================

[16:43:29] [INFO ] [ParticleManager]
    | Pre-allocated memory for 20000 particles

[16:43:29] [INFO ] [InitModel]
    | Total particles loaded for model J2_Plasticity_PlaneStrain: 20000

[16:43:29] [INFO ] [InitMaterial]
    | ==================================================
    | Entering Material Initialization Phase...
    | ==================================================
    | Instantiating material [1] of type: J2PlasticityMat

[16:43:29] [INFO ] [MaterialRegistry]
    | Using factory to create material: A36_Steel (type: J2PlasticityMat)

[16:43:29] [INFO ] [J2PlasticityMat]
    | Hardening Type: Isotropic

[16:43:29] [INFO ] [MaterialManager]
    | Successfully added material instance: A36_Steel

[16:43:29] [INFO ] [InitMaterial]
    | Successfully registered material ID 1 (A36_Steel)
    | Assigning material pointers to particles...
    | Successfully assigned materials to 20000 particles.

[16:43:29] [INFO ] [InitFields]
    | ==================================================
    | Entering Field Registration Phase...
    | ==================================================

[16:43:29] [INFO ] [FieldManager]
    | Added field 'Displacement'.
    | Added field 'Velocity'.
    | Added field 'Acceleration'.
    | Added field 'ContactNormal'.
    | Added field 'ContactGap'.
    | Added field 'VirtualSurfacePos'.

[16:43:29] [INFO ] [MechanicalFields]
    | Core fields registered: Displacement, Velocity, Acceleration, ContactNormal, ContactGap,
    | VirtualSurfacePos.

[16:43:29] [INFO ] [InitFields]
    | Auto-registered PhysicsFields module: Mechanical

[16:43:29] [INFO ] [FieldManager]
    | Added field 'ID'.
    | Added field 'PartID'.
    | Added field 'MatID'.
    | Added field 'Coords'.
    | Added field 'Volume'.
    | Added field 'ActiveStatus'.

[16:43:29] [INFO ] [InitFields]
    | Global ActiveStatus field registered.

[16:43:29] [INFO ] [FieldManager]
    | Added field 'EqPlasticStrain_Old'.
    | Added field 'EqPlasticStrain_Trial'.
    | Registered swap pair: EqPlasticStrain_Old <-> EqPlasticStrain_Trial
    | Added field 'PlasticStrain_Old'.
    | Added field 'PlasticStrain_Trial'.
    | Registered swap pair: PlasticStrain_Old <-> PlasticStrain_Trial
    | Added field 'VonMisesStress'.
    | Resized all 17 fields for 20000 particles.

[16:43:29] [INFO ] [InitFields]
    | ActiveStatus initialized to 1 for all particles.
    | Binding high-speed material state pointers...

[16:43:29] [INFO ] [MeshData]
    | Populated particle geometry fields into FieldManager for 20000 particles.

[16:43:29] [INFO ] [InitFields]
    | All fields allocated for 20000 particles. Total fields: 17.

[16:43:29] [INFO ] [InitConditions]
    | ==================================================
    | Entering Conditions Initialization Phase...
    | ==================================================

[16:43:29] [INFO ] [ReaderRegistry]
    | Creating reader for: .grpd (name: LoadReader)

[16:43:29] [INFO ] [GrpdMeshReader]
    | Reading file: D:\Project_C++\GRPD\Examples\J2_Plasticity_PlaneStrain\J2_Plasticity_PlaneStrain.grpd
    | Entering *PARTICLE section (Line 1)
    | Pre-allocated memory for 20000 particles (Zero-Reallocation)
    | Entering *LOAD section (Line 20004)
    | ============================================
    | File reading complete!
    | Total particles: 20000
    | Total load entries: 1209
    | ============================================

[16:43:29] [INFO ] [InitConditions]
    | Load statistics:
    | - UX : 9
    | - UY : 1200
    | Boundary conditions initialization complete.

[16:43:29] [INFO ] [InitNeighbors]
    | ==================================================
    | Entering Neighbor Search Phase...
    | ==================================================
    | Horizon radius: 0.150750

[16:43:29] [INFO ] [NeighborList]
    | Starting full-flat CSR search for 20000 particles, horizon = 0.150750
    | Cell grid: 67 x 33 x 1 = 2211 cells
    | Flat cell list built in 0.999928 ms
    | Pass 1 (count) done in 1.000166 ms
    | Total bonds: 549236, Memory: 6 MB
    | Pass 2 (fill) done in 3.000021 ms
    | Max neighbors: 28
    | Total time: 5.000114 ms

[16:43:29] [INFO ] [FieldManager]
    | Added field 'NeighborCount'.

[16:43:29] [INFO ] [InitNeighbors]
    | NeighborCount field populated for 20000 particles.

[16:43:29] [INFO ] [FieldManager]
    | Added field 'BondIntegrity'.

[16:43:29] [INFO ] [InitNeighbors]
    | Global BondIntegrity scalar field properly initialized to 0.0

[16:43:29] [INFO ] [FieldManager]
    | Added field 'IsSurface'.

[16:43:29] [INFO ] [SurfaceDetector]
    | Volume Deficit check complete. Identified 608 surface particles out of 20000 (Threshold: 0.750000).

[16:43:29] [INFO ] [InitNeighbors]
    | Neighbor search phase complete.

[16:43:29] [INFO ] [InitContact]
    | ==================================================
    | Entering Contact Initialization Phase...
    | ==================================================
    | Initializing Material-specific BondIntegrity Models...
    | Material BondIntegrity Models initialized. Total Active Models: 0

[16:43:29] [INFO ] [InitPreCracks]
    | Detected PreCracks configuration. Initializing geometric cuts...
[16:43:29] [ERROR] [InitPreCracks]
    | PreCrack Model 'Line' not found in registry.

[16:43:29] [INFO ] [InitSolverComponents]
    | ==================================================
    | Entering Solver Components Assembly Phase...
    | ==================================================
    | Building Time Integrator: ADR

[16:43:29] [INFO ] [TimeIntegrator]
    | Explicitly set OMP Threads to: 16

[16:43:29] [INFO ] [InitSolverComponents]
    | Time Integrator configured.
    | Building Space Kernel: NOSB_M

[16:43:29] [INFO ] [NOSB_Base]
    | Applied KernelWeightType: Gaussian
    | Applied ZeroEnergyG0: 0.010000
    | Applied ZeroEnergyMethod string: Zhang
    | Dynamic Shape Tensor update is set to: 0

[16:43:29] [INFO ] [InitSolverComponents]
    | Space Kernel 'NOSB_M' configured.
    | Total kernels assembled: 1

[16:43:29] [INFO ] [PDEngine]
    | PD simulation context initialized successfully.

[16:43:29] [INFO ] [EngineManager]
    | All solvers initialized. Total: 1
    | ==================================================
    | Entering Main Solver Phase
    | ==================================================
    | Solving: PD

[16:43:29] [INFO ] [PDEngine]
    | Starting PD Engine Solve Phase...

[16:43:29] [INFO ] [ADR]
    | Identified 2nd-order ODE coupling: Displacement <- Velocity <- Acceleration

[16:43:29] [INFO ] [FieldManager]
    | Added field 'ShapeTensorInv'.
    | Added field 'VHorizon'.
    | Added field 'SumFac'.
    | Added field 'SumOmegaRaw'.

[16:43:29] [INFO ] [NOSB_Base]
    | Computing InfluenceWeight + Shape Tensor Inverse (K^-1)...
    | All NOSB base fields registered and Shape Tensor Inverse computed.

[16:43:29] [INFO ] [FieldManager]
    | Added field 'DeformationGradient'.
    | Added field 'PK1Stress'.

[16:43:29] [INFO ] [NOSB_M]
    | Instantiated MechanicalStabilizer globally in Phase 0 using strategy: Zhang

[16:43:29] [INFO ] [ADR]
    | Material [A36_Steel]: WaveSpeed c = 5.188745e+02, Safe CFL dt = 7.708993e-05
    | Computed safe CFL limit dt: 7.708993e-05 (dx = 5.000000e-02, c = 5.188745e+02)

[16:43:29] [INFO ] [ADR_Integrator]
    | Auto CFL enabled. Setting dt = 7.708993e-05
    | Starting Custom ADR: NumLoadSteps = 1, MassScale = 1.000000e+08, DampingMethod = HybridKinetic, dt
    | = 7.708993e-05
    | === Load Step 1 / 1 | NumSubsteps: 10 | KBC: 0 ===
    |     [Substep 1] Computed RampIters: 461
[16:45:01] [WARNING] [ADR_Integrator]
    |     [Step 1 / Sub 1] Reached MaxPseudoSteps without convergence! | KineticRatio: 1.077027e-10 |
    |     DispRatio: 2.041565e-08 | ForceRatio: 5.374034e-08
[16:45:01] [INFO ] [ADR_Integrator]
    |     [35m[NR][0m iter 1 / 100 | MacroForce: 5.370543e-08 (dFref=7.238085e+02) | MacroDisp:
    |     1.000000e+00
    |     [Substep 1] Computed RampIters: 0
[16:46:37] [WARNING] [ADR_Integrator]
    |     [Step 1 / Sub 1] Reached MaxPseudoSteps without convergence! | KineticRatio: 6.414129e-10 |
    |     DispRatio: 2.078924e-13 | ForceRatio: 6.119469e-13
[16:46:37] [INFO ] [ADR_Integrator]
    |     [35m[NR][0m iter 2 / 100 | MacroForce: 6.123584e-13 (dFref=7.238124e+02) | MacroDisp:
    |     3.143491e-05
    |     [Substep 1] Computed RampIters: 0

[16:47:32] [INFO ] [EngineManager]
    | ==================================================
    | GRPD Solver Engine Initialized                 
    | ==================================================

[16:47:32] [INFO ] [EngineRegistry]
    | Creating Engine instance: PD

[16:47:32] [INFO ] [PDEngine]
    | PD Engine instance created.
    | ===============================================
    | ========== Registered Types Summary ===========
    | TimeIntegrator    : ADR, CentralDifference, Explicit, Staggered
    | FieldRegistry     : DoubleField, IntField
    | PhysicsFields     : Mechanical, Thermal
    | BCRegistry        : AX, AY, AZ, CONV, FLUX, PX, PY, PZ, T, UX, UY, UZ, VX, VY, VZ
    | ReaderRegistry    : .grpd, .inp
    | StabilizerRegistry: Mechanical_Silling, Mechanical_Wan, Mechanical_Zhang, Thermal_Silling,
    | Thermal_Wan, Thermal_Zhang
    | ContactRegistry   : [Type] General, [ForceLaw] KinematicNormal, [ForceLaw] Nonlinear, [ForceLaw]
    | Penalty, [ForceLaw] Silling, [ForceLaw] Viscous, [Evaluator] NTC, [Evaluator] NTN, [Evaluator] NTS,
    | [FrictionLaw] ElasticStickSlip, [FrictionLaw] ExplicitImpulse, [FrictionLaw] TanhRegularized
    | MaterialRegistry  : FourierThermalMat, J2PlasticityMat, JCPlasticityMat, LinearElasticMat
    | KernelRegistry    : NOSB_M, NOSB_T
    | EngineRegistry    : PD
    | ===============================================

[16:47:32] [INFO ] [EngineManager]
    | Initializing solver: PD

[16:47:32] [INFO ] [PDEngine]
    | Initializing PD simulation context...

[16:47:32] [INFO ] [InitModel]
    | ==================================================
    | Model pre-processing...
    | ==================================================
    | grpd path: D:\Project_C++\GRPD\Examples\J2_Plasticity_PlaneStrain\J2_Plasticity_PlaneStrain.grpd
    | model name: J2_Plasticity_PlaneStrain
    | Found existing .grpd mesh file at:
    | D:\Project_C++\GRPD\Examples\J2_Plasticity_PlaneStrain\J2_Plasticity_PlaneStrain.grpd. Skipping
    | generation.

[16:47:32] [INFO ] [Context Manager]
    | Formalized model name to: J2_Plasticity_PlaneStrain
    | Model dimension set to: 2D
    | 2D thickness set to: 1.000000

[16:47:32] [INFO ] [ReaderRegistry]
    | Creating reader for: .grpd (name: J2_Plasticity_PlaneStrain)

[16:47:32] [INFO ] [InitModel]
    | Reading mesh file:
    | D:\Project_C++\GRPD\Examples\J2_Plasticity_PlaneStrain\J2_Plasticity_PlaneStrain.grpd (reader:
    | .grpd)

[16:47:32] [INFO ] [GrpdMeshReader]
    | Reading file: D:\Project_C++\GRPD\Examples\J2_Plasticity_PlaneStrain\J2_Plasticity_PlaneStrain.grpd
    | Entering *PARTICLE section (Line 1)
    | Pre-allocated memory for 20000 particles (Zero-Reallocation)
    | Entering *LOAD section (Line 20004)
    | ============================================
    | File reading complete!
    | Total particles: 20000
    | Total load entries: 1209
    | ============================================

[16:47:32] [INFO ] [ParticleManager]
    | Pre-allocated memory for 20000 particles

[16:47:32] [INFO ] [InitModel]
    | Total particles loaded for model J2_Plasticity_PlaneStrain: 20000

[16:47:32] [INFO ] [InitMaterial]
    | ==================================================
    | Entering Material Initialization Phase...
    | ==================================================
    | Instantiating material [1] of type: J2PlasticityMat

[16:47:32] [INFO ] [MaterialRegistry]
    | Using factory to create material: A36_Steel (type: J2PlasticityMat)

[16:47:32] [INFO ] [J2PlasticityMat]
    | Hardening Type: Isotropic

[16:47:32] [INFO ] [MaterialManager]
    | Successfully added material instance: A36_Steel

[16:47:32] [INFO ] [InitMaterial]
    | Successfully registered material ID 1 (A36_Steel)
    | Assigning material pointers to particles...
    | Successfully assigned materials to 20000 particles.

[16:47:32] [INFO ] [InitFields]
    | ==================================================
    | Entering Field Registration Phase...
    | ==================================================

[16:47:32] [INFO ] [FieldManager]
    | Added field 'Displacement'.
    | Added field 'Velocity'.
    | Added field 'Acceleration'.
    | Added field 'ContactNormal'.
    | Added field 'ContactGap'.
    | Added field 'VirtualSurfacePos'.

[16:47:32] [INFO ] [MechanicalFields]
    | Core fields registered: Displacement, Velocity, Acceleration, ContactNormal, ContactGap,
    | VirtualSurfacePos.

[16:47:32] [INFO ] [InitFields]
    | Auto-registered PhysicsFields module: Mechanical

[16:47:32] [INFO ] [FieldManager]
    | Added field 'ID'.
    | Added field 'PartID'.
    | Added field 'MatID'.
    | Added field 'Coords'.
    | Added field 'Volume'.
    | Added field 'ActiveStatus'.

[16:47:32] [INFO ] [InitFields]
    | Global ActiveStatus field registered.

[16:47:32] [INFO ] [FieldManager]
    | Added field 'EqPlasticStrain_Old'.
    | Added field 'EqPlasticStrain_Trial'.
    | Registered swap pair: EqPlasticStrain_Old <-> EqPlasticStrain_Trial
    | Added field 'PlasticStrain_Old'.
    | Added field 'PlasticStrain_Trial'.
    | Registered swap pair: PlasticStrain_Old <-> PlasticStrain_Trial
    | Added field 'VonMisesStress'.
    | Resized all 17 fields for 20000 particles.

[16:47:32] [INFO ] [InitFields]
    | ActiveStatus initialized to 1 for all particles.
    | Binding high-speed material state pointers...

[16:47:32] [INFO ] [MeshData]
    | Populated particle geometry fields into FieldManager for 20000 particles.

[16:47:32] [INFO ] [InitFields]
    | All fields allocated for 20000 particles. Total fields: 17.

[16:47:32] [INFO ] [InitConditions]
    | ==================================================
    | Entering Conditions Initialization Phase...
    | ==================================================

[16:47:32] [INFO ] [ReaderRegistry]
    | Creating reader for: .grpd (name: LoadReader)

[16:47:32] [INFO ] [GrpdMeshReader]
    | Reading file: D:\Project_C++\GRPD\Examples\J2_Plasticity_PlaneStrain\J2_Plasticity_PlaneStrain.grpd
    | Entering *PARTICLE section (Line 1)
    | Pre-allocated memory for 20000 particles (Zero-Reallocation)
    | Entering *LOAD section (Line 20004)
    | ============================================
    | File reading complete!
    | Total particles: 20000
    | Total load entries: 1209
    | ============================================

[16:47:32] [INFO ] [InitConditions]
    | Load statistics:
    | - UX : 9
    | - UY : 1200
    | Boundary conditions initialization complete.

[16:47:32] [INFO ] [InitNeighbors]
    | ==================================================
    | Entering Neighbor Search Phase...
    | ==================================================
    | Horizon radius: 0.150750

[16:47:32] [INFO ] [NeighborList]
    | Starting full-flat CSR search for 20000 particles, horizon = 0.150750
    | Cell grid: 67 x 33 x 1 = 2211 cells
    | Flat cell list built in 1.000166 ms
    | Pass 1 (count) done in 0.000000 ms
    | Total bonds: 549236, Memory: 6 MB
    | Pass 2 (fill) done in 3.000021 ms
    | Max neighbors: 28
    | Total time: 4.000187 ms

[16:47:32] [INFO ] [FieldManager]
    | Added field 'NeighborCount'.

[16:47:32] [INFO ] [InitNeighbors]
    | NeighborCount field populated for 20000 particles.

[16:47:32] [INFO ] [FieldManager]
    | Added field 'BondIntegrity'.

[16:47:32] [INFO ] [InitNeighbors]
    | Global BondIntegrity scalar field properly initialized to 0.0

[16:47:32] [INFO ] [FieldManager]
    | Added field 'IsSurface'.

[16:47:32] [INFO ] [SurfaceDetector]
    | Volume Deficit check complete. Identified 608 surface particles out of 20000 (Threshold: 0.750000).

[16:47:32] [INFO ] [InitNeighbors]
    | Neighbor search phase complete.

[16:47:32] [INFO ] [InitContact]
    | ==================================================
    | Entering Contact Initialization Phase...
    | ==================================================
    | Initializing Material-specific BondIntegrity Models...
    | Material BondIntegrity Models initialized. Total Active Models: 0

[16:47:32] [INFO ] [InitPreCracks]
    | Detected PreCracks configuration. Initializing geometric cuts...
[16:47:32] [ERROR] [InitPreCracks]
    | PreCrack Model 'Line' not found in registry.

[16:47:32] [INFO ] [InitSolverComponents]
    | ==================================================
    | Entering Solver Components Assembly Phase...
    | ==================================================
    | Building Time Integrator: ADR

[16:47:32] [INFO ] [TimeIntegrator]
    | Explicitly set OMP Threads to: 16

[16:47:32] [INFO ] [InitSolverComponents]
    | Time Integrator configured.
    | Building Space Kernel: NOSB_M

[16:47:32] [INFO ] [NOSB_Base]
    | Applied KernelWeightType: Gaussian
    | Applied ZeroEnergyG0: 0.010000
    | Applied ZeroEnergyMethod string: Zhang
    | Dynamic Shape Tensor update is set to: 0

[16:47:32] [INFO ] [InitSolverComponents]
    | Space Kernel 'NOSB_M' configured.
    | Total kernels assembled: 1

[16:47:32] [INFO ] [PDEngine]
    | PD simulation context initialized successfully.

[16:47:32] [INFO ] [EngineManager]
    | All solvers initialized. Total: 1
    | ==================================================
    | Entering Main Solver Phase
    | ==================================================
    | Solving: PD

[16:47:32] [INFO ] [PDEngine]
    | Starting PD Engine Solve Phase...

[16:47:32] [INFO ] [ADR]
    | Identified 2nd-order ODE coupling: Displacement <- Velocity <- Acceleration

[16:47:32] [INFO ] [FieldManager]
    | Added field 'ShapeTensorInv'.
    | Added field 'VHorizon'.
    | Added field 'SumFac'.
    | Added field 'SumOmegaRaw'.

[16:47:32] [INFO ] [NOSB_Base]
    | Computing InfluenceWeight + Shape Tensor Inverse (K^-1)...
    | All NOSB base fields registered and Shape Tensor Inverse computed.

[16:47:32] [INFO ] [FieldManager]
    | Added field 'DeformationGradient'.
    | Added field 'PK1Stress'.

[16:47:32] [INFO ] [NOSB_M]
    | Instantiated MechanicalStabilizer globally in Phase 0 using strategy: Zhang

[16:47:32] [INFO ] [ADR]
    | Material [A36_Steel]: WaveSpeed c = 5.188745e+02, Safe CFL dt = 7.708993e-05
    | Computed safe CFL limit dt: 7.708993e-05 (dx = 5.000000e-02, c = 5.188745e+02)

[16:47:32] [INFO ] [ADR_Integrator]
    | Auto CFL enabled. Setting dt = 7.708993e-05
    | Starting Custom ADR: NumLoadSteps = 1, MassScale = 1.000000e+08, DampingMethod = HybridKinetic, dt
    | = 7.708993e-05
    | === Load Step 1 / 1 | NumSubsteps: 10 | KBC: 0 ===
    |     [Substep 1] Computed RampIters: 461
    |     [Step 1 / Sub 1] Converged. Iter: 16438 | KineticRatio: 9.993846e-09 | DispRatio: 1.966950e-07
    |     | ForceRatio: 5.298418e-07
    |     [35m[NR][0m Converged at iter 1 | MacroForce: 5.295049e-07 | MacroDisp: 1.000000e+00 | dFref:
    |     7.237740e+02 (Total=7.237740e+02)
    |     [Substep 2] Computed RampIters: 461
    |     [Step 1 / Sub 2] Converged. Iter: 16479 | KineticRatio: 9.988850e-09 | DispRatio: 2.045376e-07
    |     | ForceRatio: 5.825866e-07
    |     [35m[NR][0m Converged at iter 1 | MacroForce: 5.822208e-07 | MacroDisp: 1.000000e+00 | dFref:
    |     6.606906e+02 (Total=1.384465e+03)
    |     [Substep 3] Computed RampIters: 461
    |     [Step 1 / Sub 3] Converged. Iter: 16393 | KineticRatio: 9.994771e-09 | DispRatio: 2.123368e-07
    |     | ForceRatio: 6.551868e-07
    |     [35m[NR][0m Converged at iter 1 | MacroForce: 6.547791e-07 | MacroDisp: 1.000000e+00 | dFref:
    |     5.862935e+02 (Total=1.970758e+03)
    |     [Substep 4] Computed RampIters: 461
    |     [Step 1 / Sub 4] Converged. Iter: 16301 | KineticRatio: 9.995056e-09 | DispRatio: 2.181495e-07
    |     | ForceRatio: 7.191690e-07
    |     [35m[NR][0m Converged at iter 1 | MacroForce: 7.187212e-07 | MacroDisp: 1.000000e+00 | dFref:
    |     5.320163e+02 (Total=2.502774e+03)
    |     [Substep 5] Computed RampIters: 461

[16:54:47] [INFO ] [EngineManager]
    | ==================================================
    | GRPD Solver Engine Initialized                 
    | ==================================================

[16:54:47] [INFO ] [EngineRegistry]
    | Creating Engine instance: PD

[16:54:47] [INFO ] [PDEngine]
    | PD Engine instance created.
    | ===============================================
    | ========== Registered Types Summary ===========
    | TimeIntegrator    : ADR, CentralDifference, Explicit, Staggered
    | FieldRegistry     : DoubleField, IntField
    | PhysicsFields     : Mechanical, Thermal
    | BCRegistry        : AX, AY, AZ, CONV, FLUX, PX, PY, PZ, T, UX, UY, UZ, VX, VY, VZ
    | ReaderRegistry    : .grpd, .inp
    | StabilizerRegistry: Mechanical_Silling, Mechanical_Wan, Mechanical_Zhang, Thermal_Silling,
    | Thermal_Wan, Thermal_Zhang
    | ContactRegistry   : [Type] General, [ForceLaw] KinematicNormal, [ForceLaw] Nonlinear, [ForceLaw]
    | Penalty, [ForceLaw] Silling, [ForceLaw] Viscous, [Evaluator] NTC, [Evaluator] NTN, [Evaluator] NTS,
    | [FrictionLaw] ElasticStickSlip, [FrictionLaw] ExplicitImpulse, [FrictionLaw] TanhRegularized
    | MaterialRegistry  : FourierThermalMat, J2PlasticityMat, JCPlasticityMat, LinearElasticMat
    | KernelRegistry    : NOSB_M, NOSB_T
    | EngineRegistry    : PD
    | ===============================================

[16:54:47] [INFO ] [EngineManager]
    | Initializing solver: PD

[16:54:47] [INFO ] [PDEngine]
    | Initializing PD simulation context...

[16:54:47] [INFO ] [InitModel]
    | ==================================================
    | Model pre-processing...
    | ==================================================
    | grpd path: D:\Project_C++\GRPD\Examples\J2_Plasticity_PlaneStrain\J2_Plasticity_PlaneStrain.grpd
    | model name: J2_Plasticity_PlaneStrain
    | Calling Python pre-processor to generate .grpd mesh...
    | Mesh generated successfully by Python.

[16:54:49] [INFO ] [Context Manager]
    | Formalized model name to: J2_Plasticity_PlaneStrain
    | Model dimension set to: 2D
    | 2D thickness set to: 1.000000

[16:54:49] [INFO ] [ReaderRegistry]
    | Creating reader for: .grpd (name: J2_Plasticity_PlaneStrain)

[16:54:49] [INFO ] [InitModel]
    | Reading mesh file:
    | D:\Project_C++\GRPD\Examples\J2_Plasticity_PlaneStrain\J2_Plasticity_PlaneStrain.grpd (reader:
    | .grpd)

[16:54:49] [INFO ] [GrpdMeshReader]
    | Reading file: D:\Project_C++\GRPD\Examples\J2_Plasticity_PlaneStrain\J2_Plasticity_PlaneStrain.grpd
    | Entering *PARTICLE section (Line 1)
    | Pre-allocated memory for 20000 particles (Zero-Reallocation)
    | Entering *LOAD section (Line 20004)
    | ============================================
    | File reading complete!
    | Total particles: 20000
    | Total load entries: 1209
    | ============================================

[16:54:49] [INFO ] [ParticleManager]
    | Pre-allocated memory for 20000 particles

[16:54:49] [INFO ] [InitModel]
    | Total particles loaded for model J2_Plasticity_PlaneStrain: 20000

[16:54:49] [INFO ] [InitMaterial]
    | ==================================================
    | Entering Material Initialization Phase...
    | ==================================================
    | Instantiating material [1] of type: J2PlasticityMat

[16:54:49] [INFO ] [MaterialRegistry]
    | Using factory to create material: A36_Steel (type: J2PlasticityMat)

[16:54:49] [INFO ] [J2PlasticityMat]
    | Hardening Type: Isotropic

[16:54:49] [INFO ] [MaterialManager]
    | Successfully added material instance: A36_Steel

[16:54:49] [INFO ] [InitMaterial]
    | Successfully registered material ID 1 (A36_Steel)
    | Assigning material pointers to particles...
    | Successfully assigned materials to 20000 particles.

[16:54:49] [INFO ] [InitFields]
    | ==================================================
    | Entering Field Registration Phase...
    | ==================================================

[16:54:49] [INFO ] [FieldManager]
    | Added field 'Displacement'.
    | Added field 'Velocity'.
    | Added field 'Acceleration'.
    | Added field 'ContactNormal'.
    | Added field 'ContactGap'.
    | Added field 'VirtualSurfacePos'.

[16:54:49] [INFO ] [MechanicalFields]
    | Core fields registered: Displacement, Velocity, Acceleration, ContactNormal, ContactGap,
    | VirtualSurfacePos.

[16:54:49] [INFO ] [InitFields]
    | Auto-registered PhysicsFields module: Mechanical

[16:54:49] [INFO ] [FieldManager]
    | Added field 'ID'.
    | Added field 'PartID'.
    | Added field 'MatID'.
    | Added field 'Coords'.
    | Added field 'Volume'.
    | Added field 'ActiveStatus'.

[16:54:49] [INFO ] [InitFields]
    | Global ActiveStatus field registered.

[16:54:49] [INFO ] [FieldManager]
    | Added field 'EqPlasticStrain_Old'.
    | Added field 'EqPlasticStrain_Trial'.
    | Registered swap pair: EqPlasticStrain_Old <-> EqPlasticStrain_Trial
    | Added field 'PlasticStrain_Old'.
    | Added field 'PlasticStrain_Trial'.
    | Registered swap pair: PlasticStrain_Old <-> PlasticStrain_Trial
    | Added field 'VonMisesStress'.
    | Resized all 17 fields for 20000 particles.

[16:54:49] [INFO ] [InitFields]
    | ActiveStatus initialized to 1 for all particles.
    | Binding high-speed material state pointers...

[16:54:49] [INFO ] [MeshData]
    | Populated particle geometry fields into FieldManager for 20000 particles.

[16:54:49] [INFO ] [InitFields]
    | All fields allocated for 20000 particles. Total fields: 17.

[16:54:49] [INFO ] [InitConditions]
    | ==================================================
    | Entering Conditions Initialization Phase...
    | ==================================================

[16:54:50] [INFO ] [ReaderRegistry]
    | Creating reader for: .grpd (name: LoadReader)

[16:54:50] [INFO ] [GrpdMeshReader]
    | Reading file: D:\Project_C++\GRPD\Examples\J2_Plasticity_PlaneStrain\J2_Plasticity_PlaneStrain.grpd
    | Entering *PARTICLE section (Line 1)
    | Pre-allocated memory for 20000 particles (Zero-Reallocation)
    | Entering *LOAD section (Line 20004)
    | ============================================
    | File reading complete!
    | Total particles: 20000
    | Total load entries: 1209
    | ============================================

[16:54:50] [INFO ] [InitConditions]
    | Load statistics:
    | - UX : 9
    | - UY : 1200
    | Boundary conditions initialization complete.

[16:54:50] [INFO ] [InitNeighbors]
    | ==================================================
    | Entering Neighbor Search Phase...
    | ==================================================
    | Horizon radius: 0.150750

[16:54:50] [INFO ] [NeighborList]
    | Starting full-flat CSR search for 20000 particles, horizon = 0.150750
    | Cell grid: 67 x 33 x 1 = 2211 cells
    | Flat cell list built in 1.999855 ms
    | Pass 1 (count) done in 4.000187 ms
    | Total bonds: 549236, Memory: 6 MB
    | Pass 2 (fill) done in 7.999897 ms
    | Max neighbors: 28
    | Total time: 13.999939 ms

[16:54:50] [INFO ] [FieldManager]
    | Added field 'NeighborCount'.

[16:54:50] [INFO ] [InitNeighbors]
    | NeighborCount field populated for 20000 particles.

[16:54:50] [INFO ] [FieldManager]
    | Added field 'BondIntegrity'.

[16:54:50] [INFO ] [InitNeighbors]
    | Global BondIntegrity scalar field properly initialized to 0.0

[16:54:50] [INFO ] [FieldManager]
    | Added field 'IsSurface'.

[16:54:50] [INFO ] [SurfaceDetector]
    | Volume Deficit check complete. Identified 608 surface particles out of 20000 (Threshold: 0.750000).

[16:54:50] [INFO ] [InitNeighbors]
    | Neighbor search phase complete.

[16:54:50] [INFO ] [InitContact]
    | ==================================================
    | Entering Contact Initialization Phase...
    | ==================================================
    | Initializing Material-specific BondIntegrity Models...
    | Material BondIntegrity Models initialized. Total Active Models: 0

[16:54:50] [INFO ] [InitPreCracks]
    | Detected PreCracks configuration. Initializing geometric cuts...

[16:54:50] [INFO ] [QuadCrack]
    | Successfully configured QuadCrack with normal: (0.000000, -1.000000, 0.000000)
    | Evaluating bond breakage for crack...
    | Cut 3588 bonds traversing the preset crack.

[16:54:50] [INFO ] [InitPreCracks]
    | Applied PreCrack of type: QuadCrack

[16:54:50] [INFO ] [InitSolverComponents]
    | ==================================================
    | Entering Solver Components Assembly Phase...
    | ==================================================
    | Building Time Integrator: ADR

[16:54:50] [INFO ] [TimeIntegrator]
    | Explicitly set OMP Threads to: 16

[16:54:50] [INFO ] [InitSolverComponents]
    | Time Integrator configured.
    | Building Space Kernel: NOSB_M

[16:54:50] [INFO ] [NOSB_Base]
    | Applied KernelWeightType: Gaussian
    | Applied ZeroEnergyG0: 0.010000
    | Applied ZeroEnergyMethod string: Zhang
    | Dynamic Shape Tensor update is set to: 0

[16:54:50] [INFO ] [InitSolverComponents]
    | Space Kernel 'NOSB_M' configured.
    | Total kernels assembled: 1

[16:54:50] [INFO ] [PDEngine]
    | PD simulation context initialized successfully.

[16:54:50] [INFO ] [EngineManager]
    | All solvers initialized. Total: 1
    | ==================================================
    | Entering Main Solver Phase
    | ==================================================
    | Solving: PD

[16:54:50] [INFO ] [PDEngine]
    | Starting PD Engine Solve Phase...

[16:54:50] [INFO ] [ADR]
    | Identified 2nd-order ODE coupling: Displacement <- Velocity <- Acceleration

[16:54:50] [INFO ] [FieldManager]
    | Added field 'ShapeTensorInv'.
    | Added field 'VHorizon'.
    | Added field 'SumFac'.
    | Added field 'SumOmegaRaw'.

[16:54:50] [INFO ] [NOSB_Base]
    | Computing InfluenceWeight + Shape Tensor Inverse (K^-1)...
    | All NOSB base fields registered and Shape Tensor Inverse computed.

[16:54:50] [INFO ] [FieldManager]
    | Added field 'DeformationGradient'.
    | Added field 'PK1Stress'.

[16:54:50] [INFO ] [NOSB_M]
    | Instantiated MechanicalStabilizer globally in Phase 0 using strategy: Zhang

[16:54:50] [INFO ] [ADR]
    | Material [A36_Steel]: WaveSpeed c = 5.188745e+02, Safe CFL dt = 7.708993e-05
    | Computed safe CFL limit dt: 7.708993e-05 (dx = 5.000000e-02, c = 5.188745e+02)

[16:54:50] [INFO ] [ADR_Integrator]
    | Auto CFL enabled. Setting dt = 7.708993e-05
    | Starting Custom ADR: NumLoadSteps = 1, MassScale = 1.000000e+08, DampingMethod = HybridKinetic, dt
    | = 7.708993e-05
    | === Load Step 1 / 1 | NumSubsteps: 10 | KBC: 0 ===
    |     [Substep 1] Computed RampIters: 461
    |     [Step 1 / Sub 5] Converged. Iter: 16192 | KineticRatio: 9.991084e-09 | DispRatio: 2.221887e-07
    |     | ForceRatio: 7.741260e-07
    |     [35m[NR][0m Converged at iter 1 | MacroForce: 7.736441e-07 | MacroDisp: 1.000000e+00 | dFref:
    |     4.948443e+02 (Total=2.997619e+03)
    |     [Substep 6] Computed RampIters: 461
    |     [Step 1 / Sub 1] Converged. Iter: 12700 | KineticRatio: 9.987710e-09 | DispRatio: 2.058554e-07
    |     | ForceRatio: 7.768760e-07
    |     [35m[NR][0m Converged at iter 1 | MacroForce: 7.762062e-07 | MacroDisp: 1.000000e+00 | dFref:
    |     5.165207e+02 (Total=5.165207e+02)
    |     [Substep 2] Computed RampIters: 461
    |     [Step 1 / Sub 6] Converged. Iter: 16087 | KineticRatio: 9.998683e-09 | DispRatio: 2.250899e-07
    |     | ForceRatio: 8.217324e-07
    |     [35m[NR][0m Converged at iter 1 | MacroForce: 8.212156e-07 | MacroDisp: 1.000000e+00 | dFref:
    |     4.695267e+02 (Total=3.467145e+03)
    |     [Substep 7] Computed RampIters: 461
    |     [Step 1 / Sub 2] Converged. Iter: 13486 | KineticRatio: 9.987859e-09 | DispRatio: 2.067116e-07
    |     | ForceRatio: 9.696625e-07
    |     [35m[NR][0m Converged at iter 1 | MacroForce: 9.688935e-07 | MacroDisp: 1.000000e+00 | dFref:
    |     3.968162e+02 (Total=9.133369e+02)
    |     [Substep 3] Computed RampIters: 461
    |     [Step 1 / Sub 7] Converged. Iter: 15908 | KineticRatio: 9.994133e-09 | DispRatio: 2.270354e-07
    |     | ForceRatio: 8.581467e-07
    |     [35m[NR][0m Converged at iter 1 | MacroForce: 8.576125e-07 | MacroDisp: 1.000000e+00 | dFref:
    |     4.517593e+02 (Total=3.918905e+03)
    |     [Substep 8] Computed RampIters: 461
    |     [Step 1 / Sub 3] Converged. Iter: 13974 | KineticRatio: 9.999416e-09 | DispRatio: 2.062699e-07
    |     | ForceRatio: 1.168025e-06
    |     [35m[NR][0m Converged at iter 1 | MacroForce: 1.166944e-06 | MacroDisp: 1.000000e+00 | dFref:
    |     3.491255e+02 (Total=1.262462e+03)
    |     [Substep 4] Computed RampIters: 461
    |     [Step 1 / Sub 8] Converged. Iter: 15770 | KineticRatio: 9.996949e-09 | DispRatio: 2.285527e-07
    |     | ForceRatio: 8.905890e-07
    |     [35m[NR][0m Converged at iter 1 | MacroForce: 8.900288e-07 | MacroDisp: 1.000000e+00 | dFref:
    |     4.387238e+02 (Total=4.357628e+03)
    |     [Substep 9] Computed RampIters: 461
    |     [Step 1 / Sub 9] Converged. Iter: 15681 | KineticRatio: 9.999454e-09 | DispRatio: 2.297252e-07
    |     | ForceRatio: 9.191673e-07
    |     [35m[NR][0m Converged at iter 1 | MacroForce: 9.185838e-07 | MacroDisp: 1.000000e+00 | dFref:
    |     4.289099e+02 (Total=4.786538e+03)
    |     [Substep 10] Computed RampIters: 461

[17:04:28] [INFO ] [EngineManager]
    | ==================================================
    | GRPD Solver Engine Initialized                 
    | ==================================================

[17:04:28] [INFO ] [EngineRegistry]
    | Creating Engine instance: PD

[17:04:28] [INFO ] [PDEngine]
    | PD Engine instance created.
    | ===============================================
    | ========== Registered Types Summary ===========
    | TimeIntegrator    : ADR, CentralDifference, Explicit, Staggered
    | FieldRegistry     : DoubleField, IntField
    | PhysicsFields     : Mechanical, Thermal
    | BCRegistry        : AX, AY, AZ, CONV, FLUX, PX, PY, PZ, T, UX, UY, UZ, VX, VY, VZ
    | ReaderRegistry    : .grpd, .inp
    | StabilizerRegistry: Mechanical_Silling, Mechanical_Wan, Mechanical_Zhang, Thermal_Silling,
    | Thermal_Wan, Thermal_Zhang
    | ContactRegistry   : [Type] General, [ForceLaw] KinematicNormal, [ForceLaw] Nonlinear, [ForceLaw]
    | Penalty, [ForceLaw] Silling, [ForceLaw] Viscous, [Evaluator] NTC, [Evaluator] NTN, [Evaluator] NTS,
    | [FrictionLaw] ElasticStickSlip, [FrictionLaw] ExplicitImpulse, [FrictionLaw] TanhRegularized
    | MaterialRegistry  : FourierThermalMat, J2PlasticityMat, JCPlasticityMat, LinearElasticMat
    | KernelRegistry    : NOSB_M, NOSB_T
    | EngineRegistry    : PD
    | ===============================================

[17:04:28] [INFO ] [EngineManager]
    | Initializing solver: PD

[17:04:28] [INFO ] [PDEngine]
    | Initializing PD simulation context...

[17:04:28] [INFO ] [InitModel]
    | ==================================================
    | Model pre-processing...
    | ==================================================
    | grpd path: D:\Project_C++\GRPD\Examples\J2_Plasticity_PlaneStrain\J2_Plasticity_PlaneStrain.grpd
    | model name: J2_Plasticity_PlaneStrain
    | Found existing .grpd mesh file at:
    | D:\Project_C++\GRPD\Examples\J2_Plasticity_PlaneStrain\J2_Plasticity_PlaneStrain.grpd. Skipping
    | generation.

[17:04:28] [INFO ] [Context Manager]
    | Formalized model name to: J2_Plasticity_PlaneStrain
    | Model dimension set to: 2D
    | 2D thickness set to: 1.000000

[17:04:28] [INFO ] [ReaderRegistry]
    | Creating reader for: .grpd (name: J2_Plasticity_PlaneStrain)

[17:04:28] [INFO ] [InitModel]
    | Reading mesh file:
    | D:\Project_C++\GRPD\Examples\J2_Plasticity_PlaneStrain\J2_Plasticity_PlaneStrain.grpd (reader:
    | .grpd)

[17:04:28] [INFO ] [GrpdMeshReader]
    | Reading file: D:\Project_C++\GRPD\Examples\J2_Plasticity_PlaneStrain\J2_Plasticity_PlaneStrain.grpd
    | Entering *PARTICLE section (Line 1)
    | Pre-allocated memory for 20000 particles (Zero-Reallocation)
    | Entering *LOAD section (Line 20004)
    | ============================================
    | File reading complete!
    | Total particles: 20000
    | Total load entries: 1209
    | ============================================

[17:04:28] [INFO ] [ParticleManager]
    | Pre-allocated memory for 20000 particles

[17:04:28] [INFO ] [InitModel]
    | Total particles loaded for model J2_Plasticity_PlaneStrain: 20000

[17:04:28] [INFO ] [InitMaterial]
    | ==================================================
    | Entering Material Initialization Phase...
    | ==================================================
    | Instantiating material [1] of type: J2PlasticityMat

[17:04:28] [INFO ] [MaterialRegistry]
    | Using factory to create material: A36_Steel (type: J2PlasticityMat)

[17:04:28] [INFO ] [J2PlasticityMat]
    | Hardening Type: Isotropic

[17:04:28] [INFO ] [MaterialManager]
    | Successfully added material instance: A36_Steel

[17:04:28] [INFO ] [InitMaterial]
    | Successfully registered material ID 1 (A36_Steel)
    | Assigning material pointers to particles...
    | Successfully assigned materials to 20000 particles.

[17:04:28] [INFO ] [InitFields]
    | ==================================================
    | Entering Field Registration Phase...
    | ==================================================

[17:04:29] [INFO ] [FieldManager]
    | Added field 'Displacement'.
    | Added field 'Velocity'.
    | Added field 'Acceleration'.
    | Added field 'ContactNormal'.
    | Added field 'ContactGap'.
    | Added field 'VirtualSurfacePos'.

[17:04:29] [INFO ] [MechanicalFields]
    | Core fields registered: Displacement, Velocity, Acceleration, ContactNormal, ContactGap,
    | VirtualSurfacePos.

[17:04:29] [INFO ] [InitFields]
    | Auto-registered PhysicsFields module: Mechanical

[17:04:29] [INFO ] [FieldManager]
    | Added field 'ID'.
    | Added field 'PartID'.
    | Added field 'MatID'.
    | Added field 'Coords'.
    | Added field 'Volume'.
    | Added field 'ActiveStatus'.

[17:04:29] [INFO ] [InitFields]
    | Global ActiveStatus field registered.

[17:04:29] [INFO ] [FieldManager]
    | Added field 'EqPlasticStrain_Old'.
    | Added field 'EqPlasticStrain_Trial'.
    | Registered swap pair: EqPlasticStrain_Old <-> EqPlasticStrain_Trial
    | Added field 'PlasticStrain_Old'.
    | Added field 'PlasticStrain_Trial'.
    | Registered swap pair: PlasticStrain_Old <-> PlasticStrain_Trial
    | Added field 'VonMisesStress'.
    | Resized all 17 fields for 20000 particles.

[17:04:29] [INFO ] [InitFields]
    | ActiveStatus initialized to 1 for all particles.
    | Binding high-speed material state pointers...

[17:04:29] [INFO ] [MeshData]
    | Populated particle geometry fields into FieldManager for 20000 particles.

[17:04:29] [INFO ] [InitFields]
    | All fields allocated for 20000 particles. Total fields: 17.

[17:04:29] [INFO ] [InitConditions]
    | ==================================================
    | Entering Conditions Initialization Phase...
    | ==================================================

[17:04:29] [INFO ] [ReaderRegistry]
    | Creating reader for: .grpd (name: LoadReader)

[17:04:29] [INFO ] [GrpdMeshReader]
    | Reading file: D:\Project_C++\GRPD\Examples\J2_Plasticity_PlaneStrain\J2_Plasticity_PlaneStrain.grpd
    | Entering *PARTICLE section (Line 1)
    | Pre-allocated memory for 20000 particles (Zero-Reallocation)
    | Entering *LOAD section (Line 20004)
    | ============================================
    | File reading complete!
    | Total particles: 20000
    | Total load entries: 1209
    | ============================================

[17:04:29] [INFO ] [InitConditions]
    | Load statistics:
    | - UX : 9
    | - UY : 1200
    | Boundary conditions initialization complete.

[17:04:29] [INFO ] [InitNeighbors]
    | ==================================================
    | Entering Neighbor Search Phase...
    | ==================================================
    | Horizon radius: 0.150750

[17:04:29] [INFO ] [NeighborList]
    | Starting full-flat CSR search for 20000 particles, horizon = 0.150750
    | Cell grid: 67 x 33 x 1 = 2211 cells
    | Flat cell list built in 4.999876 ms
    | Pass 1 (count) done in 3.000021 ms
    | Total bonds: 549236, Memory: 6 MB
    | Pass 2 (fill) done in 17.999887 ms
    | Max neighbors: 28
    | Total time: 25.999784 ms

[17:04:29] [INFO ] [FieldManager]
    | Added field 'NeighborCount'.

[17:04:29] [INFO ] [InitNeighbors]
    | NeighborCount field populated for 20000 particles.

[17:04:29] [INFO ] [FieldManager]
    | Added field 'BondIntegrity'.

[17:04:29] [INFO ] [InitNeighbors]
    | Global BondIntegrity scalar field properly initialized to 0.0

[17:04:29] [INFO ] [FieldManager]
    | Added field 'IsSurface'.

[17:04:29] [INFO ] [SurfaceDetector]
    | Volume Deficit check complete. Identified 608 surface particles out of 20000 (Threshold: 0.750000).

[17:04:29] [INFO ] [InitNeighbors]
    | Neighbor search phase complete.

[17:04:29] [INFO ] [InitContact]
    | ==================================================
    | Entering Contact Initialization Phase...
    | ==================================================
    | Initializing Material-specific BondIntegrity Models...
    | Material BondIntegrity Models initialized. Total Active Models: 0

[17:04:29] [INFO ] [InitPreCracks]
    | Detected PreCracks configuration. Initializing geometric cuts...

[17:04:29] [INFO ] [QuadCrack]
    | Successfully configured QuadCrack with normal: (0.000000, -1.000000, 0.000000)
    | Evaluating bond breakage for crack...
    | Cut 3588 bonds traversing the preset crack.

[17:04:29] [INFO ] [InitPreCracks]
    | Applied PreCrack of type: QuadCrack

[17:04:29] [INFO ] [InitSolverComponents]
    | ==================================================
    | Entering Solver Components Assembly Phase...
    | ==================================================
    | Building Time Integrator: ADR

[17:04:29] [INFO ] [TimeIntegrator]
    | Explicitly set OMP Threads to: 16

[17:04:29] [INFO ] [InitSolverComponents]
    | Time Integrator configured.
    | Building Space Kernel: NOSB_M

[17:04:29] [INFO ] [NOSB_Base]
    | Applied KernelWeightType: Gaussian
    | Applied ZeroEnergyG0: 0.010000
    | Applied ZeroEnergyMethod string: Zhang
    | Dynamic Shape Tensor update is set to: 0

[17:04:29] [INFO ] [InitSolverComponents]
    | Space Kernel 'NOSB_M' configured.
    | Total kernels assembled: 1

[17:04:29] [INFO ] [PDEngine]
    | PD simulation context initialized successfully.

[17:04:29] [INFO ] [EngineManager]
    | All solvers initialized. Total: 1
    | ==================================================
    | Entering Main Solver Phase
    | ==================================================
    | Solving: PD

[17:04:29] [INFO ] [PDEngine]
    | Starting PD Engine Solve Phase...

[17:04:29] [INFO ] [ADR]
    | Identified 2nd-order ODE coupling: Displacement <- Velocity <- Acceleration

[17:04:29] [INFO ] [FieldManager]
    | Added field 'ShapeTensorInv'.
    | Added field 'VHorizon'.
    | Added field 'SumFac'.
    | Added field 'SumOmegaRaw'.

[17:04:29] [INFO ] [NOSB_Base]
    | Computing InfluenceWeight + Shape Tensor Inverse (K^-1)...
    | All NOSB base fields registered and Shape Tensor Inverse computed.

[17:04:29] [INFO ] [FieldManager]
    | Added field 'DeformationGradient'.
    | Added field 'PK1Stress'.

[17:04:29] [INFO ] [NOSB_M]
    | Instantiated MechanicalStabilizer globally in Phase 0 using strategy: Zhang

[17:04:29] [INFO ] [ADR]
    | Material [A36_Steel]: WaveSpeed c = 5.188745e+02, Safe CFL dt = 7.708993e-05
    | Computed safe CFL limit dt: 7.708993e-05 (dx = 5.000000e-02, c = 5.188745e+02)

[17:04:29] [INFO ] [ADR_Integrator]
    | Auto CFL enabled. Setting dt = 7.708993e-05
    | Starting Custom ADR: NumLoadSteps = 1, MassScale = 1.000000e+08, DampingMethod = HybridKinetic, dt
    | = 7.708993e-05
    | === Load Step 1 / 1 | NumSubsteps: 10 | KBC: 0 ===
    |     [Substep 1] Computed RampIters: 461
    |     [Step 1 / Sub 1] Converged. Iter: 5221 | KineticRatio: 9.968559e-09 | DispRatio: 2.318624e-07 |
    |     ForceRatio: 1.482743e-06
    |     [35m[NR][0m Converged at iter 1 | MacroForce: 1.479559e-06 | MacroDisp: 1.000000e+00 | dFref:
    |     6.900854e+02 (Total=6.900854e+02)
    |     [Substep 2] Computed RampIters: 461
    |     [Step 1 / Sub 10] Converged. Iter: 15568 | KineticRatio: 9.989004e-09 | DispRatio: 2.305126e-07
    |     | ForceRatio: 9.427389e-07
    |     [35m[NR][0m Converged at iter 1 | MacroForce: 9.421391e-07 | MacroDisp: 1.000000e+00 | dFref:
    |     4.213127e+02 (Total=5.207851e+03)
    | --- ADR Complete | Total Substeps: 10  |  Pure Compute: 1.042254e+03s  |  Total: 1.084481e+03s  | 
    | Speed: 154 steps/s
    | Finished. Total: 1084.481500s  |  Pure Compute avg: 0.006481 s/step

[17:05:37] [INFO ] [PDEngine]
    | PD Engine Solve Phase Finished.

[17:05:37] [INFO ] [EngineManager]
    | Main Solver Phase finished.
    | ==================================================
    | Entering Post-processing Phase
    | ==================================================
    | Outputting: PD
    | Post-processing Phase finished.
    |     [Step 1 / Sub 2] Converged. Iter: 5517 | KineticRatio: 9.995597e-09 | DispRatio: 2.324763e-07 |
    |     ForceRatio: 1.369655e-06
    |     [35m[NR][0m Converged at iter 1 | MacroForce: 1.366886e-06 | MacroDisp: 1.000000e+00 | dFref:
    |     6.810122e+02 (Total=1.371098e+03)
    |     [Substep 3] Computed RampIters: 461
    |     [Step 1 / Sub 3] Converged. Iter: 5571 | KineticRatio: 9.980246e-09 | DispRatio: 2.327450e-07 |
    |     ForceRatio: 1.349148e-06
    |     [35m[NR][0m Converged at iter 1 | MacroForce: 1.346472e-06 | MacroDisp: 1.000000e+00 | dFref:
    |     6.816496e+02 (Total=2.052747e+03)
    |     [Substep 4] Computed RampIters: 461
    |     [Step 1 / Sub 4] Converged. Iter: 5552 | KineticRatio: 9.966498e-09 | DispRatio: 2.333377e-07 |
    |     ForceRatio: 1.353854e-06
    |     [35m[NR][0m Converged at iter 1 | MacroForce: 1.351175e-06 | MacroDisp: 1.000000e+00 | dFref:
    |     6.817909e+02 (Total=2.734538e+03)
    |     [Substep 5] Computed RampIters: 461
    |     [Step 1 / Sub 5] Converged. Iter: 5515 | KineticRatio: 9.968228e-09 | DispRatio: 2.340734e-07 |
    |     ForceRatio: 1.368354e-06
    |     [35m[NR][0m Converged at iter 1 | MacroForce: 1.365630e-06 | MacroDisp: 1.000000e+00 | dFref:
    |     6.818514e+02 (Total=3.416389e+03)
    |     [Substep 6] Computed RampIters: 461
    |     [Step 1 / Sub 6] Converged. Iter: 5486 | KineticRatio: 9.987768e-09 | DispRatio: 2.348871e-07 |
    |     ForceRatio: 1.381174e-06
    |     [35m[NR][0m Converged at iter 1 | MacroForce: 1.378411e-06 | MacroDisp: 1.000000e+00 | dFref:
    |     6.818831e+02 (Total=4.098272e+03)
    |     [Substep 7] Computed RampIters: 461
    |     [Step 1 / Sub 7] Converged. Iter: 5465 | KineticRatio: 9.993566e-09 | DispRatio: 2.353288e-07 |
    |     ForceRatio: 1.390013e-06
    |     [35m[NR][0m Converged at iter 1 | MacroForce: 1.387223e-06 | MacroDisp: 1.000000e+00 | dFref:
    |     6.819022e+02 (Total=4.780175e+03)
    |     [Substep 8] Computed RampIters: 461
    |     [Step 1 / Sub 8] Converged. Iter: 5449 | KineticRatio: 9.984832e-09 | DispRatio: 2.354422e-07 |
    |     ForceRatio: 1.395623e-06
    |     [35m[NR][0m Converged at iter 1 | MacroForce: 1.392814e-06 | MacroDisp: 1.000000e+00 | dFref:
    |     6.819146e+02 (Total=5.462089e+03)
    |     [Substep 9] Computed RampIters: 461
    |     [Step 1 / Sub 9] Converged. Iter: 5436 | KineticRatio: 9.980475e-09 | DispRatio: 2.355729e-07 |
    |     ForceRatio: 1.400399e-06
    |     [35m[NR][0m Converged at iter 1 | MacroForce: 1.397574e-06 | MacroDisp: 1.000000e+00 | dFref:
    |     6.819234e+02 (Total=6.144013e+03)
    |     [Substep 10] Computed RampIters: 461
    |     [Step 1 / Sub 10] Converged. Iter: 5425 | KineticRatio: 9.999233e-09 | DispRatio: 2.358988e-07
    |     | ForceRatio: 1.405730e-06
    |     [35m[NR][0m Converged at iter 1 | MacroForce: 1.402888e-06 | MacroDisp: 1.000000e+00 | dFref:
    |     6.819295e+02 (Total=6.825942e+03)
    | --- ADR Complete | Total Substeps: 10  |  Pure Compute: 3.196487e+02s  |  Total: 3.324130e+02s  | 
    | Speed: 170 steps/s
    | Finished. Total: 332.413552s  |  Pure Compute avg: 0.005850 s/step

[17:10:02] [INFO ] [PDEngine]
    | PD Engine Solve Phase Finished.

[17:10:02] [INFO ] [EngineManager]
    | Main Solver Phase finished.
    | ==================================================
    | Entering Post-processing Phase
    | ==================================================
    | Outputting: PD
    | Post-processing Phase finished.

[17:20:25] [INFO ] [EngineManager]
    | ==================================================
    | GRPD Solver Engine Initialized                 
    | ==================================================

[17:20:25] [INFO ] [EngineRegistry]
    | Creating Engine instance: PD

[17:20:25] [INFO ] [PDEngine]
    | PD Engine instance created.
    | ===============================================
    | ========== Registered Types Summary ===========
    | TimeIntegrator    : ADR, CentralDifference, Explicit, Staggered
    | FieldRegistry     : DoubleField, IntField
    | PhysicsFields     : Mechanical, Thermal
    | BCRegistry        : AX, AY, AZ, CONV, FLUX, PX, PY, PZ, T, UX, UY, UZ, VX, VY, VZ
    | ReaderRegistry    : .grpd, .inp
    | StabilizerRegistry: Mechanical_Silling, Mechanical_Wan, Mechanical_Zhang, Thermal_Silling,
    | Thermal_Wan, Thermal_Zhang
    | ContactRegistry   : [Type] General, [ForceLaw] KinematicNormal, [ForceLaw] Nonlinear, [ForceLaw]
    | Penalty, [ForceLaw] Silling, [ForceLaw] Viscous, [Evaluator] NTC, [Evaluator] NTN, [Evaluator] NTS,
    | [FrictionLaw] ElasticStickSlip, [FrictionLaw] ExplicitImpulse, [FrictionLaw] TanhRegularized
    | MaterialRegistry  : FourierThermalMat, J2PlasticityMat, JCPlasticityMat, LinearElasticMat
    | KernelRegistry    : NOSB_M, NOSB_T
    | EngineRegistry    : PD
    | ===============================================

[17:20:25] [INFO ] [EngineManager]
    | Initializing solver: PD

[17:20:25] [INFO ] [PDEngine]
    | Initializing PD simulation context...

[17:20:25] [INFO ] [InitModel]
    | ==================================================
    | Model pre-processing...
    | ==================================================
    | grpd path: D:\Project_C++\GRPD\Examples\J2_Plasticity_PlaneStrain\J2_Plasticity_PlaneStrain.grpd
    | model name: J2_Plasticity_PlaneStrain
    | Found existing .grpd mesh file at:
    | D:\Project_C++\GRPD\Examples\J2_Plasticity_PlaneStrain\J2_Plasticity_PlaneStrain.grpd. Skipping
    | generation.

[17:20:25] [INFO ] [Context Manager]
    | Formalized model name to: J2_Plasticity_PlaneStrain
    | Model dimension set to: 2D
    | 2D thickness set to: 1.000000

[17:20:25] [INFO ] [ReaderRegistry]
    | Creating reader for: .grpd (name: J2_Plasticity_PlaneStrain)

[17:20:25] [INFO ] [InitModel]
    | Reading mesh file:
    | D:\Project_C++\GRPD\Examples\J2_Plasticity_PlaneStrain\J2_Plasticity_PlaneStrain.grpd (reader:
    | .grpd)

[17:20:25] [INFO ] [GrpdMeshReader]
    | Reading file: D:\Project_C++\GRPD\Examples\J2_Plasticity_PlaneStrain\J2_Plasticity_PlaneStrain.grpd
    | Entering *PARTICLE section (Line 1)
    | Pre-allocated memory for 20000 particles (Zero-Reallocation)
    | Entering *LOAD section (Line 20004)
    | ============================================
    | File reading complete!
    | Total particles: 20000
    | Total load entries: 1209
    | ============================================

[17:20:25] [INFO ] [ParticleManager]
    | Pre-allocated memory for 20000 particles

[17:20:25] [INFO ] [InitModel]
    | Total particles loaded for model J2_Plasticity_PlaneStrain: 20000

[17:20:25] [INFO ] [InitMaterial]
    | ==================================================
    | Entering Material Initialization Phase...
    | ==================================================
    | Instantiating material [1] of type: J2PlasticityMat

[17:20:25] [INFO ] [MaterialRegistry]
    | Using factory to create material: A36_Steel (type: J2PlasticityMat)

[17:20:25] [INFO ] [J2PlasticityMat]
    | Hardening Type: Isotropic

[17:20:25] [INFO ] [MaterialManager]
    | Successfully added material instance: A36_Steel

[17:20:25] [INFO ] [InitMaterial]
    | Successfully registered material ID 1 (A36_Steel)
    | Assigning material pointers to particles...
    | Successfully assigned materials to 20000 particles.

[17:20:25] [INFO ] [InitFields]
    | ==================================================
    | Entering Field Registration Phase...
    | ==================================================

[17:20:25] [INFO ] [FieldManager]
    | Added field 'Displacement'.
    | Added field 'Velocity'.
    | Added field 'Acceleration'.
    | Added field 'ContactNormal'.
    | Added field 'ContactGap'.
    | Added field 'VirtualSurfacePos'.

[17:20:25] [INFO ] [MechanicalFields]
    | Core fields registered: Displacement, Velocity, Acceleration, ContactNormal, ContactGap,
    | VirtualSurfacePos.

[17:20:25] [INFO ] [InitFields]
    | Auto-registered PhysicsFields module: Mechanical

[17:20:25] [INFO ] [FieldManager]
    | Added field 'ID'.
    | Added field 'PartID'.
    | Added field 'MatID'.
    | Added field 'Coords'.
    | Added field 'Volume'.
    | Added field 'ActiveStatus'.

[17:20:25] [INFO ] [InitFields]
    | Global ActiveStatus field registered.

[17:20:25] [INFO ] [FieldManager]
    | Added field 'EqPlasticStrain_Old'.
    | Added field 'EqPlasticStrain_Trial'.
    | Registered swap pair: EqPlasticStrain_Old <-> EqPlasticStrain_Trial
    | Added field 'PlasticStrain_Old'.
    | Added field 'PlasticStrain_Trial'.
    | Registered swap pair: PlasticStrain_Old <-> PlasticStrain_Trial
    | Added field 'VonMisesStress'.
    | Resized all 17 fields for 20000 particles.

[17:20:25] [INFO ] [InitFields]
    | ActiveStatus initialized to 1 for all particles.
    | Binding high-speed material state pointers...

[17:20:25] [INFO ] [MeshData]
    | Populated particle geometry fields into FieldManager for 20000 particles.

[17:20:25] [INFO ] [InitFields]
    | All fields allocated for 20000 particles. Total fields: 17.

[17:20:25] [INFO ] [InitConditions]
    | ==================================================
    | Entering Conditions Initialization Phase...
    | ==================================================

[17:20:25] [INFO ] [ReaderRegistry]
    | Creating reader for: .grpd (name: LoadReader)

[17:20:25] [INFO ] [GrpdMeshReader]
    | Reading file: D:\Project_C++\GRPD\Examples\J2_Plasticity_PlaneStrain\J2_Plasticity_PlaneStrain.grpd
    | Entering *PARTICLE section (Line 1)
    | Pre-allocated memory for 20000 particles (Zero-Reallocation)
    | Entering *LOAD section (Line 20004)
    | ============================================
    | File reading complete!
    | Total particles: 20000
    | Total load entries: 1209
    | ============================================

[17:20:25] [INFO ] [InitConditions]
    | Load statistics:
    | - UX : 9
    | - UY : 1200
    | Boundary conditions initialization complete.

[17:20:25] [INFO ] [InitNeighbors]
    | ==================================================
    | Entering Neighbor Search Phase...
    | ==================================================
    | Horizon radius: 0.150750

[17:20:25] [INFO ] [NeighborList]
    | Starting full-flat CSR search for 20000 particles, horizon = 0.150750
    | Cell grid: 67 x 33 x 1 = 2211 cells
    | Flat cell list built in 0.999928 ms
    | Pass 1 (count) done in 1.000166 ms
    | Total bonds: 549236, Memory: 6 MB
    | Pass 2 (fill) done in 3.999949 ms
    | Max neighbors: 28
    | Total time: 6.000042 ms

[17:20:25] [INFO ] [FieldManager]
    | Added field 'NeighborCount'.

[17:20:25] [INFO ] [InitNeighbors]
    | NeighborCount field populated for 20000 particles.

[17:20:25] [INFO ] [FieldManager]
    | Added field 'BondIntegrity'.

[17:20:25] [INFO ] [InitNeighbors]
    | Global BondIntegrity scalar field properly initialized to 0.0

[17:20:25] [INFO ] [FieldManager]
    | Added field 'IsSurface'.

[17:20:25] [INFO ] [SurfaceDetector]
    | Volume Deficit check complete. Identified 608 surface particles out of 20000 (Threshold: 0.750000).

[17:20:25] [INFO ] [InitNeighbors]
    | Neighbor search phase complete.

[17:20:25] [INFO ] [InitContact]
    | ==================================================
    | Entering Contact Initialization Phase...
    | ==================================================
    | Initializing Material-specific BondIntegrity Models...
    | Material BondIntegrity Models initialized. Total Active Models: 0

[17:20:25] [INFO ] [InitPreCracks]
    | Detected PreCracks configuration. Initializing geometric cuts...

[17:20:25] [INFO ] [QuadCrack]
    | Successfully configured QuadCrack with normal: (0.000000, -1.000000, 0.000000)
    | Evaluating bond breakage for crack...
    | Cut 3588 bonds traversing the preset crack.

[17:20:25] [INFO ] [InitPreCracks]
    | Applied PreCrack of type: QuadCrack

[17:20:25] [INFO ] [InitSolverComponents]
    | ==================================================
    | Entering Solver Components Assembly Phase...
    | ==================================================
    | Building Time Integrator: ADR

[17:20:25] [INFO ] [TimeIntegrator]
    | Explicitly set OMP Threads to: 16

[17:20:25] [INFO ] [InitSolverComponents]
    | Time Integrator configured.
    | Building Space Kernel: NOSB_M

[17:20:25] [INFO ] [NOSB_Base]
    | Applied KernelWeightType: Gaussian
    | Applied ZeroEnergyG0: 0.010000
    | Applied ZeroEnergyMethod string: Zhang
    | Dynamic Shape Tensor update is set to: 0

[17:20:25] [INFO ] [InitSolverComponents]
    | Space Kernel 'NOSB_M' configured.
    | Total kernels assembled: 1

[17:20:25] [INFO ] [PDEngine]
    | PD simulation context initialized successfully.

[17:20:25] [INFO ] [EngineManager]
    | All solvers initialized. Total: 1
    | ==================================================
    | Entering Main Solver Phase
    | ==================================================
    | Solving: PD

[17:20:25] [INFO ] [PDEngine]
    | Starting PD Engine Solve Phase...

[17:20:25] [INFO ] [ADR]
    | Identified 2nd-order ODE coupling: Displacement <- Velocity <- Acceleration

[17:20:25] [INFO ] [FieldManager]
    | Added field 'ShapeTensorInv'.
    | Added field 'VHorizon'.
    | Added field 'SumFac'.
    | Added field 'SumOmegaRaw'.

[17:20:25] [INFO ] [NOSB_Base]
    | Computing InfluenceWeight + Shape Tensor Inverse (K^-1)...
    | All NOSB base fields registered and Shape Tensor Inverse computed.

[17:20:25] [INFO ] [FieldManager]
    | Added field 'DeformationGradient'.
    | Added field 'PK1Stress'.

[17:20:25] [INFO ] [NOSB_M]
    | Instantiated MechanicalStabilizer globally in Phase 0 using strategy: Zhang

[17:20:25] [INFO ] [ADR]
    | Material [A36_Steel]: WaveSpeed c = 5.188745e+02, Safe CFL dt = 7.708993e-05
    | Computed safe CFL limit dt: 7.708993e-05 (dx = 5.000000e-02, c = 5.188745e+02)

[17:20:25] [INFO ] [ADR_Integrator]
    | Auto CFL enabled. Setting dt = 7.708993e-05
    | Starting Custom ADR: NumLoadSteps = 1, MassScale = 1.000000e+08, DampingMethod = HybridKinetic, dt
    | = 7.708993e-05
    | === Load Step 1 / 1 | NumSubsteps: 10 | KBC: 0 ===
    |     [Substep 1] Computed RampIters: 461
    |     [Step 1 / Sub 1] Converged. Iter: 4588 | KineticRatio: 9.974278e-09 | DispRatio: 2.500145e-07 |
    |     ForceRatio: 1.069334e-06
    |     [35m[NR][0m iter 1 / 100 | MacroForce: 3.898302e-01 (dFref=8.215989e+02) | MacroDisp:
    |     1.000000e+00
    |     [Substep 1] Computed RampIters: 0
    |     [Step 1 / Sub 1] Converged. Iter: 4768 | KineticRatio: 9.955910e-09 | DispRatio: 4.383398e-08 |
    |     ForceRatio: 2.848329e-07
    |     [36m[Anderson Acceleration][0m Applied! Depth: 2
    |     [35m[NR][0m iter 2 / 100 | MacroForce: 9.541073e-02 (dFref=7.042248e+02) | MacroDisp:
    |     1.179276e-01
    |     [Substep 1] Computed RampIters: 0
    |     [Step 1 / Sub 1] Converged. Iter: 4754 | KineticRatio: 9.957141e-09 | DispRatio: 7.738358e-09 |
    |     ForceRatio: 5.219838e-08
    |     [36m[Anderson Acceleration][0m Applied! Depth: 3
    |     [35m[NR][0m iter 3 / 100 | MacroForce: 2.199730e-02 (dFref=6.936191e+02) | MacroDisp:
    |     2.032729e-02
    |     [Substep 1] Computed RampIters: 0
    |     [Step 1 / Sub 1] Converged. Iter: 4649 | KineticRatio: 9.997246e-09 | DispRatio: 3.699192e-10 |
    |     ForceRatio: 2.518678e-09
    |     [36m[Anderson Acceleration][0m Applied! Depth: 3
    |     [35m[NR][0m iter 4 / 100 | MacroForce: 6.037287e-03 (dFref=6.915354e+02) | MacroDisp:
    |     6.932465e-04
    |     [Substep 1] Computed RampIters: 0
    |     [Step 1 / Sub 1] Converged. Iter: 4709 | KineticRatio: 9.978478e-09 | DispRatio: 4.742651e-10 |
    |     ForceRatio: 3.233160e-09
    |     [35m[NR][0m Converged at iter 5 | MacroForce: 2.202581e-03 | MacroDisp: 1.159523e-03 | dFref:
    |     6.907816e+02 (Total=6.907816e+02)
    |     [Substep 2] Computed RampIters: 461
    |     [Step 1 / Sub 2] Converged. Iter: 4588 | KineticRatio: 9.984262e-09 | DispRatio: 2.498023e-07 |
    |     ForceRatio: 1.103526e-06
    |     [35m[NR][0m iter 1 / 100 | MacroForce: 4.468133e-01 (dFref=7.800493e+02) | MacroDisp:
    |     1.000000e+00
    |     [Substep 2] Computed RampIters: 0
    |     [Step 1 / Sub 2] Converged. Iter: 4773 | KineticRatio: 9.980513e-09 | DispRatio: 4.748552e-08 |
    |     ForceRatio: 3.145510e-07
    |     [36m[Anderson Acceleration][0m Applied! Depth: 2
    |     [35m[NR][0m iter 2 / 100 | MacroForce: 9.270313e-02 (dFref=6.906522e+02) | MacroDisp:
    |     1.287708e-01
    |     [Substep 2] Computed RampIters: 0
    |     [Step 1 / Sub 2] Converged. Iter: 4788 | KineticRatio: 9.963371e-09 | DispRatio: 7.177786e-09 |
    |     ForceRatio: 4.936206e-08
    |     [36m[Anderson Acceleration][0m Applied! Depth: 3
    |     [35m[NR][0m iter 3 / 100 | MacroForce: 1.862503e-02 (dFref=6.828175e+02) | MacroDisp:
    |     1.993309e-02
    |     [Substep 2] Computed RampIters: 0
    |     [Step 1 / Sub 2] Converged. Iter: 4203 | KineticRatio: 9.994390e-09 | DispRatio: 1.904033e-10 |
    |     ForceRatio: 1.335480e-09
    |     [35m[NR][0m Converged at iter 4 | MacroForce: 4.265262e-03 | MacroDisp: 2.573900e-04 | dFref:
    |     6.813111e+02 (Total=1.372093e+03)
    |     [Substep 3] Computed RampIters: 461
    |     [Step 1 / Sub 3] Converged. Iter: 4589 | KineticRatio: 9.981382e-09 | DispRatio: 2.497499e-07 |
    |     ForceRatio: 1.124476e-06
    |     [35m[NR][0m iter 1 / 100 | MacroForce: 4.632301e-01 (dFref=7.644147e+02) | MacroDisp:
    |     1.000000e+00
    |     [Substep 3] Computed RampIters: 0
    |     [Step 1 / Sub 3] Converged. Iter: 4769 | KineticRatio: 9.986045e-09 | DispRatio: 4.824577e-08 |
    |     ForceRatio: 3.199137e-07
    |     [36m[Anderson Acceleration][0m Applied! Depth: 2
    |     [35m[NR][0m iter 2 / 100 | MacroForce: 8.818058e-02 (dFref=6.895289e+02) | MacroDisp:
    |     1.299873e-01
    |     [Substep 3] Computed RampIters: 0
    |     [Step 1 / Sub 3] Converged. Iter: 4781 | KineticRatio: 9.982235e-09 | DispRatio: 6.721700e-09 |
    |     ForceRatio: 4.625870e-08
    |     [36m[Anderson Acceleration][0m Applied! Depth: 3
    |     [35m[NR][0m iter 3 / 100 | MacroForce: 1.667843e-02 (dFref=6.827059e+02) | MacroDisp:
    |     1.845014e-02
    |     [Substep 3] Computed RampIters: 0
    |     [Step 1 / Sub 3] Converged. Iter: 4546 | KineticRatio: 9.969775e-09 | DispRatio: 1.592811e-10 |
    |     ForceRatio: 1.109074e-09
    |     [35m[NR][0m Converged at iter 4 | MacroForce: 3.653528e-03 | MacroDisp: 2.502545e-04 | dFref:
    |     6.814577e+02 (Total=2.053550e+03)
    |     [Substep 4] Computed RampIters: 461
    |     [Step 1 / Sub 4] Converged. Iter: 4589 | KineticRatio: 9.974272e-09 | DispRatio: 2.496701e-07 |
    |     ForceRatio: 1.136081e-06
    |     [35m[NR][0m iter 1 / 100 | MacroForce: 4.722003e-01 (dFref=7.562331e+02) | MacroDisp:
    |     1.000000e+00
    |     [Substep 4] Computed RampIters: 0
    |     [Step 1 / Sub 4] Converged. Iter: 4768 | KineticRatio: 9.989475e-09 | DispRatio: 4.865293e-08 |
    |     ForceRatio: 3.225912e-07
    |     [36m[Anderson Acceleration][0m Applied! Depth: 2
    |     [35m[NR][0m iter 2 / 100 | MacroForce: 8.547350e-02 (dFref=6.891502e+02) | MacroDisp:
    |     1.308828e-01
    |     [Substep 4] Computed RampIters: 0
    |     [Step 1 / Sub 4] Converged. Iter: 4780 | KineticRatio: 9.988915e-09 | DispRatio: 6.449164e-09 |
    |     ForceRatio: 4.437770e-08
    |     [36m[Anderson Acceleration][0m Applied! Depth: 3
    |     [35m[NR][0m iter 3 / 100 | MacroForce: 1.562863e-02 (dFref=6.828048e+02) | MacroDisp:
    |     1.768044e-02
    |     [Substep 4] Computed RampIters: 0
    |     [Step 1 / Sub 4] Converged. Iter: 4634 | KineticRatio: 9.971822e-09 | DispRatio: 1.540553e-10 |
    |     ForceRatio: 1.069975e-09
    |     [35m[NR][0m Converged at iter 4 | MacroForce: 3.378756e-03 | MacroDisp: 2.785723e-04 | dFref:
    |     6.816943e+02 (Total=2.735245e+03)
    |     [Substep 5] Computed RampIters: 461
    |     [Step 1 / Sub 5] Converged. Iter: 4589 | KineticRatio: 9.971085e-09 | DispRatio: 2.496320e-07 |
    |     ForceRatio: 1.143706e-06
    |     [35m[NR][0m iter 1 / 100 | MacroForce: 4.780077e-01 (dFref=7.511350e+02) | MacroDisp:
    |     1.000000e+00
    |     [Substep 5] Computed RampIters: 0
    |     [Step 1 / Sub 5] Converged. Iter: 4768 | KineticRatio: 9.966956e-09 | DispRatio: 4.885574e-08 |
    |     ForceRatio: 3.239231e-07
    |     [36m[Anderson Acceleration][0m Applied! Depth: 2
    |     [35m[NR][0m iter 2 / 100 | MacroForce: 8.369830e-02 (dFref=6.888811e+02) | MacroDisp:
    |     1.314850e-01
    |     [Substep 5] Computed RampIters: 0
    |     [Step 1 / Sub 5] Converged. Iter: 4781 | KineticRatio: 9.959223e-09 | DispRatio: 6.257461e-09 |
    |     ForceRatio: 4.305758e-08
    |     [36m[Anderson Acceleration][0m Applied! Depth: 3
    |     [35m[NR][0m iter 3 / 100 | MacroForce: 1.497400e-02 (dFref=6.828152e+02) | MacroDisp:
    |     1.719482e-02
    |     [Substep 5] Computed RampIters: 0
    |     [Step 1 / Sub 5] Converged. Iter: 4658 | KineticRatio: 9.980770e-09 | DispRatio: 1.574137e-10 |
    |     ForceRatio: 1.092515e-09
    |     [35m[NR][0m Converged at iter 4 | MacroForce: 3.223436e-03 | MacroDisp: 2.959396e-04 | dFref:
    |     6.817926e+02 (Total=3.417037e+03)
    |     [Substep 6] Computed RampIters: 461
    |     [Step 1 / Sub 6] Converged. Iter: 4589 | KineticRatio: 9.969197e-09 | DispRatio: 2.496091e-07 |
    |     ForceRatio: 1.149075e-06
    |     [35m[NR][0m iter 1 / 100 | MacroForce: 4.820685e-01 (dFref=7.476579e+02) | MacroDisp:
    |     1.000000e+00
    |     [Substep 6] Computed RampIters: 0
    |     [Step 1 / Sub 6] Converged. Iter: 4768 | KineticRatio: 9.958672e-09 | DispRatio: 4.901526e-08 |
    |     ForceRatio: 3.249739e-07
    |     [36m[Anderson Acceleration][0m Applied! Depth: 2
    |     [35m[NR][0m iter 2 / 100 | MacroForce: 8.244066e-02 (dFref=6.886866e+02) | MacroDisp:
    |     1.319327e-01
    |     [Substep 6] Computed RampIters: 0
    |     [Step 1 / Sub 6] Converged. Iter: 4781 | KineticRatio: 9.991138e-09 | DispRatio: 6.137735e-09 |
    |     ForceRatio: 4.223527e-08
    |     [36m[Anderson Acceleration][0m Applied! Depth: 3
    |     [35m[NR][0m iter 3 / 100 | MacroForce: 1.452618e-02 (dFref=6.828050e+02) | MacroDisp:
    |     1.685908e-02
    |     [Substep 6] Computed RampIters: 0
    |     [Step 1 / Sub 6] Converged. Iter: 4669 | KineticRatio: 9.981095e-09 | DispRatio: 1.605878e-10 |
    |     ForceRatio: 1.114166e-09
    |     [35m[NR][0m Converged at iter 4 | MacroForce: 3.123287e-03 | MacroDisp: 3.072425e-04 | dFref:
    |     6.818436e+02 (Total=4.098881e+03)
    |     [Substep 7] Computed RampIters: 461
    |     [Step 1 / Sub 7] Converged. Iter: 4589 | KineticRatio: 9.968021e-09 | DispRatio: 2.495947e-07 |
    |     ForceRatio: 1.153061e-06
    |     [35m[NR][0m iter 1 / 100 | MacroForce: 4.850670e-01 (dFref=7.451365e+02) | MacroDisp:
    |     1.000000e+00
    |     [Substep 7] Computed RampIters: 0
    |     [Step 1 / Sub 7] Converged. Iter: 4767 | KineticRatio: 9.999840e-09 | DispRatio: 4.924978e-08 |
    |     ForceRatio: 3.265291e-07
    |     [36m[Anderson Acceleration][0m Applied! Depth: 2
    |     [35m[NR][0m iter 2 / 100 | MacroForce: 8.150266e-02 (dFref=6.885407e+02) | MacroDisp:
    |     1.322661e-01
    |     [Substep 7] Computed RampIters: 0
    |     [Step 1 / Sub 7] Converged. Iter: 4782 | KineticRatio: 9.972761e-09 | DispRatio: 6.035174e-09 |
    |     ForceRatio: 4.153034e-08
    |     [36m[Anderson Acceleration][0m Applied! Depth: 3
    |     [35m[NR][0m iter 3 / 100 | MacroForce: 1.420036e-02 (dFref=6.827901e+02) | MacroDisp:
    |     1.661001e-02
    |     [Substep 7] Computed RampIters: 0
    |     [Step 1 / Sub 7] Converged. Iter: 4674 | KineticRatio: 9.987930e-09 | DispRatio: 1.631307e-10 |
    |     ForceRatio: 1.131625e-09
    |     [35m[NR][0m Converged at iter 4 | MacroForce: 3.053142e-03 | MacroDisp: 3.144469e-04 | dFref:
    |     6.818738e+02 (Total=4.780755e+03)
    |     [Substep 8] Computed RampIters: 461
    |     [Step 1 / Sub 8] Converged. Iter: 4589 | KineticRatio: 9.967160e-09 | DispRatio: 2.495841e-07 |
    |     ForceRatio: 1.156131e-06
    |     [35m[NR][0m iter 1 / 100 | MacroForce: 4.873716e-01 (dFref=7.432248e+02) | MacroDisp:
    |     1.000000e+00
    |     [Substep 8] Computed RampIters: 0
    |     [Step 1 / Sub 8] Converged. Iter: 4767 | KineticRatio: 9.995505e-09 | DispRatio: 4.934179e-08 |
    |     ForceRatio: 3.271334e-07
    |     [36m[Anderson Acceleration][0m Applied! Depth: 2
    |     [35m[NR][0m iter 2 / 100 | MacroForce: 8.077610e-02 (dFref=6.884274e+02) | MacroDisp:
    |     1.325222e-01
    |     [Substep 8] Computed RampIters: 0
    |     [Step 1 / Sub 8] Converged. Iter: 4782 | KineticRatio: 9.995785e-09 | DispRatio: 5.966902e-09 |
    |     ForceRatio: 4.106199e-08
    |     [36m[Anderson Acceleration][0m Applied! Depth: 3
    |     [35m[NR][0m iter 3 / 100 | MacroForce: 1.395303e-02 (dFref=6.827748e+02) | MacroDisp:
    |     1.641716e-02
    |     [Substep 8] Computed RampIters: 0
    |     [Step 1 / Sub 8] Converged. Iter: 4677 | KineticRatio: 9.966420e-09 | DispRatio: 1.649242e-10 |
    |     ForceRatio: 1.143953e-09
    |     [35m[NR][0m Converged at iter 4 | MacroForce: 3.001426e-03 | MacroDisp: 3.193450e-04 | dFref:
    |     6.818932e+02 (Total=5.462648e+03)
    |     [Substep 9] Computed RampIters: 461
    |     [Step 1 / Sub 9] Converged. Iter: 4589 | KineticRatio: 9.966500e-09 | DispRatio: 2.495760e-07 |
    |     ForceRatio: 1.158567e-06
    |     [35m[NR][0m iter 1 / 100 | MacroForce: 4.891981e-01 (dFref=7.417257e+02) | MacroDisp:
    |     1.000000e+00
    |     [Substep 9] Computed RampIters: 0
    |     [Step 1 / Sub 9] Converged. Iter: 4767 | KineticRatio: 9.992099e-09 | DispRatio: 4.941490e-08 |
    |     ForceRatio: 3.276129e-07
    |     [36m[Anderson Acceleration][0m Applied! Depth: 2
    |     [35m[NR][0m iter 2 / 100 | MacroForce: 8.019668e-02 (dFref=6.883371e+02) | MacroDisp:
    |     1.327256e-01
    |     [Substep 9] Computed RampIters: 0
    |     [Step 1 / Sub 9] Converged. Iter: 4783 | KineticRatio: 9.968531e-09 | DispRatio: 5.898810e-09 |
    |     ForceRatio: 4.059388e-08
    |     [36m[Anderson Acceleration][0m Applied! Depth: 3
    |     [35m[NR][0m iter 3 / 100 | MacroForce: 1.375838e-02 (dFref=6.827607e+02) | MacroDisp:
    |     1.626360e-02
    |     [Substep 9] Computed RampIters: 0
    |     [Step 1 / Sub 9] Converged. Iter: 4677 | KineticRatio: 9.994152e-09 | DispRatio: 1.667337e-10 |
    |     ForceRatio: 1.156481e-09
    |     [35m[NR][0m Converged at iter 4 | MacroForce: 2.961482e-03 | MacroDisp: 3.224107e-04 | dFref:
    |     6.819066e+02 (Total=6.144554e+03)
    |     [Substep 10] Computed RampIters: 461
    |     [Step 1 / Sub 10] Converged. Iter: 4589 | KineticRatio: 9.965968e-09 | DispRatio: 2.495695e-07
    |     | ForceRatio: 1.160546e-06
    |     [35m[NR][0m iter 1 / 100 | MacroForce: 4.906814e-01 (dFref=7.405187e+02) | MacroDisp:
    |     1.000000e+00
    |     [Substep 10] Computed RampIters: 0
    |     [Step 1 / Sub 10] Converged. Iter: 4767 | KineticRatio: 9.989415e-09 | DispRatio: 4.947449e-08
    |     | ForceRatio: 3.280033e-07
    |     [36m[Anderson Acceleration][0m Applied! Depth: 2
    |     [35m[NR][0m iter 2 / 100 | MacroForce: 7.972404e-02 (dFref=6.882633e+02) | MacroDisp:
    |     1.328911e-01
    |     [Substep 10] Computed RampIters: 0
    |     [Step 1 / Sub 10] Converged. Iter: 4783 | KineticRatio: 9.985288e-09 | DispRatio: 5.854741e-09
    |     | ForceRatio: 4.029170e-08
    |     [36m[Anderson Acceleration][0m Applied! Depth: 3
    |     [35m[NR][0m iter 3 / 100 | MacroForce: 1.360147e-02 (dFref=6.827478e+02) | MacroDisp:
    |     1.613852e-02
    |     [Substep 10] Computed RampIters: 0
    |     [Step 1 / Sub 10] Converged. Iter: 4677 | KineticRatio: 9.990108e-09 | DispRatio: 1.679849e-10
    |     | ForceRatio: 1.165144e-09
    |     [35m[NR][0m Converged at iter 4 | MacroForce: 2.929759e-03 | MacroDisp: 3.245491e-04 | dFref:
    |     6.819160e+02 (Total=6.826470e+03)
    | --- ADR Complete | Total Substeps: 10  |  Pure Compute: 9.061569e+02s  |  Total: 9.415357e+02s  | 
    | Speed: 212 steps/s
    | Finished. Total: 941.536504s  |  Pure Compute avg: 0.004716 s/step

[17:36:07] [INFO ] [PDEngine]
    | PD Engine Solve Phase Finished.

[17:36:07] [INFO ] [EngineManager]
    | Main Solver Phase finished.
    | ==================================================
    | Entering Post-processing Phase
    | ==================================================
    | Outputting: PD
    | Post-processing Phase finished.
