[INFO] ==================================================
[INFO]    GRPD Solver Engine Initialized                 
[INFO] ==================================================
[INFO] ========== Registered Types Summary ===========
[INFO]   FieldRegistry     : IntField, ScalarField, SymTensorField, VectorField
[INFO]   PhysicsFields     : Mechanical, Thermal
[INFO]   BCRegistry        : CONV, FLUX, T
[INFO]   MaterialRegistry  : FourierThermalMat
[INFO]   KernelRegistry    : NOSB_Thermal
[INFO]   EngineRegistry    : PD
[INFO] ===============================================
[INFO] [EngineRegistry] Creating Engine instance: PD
[INFO] [PDEngine] PD Engine instance created.
[INFO] [EngineManager] Initializing solver: PD
[INFO] [PDEngine] Initializing PD simulation context...
[INFO] Model pre-processing...
[INFO] [InitModel] grpd path: D:\Project_C++\GRPD\Examples\Sphere\Sphere.grpd
[INFO] [InitModel] model name: Sphere
[INFO] Calling Python pre-processor to generate .grpd mesh...
[INFO] Mesh generated successfully by Python.
[INFO] [Context Manager] Formalized model name to: Sphere
[INFO] [Context Manager] Model dimension set to: 3D
[INFO] [ReaderRegistry] Creating reader for: .grpd (name: Sphere)
[INFO] [InitModel] Reading mesh file: D:\Project_C++\GRPD\Examples\Sphere\Sphere.grpd (reader: .grpd)
[INFO] [GrpdMeshReader] Reading file: D:\Project_C++\GRPD\Examples\Sphere\Sphere.grpd
[INFO] [GrpdMeshReader] Entering *PARTICLE section (Line 1)
[INFO] [GrpdMeshReader] Entering *LOAD section (Line 109290)
[INFO] [GrpdMeshReader] ============================================
[INFO] [GrpdMeshReader]    File reading complete!
[INFO] [GrpdMeshReader]    Total particles: 109287
[INFO] [GrpdMeshReader]    Total load entries: 57411
[INFO] [GrpdMeshReader] ============================================
[INFO] [InitModel] Total particles loaded for model Sphere: 109287
[INFO]   Particle[0] Part=1 Pos=(-2.500000, -1.500000, -29.500000) Vol=1.000000
[INFO]   Particle[1] Part=1 Pos=(-2.500000, -0.500000, -29.500000) Vol=1.000000
[INFO]   Particle[2] Part=1 Pos=(-2.500000, 0.500000, -29.500000) Vol=1.000000
[INFO]   Particle[3] Part=1 Pos=(-2.500000, 1.500000, -29.500000) Vol=1.000000
[INFO]   Particle[4] Part=1 Pos=(-1.500000, -2.500000, -29.500000) Vol=1.000000
[INFO] Entering Material Initialization Phase...
[INFO] Instantiating material [1] of type: FourierThermalMat
[INFO] [MaterialRegistry] Using factory to create material: Steel_NmmTonne (type: FourierThermalMat)
[INFO] [FourierThermalMat] Material 'Steel_NmmTonne' is initialized. Conductivity = 45.000000, HeatCapacity = 460000000.000000, Density = 0.000000
[INFO] [MaterialManager] Successfully added material instance: Steel_NmmTonne
[INFO] Successfully registered material ID 1 (Steel_NmmTonne)
[INFO] Assigning material pointers to particles...
[INFO] Successfully assigned materials to 109287 particles.
[INFO] Entering Field Registration Phase...
[INFO] [ThermalFields] Core fields registered: Temperature, TempRate, HeatFlux.
[INFO] [InitFields] Auto-registered PhysicsFields module: Thermal
[INFO] [FieldManager] Resized all 8 fields for 109287 particles.
[INFO] [MeshData] Populated particle geometry fields into FieldManager for 109287 particles.
[INFO] [InitFields] All fields allocated for 109287 particles. Total fields: 8.
[INFO] Entering Conditions Initialization Phase...
[INFO] [ReaderRegistry] Creating reader for: .grpd (name: LoadReader)
[INFO] [GrpdMeshReader] Reading file: D:\Project_C++\GRPD\Examples\Sphere\Sphere.grpd
[INFO] [GrpdMeshReader] Entering *PARTICLE section (Line 1)
[INFO] [GrpdMeshReader] Entering *LOAD section (Line 109290)
[INFO] [GrpdMeshReader] ============================================
[INFO] [GrpdMeshReader]    File reading complete!
[INFO] [GrpdMeshReader]    Total particles: 109287
[INFO] [GrpdMeshReader]    Total load entries: 57411
[INFO] [GrpdMeshReader] ============================================
[INFO] [InitConditions] Load statistics:
[INFO]   - T : 57411
[INFO] [InitConditions] Boundary conditions initialization complete.
[INFO] [InitNeighbors] Entering Neighbor Search Phase...
[INFO] [InitNeighbors] Horizon radius: 3.015000
[INFO] [NeighborList] Starting full-flat CSR search for 109287 particles, horizon = 3.015000
[INFO] [NeighborList] Cell grid: 20 x 20 x 20 = 8000 cells
[INFO] [NeighborList] Flat cell list built in 3.999949 ms
[INFO] [NeighborList] Pass 1 (count) done in 24.999857 ms
[INFO] [NeighborList] Total bonds: 12544700, Memory: 143 MB
[INFO] [NeighborList] Pass 2 (fill) done in 69.000006 ms
[INFO] [NeighborList] Max neighbors: 122
[INFO] [NeighborList] Total time: 97.999811 ms
[INFO] [InitNeighbors] NeighborCount field populated for 109287 particles.
[INFO] [InitNeighbors] BondDamage field registered, 12544700 bonds initialized to 1.0
[INFO] [InitNeighbors] Neighbor search phase complete.
[INFO] [PDEngine] Creating solver components (L1 + L2)...
[INFO] [PDSolver] Algorithm: Explicit, PDType: NOSB, Physics: Thermal
[INFO] [NOSB_Base] Applied KernelWeightType: Linear
[INFO] [NOSB_Base] Applied ZeroEnergyG0: 0.100000
[INFO] [NOSB_Base] Applied ZeroEnergyMethod: Wan
[INFO] [PDEngine] L1: ExplicitEuler, L2: NOSB_Thermal - components ready.
[INFO] [PDEngine] PD simulation context initialized successfully.
[INFO] [EngineManager] All solvers initialized. Total: 1
[INFO] [EngineManager] Entering Main Solver Phase
[INFO] [EngineManager] Solving: PD
[INFO] [PDEngine] Starting PD Engine Solve Phase...
[INFO] [ExplicitEuler] Time loop: dt = 0.010000, totalSteps = 1000
[INFO] [NOSB_Base] Computing InfluenceWeight + Shape Tensor Inverse (K^-1)...
[INFO] [NOSB_Base] All NOSB base fields registered and Shape Tensor Inverse computed.
[INFO] --- Step 0 / 1000  |  Pure Compute: 0.000000s  |  Total: 0.000000s  |  Pure Speed: 0.000000 steps/s
[INFO] Starting data export process...
[INFO] Starting data export process step=0 t=0.000000
[INFO] Fetching model context for export: Sphere
[INFO] Exporting to VTK format: D:\Project_C++\GRPD\Examples\Sphere\Result_20260324_144411\Result_step00000_t0.0000.vtk
[INFO] Output format set to BINARY.
[INFO] Successfully exported data for model: Sphere
[INFO] --- Step 100 / 1000  |  Pure Compute: 3.185677s  |  Total: 3.196214s  |  Pure Speed: 31.390501 steps/s
[INFO] Starting data export process...
[INFO] Starting data export process step=100 t=1.000000
[INFO] Fetching model context for export: Sphere
[INFO] Exporting to VTK format: D:\Project_C++\GRPD\Examples\Sphere\Result_20260324_144411\Result_step00100_t1.0000.vtk
[INFO] Output format set to BINARY.
[INFO] Successfully exported data for model: Sphere
[INFO] --- Step 200 / 1000  |  Pure Compute: 6.643250s  |  Total: 6.674925s  |  Pure Speed: 30.105746 steps/s
[INFO] Starting data export process...
[INFO] Starting data export process step=200 t=2.000000
[INFO] Fetching model context for export: Sphere
[INFO] Exporting to VTK format: D:\Project_C++\GRPD\Examples\Sphere\Result_20260324_144411\Result_step00200_t2.0000.vtk
[INFO] Output format set to BINARY.
[INFO] Successfully exported data for model: Sphere
[INFO] --- Step 300 / 1000  |  Pure Compute: 10.167420s  |  Total: 10.211275s  |  Pure Speed: 29.506011 steps/s
[INFO] Starting data export process...
[INFO] Starting data export process step=300 t=3.000000
[INFO] Fetching model context for export: Sphere
[INFO] Exporting to VTK format: D:\Project_C++\GRPD\Examples\Sphere\Result_20260324_144411\Result_step00300_t3.0000.vtk
[INFO] Output format set to BINARY.
[INFO] Successfully exported data for model: Sphere
[INFO] --- Step 400 / 1000  |  Pure Compute: 13.467371s  |  Total: 13.531449s  |  Pure Speed: 29.701417 steps/s
[INFO] Starting data export process...
[INFO] Starting data export process step=400 t=4.000000
[INFO] Fetching model context for export: Sphere
[INFO] Exporting to VTK format: D:\Project_C++\GRPD\Examples\Sphere\Result_20260324_144411\Result_step00400_t4.0000.vtk
[INFO] Output format set to BINARY.
[INFO] Successfully exported data for model: Sphere
[INFO] --- Step 500 / 1000  |  Pure Compute: 17.500859s  |  Total: 17.584806s  |  Pure Speed: 28.570027 steps/s
[INFO] Starting data export process...
[INFO] Starting data export process step=500 t=5.000000
[INFO] Fetching model context for export: Sphere
[INFO] Exporting to VTK format: D:\Project_C++\GRPD\Examples\Sphere\Result_20260324_144411\Result_step00500_t5.0000.vtk
[INFO] Output format set to BINARY.
[INFO] Successfully exported data for model: Sphere
[INFO] --- Step 600 / 1000  |  Pure Compute: 21.692429s  |  Total: 21.800202s  |  Pure Speed: 27.659419 steps/s
[INFO] Starting data export process...
[INFO] Starting data export process step=600 t=6.000000
[INFO] Fetching model context for export: Sphere
[INFO] Exporting to VTK format: D:\Project_C++\GRPD\Examples\Sphere\Result_20260324_144411\Result_step00600_t6.0000.vtk
[INFO] Output format set to BINARY.
[INFO] Successfully exported data for model: Sphere
[INFO] --- Step 700 / 1000  |  Pure Compute: 25.706152s  |  Total: 25.829999s  |  Pure Speed: 27.230836 steps/s
[INFO] Starting data export process...
[INFO] Starting data export process step=700 t=7.000000
[INFO] Fetching model context for export: Sphere
[INFO] Exporting to VTK format: D:\Project_C++\GRPD\Examples\Sphere\Result_20260324_144411\Result_step00700_t7.0000.vtk
[INFO] Output format set to BINARY.
[INFO] Successfully exported data for model: Sphere
[INFO] --- Step 800 / 1000  |  Pure Compute: 29.597978s  |  Total: 29.744051s  |  Pure Speed: 27.028873 steps/s
[INFO] Starting data export process...
[INFO] Starting data export process step=800 t=8.000000
[INFO] Fetching model context for export: Sphere
[INFO] Exporting to VTK format: D:\Project_C++\GRPD\Examples\Sphere\Result_20260324_144411\Result_step00800_t8.0000.vtk
[INFO] Output format set to BINARY.
[INFO] Successfully exported data for model: Sphere
[INFO] --- Step 900 / 1000  |  Pure Compute: 32.848512s  |  Total: 33.014908s  |  Pure Speed: 27.398501 steps/s
[INFO] Starting data export process...
[INFO] Starting data export process step=900 t=9.000000
[INFO] Fetching model context for export: Sphere
[INFO] Exporting to VTK format: D:\Project_C++\GRPD\Examples\Sphere\Result_20260324_144411\Result_step00900_t9.0000.vtk
[INFO] Output format set to BINARY.
[INFO] Successfully exported data for model: Sphere
[INFO] --- Step 1000 / 1000  |  Pure Compute: 36.118029s  |  Total: 36.295587s  |  Pure Speed: 27.687003 steps/s
[INFO] Starting data export process...
[INFO] Starting data export process step=1000 t=10.000000
[INFO] Fetching model context for export: Sphere
[INFO] Exporting to VTK format: D:\Project_C++\GRPD\Examples\Sphere\Result_20260324_144411\Result_step01000_t10.0000.vtk
[INFO] Output format set to BINARY.
[INFO] Successfully exported data for model: Sphere
[INFO] [ExplicitEuler] Finished. Total: 36.305391s  |  Pure Compute avg: 0.036118 s/step
[INFO] [PDEngine] PD Engine Solve Phase Finished.
[INFO] [EngineManager] Main Solver Phase finished.
[INFO] [EngineManager] Entering Post-processing Phase
[INFO] [EngineManager] Outputting: PD
[INFO] Starting data export process step=-1 t=0.000000
[INFO] Fetching model context for export: Sphere
[INFO] Exporting to VTK format: D:\Project_C++\GRPD\Examples\Sphere\Result_20260324_144411\Result_output.vtk
[INFO] Output format set to BINARY.
[INFO] Successfully exported data for model: Sphere
[INFO] [EngineManager] Post-processing Phase finished.
[INFO] ==================================================
[INFO]    GRPD Solver Engine Initialized                 
[INFO] ==================================================
[INFO] ========== Registered Types Summary ===========
[INFO]   FieldRegistry     : IntField, ScalarField, SymTensorField, VectorField
[INFO]   PhysicsFields     : Mechanical, Thermal
[INFO]   BCRegistry        : CONV, FLUX, T
[INFO]   MaterialRegistry  : FourierThermalMat
[INFO]   KernelRegistry    : NOSB_Thermal
[INFO]   EngineRegistry    : PD
[INFO] ===============================================
[INFO] [EngineRegistry] Creating Engine instance: PD
[INFO] [PDEngine] PD Engine instance created.
[INFO] [EngineManager] Initializing solver: PD
[INFO] [PDEngine] Initializing PD simulation context...
[INFO] Model pre-processing...
[INFO] [InitModel] grpd path: D:\Project_C++\GRPD\Examples\Sphere\Sphere.grpd
[INFO] [InitModel] model name: Sphere
[INFO] Found existing .grpd mesh file at: D:\Project_C++\GRPD\Examples\Sphere\Sphere.grpd. Skipping generation.
[INFO] [Context Manager] Formalized model name to: Sphere
[INFO] [Context Manager] Model dimension set to: 3D
[INFO] [ReaderRegistry] Creating reader for: .grpd (name: Sphere)
[INFO] [InitModel] Reading mesh file: D:\Project_C++\GRPD\Examples\Sphere\Sphere.grpd (reader: .grpd)
[INFO] [GrpdMeshReader] Reading file: D:\Project_C++\GRPD\Examples\Sphere\Sphere.grpd
[INFO] [GrpdMeshReader] Entering *PARTICLE section (Line 1)
[INFO] [GrpdMeshReader] Entering *LOAD section (Line 109290)
[INFO] [GrpdMeshReader] ============================================
[INFO] [GrpdMeshReader]    File reading complete!
[INFO] [GrpdMeshReader]    Total particles: 109287
[INFO] [GrpdMeshReader]    Total load entries: 57411
[INFO] [GrpdMeshReader] ============================================
[INFO] [InitModel] Total particles loaded for model Sphere: 109287
[INFO]   Particle[0] Part=1 Pos=(-2.500000, -1.500000, -29.500000) Vol=1.000000
[INFO]   Particle[1] Part=1 Pos=(-2.500000, -0.500000, -29.500000) Vol=1.000000
[INFO]   Particle[2] Part=1 Pos=(-2.500000, 0.500000, -29.500000) Vol=1.000000
[INFO]   Particle[3] Part=1 Pos=(-2.500000, 1.500000, -29.500000) Vol=1.000000
[INFO]   Particle[4] Part=1 Pos=(-1.500000, -2.500000, -29.500000) Vol=1.000000
[INFO] Entering Material Initialization Phase...
[INFO] Instantiating material [1] of type: FourierThermalMat
[INFO] [MaterialRegistry] Using factory to create material: Steel_NmmTonne (type: FourierThermalMat)
[INFO] [FourierThermalMat] Material 'Steel_NmmTonne' is initialized. Conductivity = 45.000000, HeatCapacity = 460000000.000000, Density = 0.000000
[INFO] [MaterialManager] Successfully added material instance: Steel_NmmTonne
[INFO] Successfully registered material ID 1 (Steel_NmmTonne)
[INFO] Assigning material pointers to particles...
[INFO] Successfully assigned materials to 109287 particles.
[INFO] Entering Field Registration Phase...
[INFO] [ThermalFields] Core fields registered: Temperature, TempRate, HeatFlux.
[INFO] [InitFields] Auto-registered PhysicsFields module: Thermal
[INFO] [FieldManager] Resized all 8 fields for 109287 particles.
[INFO] [MeshData] Populated particle geometry fields into FieldManager for 109287 particles.
[INFO] [InitFields] All fields allocated for 109287 particles. Total fields: 8.
[INFO] Entering Conditions Initialization Phase...
[INFO] [ReaderRegistry] Creating reader for: .grpd (name: LoadReader)
[INFO] [GrpdMeshReader] Reading file: D:\Project_C++\GRPD\Examples\Sphere\Sphere.grpd
[INFO] [GrpdMeshReader] Entering *PARTICLE section (Line 1)
[INFO] [GrpdMeshReader] Entering *LOAD section (Line 109290)
[INFO] [GrpdMeshReader] ============================================
[INFO] [GrpdMeshReader]    File reading complete!
[INFO] [GrpdMeshReader]    Total particles: 109287
[INFO] [GrpdMeshReader]    Total load entries: 57411
[INFO] [GrpdMeshReader] ============================================
[INFO] [InitConditions] Load statistics:
[INFO]   - T : 57411
[INFO] [InitConditions] Boundary conditions initialization complete.
[INFO] [InitNeighbors] Entering Neighbor Search Phase...
[INFO] [InitNeighbors] Horizon radius: 3.015000
[INFO] [NeighborList] Starting full-flat CSR search for 109287 particles, horizon = 3.015000
[INFO] [NeighborList] Cell grid: 20 x 20 x 20 = 8000 cells
[INFO] [NeighborList] Flat cell list built in 3.999949 ms
[INFO] [NeighborList] Pass 1 (count) done in 23.999929 ms
[INFO] [NeighborList] Total bonds: 12544700, Memory: 143 MB
[INFO] [NeighborList] Pass 2 (fill) done in 71.000099 ms
[INFO] [NeighborList] Max neighbors: 122
[INFO] [NeighborList] Total time: 98.999977 ms
[INFO] [InitNeighbors] NeighborCount field populated for 109287 particles.
[INFO] [InitNeighbors] BondDamage field registered, 12544700 bonds initialized to 1.0
[INFO] [InitNeighbors] Neighbor search phase complete.
[INFO] [PDEngine] Creating solver components (L1 + L2)...
[INFO] [PDSolver] Algorithm: Explicit, PDType: NOSB, Physics: Thermal
[INFO] [NOSB_Base] Applied KernelWeightType: Linear
[INFO] [NOSB_Base] Applied ZeroEnergyG0: 0.100000
[INFO] [NOSB_Base] Applied ZeroEnergyMethod: Wan
[INFO] [PDEngine] L1: ExplicitEuler, L2: NOSB_Thermal - components ready.
[INFO] [PDEngine] PD simulation context initialized successfully.
[INFO] [EngineManager] All solvers initialized. Total: 1
[INFO] [EngineManager] Entering Main Solver Phase
[INFO] [EngineManager] Solving: PD
[INFO] [PDEngine] Starting PD Engine Solve Phase...
[INFO] [ExplicitEuler] Time loop: dt = 0.010000, totalSteps = 1000
[INFO] [NOSB_Base] Computing InfluenceWeight + Shape Tensor Inverse (K^-1)...
[INFO] [NOSB_Base] All NOSB base fields registered and Shape Tensor Inverse computed.
[INFO] --- Step 0 / 1000  |  Pure Compute: 0.000000s  |  Total: 0.000000s  |  Pure Speed: 0.000000 steps/s
[INFO] Starting data export process...
[INFO] Starting data export process step=0 t=0.000000
[INFO] Fetching model context for export: Sphere
[INFO] Exporting to VTK format: D:\Project_C++\GRPD\Examples\Sphere\Result_20260324_155245\Result_step00000_t0.0000.vtk
[INFO] Output format set to BINARY.
[INFO] Successfully exported data for model: Sphere
[INFO] --- Step 100 / 1000  |  Pure Compute: 4.306102s  |  Total: 4.316519s  |  Pure Speed: 23.222859 steps/s
[INFO] Starting data export process...
[INFO] Starting data export process step=100 t=1.000000
[INFO] Fetching model context for export: Sphere
[INFO] Exporting to VTK format: D:\Project_C++\GRPD\Examples\Sphere\Result_20260324_155245\Result_step00100_t1.0000.vtk
[INFO] Output format set to BINARY.
[INFO] Successfully exported data for model: Sphere
[INFO] --- Step 200 / 1000  |  Pure Compute: 8.695988s  |  Total: 8.729572s  |  Pure Speed: 22.999111 steps/s
[INFO] Starting data export process...
[INFO] Starting data export process step=200 t=2.000000
[INFO] Fetching model context for export: Sphere
[INFO] Exporting to VTK format: D:\Project_C++\GRPD\Examples\Sphere\Result_20260324_155245\Result_step00200_t2.0000.vtk
[INFO] Output format set to BINARY.
[INFO] Successfully exported data for model: Sphere
[INFO] --- Step 300 / 1000  |  Pure Compute: 12.714320s  |  Total: 12.762100s  |  Pure Speed: 23.595441 steps/s
[INFO] Starting data export process...
[INFO] Starting data export process step=300 t=3.000000
[INFO] Fetching model context for export: Sphere
[INFO] Exporting to VTK format: D:\Project_C++\GRPD\Examples\Sphere\Result_20260324_155245\Result_step00300_t3.0000.vtk
[INFO] Output format set to BINARY.
[INFO] Successfully exported data for model: Sphere
[INFO] --- Step 400 / 1000  |  Pure Compute: 16.172816s  |  Total: 16.239602s  |  Pure Speed: 24.732861 steps/s
[INFO] Starting data export process...
[INFO] Starting data export process step=400 t=4.000000
[INFO] Fetching model context for export: Sphere
[INFO] Exporting to VTK format: D:\Project_C++\GRPD\Examples\Sphere\Result_20260324_155245\Result_step00400_t4.0000.vtk
[INFO] Output format set to BINARY.
[INFO] Successfully exported data for model: Sphere
[INFO] --- Step 500 / 1000  |  Pure Compute: 19.487844s  |  Total: 19.575779s  |  Pure Speed: 25.657020 steps/s
[INFO] Starting data export process...
[INFO] Starting data export process step=500 t=5.000000
[INFO] Fetching model context for export: Sphere
[INFO] Exporting to VTK format: D:\Project_C++\GRPD\Examples\Sphere\Result_20260324_155245\Result_step00500_t5.0000.vtk
[INFO] Output format set to BINARY.
[INFO] Successfully exported data for model: Sphere
[INFO] --- Step 600 / 1000  |  Pure Compute: 22.703939s  |  Total: 22.802084s  |  Pure Speed: 26.427132 steps/s
[INFO] Starting data export process...
[INFO] Starting data export process step=600 t=6.000000
[INFO] Fetching model context for export: Sphere
[INFO] Exporting to VTK format: D:\Project_C++\GRPD\Examples\Sphere\Result_20260324_155245\Result_step00600_t6.0000.vtk
[INFO] Output format set to BINARY.
[INFO] Successfully exported data for model: Sphere
[INFO] --- Step 700 / 1000  |  Pure Compute: 25.961984s  |  Total: 26.078097s  |  Pure Speed: 26.962500 steps/s
[INFO] Starting data export process...
[INFO] Starting data export process step=700 t=7.000000
[INFO] Fetching model context for export: Sphere
[INFO] Exporting to VTK format: D:\Project_C++\GRPD\Examples\Sphere\Result_20260324_155245\Result_step00700_t7.0000.vtk
[INFO] Output format set to BINARY.
[INFO] Successfully exported data for model: Sphere
[INFO] --- Step 800 / 1000  |  Pure Compute: 29.149979s  |  Total: 29.287286s  |  Pure Speed: 27.444274 steps/s
[INFO] Starting data export process...
[INFO] Starting data export process step=800 t=8.000000
[INFO] Fetching model context for export: Sphere
[INFO] Exporting to VTK format: D:\Project_C++\GRPD\Examples\Sphere\Result_20260324_155245\Result_step00800_t8.0000.vtk
[INFO] Output format set to BINARY.
[INFO] Successfully exported data for model: Sphere
[INFO] --- Step 900 / 1000  |  Pure Compute: 32.533171s  |  Total: 32.681138s  |  Pure Speed: 27.664072 steps/s
[INFO] Starting data export process...
[INFO] Starting data export process step=900 t=9.000000
[INFO] Fetching model context for export: Sphere
[INFO] Exporting to VTK format: D:\Project_C++\GRPD\Examples\Sphere\Result_20260324_155245\Result_step00900_t9.0000.vtk
[INFO] Output format set to BINARY.
[INFO] Successfully exported data for model: Sphere
[INFO] --- Step 1000 / 1000  |  Pure Compute: 35.741554s  |  Total: 35.907690s  |  Pure Speed: 27.978638 steps/s
[INFO] Starting data export process...
[INFO] Starting data export process step=1000 t=10.000000
[INFO] Fetching model context for export: Sphere
[INFO] Exporting to VTK format: D:\Project_C++\GRPD\Examples\Sphere\Result_20260324_155245\Result_step01000_t10.0000.vtk
[INFO] Output format set to BINARY.
[INFO] Successfully exported data for model: Sphere
[INFO] [ExplicitEuler] Finished. Total: 35.927021s  |  Pure Compute avg: 0.035742 s/step
[INFO] [PDEngine] PD Engine Solve Phase Finished.
[INFO] [EngineManager] Main Solver Phase finished.
[INFO] [EngineManager] Entering Post-processing Phase
[INFO] [EngineManager] Outputting: PD
[INFO] Starting data export process step=-1 t=0.000000
[INFO] Fetching model context for export: Sphere
[INFO] Exporting to VTK format: D:\Project_C++\GRPD\Examples\Sphere\Result_20260324_155245\Result_output.vtk
[INFO] Output format set to BINARY.
[INFO] Successfully exported data for model: Sphere
[INFO] [EngineManager] Post-processing Phase finished.
[INFO] ==================================================
[INFO]    GRPD Solver Engine Initialized                 
[INFO] ==================================================
[INFO] ========== Registered Types Summary ===========
[INFO]   FieldRegistry     : IntField, ScalarField, SymTensorField, VectorField
[INFO]   PhysicsFields     : Mechanical, Thermal
[INFO]   BCRegistry        : CONV, FLUX, T
[INFO]   MaterialRegistry  : FourierThermalMat
[INFO]   KernelRegistry    : NOSB_Thermal
[INFO]   EngineRegistry    : PD
[INFO] ===============================================
[INFO] [EngineRegistry] Creating Engine instance: PD
[INFO] [PDEngine] PD Engine instance created.
[INFO] [EngineManager] Initializing solver: PD
[INFO] [PDEngine] Initializing PD simulation context...
[INFO] Model pre-processing...
[INFO] [InitModel] grpd path: D:\Project_C++\GRPD\Examples\Sphere\Sphere.grpd
[INFO] [InitModel] model name: Sphere
[INFO] Found existing .grpd mesh file at: D:\Project_C++\GRPD\Examples\Sphere\Sphere.grpd. Skipping generation.
[INFO] [Context Manager] Formalized model name to: Sphere
[INFO] [Context Manager] Model dimension set to: 3D
[INFO] [ReaderRegistry] Creating reader for: .grpd (name: Sphere)
[INFO] [InitModel] Reading mesh file: D:\Project_C++\GRPD\Examples\Sphere\Sphere.grpd (reader: .grpd)
[INFO] [GrpdMeshReader] Reading file: D:\Project_C++\GRPD\Examples\Sphere\Sphere.grpd
[INFO] [GrpdMeshReader] Entering *PARTICLE section (Line 1)
[INFO] [GrpdMeshReader] Entering *LOAD section (Line 109290)
[INFO] [GrpdMeshReader] ============================================
[INFO] [GrpdMeshReader]    File reading complete!
[INFO] [GrpdMeshReader]    Total particles: 109287
[INFO] [GrpdMeshReader]    Total load entries: 57411
[INFO] [GrpdMeshReader] ============================================
[INFO] [InitModel] Total particles loaded for model Sphere: 109287
[INFO]   Particle[0] Part=1 Pos=(-2.500000, -1.500000, -29.500000) Vol=1.000000
[INFO]   Particle[1] Part=1 Pos=(-2.500000, -0.500000, -29.500000) Vol=1.000000
[INFO]   Particle[2] Part=1 Pos=(-2.500000, 0.500000, -29.500000) Vol=1.000000
[INFO]   Particle[3] Part=1 Pos=(-2.500000, 1.500000, -29.500000) Vol=1.000000
[INFO]   Particle[4] Part=1 Pos=(-1.500000, -2.500000, -29.500000) Vol=1.000000
[INFO] Entering Material Initialization Phase...
[INFO] Instantiating material [1] of type: FourierThermalMat
[INFO] [MaterialRegistry] Using factory to create material: Steel_NmmTonne (type: FourierThermalMat)
[INFO] [FourierThermalMat] Material 'Steel_NmmTonne' is initialized. Conductivity = 45.000000, HeatCapacity = 460000000.000000, Density = 0.000000
[INFO] [MaterialManager] Successfully added material instance: Steel_NmmTonne
[INFO] Successfully registered material ID 1 (Steel_NmmTonne)
[INFO] Assigning material pointers to particles...
[INFO] Successfully assigned materials to 109287 particles.
[INFO] Entering Field Registration Phase...
[INFO] [ThermalFields] Core fields registered: Temperature, TempRate, HeatFlux.
[INFO] [InitFields] Auto-registered PhysicsFields module: Thermal
[INFO] [FieldManager] Resized all 8 fields for 109287 particles.
[INFO] [MeshData] Populated particle geometry fields into FieldManager for 109287 particles.
[INFO] [InitFields] All fields allocated for 109287 particles. Total fields: 8.
[INFO] Entering Conditions Initialization Phase...
[INFO] [ReaderRegistry] Creating reader for: .grpd (name: LoadReader)
[INFO] [GrpdMeshReader] Reading file: D:\Project_C++\GRPD\Examples\Sphere\Sphere.grpd
[INFO] [GrpdMeshReader] Entering *PARTICLE section (Line 1)
[INFO] [GrpdMeshReader] Entering *LOAD section (Line 109290)
[INFO] [GrpdMeshReader] ============================================
[INFO] [GrpdMeshReader]    File reading complete!
[INFO] [GrpdMeshReader]    Total particles: 109287
[INFO] [GrpdMeshReader]    Total load entries: 57411
[INFO] [GrpdMeshReader] ============================================
[INFO] [InitConditions] Load statistics:
[INFO]   - T : 57411
[INFO] [InitConditions] Boundary conditions initialization complete.
[INFO] [InitNeighbors] Entering Neighbor Search Phase...
[INFO] [InitNeighbors] Horizon radius: 3.015000
[INFO] [NeighborList] Starting full-flat CSR search for 109287 particles, horizon = 3.015000
[INFO] [NeighborList] Cell grid: 20 x 20 x 20 = 8000 cells
[INFO] [NeighborList] Flat cell list built in 1.999855 ms
[INFO] [NeighborList] Pass 1 (count) done in 22.000074 ms
[INFO] [NeighborList] Total bonds: 12544700, Memory: 143 MB
[INFO] [NeighborList] Pass 2 (fill) done in 62.000036 ms
[INFO] [NeighborList] Max neighbors: 122
[INFO] [NeighborList] Total time: 85.999966 ms
[INFO] [InitNeighbors] NeighborCount field populated for 109287 particles.
[INFO] [InitNeighbors] BondDamage field registered, 12544700 bonds initialized to 1.0
[INFO] [InitNeighbors] Neighbor search phase complete.
[INFO] [PDEngine] Creating solver components (L1 + L2)...
[INFO] [PDSolver] Algorithm: Explicit, PDType: NOSB, Physics: Thermal
[INFO] [NOSB_Base] Applied KernelWeightType: Linear
[INFO] [NOSB_Base] Applied ZeroEnergyG0: 0.100000
[INFO] [NOSB_Base] Applied ZeroEnergyMethod: Silling
[INFO] [PDEngine] L1: ExplicitEuler, L2: NOSB_Thermal - components ready.
[INFO] [PDEngine] PD simulation context initialized successfully.
[INFO] [EngineManager] All solvers initialized. Total: 1
[INFO] [EngineManager] Entering Main Solver Phase
[INFO] [EngineManager] Solving: PD
[INFO] [PDEngine] Starting PD Engine Solve Phase...
[INFO] [ExplicitEuler] Time loop: dt = 0.010000, totalSteps = 1000
[INFO] [NOSB_Base] Computing InfluenceWeight + Shape Tensor Inverse (K^-1)...
[INFO] [NOSB_Base] All NOSB base fields registered and Shape Tensor Inverse computed.
[INFO] --- Step 0 / 1000  |  Pure Compute: 0.000000s  |  Total: 0.000000s  |  Pure Speed: 0.000000 steps/s
[INFO] Starting data export process...
[INFO] Starting data export process step=0 t=0.000000
[INFO] Fetching model context for export: Sphere
[INFO] Exporting to VTK format: D:\Project_C++\GRPD\Examples\Sphere\Result_20260324_155416\Result_step00000_t0.0000.vtk
[INFO] Output format set to BINARY.
[INFO] Successfully exported data for model: Sphere
[INFO] --- Step 100 / 1000  |  Pure Compute: 2.476461s  |  Total: 2.484315s  |  Pure Speed: 40.380210 steps/s
[INFO] Starting data export process...
[INFO] Starting data export process step=100 t=1.000000
[INFO] Fetching model context for export: Sphere
[INFO] Exporting to VTK format: D:\Project_C++\GRPD\Examples\Sphere\Result_20260324_155416\Result_step00100_t1.0000.vtk
[INFO] Output format set to BINARY.
[INFO] Successfully exported data for model: Sphere
[INFO] --- Step 200 / 1000  |  Pure Compute: 5.720143s  |  Total: 5.735599s  |  Pure Speed: 34.964163 steps/s
[INFO] Starting data export process...
[INFO] Starting data export process step=200 t=2.000000
[INFO] Fetching model context for export: Sphere
[INFO] Exporting to VTK format: D:\Project_C++\GRPD\Examples\Sphere\Result_20260324_155416\Result_step00200_t2.0000.vtk
[INFO] Output format set to BINARY.
[INFO] Successfully exported data for model: Sphere
[INFO] --- Step 300 / 1000  |  Pure Compute: 9.486979s  |  Total: 9.514558s  |  Pure Speed: 31.622291 steps/s
[INFO] Starting data export process...
[INFO] Starting data export process step=300 t=3.000000
[INFO] Fetching model context for export: Sphere
[INFO] Exporting to VTK format: D:\Project_C++\GRPD\Examples\Sphere\Result_20260324_155416\Result_step00300_t3.0000.vtk
[INFO] Output format set to BINARY.
[INFO] Successfully exported data for model: Sphere
[INFO] --- Step 400 / 1000  |  Pure Compute: 13.202997s  |  Total: 13.249545s  |  Pure Speed: 30.296152 steps/s
[INFO] Starting data export process...
[INFO] Starting data export process step=400 t=4.000000
[INFO] Fetching model context for export: Sphere
[INFO] Exporting to VTK format: D:\Project_C++\GRPD\Examples\Sphere\Result_20260324_155416\Result_step00400_t4.0000.vtk
[INFO] Output format set to BINARY.
[INFO] Successfully exported data for model: Sphere
[INFO] --- Step 500 / 1000  |  Pure Compute: 17.262421s  |  Total: 17.331796s  |  Pure Speed: 28.964651 steps/s
[INFO] Starting data export process...
[INFO] Starting data export process step=500 t=5.000000
[INFO] Fetching model context for export: Sphere
[INFO] Exporting to VTK format: D:\Project_C++\GRPD\Examples\Sphere\Result_20260324_155416\Result_step00500_t5.0000.vtk
[INFO] Output format set to BINARY.
[INFO] Successfully exported data for model: Sphere
[INFO] --- Step 600 / 1000  |  Pure Compute: 21.797123s  |  Total: 21.887053s  |  Pure Speed: 27.526568 steps/s
[INFO] Starting data export process...
[INFO] Starting data export process step=600 t=6.000000
[INFO] Fetching model context for export: Sphere
[INFO] Exporting to VTK format: D:\Project_C++\GRPD\Examples\Sphere\Result_20260324_155416\Result_step00600_t6.0000.vtk
[INFO] Output format set to BINARY.
[INFO] Successfully exported data for model: Sphere
[INFO] --- Step 700 / 1000  |  Pure Compute: 26.392134s  |  Total: 26.495173s  |  Pure Speed: 26.523054 steps/s
[INFO] Starting data export process...
[INFO] Starting data export process step=700 t=7.000000
[INFO] Fetching model context for export: Sphere
[INFO] Exporting to VTK format: D:\Project_C++\GRPD\Examples\Sphere\Result_20260324_155416\Result_step00700_t7.0000.vtk
[INFO] Output format set to BINARY.
[INFO] Successfully exported data for model: Sphere
[INFO] --- Step 800 / 1000  |  Pure Compute: 30.915138s  |  Total: 31.041152s  |  Pure Speed: 25.877290 steps/s
[INFO] Starting data export process...
[INFO] Starting data export process step=800 t=8.000000
[INFO] Fetching model context for export: Sphere
[INFO] Exporting to VTK format: D:\Project_C++\GRPD\Examples\Sphere\Result_20260324_155416\Result_step00800_t8.0000.vtk
[INFO] Output format set to BINARY.
[INFO] Successfully exported data for model: Sphere
[INFO] --- Step 900 / 1000  |  Pure Compute: 34.629242s  |  Total: 34.779362s  |  Pure Speed: 25.989596 steps/s
[INFO] Starting data export process...
[INFO] Starting data export process step=900 t=9.000000
[INFO] Fetching model context for export: Sphere
[INFO] Exporting to VTK format: D:\Project_C++\GRPD\Examples\Sphere\Result_20260324_155416\Result_step00900_t9.0000.vtk
[INFO] Output format set to BINARY.
[INFO] Successfully exported data for model: Sphere
[INFO] --- Step 1000 / 1000  |  Pure Compute: 38.158049s  |  Total: 38.328840s  |  Pure Speed: 26.206791 steps/s
[INFO] Starting data export process...
[INFO] Starting data export process step=1000 t=10.000000
[INFO] Fetching model context for export: Sphere
[INFO] Exporting to VTK format: D:\Project_C++\GRPD\Examples\Sphere\Result_20260324_155416\Result_step01000_t10.0000.vtk
[INFO] Output format set to BINARY.
[INFO] Successfully exported data for model: Sphere
[INFO] [ExplicitEuler] Finished. Total: 38.339189s  |  Pure Compute avg: 0.038158 s/step
[INFO] [PDEngine] PD Engine Solve Phase Finished.
[INFO] [EngineManager] Main Solver Phase finished.
[INFO] [EngineManager] Entering Post-processing Phase
[INFO] [EngineManager] Outputting: PD
[INFO] Starting data export process step=-1 t=0.000000
[INFO] Fetching model context for export: Sphere
[INFO] Exporting to VTK format: D:\Project_C++\GRPD\Examples\Sphere\Result_20260324_155416\Result_output.vtk
[INFO] Output format set to BINARY.
[INFO] Successfully exported data for model: Sphere
[INFO] [EngineManager] Post-processing Phase finished.
[INFO] ==================================================
[INFO]    GRPD Solver Engine Initialized                 
[INFO] ==================================================
[INFO] ========== Registered Types Summary ===========
[INFO]   FieldRegistry     : IntField, ScalarField, SymTensorField, VectorField
[INFO]   PhysicsFields     : Mechanical, Thermal
[INFO]   BCRegistry        : CONV, FLUX, T
[INFO]   MaterialRegistry  : FourierThermalMat
[INFO]   KernelRegistry    : NOSB_Thermal
[INFO]   EngineRegistry    : PD
[INFO] ===============================================
[INFO] [EngineRegistry] Creating Engine instance: PD
[INFO] [PDEngine] PD Engine instance created.
[INFO] [EngineManager] Initializing solver: PD
[INFO] [PDEngine] Initializing PD simulation context...
[INFO] Model pre-processing...
[INFO] [InitModel] grpd path: D:\Project_C++\GRPD\Examples\Sphere\Sphere.grpd
[INFO] [InitModel] model name: Sphere
[INFO] Found existing .grpd mesh file at: D:\Project_C++\GRPD\Examples\Sphere\Sphere.grpd. Skipping generation.
[INFO] [Context Manager] Formalized model name to: Sphere
[INFO] [Context Manager] Model dimension set to: 3D
[INFO] [ReaderRegistry] Creating reader for: .grpd (name: Sphere)
[INFO] [InitModel] Reading mesh file: D:\Project_C++\GRPD\Examples\Sphere\Sphere.grpd (reader: .grpd)
[INFO] [GrpdMeshReader] Reading file: D:\Project_C++\GRPD\Examples\Sphere\Sphere.grpd
[INFO] [GrpdMeshReader] Entering *PARTICLE section (Line 1)
[INFO] [GrpdMeshReader] Entering *LOAD section (Line 109290)
[INFO] [GrpdMeshReader] ============================================
[INFO] [GrpdMeshReader]    File reading complete!
[INFO] [GrpdMeshReader]    Total particles: 109287
[INFO] [GrpdMeshReader]    Total load entries: 57411
[INFO] [GrpdMeshReader] ============================================
[INFO] [InitModel] Total particles loaded for model Sphere: 109287
[INFO]   Particle[0] Part=1 Pos=(-2.500000, -1.500000, -29.500000) Vol=1.000000
[INFO]   Particle[1] Part=1 Pos=(-2.500000, -0.500000, -29.500000) Vol=1.000000
[INFO]   Particle[2] Part=1 Pos=(-2.500000, 0.500000, -29.500000) Vol=1.000000
[INFO]   Particle[3] Part=1 Pos=(-2.500000, 1.500000, -29.500000) Vol=1.000000
[INFO]   Particle[4] Part=1 Pos=(-1.500000, -2.500000, -29.500000) Vol=1.000000
[INFO] Entering Material Initialization Phase...
[INFO] Instantiating material [1] of type: FourierThermalMat
[INFO] [MaterialRegistry] Using factory to create material: Steel_NmmTonne (type: FourierThermalMat)
[INFO] [FourierThermalMat] Material 'Steel_NmmTonne' is initialized. Conductivity = 45.000000, HeatCapacity = 460000000.000000, Density = 0.000000
[INFO] [MaterialManager] Successfully added material instance: Steel_NmmTonne
[INFO] Successfully registered material ID 1 (Steel_NmmTonne)
[INFO] Assigning material pointers to particles...
[INFO] Successfully assigned materials to 109287 particles.
[INFO] Entering Field Registration Phase...
[INFO] [ThermalFields] Core fields registered: Temperature, TempRate, HeatFlux.
[INFO] [InitFields] Auto-registered PhysicsFields module: Thermal
[INFO] [FieldManager] Resized all 8 fields for 109287 particles.
[INFO] [MeshData] Populated particle geometry fields into FieldManager for 109287 particles.
[INFO] [InitFields] All fields allocated for 109287 particles. Total fields: 8.
[INFO] Entering Conditions Initialization Phase...
[INFO] [ReaderRegistry] Creating reader for: .grpd (name: LoadReader)
[INFO] [GrpdMeshReader] Reading file: D:\Project_C++\GRPD\Examples\Sphere\Sphere.grpd
[INFO] [GrpdMeshReader] Entering *PARTICLE section (Line 1)
[INFO] [GrpdMeshReader] Entering *LOAD section (Line 109290)
[INFO] [GrpdMeshReader] ============================================
[INFO] [GrpdMeshReader]    File reading complete!
[INFO] [GrpdMeshReader]    Total particles: 109287
[INFO] [GrpdMeshReader]    Total load entries: 57411
[INFO] [GrpdMeshReader] ============================================
[INFO] [InitConditions] Load statistics:
[INFO]   - T : 57411
[INFO] [InitConditions] Boundary conditions initialization complete.
[INFO] [InitNeighbors] Entering Neighbor Search Phase...
[INFO] [InitNeighbors] Horizon radius: 3.015000
[INFO] [NeighborList] Starting full-flat CSR search for 109287 particles, horizon = 3.015000
[INFO] [NeighborList] Cell grid: 20 x 20 x 20 = 8000 cells
[INFO] [NeighborList] Flat cell list built in 3.000021 ms
[INFO] [NeighborList] Pass 1 (count) done in 23.000002 ms
[INFO] [NeighborList] Total bonds: 12544700, Memory: 143 MB
[INFO] [NeighborList] Pass 2 (fill) done in 62.999964 ms
[INFO] [NeighborList] Max neighbors: 122
[INFO] [NeighborList] Total time: 88.999987 ms
[INFO] [InitNeighbors] NeighborCount field populated for 109287 particles.
[INFO] [InitNeighbors] BondDamage field registered, 12544700 bonds initialized to 1.0
[INFO] [InitNeighbors] Neighbor search phase complete.
[INFO] [PDEngine] Creating solver components (L1 + L2)...
[INFO] [PDSolver] Algorithm: Explicit, PDType: NOSB, Physics: Thermal
[INFO] [NOSB_Base] Applied KernelWeightType: Linear
[INFO] [NOSB_Base] Applied ZeroEnergyG0: 1.000000
[INFO] [NOSB_Base] Applied ZeroEnergyMethod: Zhang
[INFO] [PDEngine] L1: ExplicitEuler, L2: NOSB_Thermal - components ready.
[INFO] [PDEngine] PD simulation context initialized successfully.
[INFO] [EngineManager] All solvers initialized. Total: 1
[INFO] [EngineManager] Entering Main Solver Phase
[INFO] [EngineManager] Solving: PD
[INFO] [PDEngine] Starting PD Engine Solve Phase...
[INFO] [ExplicitEuler] Time loop: dt = 0.010000, totalSteps = 1000
[INFO] [NOSB_Base] Computing InfluenceWeight + Shape Tensor Inverse (K^-1)...
[INFO] [NOSB_Base] All NOSB base fields registered and Shape Tensor Inverse computed.
[INFO] [NOSB_T] Precomputed KT_Tensor (Zhang penalty stiffness) globally in Phase 0.
[INFO] --- Step 0 / 1000  |  Pure Compute: 0.000000s  |  Total: 0.000000s  |  Pure Speed: 0.000000 steps/s
[INFO] Starting data export process...
[INFO] Starting data export process step=0 t=0.000000
[INFO] Fetching model context for export: Sphere
[INFO] Exporting to VTK format: D:\Project_C++\GRPD\Examples\Sphere\Result_20260324_155530\Result_step00000_t0.0000.vtk
[INFO] Output format set to BINARY.
[INFO] Successfully exported data for model: Sphere
[INFO] --- Step 100 / 1000  |  Pure Compute: 3.476495s  |  Total: 3.495773s  |  Pure Speed: 28.764607 steps/s
[INFO] Starting data export process...
[INFO] Starting data export process step=100 t=1.000000
[INFO] Fetching model context for export: Sphere
[INFO] Exporting to VTK format: D:\Project_C++\GRPD\Examples\Sphere\Result_20260324_155530\Result_step00100_t1.0000.vtk
[INFO] Output format set to BINARY.
[INFO] Successfully exported data for model: Sphere
[INFO] --- Step 200 / 1000  |  Pure Compute: 8.405401s  |  Total: 8.447683s  |  Pure Speed: 23.794224 steps/s
[INFO] Starting data export process...
[INFO] Starting data export process step=200 t=2.000000
[INFO] Fetching model context for export: Sphere
[INFO] Exporting to VTK format: D:\Project_C++\GRPD\Examples\Sphere\Result_20260324_155530\Result_step00200_t2.0000.vtk
[INFO] Output format set to BINARY.
[INFO] Successfully exported data for model: Sphere
[INFO] --- Step 300 / 1000  |  Pure Compute: 13.297928s  |  Total: 13.363580s  |  Pure Speed: 22.559905 steps/s
[INFO] Starting data export process...
[INFO] Starting data export process step=300 t=3.000000
[INFO] Fetching model context for export: Sphere
[INFO] Exporting to VTK format: D:\Project_C++\GRPD\Examples\Sphere\Result_20260324_155530\Result_step00300_t3.0000.vtk
[INFO] Output format set to BINARY.
[INFO] Successfully exported data for model: Sphere
[INFO] --- Step 400 / 1000  |  Pure Compute: 19.243022s  |  Total: 19.335882s  |  Pure Speed: 20.786756 steps/s
[INFO] Starting data export process...
[INFO] Starting data export process step=400 t=4.000000
[INFO] Fetching model context for export: Sphere
[INFO] Exporting to VTK format: D:\Project_C++\GRPD\Examples\Sphere\Result_20260324_155530\Result_step00400_t4.0000.vtk
[INFO] Output format set to BINARY.
[INFO] Successfully exported data for model: Sphere
[INFO] --- Step 500 / 1000  |  Pure Compute: 25.793959s  |  Total: 25.920374s  |  Pure Speed: 19.384384 steps/s
[INFO] Starting data export process...
[INFO] Starting data export process step=500 t=5.000000
[INFO] Fetching model context for export: Sphere
[INFO] Exporting to VTK format: D:\Project_C++\GRPD\Examples\Sphere\Result_20260324_155530\Result_step00500_t5.0000.vtk
[INFO] Output format set to BINARY.
[INFO] Successfully exported data for model: Sphere
[INFO] --- Step 600 / 1000  |  Pure Compute: 32.147579s  |  Total: 32.297899s  |  Pure Speed: 18.663925 steps/s
[INFO] Starting data export process...
[INFO] Starting data export process step=600 t=6.000000
[INFO] Fetching model context for export: Sphere
[INFO] Exporting to VTK format: D:\Project_C++\GRPD\Examples\Sphere\Result_20260324_155530\Result_step00600_t6.0000.vtk
[INFO] Output format set to BINARY.
[INFO] Successfully exported data for model: Sphere
[INFO] --- Step 700 / 1000  |  Pure Compute: 37.920796s  |  Total: 38.090507s  |  Pure Speed: 18.459528 steps/s
[INFO] Starting data export process...
[INFO] Starting data export process step=700 t=7.000000
[INFO] Fetching model context for export: Sphere
[INFO] Exporting to VTK format: D:\Project_C++\GRPD\Examples\Sphere\Result_20260324_155530\Result_step00700_t7.0000.vtk
[INFO] Output format set to BINARY.
[INFO] Successfully exported data for model: Sphere
[INFO] --- Step 800 / 1000  |  Pure Compute: 43.471564s  |  Total: 43.665616s  |  Pure Speed: 18.402835 steps/s
[INFO] Starting data export process...
[INFO] Starting data export process step=800 t=8.000000
[INFO] Fetching model context for export: Sphere
[INFO] Exporting to VTK format: D:\Project_C++\GRPD\Examples\Sphere\Result_20260324_155530\Result_step00800_t8.0000.vtk
[INFO] Output format set to BINARY.
[INFO] Successfully exported data for model: Sphere
[INFO] --- Step 900 / 1000  |  Pure Compute: 47.576575s  |  Total: 47.783685s  |  Pure Speed: 18.916872 steps/s
[INFO] Starting data export process...
[INFO] Starting data export process step=900 t=9.000000
[INFO] Fetching model context for export: Sphere
[INFO] Exporting to VTK format: D:\Project_C++\GRPD\Examples\Sphere\Result_20260324_155530\Result_step00900_t9.0000.vtk
[INFO] Output format set to BINARY.
[INFO] Successfully exported data for model: Sphere
[INFO] --- Step 1000 / 1000  |  Pure Compute: 51.990785s  |  Total: 52.209783s  |  Pure Speed: 19.234178 steps/s
[INFO] Starting data export process...
[INFO] Starting data export process step=1000 t=10.000000
[INFO] Fetching model context for export: Sphere
[INFO] Exporting to VTK format: D:\Project_C++\GRPD\Examples\Sphere\Result_20260324_155530\Result_step01000_t10.0000.vtk
[INFO] Output format set to BINARY.
[INFO] Successfully exported data for model: Sphere
[INFO] [ExplicitEuler] Finished. Total: 52.231837s  |  Pure Compute avg: 0.051991 s/step
[INFO] [PDEngine] PD Engine Solve Phase Finished.
[INFO] [EngineManager] Main Solver Phase finished.
[INFO] [EngineManager] Entering Post-processing Phase
[INFO] [EngineManager] Outputting: PD
[INFO] Starting data export process step=-1 t=0.000000
[INFO] Fetching model context for export: Sphere
[INFO] Exporting to VTK format: D:\Project_C++\GRPD\Examples\Sphere\Result_20260324_155530\Result_output.vtk
[INFO] Output format set to BINARY.
[INFO] Successfully exported data for model: Sphere
[INFO] [EngineManager] Post-processing Phase finished.
[INFO] ==================================================
[INFO]    GRPD Solver Engine Initialized                 
[INFO] ==================================================
[INFO] ========== Registered Types Summary ===========
[INFO]   FieldRegistry     : IntField, ScalarField, SymTensorField, VectorField
[INFO]   PhysicsFields     : Mechanical, Thermal
[INFO]   BCRegistry        : CONV, FLUX, T
[INFO]   MaterialRegistry  : FourierThermalMat
[INFO]   KernelRegistry    : NOSB_Thermal
[INFO]   EngineRegistry    : PD
[INFO] ===============================================
[INFO] [EngineRegistry] Creating Engine instance: PD
[INFO] [PDEngine] PD Engine instance created.
[INFO] [EngineManager] Initializing solver: PD
[INFO] [PDEngine] Initializing PD simulation context...
[INFO] Model pre-processing...
[INFO] [InitModel] grpd path: D:\Project_C++\GRPD\Examples\Sphere\Sphere.grpd
[INFO] [InitModel] model name: Sphere
[INFO] Found existing .grpd mesh file at: D:\Project_C++\GRPD\Examples\Sphere\Sphere.grpd. Skipping generation.
[INFO] [Context Manager] Formalized model name to: Sphere
[INFO] [Context Manager] Model dimension set to: 3D
[INFO] [ReaderRegistry] Creating reader for: .grpd (name: Sphere)
[INFO] [InitModel] Reading mesh file: D:\Project_C++\GRPD\Examples\Sphere\Sphere.grpd (reader: .grpd)
[INFO] [GrpdMeshReader] Reading file: D:\Project_C++\GRPD\Examples\Sphere\Sphere.grpd
[INFO] [GrpdMeshReader] Entering *PARTICLE section (Line 1)
[INFO] [GrpdMeshReader] Entering *LOAD section (Line 109290)
[INFO] [GrpdMeshReader] ============================================
[INFO] [GrpdMeshReader]    File reading complete!
[INFO] [GrpdMeshReader]    Total particles: 109287
[INFO] [GrpdMeshReader]    Total load entries: 57411
[INFO] [GrpdMeshReader] ============================================
[INFO] [InitModel] Total particles loaded for model Sphere: 109287
[INFO]   Particle[0] Part=1 Pos=(-2.500000, -1.500000, -29.500000) Vol=1.000000
[INFO]   Particle[1] Part=1 Pos=(-2.500000, -0.500000, -29.500000) Vol=1.000000
[INFO]   Particle[2] Part=1 Pos=(-2.500000, 0.500000, -29.500000) Vol=1.000000
[INFO]   Particle[3] Part=1 Pos=(-2.500000, 1.500000, -29.500000) Vol=1.000000
[INFO]   Particle[4] Part=1 Pos=(-1.500000, -2.500000, -29.500000) Vol=1.000000
[INFO] Entering Material Initialization Phase...
[INFO] Instantiating material [1] of type: FourierThermalMat
[INFO] [MaterialRegistry] Using factory to create material: Steel_NmmTonne (type: FourierThermalMat)
[INFO] [FourierThermalMat] Material 'Steel_NmmTonne' is initialized. Conductivity = 45.000000, HeatCapacity = 460000000.000000, Density = 0.000000
[INFO] [MaterialManager] Successfully added material instance: Steel_NmmTonne
[INFO] Successfully registered material ID 1 (Steel_NmmTonne)
[INFO] Assigning material pointers to particles...
[INFO] Successfully assigned materials to 109287 particles.
[INFO] Entering Field Registration Phase...
[INFO] [ThermalFields] Core fields registered: Temperature, TempRate, HeatFlux.
[INFO] [InitFields] Auto-registered PhysicsFields module: Thermal
[INFO] [FieldManager] Resized all 8 fields for 109287 particles.
[INFO] [MeshData] Populated particle geometry fields into FieldManager for 109287 particles.
[INFO] [InitFields] All fields allocated for 109287 particles. Total fields: 8.
[INFO] Entering Conditions Initialization Phase...
[INFO] [ReaderRegistry] Creating reader for: .grpd (name: LoadReader)
[INFO] [GrpdMeshReader] Reading file: D:\Project_C++\GRPD\Examples\Sphere\Sphere.grpd
[INFO] [GrpdMeshReader] Entering *PARTICLE section (Line 1)
[INFO] [GrpdMeshReader] Entering *LOAD section (Line 109290)
[INFO] [GrpdMeshReader] ============================================
[INFO] [GrpdMeshReader]    File reading complete!
[INFO] [GrpdMeshReader]    Total particles: 109287
[INFO] [GrpdMeshReader]    Total load entries: 57411
[INFO] [GrpdMeshReader] ============================================
[INFO] [InitConditions] Load statistics:
[INFO]   - T : 57411
[INFO] [InitConditions] Boundary conditions initialization complete.
[INFO] [InitNeighbors] Entering Neighbor Search Phase...
[INFO] [InitNeighbors] Horizon radius: 3.015000
[INFO] [NeighborList] Starting full-flat CSR search for 109287 particles, horizon = 3.015000
[INFO] [NeighborList] Cell grid: 20 x 20 x 20 = 8000 cells
[INFO] [NeighborList] Flat cell list built in 3.999949 ms
[INFO] [NeighborList] Pass 1 (count) done in 26.999950 ms
[INFO] [NeighborList] Total bonds: 12544700, Memory: 143 MB
[INFO] [NeighborList] Pass 2 (fill) done in 59.999943 ms
[INFO] [NeighborList] Max neighbors: 122
[INFO] [NeighborList] Total time: 90.999842 ms
[INFO] [InitNeighbors] NeighborCount field populated for 109287 particles.
[INFO] [InitNeighbors] BondDamage field registered, 12544700 bonds initialized to 1.0
[INFO] [InitNeighbors] Neighbor search phase complete.
[INFO] [PDEngine] Creating solver components (L1 + L2)...
[INFO] [PDSolver] Algorithm: Explicit, PDType: NOSB, Physics: Thermal
[INFO] [NOSB_Base] Applied KernelWeightType: Linear
[INFO] [NOSB_Base] Applied ZeroEnergyG0: 1.000000
[INFO] [NOSB_Base] Applied ZeroEnergyMethod string: Zhang
[INFO] [PDEngine] L1: ExplicitEuler, L2: NOSB_Thermal - components ready.
[INFO] [PDEngine] PD simulation context initialized successfully.
[INFO] [EngineManager] All solvers initialized. Total: 1
[INFO] [EngineManager] Entering Main Solver Phase
[INFO] [EngineManager] Solving: PD
[INFO] [PDEngine] Starting PD Engine Solve Phase...
[INFO] [ExplicitEuler] Time loop: dt = 0.010000, totalSteps = 1000
[INFO] [NOSB_Base] Computing InfluenceWeight + Shape Tensor Inverse (K^-1)...
[INFO] [NOSB_Base] All NOSB base fields registered and Shape Tensor Inverse computed.
[INFO] [ZhangStabilizer] Precomputed KT_Tensor globally.
[INFO] [NOSB_T] Instantiated ThermalStabilizer globally in Phase 0 using strategy: Zhang
[INFO] --- Step 0 / 1000  |  Pure Compute: 0.000000s  |  Total: 0.000000s  |  Pure Speed: 0.000000 steps/s
[INFO] Starting data export process...
[INFO] Starting data export process step=0 t=0.000000
[INFO] Fetching model context for export: Sphere
[INFO] Exporting to VTK format: D:\Project_C++\GRPD\Examples\Sphere\Result_20260324_165547\Result_step00000_t0.0000.vtk
[INFO] Output format set to BINARY.
[INFO] Successfully exported data for model: Sphere
[INFO] --- Step 100 / 1000  |  Pure Compute: 3.397910s  |  Total: 3.406617s  |  Pure Speed: 29.429854 steps/s
[INFO] Starting data export process...
[INFO] Starting data export process step=100 t=1.000000
[INFO] Fetching model context for export: Sphere
[INFO] Exporting to VTK format: D:\Project_C++\GRPD\Examples\Sphere\Result_20260324_165547\Result_step00100_t1.0000.vtk
[INFO] Output format set to BINARY.
[INFO] Successfully exported data for model: Sphere
[INFO] --- Step 200 / 1000  |  Pure Compute: 8.511956s  |  Total: 8.534325s  |  Pure Speed: 23.496363 steps/s
[INFO] Starting data export process...
[INFO] Starting data export process step=200 t=2.000000
[INFO] Fetching model context for export: Sphere
[INFO] Exporting to VTK format: D:\Project_C++\GRPD\Examples\Sphere\Result_20260324_165547\Result_step00200_t2.0000.vtk
[INFO] Output format set to BINARY.
[INFO] Successfully exported data for model: Sphere
[INFO] --- Step 300 / 1000  |  Pure Compute: 13.020620s  |  Total: 13.060999s  |  Pure Speed: 23.040378 steps/s
[INFO] Starting data export process...
[INFO] Starting data export process step=300 t=3.000000
[INFO] Fetching model context for export: Sphere
[INFO] Exporting to VTK format: D:\Project_C++\GRPD\Examples\Sphere\Result_20260324_165547\Result_step00300_t3.0000.vtk
[INFO] Output format set to BINARY.
[INFO] Successfully exported data for model: Sphere
[INFO] --- Step 400 / 1000  |  Pure Compute: 17.867925s  |  Total: 17.928105s  |  Pure Speed: 22.386483 steps/s
[INFO] Starting data export process...
[INFO] Starting data export process step=400 t=4.000000
[INFO] Fetching model context for export: Sphere
[INFO] Exporting to VTK format: D:\Project_C++\GRPD\Examples\Sphere\Result_20260324_165547\Result_step00400_t4.0000.vtk
[INFO] Output format set to BINARY.
[INFO] Successfully exported data for model: Sphere
[INFO] --- Step 500 / 1000  |  Pure Compute: 23.323284s  |  Total: 23.397364s  |  Pure Speed: 21.437804 steps/s
[INFO] Starting data export process...
[INFO] Starting data export process step=500 t=5.000000
[INFO] Fetching model context for export: Sphere
[INFO] Exporting to VTK format: D:\Project_C++\GRPD\Examples\Sphere\Result_20260324_165547\Result_step00500_t5.0000.vtk
[INFO] Output format set to BINARY.
[INFO] Successfully exported data for model: Sphere
[INFO] --- Step 600 / 1000  |  Pure Compute: 29.165807s  |  Total: 29.254447s  |  Pure Speed: 20.572035 steps/s
[INFO] Starting data export process...
[INFO] Starting data export process step=600 t=6.000000
[INFO] Fetching model context for export: Sphere
[INFO] Exporting to VTK format: D:\Project_C++\GRPD\Examples\Sphere\Result_20260324_165547\Result_step00600_t6.0000.vtk
[INFO] Output format set to BINARY.
[INFO] Successfully exported data for model: Sphere
[INFO] --- Step 700 / 1000  |  Pure Compute: 34.265174s  |  Total: 34.374820s  |  Pure Speed: 20.428905 steps/s
[INFO] Starting data export process...
[INFO] Starting data export process step=700 t=7.000000
[INFO] Fetching model context for export: Sphere
[INFO] Exporting to VTK format: D:\Project_C++\GRPD\Examples\Sphere\Result_20260324_165547\Result_step00700_t7.0000.vtk
[INFO] Output format set to BINARY.
[INFO] Successfully exported data for model: Sphere
[INFO] --- Step 800 / 1000  |  Pure Compute: 38.893861s  |  Total: 39.019469s  |  Pure Speed: 20.568798 steps/s
[INFO] Starting data export process...
[INFO] Starting data export process step=800 t=8.000000
[INFO] Fetching model context for export: Sphere
[INFO] Exporting to VTK format: D:\Project_C++\GRPD\Examples\Sphere\Result_20260324_165547\Result_step00800_t8.0000.vtk
[INFO] Output format set to BINARY.
[INFO] Successfully exported data for model: Sphere
[INFO] --- Step 900 / 1000  |  Pure Compute: 43.336486s  |  Total: 43.481649s  |  Pure Speed: 20.767720 steps/s
[INFO] Starting data export process...
[INFO] Starting data export process step=900 t=9.000000
[INFO] Fetching model context for export: Sphere
[INFO] Exporting to VTK format: D:\Project_C++\GRPD\Examples\Sphere\Result_20260324_165547\Result_step00900_t9.0000.vtk
[INFO] Output format set to BINARY.
[INFO] Successfully exported data for model: Sphere
[INFO] --- Step 1000 / 1000  |  Pure Compute: 47.814138s  |  Total: 47.979953s  |  Pure Speed: 20.914316 steps/s
[INFO] Starting data export process...
[INFO] Starting data export process step=1000 t=10.000000
[INFO] Fetching model context for export: Sphere
[INFO] Exporting to VTK format: D:\Project_C++\GRPD\Examples\Sphere\Result_20260324_165547\Result_step01000_t10.0000.vtk
[INFO] Output format set to BINARY.
[INFO] Successfully exported data for model: Sphere
[INFO] [ExplicitEuler] Finished. Total: 47.993055s  |  Pure Compute avg: 0.047814 s/step
[INFO] [PDEngine] PD Engine Solve Phase Finished.
[INFO] [EngineManager] Main Solver Phase finished.
[INFO] [EngineManager] Entering Post-processing Phase
[INFO] [EngineManager] Outputting: PD
[INFO] Starting data export process step=-1 t=0.000000
[INFO] Fetching model context for export: Sphere
[INFO] Exporting to VTK format: D:\Project_C++\GRPD\Examples\Sphere\Result_20260324_165547\Result_output.vtk
[INFO] Output format set to BINARY.
[INFO] Successfully exported data for model: Sphere
[INFO] [EngineManager] Post-processing Phase finished.
[INFO] ==================================================
[INFO]    GRPD Solver Engine Initialized                 
[INFO] ==================================================
[INFO] [EngineRegistry] Creating Engine instance: PD
[INFO] [PDEngine] PD Engine instance created.
[INFO] ========== Registered Types Summary ===========
[INFO]   TimeIntegrator    : Explicit
[INFO]   FieldRegistry     : DoubleField, IntField
[INFO]   PhysicsFields     : Mechanical, Thermal
[INFO]   BCRegistry        : CONV, FLUX, T
[INFO]   MaterialRegistry  : FourierThermalMat
[INFO]   KernelRegistry    : NOSB_Thermal
[INFO]   EngineRegistry    : PD
[INFO] ===============================================
[INFO] [EngineManager] Initializing solver: PD
[INFO] [PDEngine] Initializing PD simulation context...
[INFO] Model pre-processing...
[INFO] [InitModel] grpd path: D:\Project_C++\GRPD\Examples\Sphere\Sphere.grpd
[INFO] [InitModel] model name: Sphere
[INFO] Found existing .grpd mesh file at: D:\Project_C++\GRPD\Examples\Sphere\Sphere.grpd. Skipping generation.
[INFO] [Context Manager] Formalized model name to: Sphere
[INFO] [Context Manager] Model dimension set to: 3D
[INFO] [ReaderRegistry] Creating reader for: .grpd (name: Sphere)
[INFO] [InitModel] Reading mesh file: D:\Project_C++\GRPD\Examples\Sphere\Sphere.grpd (reader: .grpd)
[INFO] [GrpdMeshReader] Reading file: D:\Project_C++\GRPD\Examples\Sphere\Sphere.grpd
[INFO] [GrpdMeshReader] Entering *PARTICLE section (Line 1)
[INFO] [GrpdMeshReader] Entering *LOAD section (Line 109290)
[INFO] [GrpdMeshReader] ============================================
[INFO] [GrpdMeshReader]    File reading complete!
[INFO] [GrpdMeshReader]    Total particles: 109287
[INFO] [GrpdMeshReader]    Total load entries: 57411
[INFO] [GrpdMeshReader] ============================================
[INFO] [InitModel] Total particles loaded for model Sphere: 109287
[INFO]   Particle[0] Part=1 Pos=(-2.500000, -1.500000, -29.500000) Vol=1.000000
[INFO]   Particle[1] Part=1 Pos=(-2.500000, -0.500000, -29.500000) Vol=1.000000
[INFO]   Particle[2] Part=1 Pos=(-2.500000, 0.500000, -29.500000) Vol=1.000000
[INFO]   Particle[3] Part=1 Pos=(-2.500000, 1.500000, -29.500000) Vol=1.000000
[INFO]   Particle[4] Part=1 Pos=(-1.500000, -2.500000, -29.500000) Vol=1.000000
[INFO] Entering Material Initialization Phase...
[INFO] Instantiating material [1] of type: FourierThermalMat
[INFO] [MaterialRegistry] Using factory to create material: Steel_NmmTonne (type: FourierThermalMat)
[INFO] [FourierThermalMat] Material 'Steel_NmmTonne' is initialized. Conductivity = 45.000000, HeatCapacity = 460000000.000000, Density = 0.000000
[INFO] [MaterialManager] Successfully added material instance: Steel_NmmTonne
[INFO] Successfully registered material ID 1 (Steel_NmmTonne)
[INFO] Assigning material pointers to particles...
[INFO] Successfully assigned materials to 109287 particles.
[INFO] Entering Field Registration Phase...
[INFO] [FieldManager] Added field 'Temperature'.
[INFO] [FieldManager] Added field 'TempRate'.
[INFO] [FieldManager] Added field 'HeatFlux'.
[INFO] [ThermalFields] Core fields registered: Temperature, TempRate, HeatFlux.
[INFO] [InitFields] Auto-registered PhysicsFields module: Thermal
[INFO] [FieldManager] Added field 'ID'.
[INFO] [FieldManager] Added field 'PartID'.
[INFO] [FieldManager] Added field 'MatID'.
[INFO] [FieldManager] Added field 'Coords'.
[INFO] [FieldManager] Added field 'Volume'.
[INFO] [FieldManager] Resized all 8 fields for 109287 particles.
[INFO] [MeshData] Populated particle geometry fields into FieldManager for 109287 particles.
[INFO] [InitFields] All fields allocated for 109287 particles. Total fields: 8.
[INFO] Entering Conditions Initialization Phase...
[INFO] [ReaderRegistry] Creating reader for: .grpd (name: LoadReader)
[INFO] [GrpdMeshReader] Reading file: D:\Project_C++\GRPD\Examples\Sphere\Sphere.grpd
[INFO] [GrpdMeshReader] Entering *PARTICLE section (Line 1)
[INFO] [GrpdMeshReader] Entering *LOAD section (Line 109290)
[INFO] [GrpdMeshReader] ============================================
[INFO] [GrpdMeshReader]    File reading complete!
[INFO] [GrpdMeshReader]    Total particles: 109287
[INFO] [GrpdMeshReader]    Total load entries: 57411
[INFO] [GrpdMeshReader] ============================================
[INFO] [InitConditions] Load statistics:
[INFO]   - T : 57411
[INFO] [InitConditions] Boundary conditions initialization complete.
[INFO] [InitNeighbors] Entering Neighbor Search Phase...
[INFO] [InitNeighbors] Horizon radius: 3.015000
[INFO] [NeighborList] Starting full-flat CSR search for 109287 particles, horizon = 3.015000
[INFO] [NeighborList] Cell grid: 20 x 20 x 20 = 8000 cells
[INFO] [NeighborList] Flat cell list built in 3.999949 ms
[INFO] [NeighborList] Pass 1 (count) done in 32.000065 ms
[INFO] [NeighborList] Total bonds: 12544700, Memory: 143 MB
[INFO] [NeighborList] Pass 2 (fill) done in 82.999945 ms
[INFO] [NeighborList] Max neighbors: 122
[INFO] [NeighborList] Total time: 118.999958 ms
[INFO] [FieldManager] Added field 'NeighborCount'.
[INFO] [InitNeighbors] NeighborCount field populated for 109287 particles.
[INFO] [InitNeighbors] BondDamage field registered, 12544700 bonds initialized to 1.0
[INFO] [InitNeighbors] Neighbor search phase complete.
[INFO] [PDEngine] Creating solver components (L1 + L2)...
[INFO] [PDSolver] Algorithm: Explicit, PDType: NOSB, Physics: Thermal
[INFO] [NOSB_Base] Applied KernelWeightType: Linear
[INFO] [NOSB_Base] Applied ZeroEnergyG0: 0.100000
[INFO] [NOSB_Base] Applied ZeroEnergyMethod string: Zhang
[INFO] [PDEngine] L1: ExplicitEuler, L2: NOSB_Thermal - components ready.
[INFO] [PDEngine] PD simulation context initialized successfully.
[INFO] [EngineManager] All solvers initialized. Total: 1
[INFO] [EngineManager] Entering Main Solver Phase
[INFO] [EngineManager] Solving: PD
[INFO] [PDEngine] Starting PD Engine Solve Phase...
[INFO] [ExplicitEuler] Time loop: dt = 0.010000, totalSteps = 1000
[INFO] [FieldManager] Added field 'ShapeTensorInv'.
[INFO] [FieldManager] Added field 'VHorizon'.
[INFO] [NOSB_Base] Computing InfluenceWeight + Shape Tensor Inverse (K^-1)...
[INFO] [NOSB_Base] All NOSB base fields registered and Shape Tensor Inverse computed.
[INFO] [FieldManager] Added field 'TempGradient'.
[INFO] [FieldManager] Added field 'HeatFluxVec'.
[INFO] [FieldManager] Added field 'KT_Tensor'.
[INFO] [ZhangStabilizer] Precomputed KT_Tensor globally.
[INFO] [NOSB_T] Instantiated ThermalStabilizer globally in Phase 0 using strategy: Zhang
[INFO] --- Step 0 / 1000  |  Pure Compute: 0.000000s  |  Total: 0.000000s  |  Pure Speed: 0.000000 steps/s
[INFO] Starting data export process...
[INFO] Starting data export process step=0 t=0.000000
[INFO] Fetching model context for export: Sphere
[INFO] Exporting to VTK format: D:\Project_C++\GRPD\Examples\Sphere\Result_20260325_154838\Result_step00000_t0.0000.vtk
[INFO] Output format set to BINARY.
[INFO] Successfully exported data for model: Sphere
[INFO] --- Step 100 / 1000  |  Pure Compute: 5.647432s  |  Total: 5.664606s  |  Pure Speed: 17.707164 steps/s
[INFO] Starting data export process...
[INFO] Starting data export process step=100 t=1.000000
[INFO] Fetching model context for export: Sphere
[INFO] Exporting to VTK format: D:\Project_C++\GRPD\Examples\Sphere\Result_20260325_154838\Result_step00100_t1.0000.vtk
[INFO] Output format set to BINARY.
[INFO] Successfully exported data for model: Sphere
[INFO] --- Step 200 / 1000  |  Pure Compute: 10.450238s  |  Total: 10.491678s  |  Pure Speed: 19.138321 steps/s
[INFO] Starting data export process...
[INFO] Starting data export process step=200 t=2.000000
[INFO] Fetching model context for export: Sphere
[INFO] Exporting to VTK format: D:\Project_C++\GRPD\Examples\Sphere\Result_20260325_154838\Result_step00200_t2.0000.vtk
[INFO] Output format set to BINARY.
[INFO] Successfully exported data for model: Sphere
[INFO] --- Step 300 / 1000  |  Pure Compute: 15.020121s  |  Total: 15.073178s  |  Pure Speed: 19.973208 steps/s
[INFO] Starting data export process...
[INFO] Starting data export process step=300 t=3.000000
[INFO] Fetching model context for export: Sphere
[INFO] Exporting to VTK format: D:\Project_C++\GRPD\Examples\Sphere\Result_20260325_154838\Result_step00300_t3.0000.vtk
[INFO] Output format set to BINARY.
[INFO] Successfully exported data for model: Sphere
[INFO] --- Step 400 / 1000  |  Pure Compute: 19.403459s  |  Total: 19.475200s  |  Pure Speed: 20.614881 steps/s
[INFO] Starting data export process...
[INFO] Starting data export process step=400 t=4.000000
[INFO] Fetching model context for export: Sphere
[INFO] Exporting to VTK format: D:\Project_C++\GRPD\Examples\Sphere\Result_20260325_154838\Result_step00400_t4.0000.vtk
[INFO] Output format set to BINARY.
[INFO] Successfully exported data for model: Sphere
[INFO] --- Step 500 / 1000  |  Pure Compute: 23.977069s  |  Total: 24.067483s  |  Pure Speed: 20.853258 steps/s
[INFO] Starting data export process...
[INFO] Starting data export process step=500 t=5.000000
[INFO] Fetching model context for export: Sphere
[INFO] Exporting to VTK format: D:\Project_C++\GRPD\Examples\Sphere\Result_20260325_154838\Result_step00500_t5.0000.vtk
[INFO] Output format set to BINARY.
[INFO] Successfully exported data for model: Sphere
[INFO] --- Step 600 / 1000  |  Pure Compute: 29.128072s  |  Total: 29.231963s  |  Pure Speed: 20.598686 steps/s
[INFO] Starting data export process...
[INFO] Starting data export process step=600 t=6.000000
[INFO] Fetching model context for export: Sphere
[INFO] Exporting to VTK format: D:\Project_C++\GRPD\Examples\Sphere\Result_20260325_154838\Result_step00600_t6.0000.vtk
[INFO] Output format set to BINARY.
[INFO] Successfully exported data for model: Sphere
[INFO] --- Step 700 / 1000  |  Pure Compute: 34.609350s  |  Total: 34.737704s  |  Pure Speed: 20.225748 steps/s
[INFO] Starting data export process...
[INFO] Starting data export process step=700 t=7.000000
[INFO] Fetching model context for export: Sphere
[INFO] Exporting to VTK format: D:\Project_C++\GRPD\Examples\Sphere\Result_20260325_154838\Result_step00700_t7.0000.vtk
[INFO] Output format set to BINARY.
[INFO] Successfully exported data for model: Sphere
[INFO] ==================================================
[INFO]    GRPD Solver Engine Initialized                 
[INFO] ==================================================
[INFO] [EngineRegistry] Creating Engine instance: PD
[INFO] [PDEngine] PD Engine instance created.
[INFO] ========== Registered Types Summary ===========
[INFO]   TimeIntegrator    : Explicit
[INFO]   FieldRegistry     : DoubleField, IntField
[INFO]   PhysicsFields     : Mechanical, Thermal
[INFO]   BCRegistry        : CONV, FLUX, T
[INFO]   MaterialRegistry  : FourierThermalMat
[INFO]   KernelRegistry    : NOSB_Thermal
[INFO]   EngineRegistry    : PD
[INFO] ===============================================
[INFO] [EngineManager] Initializing solver: PD
[INFO] [PDEngine] Initializing PD simulation context...
[INFO] Model pre-processing...
[INFO] [InitModel] grpd path: D:\Project_C++\GRPD\Examples\Sphere\Sphere.grpd
[INFO] [InitModel] model name: Sphere
[INFO] Found existing .grpd mesh file at: D:\Project_C++\GRPD\Examples\Sphere\Sphere.grpd. Skipping generation.
[INFO] [Context Manager] Formalized model name to: Sphere
[INFO] [Context Manager] Model dimension set to: 3D
[INFO] [ReaderRegistry] Creating reader for: .grpd (name: Sphere)
[INFO] [InitModel] Reading mesh file: D:\Project_C++\GRPD\Examples\Sphere\Sphere.grpd (reader: .grpd)
[INFO] [GrpdMeshReader] Reading file: D:\Project_C++\GRPD\Examples\Sphere\Sphere.grpd
[INFO] [GrpdMeshReader] Entering *PARTICLE section (Line 1)
[INFO] [GrpdMeshReader] Entering *LOAD section (Line 109290)
[INFO] [GrpdMeshReader] ============================================
[INFO] [GrpdMeshReader]    File reading complete!
[INFO] [GrpdMeshReader]    Total particles: 109287
[INFO] [GrpdMeshReader]    Total load entries: 57411
[INFO] [GrpdMeshReader] ============================================
[INFO] [InitModel] Total particles loaded for model Sphere: 109287
[INFO]   Particle[0] Part=1 Pos=(-2.500000, -1.500000, -29.500000) Vol=1.000000
[INFO]   Particle[1] Part=1 Pos=(-2.500000, -0.500000, -29.500000) Vol=1.000000
[INFO]   Particle[2] Part=1 Pos=(-2.500000, 0.500000, -29.500000) Vol=1.000000
[INFO]   Particle[3] Part=1 Pos=(-2.500000, 1.500000, -29.500000) Vol=1.000000
[INFO]   Particle[4] Part=1 Pos=(-1.500000, -2.500000, -29.500000) Vol=1.000000
[INFO] Entering Material Initialization Phase...
[INFO] Instantiating material [1] of type: FourierThermalMat
[INFO] [MaterialRegistry] Using factory to create material: Steel_NmmTonne (type: FourierThermalMat)
[INFO] [FourierThermalMat] Material 'Steel_NmmTonne' is initialized. Conductivity = 45.000000, HeatCapacity = 460000000.000000, Density = 0.000000
[INFO] [MaterialManager] Successfully added material instance: Steel_NmmTonne
[INFO] Successfully registered material ID 1 (Steel_NmmTonne)
[INFO] Assigning material pointers to particles...
[INFO] Successfully assigned materials to 109287 particles.
[INFO] Entering Field Registration Phase...
[INFO] [FieldManager] Added field 'Temperature'.
[INFO] [FieldManager] Added field 'TempRate'.
[INFO] [FieldManager] Added field 'HeatFlux'.
[INFO] [ThermalFields] Core fields registered: Temperature, TempRate, HeatFlux.
[INFO] [InitFields] Auto-registered PhysicsFields module: Thermal
[INFO] [FieldManager] Added field 'ID'.
[INFO] [FieldManager] Added field 'PartID'.
[INFO] [FieldManager] Added field 'MatID'.
[INFO] [FieldManager] Added field 'Coords'.
[INFO] [FieldManager] Added field 'Volume'.
[INFO] [FieldManager] Resized all 8 fields for 109287 particles.
[INFO] [MeshData] Populated particle geometry fields into FieldManager for 109287 particles.
[INFO] [InitFields] All fields allocated for 109287 particles. Total fields: 8.
[INFO] Entering Conditions Initialization Phase...
[INFO] [ReaderRegistry] Creating reader for: .grpd (name: LoadReader)
[INFO] [GrpdMeshReader] Reading file: D:\Project_C++\GRPD\Examples\Sphere\Sphere.grpd
[INFO] [GrpdMeshReader] Entering *PARTICLE section (Line 1)
[INFO] [GrpdMeshReader] Entering *LOAD section (Line 109290)
[INFO] [GrpdMeshReader] ============================================
[INFO] [GrpdMeshReader]    File reading complete!
[INFO] [GrpdMeshReader]    Total particles: 109287
[INFO] [GrpdMeshReader]    Total load entries: 57411
[INFO] [GrpdMeshReader] ============================================
[INFO] [InitConditions] Load statistics:
[INFO]   - T : 57411
[INFO] [InitConditions] Boundary conditions initialization complete.
[INFO] [InitNeighbors] Entering Neighbor Search Phase...
[INFO] [InitNeighbors] Horizon radius: 1.507500
[INFO] [NeighborList] Starting full-flat CSR search for 109287 particles, horizon = 1.507500
[INFO] [NeighborList] Cell grid: 40 x 40 x 40 = 64000 cells
[INFO] [NeighborList] Flat cell list built in 2.000093 ms
[INFO] [NeighborList] Pass 1 (count) done in 4.999876 ms
[INFO] [NeighborList] Total bonds: 1903644, Memory: 21 MB
[INFO] [NeighborList] Pass 2 (fill) done in 9.999990 ms
[INFO] [NeighborList] Max neighbors: 18
[INFO] [NeighborList] Total time: 16.999960 ms
[INFO] [FieldManager] Added field 'NeighborCount'.
[INFO] [InitNeighbors] NeighborCount field populated for 109287 particles.
[INFO] [InitNeighbors] BondDamage field registered, 1903644 bonds initialized to 1.0
[INFO] [InitNeighbors] Neighbor search phase complete.
[INFO] [PDEngine] Creating solver components (L1 + L2)...
[INFO] [PDSolver] Algorithm: Explicit, PDType: NOSB, Physics: Thermal
[INFO] [NOSB_Base] Applied KernelWeightType: Linear
[INFO] [NOSB_Base] Applied ZeroEnergyG0: 0.100000
[INFO] [NOSB_Base] Applied ZeroEnergyMethod string: Zhang
[INFO] [PDEngine] L1: ExplicitEuler, L2: NOSB_Thermal - components ready.
[INFO] [PDEngine] PD simulation context initialized successfully.
[INFO] [EngineManager] All solvers initialized. Total: 1
[INFO] [EngineManager] Entering Main Solver Phase
[INFO] [EngineManager] Solving: PD
[INFO] [PDEngine] Starting PD Engine Solve Phase...
[INFO] [ExplicitEuler] Time loop: dt = 0.010000, totalSteps = 1000
[INFO] [FieldManager] Added field 'ShapeTensorInv'.
[INFO] [FieldManager] Added field 'VHorizon'.
[INFO] [NOSB_Base] Computing InfluenceWeight + Shape Tensor Inverse (K^-1)...
[INFO] [NOSB_Base] All NOSB base fields registered and Shape Tensor Inverse computed.
[INFO] [FieldManager] Added field 'TempGradient'.
[INFO] [FieldManager] Added field 'HeatFluxVec'.
[INFO] [FieldManager] Added field 'KT_Tensor'.
[INFO] [ZhangStabilizer] Precomputed KT_Tensor globally.
[INFO] [NOSB_T] Instantiated ThermalStabilizer globally in Phase 0 using strategy: Zhang
[INFO] --- Step 0 / 1000  |  Pure Compute: 0.000000s  |  Total: 0.000000s  |  Pure Speed: 0.000000 steps/s
[INFO] Starting data export process...
[INFO] Starting data export process step=0 t=0.000000
[INFO] Fetching model context for export: Sphere
[INFO] Exporting to VTK format: D:\Project_C++\GRPD\Examples\Sphere\Result_20260325_155107\Result_step00000_t0.0000.vtk
[INFO] Output format set to BINARY.
[INFO] Successfully exported data for model: Sphere
[INFO] --- Step 100 / 1000  |  Pure Compute: 1.218942s  |  Total: 1.225086s  |  Pure Speed: 82.038385 steps/s
[INFO] Starting data export process...
[INFO] Starting data export process step=100 t=1.000000
[INFO] Fetching model context for export: Sphere
[INFO] Exporting to VTK format: D:\Project_C++\GRPD\Examples\Sphere\Result_20260325_155107\Result_step00100_t1.0000.vtk
[INFO] Output format set to BINARY.
[INFO] Successfully exported data for model: Sphere
[INFO] ==================================================
[INFO]    GRPD Solver Engine Initialized                 
[INFO] ==================================================
[INFO] [EngineRegistry] Creating Engine instance: PD
[INFO] [PDEngine] PD Engine instance created.
[INFO] ========== Registered Types Summary ===========
[INFO]   TimeIntegrator    : Explicit
[INFO]   FieldRegistry     : DoubleField, IntField
[INFO]   PhysicsFields     : Mechanical, Thermal
[INFO]   BCRegistry        : CONV, FLUX, T
[INFO]   MaterialRegistry  : FourierThermalMat
[INFO]   KernelRegistry    : NOSB_Thermal
[INFO]   EngineRegistry    : PD
[INFO] ===============================================
[INFO] [EngineManager] Initializing solver: PD
[INFO] [PDEngine] Initializing PD simulation context...
[INFO] Model pre-processing...
[INFO] [InitModel] grpd path: D:\Project_C++\GRPD\Examples\Sphere\Sphere.grpd
[INFO] [InitModel] model name: Sphere
[INFO] Calling Python pre-processor to generate .grpd mesh...
[INFO] Mesh generated successfully by Python.
[INFO] [Context Manager] Formalized model name to: Sphere
[INFO] [Context Manager] Model dimension set to: 3D
[INFO] [ReaderRegistry] Creating reader for: .grpd (name: Sphere)
[INFO] [InitModel] Reading mesh file: D:\Project_C++\GRPD\Examples\Sphere\Sphere.grpd (reader: .grpd)
[INFO] [GrpdMeshReader] Reading file: D:\Project_C++\GRPD\Examples\Sphere\Sphere.grpd
[INFO] [GrpdMeshReader] Entering *PARTICLE section (Line 1)
[INFO] [GrpdMeshReader] Entering *LOAD section (Line 874163)
[INFO] [GrpdMeshReader] ============================================
[INFO] [GrpdMeshReader]    File reading complete!
[INFO] [GrpdMeshReader]    Total particles: 874160
[INFO] [GrpdMeshReader]    Total load entries: 459216
[INFO] [GrpdMeshReader] ============================================
[INFO] [InitModel] Total particles loaded for model Sphere: 874160
[INFO]   Particle[0] Part=1 Pos=(-1.250000, -0.750000, -29.750000) Vol=0.125000
[INFO]   Particle[1] Part=1 Pos=(-1.250000, -0.250000, -29.750000) Vol=0.125000
[INFO]   Particle[2] Part=1 Pos=(-1.250000, 0.250000, -29.750000) Vol=0.125000
[INFO]   Particle[3] Part=1 Pos=(-1.250000, 0.750000, -29.750000) Vol=0.125000
[INFO]   Particle[4] Part=1 Pos=(-0.750000, -1.250000, -29.750000) Vol=0.125000
[INFO] Entering Material Initialization Phase...
[INFO] Instantiating material [1] of type: FourierThermalMat
[INFO] [MaterialRegistry] Using factory to create material: Steel_NmmTonne (type: FourierThermalMat)
[INFO] [FourierThermalMat] Material 'Steel_NmmTonne' is initialized. Conductivity = 45.000000, HeatCapacity = 460000000.000000, Density = 0.000000
[INFO] [MaterialManager] Successfully added material instance: Steel_NmmTonne
[INFO] Successfully registered material ID 1 (Steel_NmmTonne)
[INFO] Assigning material pointers to particles...
[INFO] Successfully assigned materials to 874160 particles.
[INFO] Entering Field Registration Phase...
[INFO] [FieldManager] Added field 'Temperature'.
[INFO] [FieldManager] Added field 'TempRate'.
[INFO] [FieldManager] Added field 'HeatFlux'.
[INFO] [ThermalFields] Core fields registered: Temperature, TempRate, HeatFlux.
[INFO] [InitFields] Auto-registered PhysicsFields module: Thermal
[INFO] [FieldManager] Added field 'ID'.
[INFO] [FieldManager] Added field 'PartID'.
[INFO] [FieldManager] Added field 'MatID'.
[INFO] [FieldManager] Added field 'Coords'.
[INFO] [FieldManager] Added field 'Volume'.
[INFO] [FieldManager] Resized all 8 fields for 874160 particles.
[INFO] [MeshData] Populated particle geometry fields into FieldManager for 874160 particles.
[INFO] [InitFields] All fields allocated for 874160 particles. Total fields: 8.
[INFO] Entering Conditions Initialization Phase...
[INFO] [ReaderRegistry] Creating reader for: .grpd (name: LoadReader)
[INFO] [GrpdMeshReader] Reading file: D:\Project_C++\GRPD\Examples\Sphere\Sphere.grpd
[INFO] [GrpdMeshReader] Entering *PARTICLE section (Line 1)
[INFO] [GrpdMeshReader] Entering *LOAD section (Line 874163)
[INFO] [GrpdMeshReader] ============================================
[INFO] [GrpdMeshReader]    File reading complete!
[INFO] [GrpdMeshReader]    Total particles: 874160
[INFO] [GrpdMeshReader]    Total load entries: 459216
[INFO] [GrpdMeshReader] ============================================
[INFO] [InitConditions] Load statistics:
[INFO]   - T : 459216
[INFO] [InitConditions] Boundary conditions initialization complete.
[INFO] [InitNeighbors] Entering Neighbor Search Phase...
[INFO] [InitNeighbors] Horizon radius: 1.507500
[INFO] [NeighborList] Starting full-flat CSR search for 874160 particles, horizon = 1.507500
[INFO] [NeighborList] Cell grid: 40 x 40 x 40 = 64000 cells
[INFO] [NeighborList] Flat cell list built in 18.999815 ms
[INFO] [NeighborList] Pass 1 (count) done in 210.999966 ms
[INFO] [NeighborList] Total bonds: 103488824, Memory: 1184 MB
[INFO] [NeighborList] Pass 2 (fill) done in 656.000137 ms
[INFO] [NeighborList] Max neighbors: 122
[INFO] [NeighborList] Total time: 885.999918 ms
[INFO] [FieldManager] Added field 'NeighborCount'.
[INFO] [InitNeighbors] NeighborCount field populated for 874160 particles.
[INFO] [InitNeighbors] BondDamage field registered, 103488824 bonds initialized to 1.0
[INFO] [InitNeighbors] Neighbor search phase complete.
[INFO] [PDEngine] Creating solver components (L1 + L2)...
[INFO] [PDSolver] Algorithm: Explicit, PDType: NOSB, Physics: Thermal
[INFO] [NOSB_Base] Applied KernelWeightType: Linear
[INFO] [NOSB_Base] Applied ZeroEnergyG0: 0.100000
[INFO] [NOSB_Base] Applied ZeroEnergyMethod string: Zhang
[INFO] [PDEngine] L1: ExplicitEuler, L2: NOSB_Thermal - components ready.
[INFO] [PDEngine] PD simulation context initialized successfully.
[INFO] [EngineManager] All solvers initialized. Total: 1
[INFO] [EngineManager] Entering Main Solver Phase
[INFO] [EngineManager] Solving: PD
[INFO] [PDEngine] Starting PD Engine Solve Phase...
[INFO] [ExplicitEuler] Time loop: dt = 0.010000, totalSteps = 1000
[INFO] [FieldManager] Added field 'ShapeTensorInv'.
[INFO] [FieldManager] Added field 'VHorizon'.
[INFO] [NOSB_Base] Computing InfluenceWeight + Shape Tensor Inverse (K^-1)...
[INFO] [NOSB_Base] All NOSB base fields registered and Shape Tensor Inverse computed.
[INFO] [FieldManager] Added field 'TempGradient'.
[INFO] [FieldManager] Added field 'HeatFluxVec'.
[INFO] [FieldManager] Added field 'KT_Tensor'.
[INFO] [ZhangStabilizer] Precomputed KT_Tensor globally.
[INFO] [NOSB_T] Instantiated ThermalStabilizer globally in Phase 0 using strategy: Zhang
[INFO] --- Step 0 / 1000  |  Pure Compute: 0.000000s  |  Total: 0.000000s  |  Pure Speed: 0.000000 steps/s
[INFO] Starting data export process...
[INFO] Starting data export process step=0 t=0.000000
[INFO] Fetching model context for export: Sphere
[INFO] Exporting to VTK format: D:\Project_C++\GRPD\Examples\Sphere\Result_20260325_155119\Result_step00000_t0.0000.vtk
[INFO] Output format set to BINARY.
[INFO] Successfully exported data for model: Sphere
[INFO] --- Step 100 / 1000  |  Pure Compute: 42.415558s  |  Total: 42.466351s  |  Pure Speed: 2.357625 steps/s
[INFO] Starting data export process...
[INFO] Starting data export process step=100 t=1.000000
[INFO] Fetching model context for export: Sphere
[INFO] Exporting to VTK format: D:\Project_C++\GRPD\Examples\Sphere\Result_20260325_155119\Result_step00100_t1.0000.vtk
[INFO] Output format set to BINARY.
[INFO] Successfully exported data for model: Sphere
[INFO] --- Step 200 / 1000  |  Pure Compute: 90.345952s  |  Total: 90.474213s  |  Pure Speed: 2.213713 steps/s
[INFO] Starting data export process...
[INFO] Starting data export process step=200 t=2.000000
[INFO] Fetching model context for export: Sphere
[INFO] Exporting to VTK format: D:\Project_C++\GRPD\Examples\Sphere\Result_20260325_155119\Result_step00200_t2.0000.vtk
[INFO] Output format set to BINARY.
[INFO] Successfully exported data for model: Sphere
[INFO] --- Step 300 / 1000  |  Pure Compute: 144.188031s  |  Total: 144.391757s  |  Pure Speed: 2.080617 steps/s
[INFO] Starting data export process...
[INFO] Starting data export process step=300 t=3.000000
[INFO] Fetching model context for export: Sphere
[INFO] Exporting to VTK format: D:\Project_C++\GRPD\Examples\Sphere\Result_20260325_155119\Result_step00300_t3.0000.vtk
[INFO] Output format set to BINARY.
[INFO] Successfully exported data for model: Sphere
