
[00:19:38] [INFO ] [EngineManager]
    | ==================================================
    | GRPD Solver Engine Initialized                 
    | ==================================================

[00:19:38] [INFO ] [EngineRegistry]
    | Creating Engine instance: PD

[00:19:38] [INFO ] [PDEngine]
    | PD Engine instance created.
    | ===============================================
    | ========== Registered Types Summary ===========
    | TimeIntegrator    : ADR, CentralDifference, Explicit, Staggered
    | FieldRegistry     : DoubleField, IntField
    | PhysicsFields     : Mechanical, Thermal
    | BCRegistry        : BODY_FORCE, CONV, DISP, FLUX, PRESSURE, T, VELOCITY
    | ReaderRegistry    : .grpd, .inp
    | StabilizerRegistry: Mechanical_Silling, Mechanical_Wan, Mechanical_Zhang, Thermal_Silling,
    | Thermal_Wan, Thermal_Zhang
    | MaterialRegistry  : FourierThermalMat, J2PlasticityMat, LinearElasticMat
    | KernelRegistry    : NOSB_M, NOSB_T
    | EngineRegistry    : PD
    | ===============================================

[00:19:38] [INFO ] [EngineManager]
    | Initializing solver: PD

[00:19:38] [INFO ] [PDEngine]
    | Initializing PD simulation context...

[00:19:38] [INFO ] [InitModel]
    | ==================================================
    | Model pre-processing...
    | ==================================================
    | grpd path: D:\C++pro\GRPD\Examples\Box_Disp_ADR\Box_Disp_ADR.grpd
    | model name: Box_Disp_ADR
    | Calling Python pre-processor to generate .grpd mesh...
    | Mesh generated successfully by Python.

[00:19:38] [INFO ] [Context Manager]
    | Formalized model name to: Box_Disp_ADR
    | Model dimension set to: 2D

[00:19:38] [INFO ] [ReaderRegistry]
    | Creating reader for: .grpd (name: Box_Disp_ADR)

[00:19:38] [INFO ] [InitModel]
    | Reading mesh file: D:\C++pro\GRPD\Examples\Box_Disp_ADR\Box_Disp_ADR.grpd (reader: .grpd)

[00:19:38] [INFO ] [GrpdMeshReader]
    | Reading file: D:\C++pro\GRPD\Examples\Box_Disp_ADR\Box_Disp_ADR.grpd
    | Entering *PARTICLE section (Line 1)
    | Entering *LOAD section (Line 5003)
    | ============================================
    | File reading complete!
    | Total particles: 5000
    | Total load entries: 5100
    | ============================================

[00:19:38] [INFO ] [InitModel]
    | Total particles loaded for model Box_Disp_ADR: 5000

[00:19:38] [INFO ] [InitMaterial]
    | ==================================================
    | Entering Material Initialization Phase...
    | ==================================================
    | Instantiating material [1] of type: J2PlasticityMat

[00:19:38] [INFO ] [MaterialRegistry]
    | Using factory to create material: Steel_Plastic (type: J2PlasticityMat)

[00:19:38] [INFO ] [J2PlasticityMat]
    | Hardening Type: Isotropic

[00:19:38] [INFO ] [MaterialManager]
    | Successfully added material instance: Steel_Plastic

[00:19:38] [INFO ] [InitMaterial]
    | Successfully registered material ID 1 (Steel_Plastic)
    | Assigning material pointers to particles...
    | Successfully assigned materials to 5000 particles.

[00:19:38] [INFO ] [InitFields]
    | ==================================================
    | Entering Field Registration Phase...
    | ==================================================

[00:19:38] [INFO ] [FieldManager]
    | Added field 'Displacement'.
    | Added field 'Velocity'.
    | Added field 'Acceleration'.

[00:19:38] [INFO ] [MechanicalFields]
    | Core fields registered: Displacement, Velocity, Acceleration.

[00:19:38] [INFO ] [InitFields]
    | Auto-registered PhysicsFields module: Mechanical

[00:19:38] [INFO ] [FieldManager]
    | Added field 'ID'.
    | Added field 'PartID'.
    | Added field 'MatID'.
    | Added field 'Coords'.
    | Added field 'Volume'.
    | Added field 'EqPlasticStrain_Old'.
    | Added field 'EqPlasticStrain_Trial'.
    | Added field 'PlasticStrain_Old'.
    | Added field 'PlasticStrain_Trial'.
    | Added field 'VonMisesStress'.
    | Resized all 13 fields for 5000 particles.

[00:19:38] [INFO ] [InitFields]
    | Binding high-speed material state pointers...

[00:19:38] [INFO ] [MeshData]
    | Populated particle geometry fields into FieldManager for 5000 particles.

[00:19:38] [INFO ] [InitFields]
    | All fields allocated for 5000 particles. Total fields: 13.

[00:19:39] [INFO ] [InitConditions]
    | ==================================================
    | Entering Conditions Initialization Phase...
    | ==================================================

[00:19:39] [INFO ] [ReaderRegistry]
    | Creating reader for: .grpd (name: LoadReader)

[00:19:39] [INFO ] [GrpdMeshReader]
    | Reading file: D:\C++pro\GRPD\Examples\Box_Disp_ADR\Box_Disp_ADR.grpd
    | Entering *PARTICLE section (Line 1)
    | Entering *LOAD section (Line 5003)
    | ============================================
    | File reading complete!
    | Total particles: 5000
    | Total load entries: 5100
    | ============================================

[00:19:39] [INFO ] [InitConditions]
    | Load statistics:
    | - DISP : 5100
    | Boundary conditions initialization complete.

[00:19:39] [INFO ] [InitNeighbors]
    | ==================================================
    | Entering Neighbor Search Phase...
    | ==================================================
    | Horizon radius: 3.015000

[00:19:39] [INFO ] [NeighborList]
    | Starting full-flat CSR search for 5000 particles, horizon = 3.015000
    | Cell grid: 33 x 17 x 1 = 561 cells
    | Flat cell list built in 3.000021 ms
    | Pass 1 (count) done in 1.000166 ms
    | Total bonds: 134636, Memory: 1 MB
    | Pass 2 (fill) done in 3.000021 ms
    | Max neighbors: 28
    | Total time: 7.000208 ms

[00:19:39] [INFO ] [FieldManager]
    | Added field 'NeighborCount'.

[00:19:39] [INFO ] [InitNeighbors]
    | NeighborCount field populated for 5000 particles.

[00:19:39] [INFO ] [FieldManager]
    | Added field 'Damage'.

[00:19:39] [INFO ] [InitNeighbors]
    | Global Damage scalar field properly initialized to 0.0
    | Neighbor search phase complete.
    | Initializing Material-specific Damage Models...
    | Material Damage Models initialized. Total Active Models: 0

[00:19:39] [INFO ] [InitSolverComponents]
    | ==================================================
    | Entering Solver Components Assembly Phase...
    | ==================================================
    | Building Time Integrator: ADR
    | Time Integrator configured.
    | Building Space Kernel: NOSB_M

[00:19:39] [INFO ] [NOSB_Base]
    | Applied KernelWeightType: Gaussian
    | Applied ZeroEnergyG0: 0.100000
    | Applied ZeroEnergyMethod string: Zhang

[00:19:39] [INFO ] [InitSolverComponents]
    | Space Kernel 'NOSB_M' configured.
    | Total kernels assembled: 1

[00:19:39] [INFO ] [PDEngine]
    | PD simulation context initialized successfully.

[00:19:39] [INFO ] [EngineManager]
    | All solvers initialized. Total: 1
    | ==================================================
    | Entering Main Solver Phase
    | ==================================================
    | Solving: PD

[00:19:39] [INFO ] [PDEngine]
    | Starting PD Engine Solve Phase...

[00:19:39] [INFO ] [ADR]
    | Identified 2nd-order ODE coupling: Displacement <- Velocity <- Acceleration

[00:19:39] [INFO ] [FieldManager]
    | Added field 'ShapeTensorInv'.
    | Added field 'VHorizon'.

[00:19:39] [INFO ] [NOSB_Base]
    | Computing InfluenceWeight + Shape Tensor Inverse (K^-1)...
    | All NOSB base fields registered and Shape Tensor Inverse computed.

[00:19:39] [INFO ] [FieldManager]
    | Added field 'DeformationGradient'.
    | Added field 'PK1Stress'.

[00:19:39] [INFO ] [NOSB_M]
    | Instantiated MechanicalStabilizer globally in Phase 0 using strategy: Zhang

[00:19:39] [INFO ] [ADR]
    | Auto CFL dt: dx = 1.000000, c = 447.213595, massScale = 125000000.000000, dt = 0.001789

[00:19:39] [INFO ] [ADR_Integrator]
    | Starting Custom ADR: NumLoadSteps = 1, NumSubsteps = 10, KBC = 0, MassScale = 125000000.000000,
    | DampingMethod = HybridKinetic, dt = 0.001789
    | === Load Step 0 / 0 ===
    |     [Substep 0] Computed RampIters: 65
    |     [Step 0 / Sub 0] Converged. Iter: 666 | TOL1(V): 5.8171e-06 | TOL2(dU): 1.3848e-08 | TOL3(Res):
    |     9.9058e-05 | cn: 3.1478e+01
    |     [Substep 1] Computed RampIters: 65
    |     [Step 0 / Sub 1] Converged. Iter: 666 | TOL1(V): 5.7703e-06 | TOL2(dU): 2.5438e-08 | TOL3(Res):
    |     9.8258e-05 | cn: 3.1478e+01
    |     [Substep 2] Computed RampIters: 65
    |     [Step 0 / Sub 2] Converged. Iter: 666 | TOL1(V): 5.7664e-06 | TOL2(dU): 2.5421e-08 | TOL3(Res):
    |     9.8193e-05 | cn: 3.1478e+01
    |     [Substep 3] Computed RampIters: 65
    |     [Step 0 / Sub 3] Converged. Iter: 666 | TOL1(V): 5.7661e-06 | TOL2(dU): 2.5419e-08 | TOL3(Res):
    |     9.8209e-05 | cn: 3.1478e+01
    |     [Substep 4] Computed RampIters: 65
    |     [Step 0 / Sub 4] Converged. Iter: 666 | TOL1(V): 5.8436e-06 | TOL2(dU): 2.5762e-08 | TOL3(Res):
    |     9.9366e-05 | cn: 3.1434e+01
    |     [Substep 5] Computed RampIters: 65
    |     [Step 0 / Sub 5] Converged. Iter: 681 | TOL1(V): 6.0247e-06 | TOL2(dU): 2.6636e-08 | TOL3(Res):
    |     9.9875e-05 | cn: 3.0631e+01
    |     [Substep 6] Computed RampIters: 65
    |     [Step 0 / Sub 6] Converged. Iter: 720 | TOL1(V): 6.3260e-06 | TOL2(dU): 2.7991e-08 | TOL3(Res):
    |     9.8080e-05 | cn: 2.8654e+01
    |     [Substep 7] Computed RampIters: 65
    |     [Step 0 / Sub 7] Converged. Iter: 729 | TOL1(V): 6.5340e-06 | TOL2(dU): 2.8752e-08 | TOL3(Res):
    |     9.9949e-05 | cn: 2.8294e+01
    |     [Substep 8] Computed RampIters: 65
    |     [Step 0 / Sub 8] Converged. Iter: 730 | TOL1(V): 6.4308e-06 | TOL2(dU): 2.8314e-08 | TOL3(Res):
    |     9.8349e-05 | cn: 2.8288e+01
    |     [Substep 9] Computed RampIters: 65
    |     [Step 0 / Sub 9] Converged. Iter: 730 | TOL1(V): 6.4225e-06 | TOL2(dU): 2.8278e-08 | TOL3(Res):
    |     9.8217e-05 | cn: 2.8288e+01
    | Finished. Total: 14.653360s  |  Pure Compute avg: 0.002009 s/step

[00:19:53] [INFO ] [PDEngine]
    | PD Engine Solve Phase Finished.

[00:19:53] [INFO ] [EngineManager]
    | Main Solver Phase finished.
    | ==================================================
    | Entering Post-processing Phase
    | ==================================================
    | Outputting: PD
    | Post-processing Phase finished.

[00:28:55] [INFO ] [EngineManager]
    | ==================================================
    | GRPD Solver Engine Initialized                 
    | ==================================================

[00:28:55] [INFO ] [EngineRegistry]
    | Creating Engine instance: PD

[00:28:55] [INFO ] [PDEngine]
    | PD Engine instance created.
    | ===============================================
    | ========== Registered Types Summary ===========
    | TimeIntegrator    : ADR, CentralDifference, Explicit, Staggered
    | FieldRegistry     : DoubleField, IntField
    | PhysicsFields     : Mechanical, Thermal
    | BCRegistry        : BODY_FORCE, CONV, DISP, FLUX, PRESSURE, T, VELOCITY
    | ReaderRegistry    : .grpd, .inp
    | StabilizerRegistry: Mechanical_Silling, Mechanical_Wan, Mechanical_Zhang, Thermal_Silling,
    | Thermal_Wan, Thermal_Zhang
    | MaterialRegistry  : FourierThermalMat, J2PlasticityMat, LinearElasticMat
    | KernelRegistry    : NOSB_M, NOSB_T
    | EngineRegistry    : PD
    | ===============================================

[00:28:55] [INFO ] [EngineManager]
    | Initializing solver: PD

[00:28:55] [INFO ] [PDEngine]
    | Initializing PD simulation context...

[00:28:55] [INFO ] [InitModel]
    | ==================================================
    | Model pre-processing...
    | ==================================================
    | grpd path: D:\C++pro\GRPD\Examples\Box_Disp_ADR\Box_Disp_ADR.grpd
    | model name: Box_Disp_ADR
    | Found existing .grpd mesh file at: D:\C++pro\GRPD\Examples\Box_Disp_ADR\Box_Disp_ADR.grpd. Skipping
    | generation.

[00:28:55] [INFO ] [Context Manager]
    | Formalized model name to: Box_Disp_ADR
    | Model dimension set to: 2D

[00:28:55] [INFO ] [ReaderRegistry]
    | Creating reader for: .grpd (name: Box_Disp_ADR)

[00:28:55] [INFO ] [InitModel]
    | Reading mesh file: D:\C++pro\GRPD\Examples\Box_Disp_ADR\Box_Disp_ADR.grpd (reader: .grpd)

[00:28:55] [INFO ] [GrpdMeshReader]
    | Reading file: D:\C++pro\GRPD\Examples\Box_Disp_ADR\Box_Disp_ADR.grpd
    | Entering *PARTICLE section (Line 1)
    | Entering *LOAD section (Line 5003)
    | ============================================
    | File reading complete!
    | Total particles: 5000
    | Total load entries: 5100
    | ============================================

[00:28:55] [INFO ] [InitModel]
    | Total particles loaded for model Box_Disp_ADR: 5000

[00:28:55] [INFO ] [InitMaterial]
    | ==================================================
    | Entering Material Initialization Phase...
    | ==================================================
    | Instantiating material [1] of type: J2PlasticityMat

[00:28:55] [INFO ] [MaterialRegistry]
    | Using factory to create material: Steel_Plastic (type: J2PlasticityMat)

[00:28:55] [INFO ] [J2PlasticityMat]
    | Hardening Type: Isotropic

[00:28:55] [INFO ] [MaterialManager]
    | Successfully added material instance: Steel_Plastic

[00:28:55] [INFO ] [InitMaterial]
    | Successfully registered material ID 1 (Steel_Plastic)
    | Assigning material pointers to particles...
    | Successfully assigned materials to 5000 particles.

[00:28:55] [INFO ] [InitFields]
    | ==================================================
    | Entering Field Registration Phase...
    | ==================================================

[00:28:55] [INFO ] [FieldManager]
    | Added field 'Displacement'.
    | Added field 'Velocity'.
    | Added field 'Acceleration'.

[00:28:55] [INFO ] [MechanicalFields]
    | Core fields registered: Displacement, Velocity, Acceleration.

[00:28:55] [INFO ] [InitFields]
    | Auto-registered PhysicsFields module: Mechanical

[00:28:55] [INFO ] [FieldManager]
    | Added field 'ID'.
    | Added field 'PartID'.
    | Added field 'MatID'.
    | Added field 'Coords'.
    | Added field 'Volume'.
    | Added field 'EqPlasticStrain_Old'.
    | Added field 'EqPlasticStrain_Trial'.
    | Added field 'PlasticStrain_Old'.
    | Added field 'PlasticStrain_Trial'.
    | Added field 'VonMisesStress'.
    | Resized all 13 fields for 5000 particles.

[00:28:55] [INFO ] [InitFields]
    | Binding high-speed material state pointers...

[00:28:55] [INFO ] [MeshData]
    | Populated particle geometry fields into FieldManager for 5000 particles.

[00:28:55] [INFO ] [InitFields]
    | All fields allocated for 5000 particles. Total fields: 13.

[00:28:55] [INFO ] [InitConditions]
    | ==================================================
    | Entering Conditions Initialization Phase...
    | ==================================================

[00:28:55] [INFO ] [ReaderRegistry]
    | Creating reader for: .grpd (name: LoadReader)

[00:28:55] [INFO ] [GrpdMeshReader]
    | Reading file: D:\C++pro\GRPD\Examples\Box_Disp_ADR\Box_Disp_ADR.grpd
    | Entering *PARTICLE section (Line 1)
    | Entering *LOAD section (Line 5003)
    | ============================================
    | File reading complete!
    | Total particles: 5000
    | Total load entries: 5100
    | ============================================

[00:28:55] [INFO ] [InitConditions]
    | Load statistics:
    | - DISP : 5100
    | Boundary conditions initialization complete.

[00:28:55] [INFO ] [InitNeighbors]
    | ==================================================
    | Entering Neighbor Search Phase...
    | ==================================================
    | Horizon radius: 3.015000

[00:28:55] [INFO ] [NeighborList]
    | Starting full-flat CSR search for 5000 particles, horizon = 3.015000
    | Cell grid: 33 x 17 x 1 = 561 cells
    | Flat cell list built in 0.000000 ms
    | Pass 1 (count) done in 0.000000 ms
    | Total bonds: 134636, Memory: 1 MB
    | Pass 2 (fill) done in 0.999928 ms
    | Max neighbors: 28
    | Total time: 0.999928 ms

[00:28:55] [INFO ] [FieldManager]
    | Added field 'NeighborCount'.

[00:28:55] [INFO ] [InitNeighbors]
    | NeighborCount field populated for 5000 particles.

[00:28:55] [INFO ] [FieldManager]
    | Added field 'Damage'.

[00:28:55] [INFO ] [InitNeighbors]
    | Global Damage scalar field properly initialized to 0.0
    | Neighbor search phase complete.
    | Initializing Material-specific Damage Models...
    | Material Damage Models initialized. Total Active Models: 0

[00:28:55] [INFO ] [InitSolverComponents]
    | ==================================================
    | Entering Solver Components Assembly Phase...
    | ==================================================
    | Building Time Integrator: ADR
    | Time Integrator configured.
    | Building Space Kernel: NOSB_M

[00:28:55] [INFO ] [NOSB_Base]
    | Applied KernelWeightType: Gaussian
    | Applied ZeroEnergyG0: 0.100000
    | Applied ZeroEnergyMethod string: Zhang

[00:28:55] [INFO ] [InitSolverComponents]
    | Space Kernel 'NOSB_M' configured.
    | Total kernels assembled: 1

[00:28:55] [INFO ] [PDEngine]
    | PD simulation context initialized successfully.

[00:28:55] [INFO ] [EngineManager]
    | All solvers initialized. Total: 1
    | ==================================================
    | Entering Main Solver Phase
    | ==================================================
    | Solving: PD

[00:28:55] [INFO ] [PDEngine]
    | Starting PD Engine Solve Phase...

[00:28:55] [INFO ] [ADR]
    | Identified 2nd-order ODE coupling: Displacement <- Velocity <- Acceleration

[00:28:55] [INFO ] [FieldManager]
    | Added field 'ShapeTensorInv'.
    | Added field 'VHorizon'.

[00:28:55] [INFO ] [NOSB_Base]
    | Computing InfluenceWeight + Shape Tensor Inverse (K^-1)...
    | All NOSB base fields registered and Shape Tensor Inverse computed.

[00:28:55] [INFO ] [FieldManager]
    | Added field 'DeformationGradient'.
    | Added field 'PK1Stress'.

[00:28:55] [INFO ] [NOSB_M]
    | Instantiated MechanicalStabilizer globally in Phase 0 using strategy: Zhang

[00:28:55] [INFO ] [ADR]
    | Auto CFL dt: dx = 1.000000, c = 447.213595, massScale = 125000000.000000, dt = 0.001789

[00:28:55] [INFO ] [ADR_Integrator]
    | Starting Custom ADR: NumLoadSteps = 1, NumSubsteps = 10, KBC = 0, MassScale = 125000000.000000,
    | DampingMethod = HybridKinetic, dt = 0.001789
    | === Load Step 0 / 0 ===
    |     [Substep 0] Computed RampIters: 65
    |     [Step 0 / Sub 0] Converged. Iter: 666 | TOL1(V): 5.8171e-06 | TOL2(dU): 1.3848e-08 | TOL3(Res):
    |     9.9058e-05 | cn: 3.1478e+01
    |     [Substep 1] Computed RampIters: 65
    |     [Step 0 / Sub 1] Converged. Iter: 666 | TOL1(V): 5.7703e-06 | TOL2(dU): 2.5438e-08 | TOL3(Res):
    |     9.8258e-05 | cn: 3.1478e+01
    |     [Substep 2] Computed RampIters: 65
    |     [Step 0 / Sub 2] Converged. Iter: 666 | TOL1(V): 5.7664e-06 | TOL2(dU): 2.5421e-08 | TOL3(Res):
    |     9.8193e-05 | cn: 3.1478e+01
    |     [Substep 3] Computed RampIters: 65
    |     [Step 0 / Sub 3] Converged. Iter: 666 | TOL1(V): 5.7661e-06 | TOL2(dU): 2.5419e-08 | TOL3(Res):
    |     9.8209e-05 | cn: 3.1478e+01
    |     [Substep 4] Computed RampIters: 65
    |     [Step 0 / Sub 4] Converged. Iter: 666 | TOL1(V): 5.8436e-06 | TOL2(dU): 2.5762e-08 | TOL3(Res):
    |     9.9366e-05 | cn: 3.1434e+01
    |     [Substep 5] Computed RampIters: 65
    |     [Step 0 / Sub 5] Converged. Iter: 681 | TOL1(V): 6.0247e-06 | TOL2(dU): 2.6636e-08 | TOL3(Res):
    |     9.9875e-05 | cn: 3.0631e+01
    |     [Substep 6] Computed RampIters: 65
    |     [Step 0 / Sub 6] Converged. Iter: 720 | TOL1(V): 6.3260e-06 | TOL2(dU): 2.7991e-08 | TOL3(Res):
    |     9.8080e-05 | cn: 2.8654e+01
    |     [Substep 7] Computed RampIters: 65
    |     [Step 0 / Sub 7] Converged. Iter: 729 | TOL1(V): 6.5340e-06 | TOL2(dU): 2.8752e-08 | TOL3(Res):
    |     9.9949e-05 | cn: 2.8294e+01
    |     [Substep 8] Computed RampIters: 65
    |     [Step 0 / Sub 8] Converged. Iter: 730 | TOL1(V): 6.4308e-06 | TOL2(dU): 2.8314e-08 | TOL3(Res):
    |     9.8349e-05 | cn: 2.8288e+01
    |     [Substep 9] Computed RampIters: 65
    |     [Step 0 / Sub 9] Converged. Iter: 730 | TOL1(V): 6.4225e-06 | TOL2(dU): 2.8278e-08 | TOL3(Res):
    |     9.8217e-05 | cn: 2.8288e+01
    | Finished. Total: 16.762988s  |  Pure Compute avg: 0.002304 s/step

[00:29:11] [INFO ] [PDEngine]
    | PD Engine Solve Phase Finished.

[00:29:11] [INFO ] [EngineManager]
    | Main Solver Phase finished.
    | ==================================================
    | Entering Post-processing Phase
    | ==================================================
    | Outputting: PD
    | Post-processing Phase finished.

[00:32:08] [INFO ] [EngineManager]
    | ==================================================
    | GRPD Solver Engine Initialized                 
    | ==================================================

[00:32:08] [INFO ] [EngineRegistry]
    | Creating Engine instance: PD

[00:32:08] [INFO ] [PDEngine]
    | PD Engine instance created.
    | ===============================================
    | ========== Registered Types Summary ===========
    | TimeIntegrator    : ADR, CentralDifference, Explicit, Staggered
    | FieldRegistry     : DoubleField, IntField
    | PhysicsFields     : Mechanical, Thermal
    | BCRegistry        : BODY_FORCE, CONV, DISP, FLUX, PRESSURE, T, VELOCITY
    | ReaderRegistry    : .grpd, .inp
    | StabilizerRegistry: Mechanical_Silling, Mechanical_Wan, Mechanical_Zhang, Thermal_Silling,
    | Thermal_Wan, Thermal_Zhang
    | MaterialRegistry  : FourierThermalMat, J2PlasticityMat, LinearElasticMat
    | KernelRegistry    : NOSB_M, NOSB_T
    | EngineRegistry    : PD
    | ===============================================

[00:32:08] [INFO ] [EngineManager]
    | Initializing solver: PD

[00:32:08] [INFO ] [PDEngine]
    | Initializing PD simulation context...

[00:32:08] [INFO ] [InitModel]
    | ==================================================
    | Model pre-processing...
    | ==================================================
    | grpd path: D:\C++pro\GRPD\Examples\Box_Disp_ADR\Box_Disp_ADR.grpd
    | model name: Box_Disp_ADR
    | Calling Python pre-processor to generate .grpd mesh...
    | Mesh generated successfully by Python.

[00:32:08] [INFO ] [Context Manager]
    | Formalized model name to: Box_Disp_ADR
    | Model dimension set to: 2D

[00:32:08] [INFO ] [ReaderRegistry]
    | Creating reader for: .grpd (name: Box_Disp_ADR)

[00:32:08] [INFO ] [InitModel]
    | Reading mesh file: D:\C++pro\GRPD\Examples\Box_Disp_ADR\Box_Disp_ADR.grpd (reader: .grpd)

[00:32:08] [INFO ] [GrpdMeshReader]
    | Reading file: D:\C++pro\GRPD\Examples\Box_Disp_ADR\Box_Disp_ADR.grpd
    | Entering *PARTICLE section (Line 1)
    | Entering *LOAD section (Line 5003)
    | ============================================
    | File reading complete!
    | Total particles: 5000
    | Total load entries: 100
    | ============================================

[00:32:08] [INFO ] [InitModel]
    | Total particles loaded for model Box_Disp_ADR: 5000

[00:32:08] [INFO ] [InitMaterial]
    | ==================================================
    | Entering Material Initialization Phase...
    | ==================================================
    | Instantiating material [1] of type: J2PlasticityMat

[00:32:08] [INFO ] [MaterialRegistry]
    | Using factory to create material: Steel_Plastic (type: J2PlasticityMat)

[00:32:08] [INFO ] [J2PlasticityMat]
    | Hardening Type: Isotropic

[00:32:08] [INFO ] [MaterialManager]
    | Successfully added material instance: Steel_Plastic

[00:32:08] [INFO ] [InitMaterial]
    | Successfully registered material ID 1 (Steel_Plastic)
    | Assigning material pointers to particles...
    | Successfully assigned materials to 5000 particles.

[00:32:08] [INFO ] [InitFields]
    | ==================================================
    | Entering Field Registration Phase...
    | ==================================================

[00:32:08] [INFO ] [FieldManager]
    | Added field 'Displacement'.
    | Added field 'Velocity'.
    | Added field 'Acceleration'.

[00:32:08] [INFO ] [MechanicalFields]
    | Core fields registered: Displacement, Velocity, Acceleration.

[00:32:08] [INFO ] [InitFields]
    | Auto-registered PhysicsFields module: Mechanical

[00:32:08] [INFO ] [FieldManager]
    | Added field 'ID'.
    | Added field 'PartID'.
    | Added field 'MatID'.
    | Added field 'Coords'.
    | Added field 'Volume'.
    | Added field 'EqPlasticStrain_Old'.
    | Added field 'EqPlasticStrain_Trial'.
    | Added field 'PlasticStrain_Old'.
    | Added field 'PlasticStrain_Trial'.
    | Added field 'VonMisesStress'.
    | Resized all 13 fields for 5000 particles.

[00:32:08] [INFO ] [InitFields]
    | Binding high-speed material state pointers...

[00:32:08] [INFO ] [MeshData]
    | Populated particle geometry fields into FieldManager for 5000 particles.

[00:32:08] [INFO ] [InitFields]
    | All fields allocated for 5000 particles. Total fields: 13.

[00:32:08] [INFO ] [InitConditions]
    | ==================================================
    | Entering Conditions Initialization Phase...
    | ==================================================

[00:32:09] [INFO ] [ReaderRegistry]
    | Creating reader for: .grpd (name: LoadReader)

[00:32:09] [INFO ] [GrpdMeshReader]
    | Reading file: D:\C++pro\GRPD\Examples\Box_Disp_ADR\Box_Disp_ADR.grpd
    | Entering *PARTICLE section (Line 1)
    | Entering *LOAD section (Line 5003)
    | ============================================
    | File reading complete!
    | Total particles: 5000
    | Total load entries: 100
    | ============================================

[00:32:09] [INFO ] [InitConditions]
    | Load statistics:
    | - DISP : 100
    | Boundary conditions initialization complete.

[00:32:09] [INFO ] [InitNeighbors]
    | ==================================================
    | Entering Neighbor Search Phase...
    | ==================================================
    | Horizon radius: 3.015000

[00:32:09] [INFO ] [NeighborList]
    | Starting full-flat CSR search for 5000 particles, horizon = 3.015000
    | Cell grid: 33 x 17 x 1 = 561 cells
    | Flat cell list built in 0.999928 ms
    | Pass 1 (count) done in 1.000166 ms
    | Total bonds: 134636, Memory: 1 MB
    | Pass 2 (fill) done in 1.999855 ms
    | Max neighbors: 28
    | Total time: 3.999949 ms

[00:32:09] [INFO ] [FieldManager]
    | Added field 'NeighborCount'.

[00:32:09] [INFO ] [InitNeighbors]
    | NeighborCount field populated for 5000 particles.

[00:32:09] [INFO ] [FieldManager]
    | Added field 'Damage'.

[00:32:09] [INFO ] [InitNeighbors]
    | Global Damage scalar field properly initialized to 0.0
    | Neighbor search phase complete.
    | Initializing Material-specific Damage Models...
    | Material Damage Models initialized. Total Active Models: 0

[00:32:09] [INFO ] [InitSolverComponents]
    | ==================================================
    | Entering Solver Components Assembly Phase...
    | ==================================================
    | Building Time Integrator: ADR
    | Time Integrator configured.
    | Building Space Kernel: NOSB_M

[00:32:09] [INFO ] [NOSB_Base]
    | Applied KernelWeightType: Gaussian
    | Applied ZeroEnergyG0: 0.100000
    | Applied ZeroEnergyMethod string: Zhang

[00:32:09] [INFO ] [InitSolverComponents]
    | Space Kernel 'NOSB_M' configured.
    | Total kernels assembled: 1

[00:32:09] [INFO ] [PDEngine]
    | PD simulation context initialized successfully.

[00:32:09] [INFO ] [EngineManager]
    | All solvers initialized. Total: 1
    | ==================================================
    | Entering Main Solver Phase
    | ==================================================
    | Solving: PD

[00:32:09] [INFO ] [PDEngine]
    | Starting PD Engine Solve Phase...

[00:32:09] [INFO ] [ADR]
    | Identified 2nd-order ODE coupling: Displacement <- Velocity <- Acceleration

[00:32:09] [INFO ] [FieldManager]
    | Added field 'ShapeTensorInv'.
    | Added field 'VHorizon'.

[00:32:09] [INFO ] [NOSB_Base]
    | Computing InfluenceWeight + Shape Tensor Inverse (K^-1)...
    | All NOSB base fields registered and Shape Tensor Inverse computed.

[00:32:09] [INFO ] [FieldManager]
    | Added field 'DeformationGradient'.
    | Added field 'PK1Stress'.

[00:32:09] [INFO ] [NOSB_M]
    | Instantiated MechanicalStabilizer globally in Phase 0 using strategy: Zhang

[00:32:09] [INFO ] [ADR]
    | Auto CFL dt: dx = 1.000000, c = 447.213595, massScale = 125000000.000000, dt = 0.001789

[00:32:09] [INFO ] [ADR_Integrator]
    | Starting Custom ADR: NumLoadSteps = 1, NumSubsteps = 10, KBC = 0, MassScale = 125000000.000000,
    | DampingMethod = HybridKinetic, dt = 0.001789
    | === Load Step 0 / 0 ===
    |     [Substep 0] Computed RampIters: 65
    |     [Step 0 / Sub 0] Converged. Iter: 736 | TOL1(V): 6.4591e-06 | TOL2(dU): 1.5345e-08 | TOL3(Res):
    |     9.8163e-05 | cn: 2.8097e+01
    |     [Substep 1] Computed RampIters: 65
    |     [Step 0 / Sub 1] Converged. Iter: 735 | TOL1(V): 6.5530e-06 | TOL2(dU): 2.8686e-08 | TOL3(Res):
    |     9.9597e-05 | cn: 2.8097e+01
    |     [Substep 2] Computed RampIters: 65
    |     [Step 0 / Sub 2] Converged. Iter: 736 | TOL1(V): 6.4574e-06 | TOL2(dU): 2.8267e-08 | TOL3(Res):
    |     9.8156e-05 | cn: 2.8097e+01
    |     [Substep 3] Computed RampIters: 65
    |     [Step 0 / Sub 3] Converged. Iter: 739 | TOL1(V): 6.5433e-06 | TOL2(dU): 2.8644e-08 | TOL3(Res):
    |     9.9589e-05 | cn: 2.8080e+01
    |     [Substep 4] Computed RampIters: 65
    |     [Step 0 / Sub 4] Converged. Iter: 789 | TOL1(V): 6.9406e-06 | TOL2(dU): 3.0486e-08 | TOL3(Res):
    |     9.9728e-05 | cn: 2.6318e+01
    |     [Substep 5] Computed RampIters: 65
    |     [Step 0 / Sub 5] Converged. Iter: 948 | TOL1(V): 8.7015e-06 | TOL2(dU): 3.7831e-08 | TOL3(Res):
    |     9.8657e-05 | cn: 2.0946e+01
    |     [Substep 6] Computed RampIters: 65
    |     [Step 0 / Sub 6] Converged. Iter: 959 | TOL1(V): 8.8583e-06 | TOL2(dU): 3.8319e-08 | TOL3(Res):
    |     9.9048e-05 | cn: 2.0679e+01
    |     [Substep 7] Computed RampIters: 65
    |     [Step 0 / Sub 7] Converged. Iter: 960 | TOL1(V): 8.9357e-06 | TOL2(dU): 3.8678e-08 | TOL3(Res):
    |     9.9845e-05 | cn: 2.0662e+01
    |     [Substep 8] Computed RampIters: 65
    |     [Step 0 / Sub 8] Converged. Iter: 961 | TOL1(V): 8.8076e-06 | TOL2(dU): 3.8120e-08 | TOL3(Res):
    |     9.8335e-05 | cn: 2.0648e+01
    |     [Substep 9] Computed RampIters: 65
    |     [Step 0 / Sub 9] Converged. Iter: 966 | TOL1(V): 8.9368e-06 | TOL2(dU): 3.8686e-08 | TOL3(Res):
    |     9.9067e-05 | cn: 2.0500e+01
    | Finished. Total: 18.130367s  |  Pure Compute avg: 0.002027 s/step

[00:32:27] [INFO ] [PDEngine]
    | PD Engine Solve Phase Finished.

[00:32:27] [INFO ] [EngineManager]
    | Main Solver Phase finished.
    | ==================================================
    | Entering Post-processing Phase
    | ==================================================
    | Outputting: PD
    | Post-processing Phase finished.

[00:35:50] [INFO ] [EngineManager]
    | ==================================================
    | GRPD Solver Engine Initialized                 
    | ==================================================

[00:35:50] [INFO ] [EngineRegistry]
    | Creating Engine instance: PD

[00:35:50] [INFO ] [PDEngine]
    | PD Engine instance created.
    | ===============================================
    | ========== Registered Types Summary ===========
    | TimeIntegrator    : ADR, CentralDifference, Explicit, Staggered
    | FieldRegistry     : DoubleField, IntField
    | PhysicsFields     : Mechanical, Thermal
    | BCRegistry        : BODY_FORCE, CONV, DISP, FLUX, PRESSURE, T, VELOCITY
    | ReaderRegistry    : .grpd, .inp
    | StabilizerRegistry: Mechanical_Silling, Mechanical_Wan, Mechanical_Zhang, Thermal_Silling,
    | Thermal_Wan, Thermal_Zhang
    | MaterialRegistry  : FourierThermalMat, J2PlasticityMat, LinearElasticMat
    | KernelRegistry    : NOSB_M, NOSB_T
    | EngineRegistry    : PD
    | ===============================================

[00:35:50] [INFO ] [EngineManager]
    | Initializing solver: PD

[00:35:50] [INFO ] [PDEngine]
    | Initializing PD simulation context...

[00:35:50] [INFO ] [InitModel]
    | ==================================================
    | Model pre-processing...
    | ==================================================
    | grpd path: D:\C++pro\GRPD\Examples\Box_Disp_ADR\Box_Disp_ADR.grpd
    | model name: Box_Disp_ADR
    | Found existing .grpd mesh file at: D:\C++pro\GRPD\Examples\Box_Disp_ADR\Box_Disp_ADR.grpd. Skipping
    | generation.

[00:35:50] [INFO ] [Context Manager]
    | Formalized model name to: Box_Disp_ADR
    | Model dimension set to: 2D

[00:35:50] [INFO ] [ReaderRegistry]
    | Creating reader for: .grpd (name: Box_Disp_ADR)

[00:35:50] [INFO ] [InitModel]
    | Reading mesh file: D:\C++pro\GRPD\Examples\Box_Disp_ADR\Box_Disp_ADR.grpd (reader: .grpd)

[00:35:50] [INFO ] [GrpdMeshReader]
    | Reading file: D:\C++pro\GRPD\Examples\Box_Disp_ADR\Box_Disp_ADR.grpd
    | Entering *PARTICLE section (Line 1)
    | Entering *LOAD section (Line 5003)
    | ============================================
    | File reading complete!
    | Total particles: 5000
    | Total load entries: 100
    | ============================================

[00:35:50] [INFO ] [InitModel]
    | Total particles loaded for model Box_Disp_ADR: 5000

[00:35:50] [INFO ] [InitMaterial]
    | ==================================================
    | Entering Material Initialization Phase...
    | ==================================================
    | Instantiating material [1] of type: J2PlasticityMat

[00:35:50] [INFO ] [MaterialRegistry]
    | Using factory to create material: Steel_Plastic (type: J2PlasticityMat)

[00:35:50] [INFO ] [J2PlasticityMat]
    | Hardening Type: Isotropic

[00:35:50] [INFO ] [MaterialManager]
    | Successfully added material instance: Steel_Plastic

[00:35:50] [INFO ] [InitMaterial]
    | Successfully registered material ID 1 (Steel_Plastic)
    | Assigning material pointers to particles...
    | Successfully assigned materials to 5000 particles.

[00:35:50] [INFO ] [InitFields]
    | ==================================================
    | Entering Field Registration Phase...
    | ==================================================

[00:35:50] [INFO ] [FieldManager]
    | Added field 'Displacement'.
    | Added field 'Velocity'.
    | Added field 'Acceleration'.

[00:35:50] [INFO ] [MechanicalFields]
    | Core fields registered: Displacement, Velocity, Acceleration.

[00:35:50] [INFO ] [InitFields]
    | Auto-registered PhysicsFields module: Mechanical

[00:35:50] [INFO ] [FieldManager]
    | Added field 'ID'.
    | Added field 'PartID'.
    | Added field 'MatID'.
    | Added field 'Coords'.
    | Added field 'Volume'.
    | Added field 'EqPlasticStrain_Old'.
    | Added field 'EqPlasticStrain_Trial'.
    | Added field 'PlasticStrain_Old'.
    | Added field 'PlasticStrain_Trial'.
    | Added field 'VonMisesStress'.
    | Resized all 13 fields for 5000 particles.

[00:35:50] [INFO ] [InitFields]
    | Binding high-speed material state pointers...

[00:35:50] [INFO ] [MeshData]
    | Populated particle geometry fields into FieldManager for 5000 particles.

[00:35:50] [INFO ] [InitFields]
    | All fields allocated for 5000 particles. Total fields: 13.

[00:35:50] [INFO ] [InitConditions]
    | ==================================================
    | Entering Conditions Initialization Phase...
    | ==================================================

[00:35:50] [INFO ] [ReaderRegistry]
    | Creating reader for: .grpd (name: LoadReader)

[00:35:50] [INFO ] [GrpdMeshReader]
    | Reading file: D:\C++pro\GRPD\Examples\Box_Disp_ADR\Box_Disp_ADR.grpd
    | Entering *PARTICLE section (Line 1)
    | Entering *LOAD section (Line 5003)
    | ============================================
    | File reading complete!
    | Total particles: 5000
    | Total load entries: 100
    | ============================================

[00:35:51] [INFO ] [InitConditions]
    | Load statistics:
    | - DISP : 100
    | Boundary conditions initialization complete.

[00:35:51] [INFO ] [InitNeighbors]
    | ==================================================
    | Entering Neighbor Search Phase...
    | ==================================================
    | Horizon radius: 3.015000

[00:35:51] [INFO ] [NeighborList]
    | Starting full-flat CSR search for 5000 particles, horizon = 3.015000
    | Cell grid: 33 x 17 x 1 = 561 cells
    | Flat cell list built in 0.999928 ms
    | Pass 1 (count) done in 1.000166 ms
    | Total bonds: 134636, Memory: 1 MB
    | Pass 2 (fill) done in 1.999855 ms
    | Max neighbors: 28
    | Total time: 3.999949 ms

[00:35:51] [INFO ] [FieldManager]
    | Added field 'NeighborCount'.

[00:35:51] [INFO ] [InitNeighbors]
    | NeighborCount field populated for 5000 particles.

[00:35:51] [INFO ] [FieldManager]
    | Added field 'Damage'.

[00:35:51] [INFO ] [InitNeighbors]
    | Global Damage scalar field properly initialized to 0.0
    | Neighbor search phase complete.
    | Initializing Material-specific Damage Models...
    | Material Damage Models initialized. Total Active Models: 0

[00:35:51] [INFO ] [InitSolverComponents]
    | ==================================================
    | Entering Solver Components Assembly Phase...
    | ==================================================
    | Building Time Integrator: ADR
    | Time Integrator configured.
    | Building Space Kernel: NOSB_M

[00:35:51] [INFO ] [NOSB_Base]
    | Applied KernelWeightType: Gaussian
    | Applied ZeroEnergyG0: 1.000000
    | Applied ZeroEnergyMethod string: Zhang

[00:35:51] [INFO ] [InitSolverComponents]
    | Space Kernel 'NOSB_M' configured.
    | Total kernels assembled: 1

[00:35:51] [INFO ] [PDEngine]
    | PD simulation context initialized successfully.

[00:35:51] [INFO ] [EngineManager]
    | All solvers initialized. Total: 1
    | ==================================================
    | Entering Main Solver Phase
    | ==================================================
    | Solving: PD

[00:35:51] [INFO ] [PDEngine]
    | Starting PD Engine Solve Phase...

[00:35:51] [INFO ] [ADR]
    | Identified 2nd-order ODE coupling: Displacement <- Velocity <- Acceleration

[00:35:51] [INFO ] [FieldManager]
    | Added field 'ShapeTensorInv'.
    | Added field 'VHorizon'.

[00:35:51] [INFO ] [NOSB_Base]
    | Computing InfluenceWeight + Shape Tensor Inverse (K^-1)...
    | All NOSB base fields registered and Shape Tensor Inverse computed.

[00:35:51] [INFO ] [FieldManager]
    | Added field 'DeformationGradient'.
    | Added field 'PK1Stress'.

[00:35:51] [INFO ] [NOSB_M]
    | Instantiated MechanicalStabilizer globally in Phase 0 using strategy: Zhang

[00:35:51] [INFO ] [ADR]
    | Auto CFL dt: dx = 1.000000, c = 447.213595, massScale = 125000000.000000, dt = 0.001789

[00:35:51] [INFO ] [ADR_Integrator]
    | Starting Custom ADR: NumLoadSteps = 1, NumSubsteps = 10, KBC = 0, MassScale = 125000000.000000,
    | DampingMethod = HybridKinetic, dt = 0.001789
    | === Load Step 0 / 0 ===
    |     [Substep 0] Computed RampIters: 65
    |     [Step 0 / Sub 0] Converged. Iter: 720 | TOL1(V): 6.3129e-06 | TOL2(dU): 1.4970e-08 | TOL3(Res):
    |     9.8404e-05 | cn: 2.8811e+01
    |     [Substep 1] Computed RampIters: 65
    |     [Step 0 / Sub 1] Converged. Iter: 720 | TOL1(V): 6.2724e-06 | TOL2(dU): 2.7289e-08 | TOL3(Res):
    |     9.7771e-05 | cn: 2.8811e+01
    |     [Substep 2] Computed RampIters: 65
    |     [Step 0 / Sub 2] Converged. Iter: 720 | TOL1(V): 6.2724e-06 | TOL2(dU): 2.7289e-08 | TOL3(Res):
    |     9.7771e-05 | cn: 2.8811e+01
    |     [Substep 3] Computed RampIters: 65
    |     [Step 0 / Sub 3] Converged. Iter: 720 | TOL1(V): 6.2724e-06 | TOL2(dU): 2.7289e-08 | TOL3(Res):
    |     9.7771e-05 | cn: 2.8811e+01
    |     [Substep 4] Computed RampIters: 65
    |     [Step 0 / Sub 4] Converged. Iter: 720 | TOL1(V): 6.2724e-06 | TOL2(dU): 2.7289e-08 | TOL3(Res):
    |     9.7771e-05 | cn: 2.8811e+01
    |     [Substep 5] Computed RampIters: 65
    |     [Step 0 / Sub 5] Converged. Iter: 720 | TOL1(V): 6.2724e-06 | TOL2(dU): 2.7289e-08 | TOL3(Res):
    |     9.7771e-05 | cn: 2.8811e+01
    |     [Substep 6] Computed RampIters: 65
    |     [Step 0 / Sub 6] Converged. Iter: 720 | TOL1(V): 6.2724e-06 | TOL2(dU): 2.7289e-08 | TOL3(Res):
    |     9.7771e-05 | cn: 2.8811e+01
    |     [Substep 7] Computed RampIters: 65
    |     [Step 0 / Sub 7] Converged. Iter: 720 | TOL1(V): 6.2724e-06 | TOL2(dU): 2.7289e-08 | TOL3(Res):
    |     9.7771e-05 | cn: 2.8811e+01
    |     [Substep 8] Computed RampIters: 65
    |     [Step 0 / Sub 8] Converged. Iter: 720 | TOL1(V): 6.2724e-06 | TOL2(dU): 2.7289e-08 | TOL3(Res):
    |     9.7771e-05 | cn: 2.8811e+01
    |     [Substep 9] Computed RampIters: 65
    |     [Step 0 / Sub 9] Converged. Iter: 720 | TOL1(V): 6.2724e-06 | TOL2(dU): 2.7289e-08 | TOL3(Res):
    |     9.7771e-05 | cn: 2.8811e+01
    | Finished. Total: 14.521667s  |  Pure Compute avg: 0.001929 s/step

[00:36:05] [INFO ] [PDEngine]
    | PD Engine Solve Phase Finished.

[00:36:05] [INFO ] [EngineManager]
    | Main Solver Phase finished.
    | ==================================================
    | Entering Post-processing Phase
    | ==================================================
    | Outputting: PD
    | Post-processing Phase finished.

[00:38:34] [INFO ] [EngineManager]
    | ==================================================
    | GRPD Solver Engine Initialized                 
    | ==================================================

[00:38:34] [INFO ] [EngineRegistry]
    | Creating Engine instance: PD

[00:38:34] [INFO ] [PDEngine]
    | PD Engine instance created.
    | ===============================================
    | ========== Registered Types Summary ===========
    | TimeIntegrator    : ADR, CentralDifference, Explicit, Staggered
    | FieldRegistry     : DoubleField, IntField
    | PhysicsFields     : Mechanical, Thermal
    | BCRegistry        : BODY_FORCE, CONV, DISP, FLUX, PRESSURE, T, VELOCITY
    | ReaderRegistry    : .grpd, .inp
    | StabilizerRegistry: Mechanical_Silling, Mechanical_Wan, Mechanical_Zhang, Thermal_Silling,
    | Thermal_Wan, Thermal_Zhang
    | MaterialRegistry  : FourierThermalMat, J2PlasticityMat, LinearElasticMat
    | KernelRegistry    : NOSB_M, NOSB_T
    | EngineRegistry    : PD
    | ===============================================

[00:38:34] [INFO ] [EngineManager]
    | Initializing solver: PD

[00:38:34] [INFO ] [PDEngine]
    | Initializing PD simulation context...

[00:38:34] [INFO ] [InitModel]
    | ==================================================
    | Model pre-processing...
    | ==================================================
    | grpd path: D:\C++pro\GRPD\Examples\Box_Disp_ADR\Box_Disp_ADR.grpd
    | model name: Box_Disp_ADR
    | Calling Python pre-processor to generate .grpd mesh...
    | Mesh generated successfully by Python.

[00:38:35] [INFO ] [Context Manager]
    | Formalized model name to: Box_Disp_ADR
    | Model dimension set to: 2D

[00:38:35] [INFO ] [ReaderRegistry]
    | Creating reader for: .grpd (name: Box_Disp_ADR)

[00:38:35] [INFO ] [InitModel]
    | Reading mesh file: D:\C++pro\GRPD\Examples\Box_Disp_ADR\Box_Disp_ADR.grpd (reader: .grpd)

[00:38:35] [INFO ] [GrpdMeshReader]
    | Reading file: D:\C++pro\GRPD\Examples\Box_Disp_ADR\Box_Disp_ADR.grpd
    | Entering *PARTICLE section (Line 1)
    | Entering *LOAD section (Line 5003)
    | ============================================
    | File reading complete!
    | Total particles: 5000
    | Total load entries: 100
    | ============================================

[00:38:35] [INFO ] [InitModel]
    | Total particles loaded for model Box_Disp_ADR: 5000

[00:38:35] [INFO ] [InitMaterial]
    | ==================================================
    | Entering Material Initialization Phase...
    | ==================================================
    | Instantiating material [1] of type: J2PlasticityMat

[00:38:35] [INFO ] [MaterialRegistry]
    | Using factory to create material: Steel_Plastic (type: J2PlasticityMat)

[00:38:35] [INFO ] [J2PlasticityMat]
    | Hardening Type: Isotropic

[00:38:35] [INFO ] [MaterialManager]
    | Successfully added material instance: Steel_Plastic

[00:38:35] [INFO ] [InitMaterial]
    | Successfully registered material ID 1 (Steel_Plastic)
    | Assigning material pointers to particles...
    | Successfully assigned materials to 5000 particles.

[00:38:35] [INFO ] [InitFields]
    | ==================================================
    | Entering Field Registration Phase...
    | ==================================================

[00:38:35] [INFO ] [FieldManager]
    | Added field 'Displacement'.
    | Added field 'Velocity'.
    | Added field 'Acceleration'.

[00:38:35] [INFO ] [MechanicalFields]
    | Core fields registered: Displacement, Velocity, Acceleration.

[00:38:35] [INFO ] [InitFields]
    | Auto-registered PhysicsFields module: Mechanical

[00:38:35] [INFO ] [FieldManager]
    | Added field 'ID'.
    | Added field 'PartID'.
    | Added field 'MatID'.
    | Added field 'Coords'.
    | Added field 'Volume'.
    | Added field 'EqPlasticStrain_Old'.
    | Added field 'EqPlasticStrain_Trial'.
    | Added field 'PlasticStrain_Old'.
    | Added field 'PlasticStrain_Trial'.
    | Added field 'VonMisesStress'.
    | Resized all 13 fields for 5000 particles.

[00:38:35] [INFO ] [InitFields]
    | Binding high-speed material state pointers...

[00:38:35] [INFO ] [MeshData]
    | Populated particle geometry fields into FieldManager for 5000 particles.

[00:38:35] [INFO ] [InitFields]
    | All fields allocated for 5000 particles. Total fields: 13.

[00:38:35] [INFO ] [InitConditions]
    | ==================================================
    | Entering Conditions Initialization Phase...
    | ==================================================

[00:38:35] [INFO ] [ReaderRegistry]
    | Creating reader for: .grpd (name: LoadReader)

[00:38:35] [INFO ] [GrpdMeshReader]
    | Reading file: D:\C++pro\GRPD\Examples\Box_Disp_ADR\Box_Disp_ADR.grpd
    | Entering *PARTICLE section (Line 1)
    | Entering *LOAD section (Line 5003)
    | ============================================
    | File reading complete!
    | Total particles: 5000
    | Total load entries: 100
    | ============================================

[00:38:35] [INFO ] [InitConditions]
    | Load statistics:
    | - DISP : 100
    | Boundary conditions initialization complete.

[00:38:35] [INFO ] [InitNeighbors]
    | ==================================================
    | Entering Neighbor Search Phase...
    | ==================================================
    | Horizon radius: 3.015000

[00:38:35] [INFO ] [NeighborList]
    | Starting full-flat CSR search for 5000 particles, horizon = 3.015000
    | Cell grid: 33 x 17 x 1 = 561 cells
    | Flat cell list built in 3.000021 ms
    | Pass 1 (count) done in 0.000000 ms
    | Total bonds: 134636, Memory: 1 MB
    | Pass 2 (fill) done in 3.999949 ms
    | Max neighbors: 28
    | Total time: 6.999969 ms

[00:38:35] [INFO ] [FieldManager]
    | Added field 'NeighborCount'.

[00:38:35] [INFO ] [InitNeighbors]
    | NeighborCount field populated for 5000 particles.

[00:38:35] [INFO ] [FieldManager]
    | Added field 'Damage'.

[00:38:35] [INFO ] [InitNeighbors]
    | Global Damage scalar field properly initialized to 0.0
    | Neighbor search phase complete.
    | Initializing Material-specific Damage Models...
    | Material Damage Models initialized. Total Active Models: 0

[00:38:35] [INFO ] [InitSolverComponents]
    | ==================================================
    | Entering Solver Components Assembly Phase...
    | ==================================================
    | Building Time Integrator: ADR
    | Time Integrator configured.
    | Building Space Kernel: NOSB_M

[00:38:35] [INFO ] [NOSB_Base]
    | Applied KernelWeightType: Gaussian
    | Applied ZeroEnergyG0: 1.000000
    | Applied ZeroEnergyMethod string: Zhang

[00:38:35] [INFO ] [InitSolverComponents]
    | Space Kernel 'NOSB_M' configured.
    | Total kernels assembled: 1

[00:38:35] [INFO ] [PDEngine]
    | PD simulation context initialized successfully.

[00:38:35] [INFO ] [EngineManager]
    | All solvers initialized. Total: 1
    | ==================================================
    | Entering Main Solver Phase
    | ==================================================
    | Solving: PD

[00:38:35] [INFO ] [PDEngine]
    | Starting PD Engine Solve Phase...

[00:38:35] [INFO ] [ADR]
    | Identified 2nd-order ODE coupling: Displacement <- Velocity <- Acceleration

[00:38:35] [INFO ] [FieldManager]
    | Added field 'ShapeTensorInv'.
    | Added field 'VHorizon'.

[00:38:35] [INFO ] [NOSB_Base]
    | Computing InfluenceWeight + Shape Tensor Inverse (K^-1)...
    | All NOSB base fields registered and Shape Tensor Inverse computed.

[00:38:35] [INFO ] [FieldManager]
    | Added field 'DeformationGradient'.
    | Added field 'PK1Stress'.

[00:38:35] [INFO ] [NOSB_M]
    | Instantiated MechanicalStabilizer globally in Phase 0 using strategy: Zhang

[00:38:35] [INFO ] [ADR]
    | Auto CFL dt: dx = 1.000000, c = 447.213595, massScale = 125000000.000000, dt = 0.001789

[00:38:35] [INFO ] [ADR_Integrator]
    | Starting Custom ADR: NumLoadSteps = 1, NumSubsteps = 10, KBC = 0, MassScale = 125000000.000000,
    | DampingMethod = HybridKinetic, dt = 0.001789
    | === Load Step 0 / 0 ===
    |     [Substep 0] Computed RampIters: 65
    |     [Step 0 / Sub 0] Converged. Iter: 786 | TOL1(V): 6.4164e-06 | TOL2(dU): 3.0431e-09 | TOL3(Res):
    |     9.9396e-05 | cn: 2.8812e+01
    |     [Substep 1] Computed RampIters: 65
    |     [Step 0 / Sub 1] Converged. Iter: 787 | TOL1(V): 6.4071e-06 | TOL2(dU): 5.5749e-09 | TOL3(Res):
    |     9.9270e-05 | cn: 2.8812e+01
    |     [Substep 2] Computed RampIters: 65
    |     [Step 0 / Sub 2] Converged. Iter: 820 | TOL1(V): 6.3111e-06 | TOL2(dU): 5.4914e-09 | TOL3(Res):
    |     9.8421e-05 | cn: 2.8815e+01
    |     [Substep 3] Computed RampIters: 65
    |     [Step 0 / Sub 3] Converged. Iter: 954 | TOL1(V): 6.5612e-06 | TOL2(dU): 5.7220e-09 | TOL3(Res):
    |     9.7916e-05 | cn: 2.7212e+01
    |     [Substep 4] Computed RampIters: 65
    |     > Sub 4 Iter 2000 | LF: 0.500000 | Res: 7.5887e-03 | cn: 7.1106e+00 | Speed: 537 steps/s
    |     [Step 0 / Sub 4] Converged. Iter: 2772 | TOL1(V): 2.4345e-05 | TOL2(dU): 1.9946e-08 |
    |     TOL3(Res): 9.9772e-05 | cn: 7.1568e+00
    |     [Substep 5] Computed RampIters: 65
    |     > Sub 5 Iter 2000 | LF: 0.600000 | Res: 2.5899e-02 | cn: 6.1665e+00 | Speed: 533 steps/s
    |     [Step 0 / Sub 5] Converged. Iter: 3210 | TOL1(V): 2.2721e-05 | TOL2(dU): 1.8554e-08 |
    |     TOL3(Res): 9.9326e-05 | cn: 6.9134e+00
    |     [Substep 6] Computed RampIters: 65
    |     > Sub 6 Iter 2000 | LF: 0.700000 | Res: 5.4358e-02 | cn: 5.6607e+00 | Speed: 532 steps/s
    |     [Step 0 / Sub 6] Converged. Iter: 3572 | TOL1(V): 2.1067e-05 | TOL2(dU): 1.7062e-08 |
    |     TOL3(Res): 9.9972e-05 | cn: 6.4266e+00
    |     [Substep 7] Computed RampIters: 65
    |     > Sub 7 Iter 2000 | LF: 0.800000 | Res: 7.6230e-02 | cn: 5.2256e+00 | Speed: 528 steps/s
    |     [Step 0 / Sub 7] Converged. Iter: 3805 | TOL1(V): 2.2579e-05 | TOL2(dU): 1.8202e-08 |
    |     TOL3(Res): 9.8562e-05 | cn: 6.1502e+00
    |     [Substep 8] Computed RampIters: 65
    |     > Sub 8 Iter 2000 | LF: 0.900000 | Res: 1.2382e-01 | cn: 4.2272e+00 | Speed: 521 steps/s
    |     > Sub 8 Iter 4000 | LF: 0.900000 | Res: 1.7320e-04 | cn: 4.2123e+00 | Speed: 518 steps/s
    |     [Step 0 / Sub 8] Converged. Iter: 4160 | TOL1(V): 4.3351e-05 | TOL2(dU): 3.5161e-08 |
    |     TOL3(Res): 9.9975e-05 | cn: 4.2111e+00
    |     [Substep 9] Computed RampIters: 65
    |     > Sub 9 Iter 2000 | LF: 1.000000 | Res: 1.6593e-01 | cn: 3.9049e+00 | Speed: 515 steps/s
    |     > Sub 9 Iter 4000 | LF: 1.000000 | Res: 3.5508e-04 | cn: 3.9038e+00 | Speed: 514 steps/s
    |     [Step 0 / Sub 9] Converged. Iter: 4395 | TOL1(V): 4.7170e-05 | TOL2(dU): 3.9067e-08 |
    |     TOL3(Res): 9.9684e-05 | cn: 3.9045e+00
    | Finished. Total: 51.270063s  |  Pure Compute avg: 0.001946 s/step

[00:39:26] [INFO ] [PDEngine]
    | PD Engine Solve Phase Finished.

[00:39:26] [INFO ] [EngineManager]
    | Main Solver Phase finished.
    | ==================================================
    | Entering Post-processing Phase
    | ==================================================
    | Outputting: PD
    | Post-processing Phase finished.

[00:41:36] [INFO ] [EngineManager]
    | ==================================================
    | GRPD Solver Engine Initialized                 
    | ==================================================

[00:41:36] [INFO ] [EngineRegistry]
    | Creating Engine instance: PD

[00:41:36] [INFO ] [PDEngine]
    | PD Engine instance created.
    | ===============================================
    | ========== Registered Types Summary ===========
    | TimeIntegrator    : ADR, CentralDifference, Explicit, Staggered
    | FieldRegistry     : DoubleField, IntField
    | PhysicsFields     : Mechanical, Thermal
    | BCRegistry        : BODY_FORCE, CONV, DISP, FLUX, PRESSURE, T, VELOCITY
    | ReaderRegistry    : .grpd, .inp
    | StabilizerRegistry: Mechanical_Silling, Mechanical_Wan, Mechanical_Zhang, Thermal_Silling,
    | Thermal_Wan, Thermal_Zhang
    | MaterialRegistry  : FourierThermalMat, J2PlasticityMat, LinearElasticMat
    | KernelRegistry    : NOSB_M, NOSB_T
    | EngineRegistry    : PD
    | ===============================================

[00:41:36] [INFO ] [EngineManager]
    | Initializing solver: PD

[00:41:36] [INFO ] [PDEngine]
    | Initializing PD simulation context...

[00:41:36] [INFO ] [InitModel]
    | ==================================================
    | Model pre-processing...
    | ==================================================
    | grpd path: D:\C++pro\GRPD\Examples\Box_Disp_ADR\Box_Disp_ADR.grpd
    | model name: Box_Disp_ADR
    | Found existing .grpd mesh file at: D:\C++pro\GRPD\Examples\Box_Disp_ADR\Box_Disp_ADR.grpd. Skipping
    | generation.

[00:41:36] [INFO ] [Context Manager]
    | Formalized model name to: Box_Disp_ADR
    | Model dimension set to: 2D

[00:41:36] [INFO ] [ReaderRegistry]
    | Creating reader for: .grpd (name: Box_Disp_ADR)

[00:41:36] [INFO ] [InitModel]
    | Reading mesh file: D:\C++pro\GRPD\Examples\Box_Disp_ADR\Box_Disp_ADR.grpd (reader: .grpd)

[00:41:36] [INFO ] [GrpdMeshReader]
    | Reading file: D:\C++pro\GRPD\Examples\Box_Disp_ADR\Box_Disp_ADR.grpd
    | Entering *PARTICLE section (Line 1)
    | Entering *LOAD section (Line 5003)
    | ============================================
    | File reading complete!
    | Total particles: 5000
    | Total load entries: 100
    | ============================================

[00:41:36] [INFO ] [InitModel]
    | Total particles loaded for model Box_Disp_ADR: 5000

[00:41:36] [INFO ] [InitMaterial]
    | ==================================================
    | Entering Material Initialization Phase...
    | ==================================================
    | Instantiating material [1] of type: J2PlasticityMat

[00:41:36] [INFO ] [MaterialRegistry]
    | Using factory to create material: Steel_Plastic (type: J2PlasticityMat)

[00:41:36] [INFO ] [J2PlasticityMat]
    | Hardening Type: Isotropic

[00:41:36] [INFO ] [MaterialManager]
    | Successfully added material instance: Steel_Plastic

[00:41:36] [INFO ] [InitMaterial]
    | Successfully registered material ID 1 (Steel_Plastic)
    | Assigning material pointers to particles...
    | Successfully assigned materials to 5000 particles.

[00:41:36] [INFO ] [InitFields]
    | ==================================================
    | Entering Field Registration Phase...
    | ==================================================

[00:41:36] [INFO ] [FieldManager]
    | Added field 'Displacement'.
    | Added field 'Velocity'.
    | Added field 'Acceleration'.

[00:41:36] [INFO ] [MechanicalFields]
    | Core fields registered: Displacement, Velocity, Acceleration.

[00:41:36] [INFO ] [InitFields]
    | Auto-registered PhysicsFields module: Mechanical

[00:41:36] [INFO ] [FieldManager]
    | Added field 'ID'.
    | Added field 'PartID'.
    | Added field 'MatID'.
    | Added field 'Coords'.
    | Added field 'Volume'.
    | Added field 'EqPlasticStrain_Old'.
    | Added field 'EqPlasticStrain_Trial'.
    | Added field 'PlasticStrain_Old'.
    | Added field 'PlasticStrain_Trial'.
    | Added field 'VonMisesStress'.
    | Resized all 13 fields for 5000 particles.

[00:41:36] [INFO ] [InitFields]
    | Binding high-speed material state pointers...

[00:41:36] [INFO ] [MeshData]
    | Populated particle geometry fields into FieldManager for 5000 particles.

[00:41:36] [INFO ] [InitFields]
    | All fields allocated for 5000 particles. Total fields: 13.

[00:41:36] [INFO ] [InitConditions]
    | ==================================================
    | Entering Conditions Initialization Phase...
    | ==================================================

[00:41:36] [INFO ] [ReaderRegistry]
    | Creating reader for: .grpd (name: LoadReader)

[00:41:36] [INFO ] [GrpdMeshReader]
    | Reading file: D:\C++pro\GRPD\Examples\Box_Disp_ADR\Box_Disp_ADR.grpd
    | Entering *PARTICLE section (Line 1)
    | Entering *LOAD section (Line 5003)
    | ============================================
    | File reading complete!
    | Total particles: 5000
    | Total load entries: 100
    | ============================================

[00:41:36] [INFO ] [InitConditions]
    | Load statistics:
    | - DISP : 100
    | Boundary conditions initialization complete.

[00:41:36] [INFO ] [InitNeighbors]
    | ==================================================
    | Entering Neighbor Search Phase...
    | ==================================================
    | Horizon radius: 3.015000

[00:41:36] [INFO ] [NeighborList]
    | Starting full-flat CSR search for 5000 particles, horizon = 3.015000
    | Cell grid: 33 x 17 x 1 = 561 cells
    | Flat cell list built in 0.000000 ms
    | Pass 1 (count) done in 2.000093 ms
    | Total bonds: 134636, Memory: 1 MB
    | Pass 2 (fill) done in 1.999855 ms
    | Max neighbors: 28
    | Total time: 3.999949 ms

[00:41:36] [INFO ] [FieldManager]
    | Added field 'NeighborCount'.

[00:41:36] [INFO ] [InitNeighbors]
    | NeighborCount field populated for 5000 particles.

[00:41:36] [INFO ] [FieldManager]
    | Added field 'Damage'.

[00:41:36] [INFO ] [InitNeighbors]
    | Global Damage scalar field properly initialized to 0.0
    | Neighbor search phase complete.
    | Initializing Material-specific Damage Models...
    | Material Damage Models initialized. Total Active Models: 0

[00:41:36] [INFO ] [InitSolverComponents]
    | ==================================================
    | Entering Solver Components Assembly Phase...
    | ==================================================
    | Building Time Integrator: ADR
    | Time Integrator configured.
    | Building Space Kernel: NOSB_M

[00:41:36] [INFO ] [NOSB_Base]
    | Applied KernelWeightType: Gaussian
    | Applied ZeroEnergyG0: 0.200000
    | Applied ZeroEnergyMethod string: Zhang

[00:41:36] [INFO ] [InitSolverComponents]
    | Space Kernel 'NOSB_M' configured.
    | Total kernels assembled: 1

[00:41:36] [INFO ] [PDEngine]
    | PD simulation context initialized successfully.

[00:41:36] [INFO ] [EngineManager]
    | All solvers initialized. Total: 1
    | ==================================================
    | Entering Main Solver Phase
    | ==================================================
    | Solving: PD

[00:41:36] [INFO ] [PDEngine]
    | Starting PD Engine Solve Phase...

[00:41:36] [INFO ] [ADR]
    | Identified 2nd-order ODE coupling: Displacement <- Velocity <- Acceleration

[00:41:36] [INFO ] [FieldManager]
    | Added field 'ShapeTensorInv'.
    | Added field 'VHorizon'.

[00:41:36] [INFO ] [NOSB_Base]
    | Computing InfluenceWeight + Shape Tensor Inverse (K^-1)...
    | All NOSB base fields registered and Shape Tensor Inverse computed.

[00:41:36] [INFO ] [FieldManager]
    | Added field 'DeformationGradient'.
    | Added field 'PK1Stress'.

[00:41:36] [INFO ] [NOSB_M]
    | Instantiated MechanicalStabilizer globally in Phase 0 using strategy: Zhang

[00:41:36] [INFO ] [ADR]
    | Auto CFL dt: dx = 1.000000, c = 447.213595, massScale = 125000000.000000, dt = 0.001789

[00:41:36] [INFO ] [ADR_Integrator]
    | Starting Custom ADR: NumLoadSteps = 1, NumSubsteps = 10, KBC = 0, MassScale = 125000000.000000,
    | DampingMethod = HybridKinetic, dt = 0.001789
    | === Load Step 0 / 0 ===
    |     [Substep 0] Computed RampIters: 65
    |     [Step 0 / Sub 0] Converged. Iter: 796 | TOL1(V): 6.4174e-06 | TOL2(dU): 3.0468e-09 | TOL3(Res):
    |     9.8021e-05 | cn: 2.8414e+01
    |     [Substep 1] Computed RampIters: 65
    |     [Step 0 / Sub 1] Converged. Iter: 797 | TOL1(V): 6.4483e-06 | TOL2(dU): 5.6310e-09 | TOL3(Res):
    |     9.8530e-05 | cn: 2.8414e+01
    |     [Substep 2] Computed RampIters: 65
    |     [Step 0 / Sub 2] Converged. Iter: 824 | TOL1(V): 6.4665e-06 | TOL2(dU): 5.6469e-09 | TOL3(Res):
    |     9.9475e-05 | cn: 2.8417e+01
    |     [Substep 3] Computed RampIters: 65
    |     [Step 0 / Sub 3] Converged. Iter: 1002 | TOL1(V): 7.3182e-06 | TOL2(dU): 6.4206e-09 |
    |     TOL3(Res): 9.9279e-05 | cn: 2.4862e+01
    |     [Substep 4] Computed RampIters: 65
    |     > Sub 4 Iter 2000 | LF: 0.500000 | Res: 7.3967e-03 | cn: 7.0671e+00 | Speed: 507 steps/s
    |     [Step 0 / Sub 4] Converged. Iter: 2757 | TOL1(V): 2.5816e-05 | TOL2(dU): 2.1706e-08 |
    |     TOL3(Res): 9.9467e-05 | cn: 7.0569e+00
    |     [Substep 5] Computed RampIters: 65
    |     > Sub 5 Iter 2000 | LF: 0.600000 | Res: 3.4375e-02 | cn: 5.8856e+00 | Speed: 497 steps/s
    |     [Step 0 / Sub 5] Converged. Iter: 3230 | TOL1(V): 3.1357e-05 | TOL2(dU): 2.5714e-08 |
    |     TOL3(Res): 9.9784e-05 | cn: 5.8816e+00
    |     [Substep 6] Computed RampIters: 65
    |     > Sub 6 Iter 2000 | LF: 0.700000 | Res: 7.1108e-02 | cn: 5.3047e+00 | Speed: 495 steps/s
    |     [Step 0 / Sub 6] Converged. Iter: 3548 | TOL1(V): 3.4806e-05 | TOL2(dU): 2.8289e-08 |
    |     TOL3(Res): 9.9946e-05 | cn: 5.3006e+00
    |     [Substep 7] Computed RampIters: 65
    |     > Sub 7 Iter 2000 | LF: 0.800000 | Res: 1.1380e-01 | cn: 4.9041e+00 | Speed: 495 steps/s
    |     [Step 0 / Sub 7] Converged. Iter: 3811 | TOL1(V): 3.7618e-05 | TOL2(dU): 3.0380e-08 |
    |     TOL3(Res): 9.9917e-05 | cn: 4.8957e+00
    |     [Substep 8] Computed RampIters: 65
    |     > Sub 8 Iter 2000 | LF: 0.900000 | Res: 1.6696e-01 | cn: 4.5998e+00 | Speed: 493 steps/s
    |     > Sub 8 Iter 4000 | LF: 0.900000 | Res: 1.2459e-04 | cn: 4.5867e+00 | Speed: 493 steps/s
    |     [Step 0 / Sub 8] Converged. Iter: 4059 | TOL1(V): 3.9982e-05 | TOL2(dU): 3.2187e-08 |
    |     TOL3(Res): 9.9706e-05 | cn: 4.5868e+00
    |     [Substep 9] Computed RampIters: 65
    |     > Sub 9 Iter 2000 | LF: 1.000000 | Res: 2.0217e-01 | cn: 4.4284e+00 | Speed: 492 steps/s
    |     > Sub 9 Iter 4000 | LF: 1.000000 | Res: 2.2520e-04 | cn: 4.4054e+00 | Speed: 492 steps/s
    |     [Step 0 / Sub 9] Converged. Iter: 4226 | TOL1(V): 4.1493e-05 | TOL2(dU): 3.3385e-08 |
    |     TOL3(Res): 9.9737e-05 | cn: 4.4051e+00
    | Finished. Total: 53.011404s  |  Pure Compute avg: 0.002031 s/step

[00:42:29] [INFO ] [PDEngine]
    | PD Engine Solve Phase Finished.

[00:42:29] [INFO ] [EngineManager]
    | Main Solver Phase finished.
    | ==================================================
    | Entering Post-processing Phase
    | ==================================================
    | Outputting: PD
    | Post-processing Phase finished.

[00:44:59] [INFO ] [EngineManager]
    | ==================================================
    | GRPD Solver Engine Initialized                 
    | ==================================================

[00:44:59] [INFO ] [EngineRegistry]
    | Creating Engine instance: PD

[00:44:59] [INFO ] [PDEngine]
    | PD Engine instance created.
    | ===============================================
    | ========== Registered Types Summary ===========
    | TimeIntegrator    : ADR, CentralDifference, Explicit, Staggered
    | FieldRegistry     : DoubleField, IntField
    | PhysicsFields     : Mechanical, Thermal
    | BCRegistry        : BODY_FORCE, CONV, DISP, FLUX, PRESSURE, T, VELOCITY
    | ReaderRegistry    : .grpd, .inp
    | StabilizerRegistry: Mechanical_Silling, Mechanical_Wan, Mechanical_Zhang, Thermal_Silling,
    | Thermal_Wan, Thermal_Zhang
    | MaterialRegistry  : FourierThermalMat, J2PlasticityMat, LinearElasticMat
    | KernelRegistry    : NOSB_M, NOSB_T
    | EngineRegistry    : PD
    | ===============================================

[00:44:59] [INFO ] [EngineManager]
    | Initializing solver: PD

[00:44:59] [INFO ] [PDEngine]
    | Initializing PD simulation context...

[00:44:59] [INFO ] [InitModel]
    | ==================================================
    | Model pre-processing...
    | ==================================================
    | grpd path: D:\C++pro\GRPD\Examples\Box_Disp_ADR\Box_Disp_ADR.grpd
    | model name: Box_Disp_ADR
    | Found existing .grpd mesh file at: D:\C++pro\GRPD\Examples\Box_Disp_ADR\Box_Disp_ADR.grpd. Skipping
    | generation.

[00:44:59] [INFO ] [Context Manager]
    | Formalized model name to: Box_Disp_ADR
    | Model dimension set to: 2D

[00:44:59] [INFO ] [ReaderRegistry]
    | Creating reader for: .grpd (name: Box_Disp_ADR)

[00:44:59] [INFO ] [InitModel]
    | Reading mesh file: D:\C++pro\GRPD\Examples\Box_Disp_ADR\Box_Disp_ADR.grpd (reader: .grpd)

[00:44:59] [INFO ] [GrpdMeshReader]
    | Reading file: D:\C++pro\GRPD\Examples\Box_Disp_ADR\Box_Disp_ADR.grpd
    | Entering *PARTICLE section (Line 1)
    | Entering *LOAD section (Line 5003)
    | ============================================
    | File reading complete!
    | Total particles: 5000
    | Total load entries: 100
    | ============================================

[00:44:59] [INFO ] [InitModel]
    | Total particles loaded for model Box_Disp_ADR: 5000

[00:44:59] [INFO ] [InitMaterial]
    | ==================================================
    | Entering Material Initialization Phase...
    | ==================================================
    | Instantiating material [1] of type: J2PlasticityMat

[00:44:59] [INFO ] [MaterialRegistry]
    | Using factory to create material: Steel_Plastic (type: J2PlasticityMat)

[00:44:59] [INFO ] [J2PlasticityMat]
    | Hardening Type: Isotropic

[00:44:59] [INFO ] [MaterialManager]
    | Successfully added material instance: Steel_Plastic

[00:44:59] [INFO ] [InitMaterial]
    | Successfully registered material ID 1 (Steel_Plastic)
    | Assigning material pointers to particles...
    | Successfully assigned materials to 5000 particles.

[00:44:59] [INFO ] [InitFields]
    | ==================================================
    | Entering Field Registration Phase...
    | ==================================================

[00:44:59] [INFO ] [FieldManager]
    | Added field 'Displacement'.
    | Added field 'Velocity'.
    | Added field 'Acceleration'.

[00:44:59] [INFO ] [MechanicalFields]
    | Core fields registered: Displacement, Velocity, Acceleration.

[00:44:59] [INFO ] [InitFields]
    | Auto-registered PhysicsFields module: Mechanical

[00:44:59] [INFO ] [FieldManager]
    | Added field 'ID'.
    | Added field 'PartID'.
    | Added field 'MatID'.
    | Added field 'Coords'.
    | Added field 'Volume'.
    | Added field 'EqPlasticStrain_Old'.
    | Added field 'EqPlasticStrain_Trial'.
    | Added field 'PlasticStrain_Old'.
    | Added field 'PlasticStrain_Trial'.
    | Added field 'VonMisesStress'.
    | Resized all 13 fields for 5000 particles.

[00:44:59] [INFO ] [InitFields]
    | Binding high-speed material state pointers...

[00:44:59] [INFO ] [MeshData]
    | Populated particle geometry fields into FieldManager for 5000 particles.

[00:44:59] [INFO ] [InitFields]
    | All fields allocated for 5000 particles. Total fields: 13.

[00:44:59] [INFO ] [InitConditions]
    | ==================================================
    | Entering Conditions Initialization Phase...
    | ==================================================

[00:44:59] [INFO ] [ReaderRegistry]
    | Creating reader for: .grpd (name: LoadReader)

[00:44:59] [INFO ] [GrpdMeshReader]
    | Reading file: D:\C++pro\GRPD\Examples\Box_Disp_ADR\Box_Disp_ADR.grpd
    | Entering *PARTICLE section (Line 1)
    | Entering *LOAD section (Line 5003)
    | ============================================
    | File reading complete!
    | Total particles: 5000
    | Total load entries: 100
    | ============================================

[00:44:59] [INFO ] [InitConditions]
    | Load statistics:
    | - DISP : 100
    | Boundary conditions initialization complete.

[00:44:59] [INFO ] [InitNeighbors]
    | ==================================================
    | Entering Neighbor Search Phase...
    | ==================================================
    | Horizon radius: 3.015000

[00:44:59] [INFO ] [NeighborList]
    | Starting full-flat CSR search for 5000 particles, horizon = 3.015000
    | Cell grid: 33 x 17 x 1 = 561 cells
    | Flat cell list built in 0.000000 ms
    | Pass 1 (count) done in 0.999928 ms
    | Total bonds: 134636, Memory: 1 MB
    | Pass 2 (fill) done in 1.999855 ms
    | Max neighbors: 28
    | Total time: 2.999783 ms

[00:44:59] [INFO ] [FieldManager]
    | Added field 'NeighborCount'.

[00:44:59] [INFO ] [InitNeighbors]
    | NeighborCount field populated for 5000 particles.

[00:44:59] [INFO ] [FieldManager]
    | Added field 'Damage'.

[00:44:59] [INFO ] [InitNeighbors]
    | Global Damage scalar field properly initialized to 0.0
    | Neighbor search phase complete.
    | Initializing Material-specific Damage Models...
    | Material Damage Models initialized. Total Active Models: 0

[00:44:59] [INFO ] [InitSolverComponents]
    | ==================================================
    | Entering Solver Components Assembly Phase...
    | ==================================================
    | Building Time Integrator: ADR
    | Time Integrator configured.
    | Building Space Kernel: NOSB_M

[00:44:59] [INFO ] [NOSB_Base]
    | Applied KernelWeightType: Gaussian
    | Applied ZeroEnergyG0: 0.200000
    | Applied ZeroEnergyMethod string: Zhang

[00:44:59] [INFO ] [InitSolverComponents]
    | Space Kernel 'NOSB_M' configured.
    | Total kernels assembled: 1

[00:44:59] [INFO ] [PDEngine]
    | PD simulation context initialized successfully.

[00:44:59] [INFO ] [EngineManager]
    | All solvers initialized. Total: 1
    | ==================================================
    | Entering Main Solver Phase
    | ==================================================
    | Solving: PD

[00:44:59] [INFO ] [PDEngine]
    | Starting PD Engine Solve Phase...

[00:44:59] [INFO ] [ADR]
    | Identified 2nd-order ODE coupling: Displacement <- Velocity <- Acceleration

[00:44:59] [INFO ] [FieldManager]
    | Added field 'ShapeTensorInv'.
    | Added field 'VHorizon'.

[00:44:59] [INFO ] [NOSB_Base]
    | Computing InfluenceWeight + Shape Tensor Inverse (K^-1)...
    | All NOSB base fields registered and Shape Tensor Inverse computed.

[00:44:59] [INFO ] [FieldManager]
    | Added field 'DeformationGradient'.
    | Added field 'PK1Stress'.

[00:44:59] [INFO ] [NOSB_M]
    | Instantiated MechanicalStabilizer globally in Phase 0 using strategy: Zhang

[00:44:59] [INFO ] [ADR]
    | Auto CFL dt: dx = 1.000000, c = 447.213595, massScale = 125000000.000000, dt = 0.001789

[00:44:59] [INFO ] [ADR_Integrator]
    | Starting Custom ADR: NumLoadSteps = 1, NumSubsteps = 10, KBC = 0, MassScale = 125000000.000000,
    | DampingMethod = HybridKinetic, dt = 0.001789
    | === Load Step 0 / 0 ===
    |     [Substep 0] Computed RampIters: 65
    |     [Step 0 / Sub 0] Converged. Iter: 796 | TOL1(V): 6.4206e-06 | TOL2(dU): 3.0483e-09 | TOL3(Res):
    |     9.8069e-05 | cn: 2.8414e+01
    |     [Substep 1] Computed RampIters: 65
    |     [Step 0 / Sub 1] Converged. Iter: 796 | TOL1(V): 6.4125e-06 | TOL2(dU): 5.5997e-09 | TOL3(Res):
    |     9.7955e-05 | cn: 2.8414e+01
    |     [Substep 2] Computed RampIters: 65
    |     [Step 0 / Sub 2] Converged. Iter: 801 | TOL1(V): 6.4195e-06 | TOL2(dU): 5.6058e-09 | TOL3(Res):
    |     9.8267e-05 | cn: 2.8416e+01
    |     [Substep 3] Computed RampIters: 65
    |     [Step 0 / Sub 3] Converged. Iter: 845 | TOL1(V): 6.6511e-06 | TOL2(dU): 5.8187e-09 | TOL3(Res):
    |     9.8624e-05 | cn: 2.7219e+01
    |     [Substep 4] Computed RampIters: 65
    |     [Step 0 / Sub 4] Converged. Iter: 1043 | TOL1(V): 8.8687e-06 | TOL2(dU): 7.6775e-09 |
    |     TOL3(Res): 9.9266e-05 | cn: 2.0836e+01
    |     [Substep 5] Computed RampIters: 65
    |     [Step 0 / Sub 5] Converged. Iter: 1047 | TOL1(V): 8.8510e-06 | TOL2(dU): 7.6482e-09 |
    |     TOL3(Res): 9.8916e-05 | cn: 2.0801e+01
    |     [Substep 6] Computed RampIters: 65
    |     [Step 0 / Sub 6] Converged. Iter: 1047 | TOL1(V): 8.8771e-06 | TOL2(dU): 7.6698e-09 |
    |     TOL3(Res): 9.9116e-05 | cn: 2.0784e+01
    |     [Substep 7] Computed RampIters: 65
    |     [Step 0 / Sub 7] Converged. Iter: 1054 | TOL1(V): 9.0291e-06 | TOL2(dU): 7.8055e-09 |
    |     TOL3(Res): 9.9920e-05 | cn: 2.0602e+01
    |     [Substep 8] Computed RampIters: 65
    |     [Step 0 / Sub 8] Converged. Iter: 1055 | TOL1(V): 8.9982e-06 | TOL2(dU): 7.7803e-09 |
    |     TOL3(Res): 9.9489e-05 | cn: 2.0585e+01
    |     [Substep 9] Computed RampIters: 65
    |     [Step 0 / Sub 9] Converged. Iter: 1056 | TOL1(V): 8.9003e-06 | TOL2(dU): 7.6953e-09 |
    |     TOL3(Res): 9.8367e-05 | cn: 2.0577e+01
    | Finished. Total: 20.843548s  |  Pure Compute avg: 0.002083 s/step

[00:45:20] [INFO ] [PDEngine]
    | PD Engine Solve Phase Finished.

[00:45:20] [INFO ] [EngineManager]
    | Main Solver Phase finished.
    | ==================================================
    | Entering Post-processing Phase
    | ==================================================
    | Outputting: PD
    | Post-processing Phase finished.

[00:46:48] [INFO ] [EngineManager]
    | ==================================================
    | GRPD Solver Engine Initialized                 
    | ==================================================

[00:46:48] [INFO ] [EngineRegistry]
    | Creating Engine instance: PD

[00:46:48] [INFO ] [PDEngine]
    | PD Engine instance created.
    | ===============================================
    | ========== Registered Types Summary ===========
    | TimeIntegrator    : ADR, CentralDifference, Explicit, Staggered
    | FieldRegistry     : DoubleField, IntField
    | PhysicsFields     : Mechanical, Thermal
    | BCRegistry        : BODY_FORCE, CONV, DISP, FLUX, PRESSURE, T, VELOCITY
    | ReaderRegistry    : .grpd, .inp
    | StabilizerRegistry: Mechanical_Silling, Mechanical_Wan, Mechanical_Zhang, Thermal_Silling,
    | Thermal_Wan, Thermal_Zhang
    | MaterialRegistry  : FourierThermalMat, J2PlasticityMat, LinearElasticMat
    | KernelRegistry    : NOSB_M, NOSB_T
    | EngineRegistry    : PD
    | ===============================================

[00:46:48] [INFO ] [EngineManager]
    | Initializing solver: PD

[00:46:48] [INFO ] [PDEngine]
    | Initializing PD simulation context...

[00:46:48] [INFO ] [InitModel]
    | ==================================================
    | Model pre-processing...
    | ==================================================
    | grpd path: D:\C++pro\GRPD\Examples\Box_Disp_ADR\Box_Disp_ADR.grpd
    | model name: Box_Disp_ADR
    | Found existing .grpd mesh file at: D:\C++pro\GRPD\Examples\Box_Disp_ADR\Box_Disp_ADR.grpd. Skipping
    | generation.

[00:46:48] [INFO ] [Context Manager]
    | Formalized model name to: Box_Disp_ADR
    | Model dimension set to: 2D

[00:46:48] [INFO ] [ReaderRegistry]
    | Creating reader for: .grpd (name: Box_Disp_ADR)

[00:46:48] [INFO ] [InitModel]
    | Reading mesh file: D:\C++pro\GRPD\Examples\Box_Disp_ADR\Box_Disp_ADR.grpd (reader: .grpd)

[00:46:48] [INFO ] [GrpdMeshReader]
    | Reading file: D:\C++pro\GRPD\Examples\Box_Disp_ADR\Box_Disp_ADR.grpd
    | Entering *PARTICLE section (Line 1)
    | Entering *LOAD section (Line 5003)
    | ============================================
    | File reading complete!
    | Total particles: 5000
    | Total load entries: 100
    | ============================================

[00:46:48] [INFO ] [InitModel]
    | Total particles loaded for model Box_Disp_ADR: 5000

[00:46:48] [INFO ] [InitMaterial]
    | ==================================================
    | Entering Material Initialization Phase...
    | ==================================================
    | Instantiating material [1] of type: J2PlasticityMat

[00:46:48] [INFO ] [MaterialRegistry]
    | Using factory to create material: Steel_Plastic (type: J2PlasticityMat)

[00:46:48] [INFO ] [J2PlasticityMat]
    | Hardening Type: Isotropic

[00:46:48] [INFO ] [MaterialManager]
    | Successfully added material instance: Steel_Plastic

[00:46:48] [INFO ] [InitMaterial]
    | Successfully registered material ID 1 (Steel_Plastic)
    | Assigning material pointers to particles...
    | Successfully assigned materials to 5000 particles.

[00:46:48] [INFO ] [InitFields]
    | ==================================================
    | Entering Field Registration Phase...
    | ==================================================

[00:46:48] [INFO ] [FieldManager]
    | Added field 'Displacement'.
    | Added field 'Velocity'.
    | Added field 'Acceleration'.

[00:46:48] [INFO ] [MechanicalFields]
    | Core fields registered: Displacement, Velocity, Acceleration.

[00:46:48] [INFO ] [InitFields]
    | Auto-registered PhysicsFields module: Mechanical

[00:46:48] [INFO ] [FieldManager]
    | Added field 'ID'.
    | Added field 'PartID'.
    | Added field 'MatID'.
    | Added field 'Coords'.
    | Added field 'Volume'.
    | Added field 'EqPlasticStrain_Old'.
    | Added field 'EqPlasticStrain_Trial'.
    | Added field 'PlasticStrain_Old'.
    | Added field 'PlasticStrain_Trial'.
    | Added field 'VonMisesStress'.
    | Resized all 13 fields for 5000 particles.

[00:46:48] [INFO ] [InitFields]
    | Binding high-speed material state pointers...

[00:46:48] [INFO ] [MeshData]
    | Populated particle geometry fields into FieldManager for 5000 particles.

[00:46:48] [INFO ] [InitFields]
    | All fields allocated for 5000 particles. Total fields: 13.

[00:46:48] [INFO ] [InitConditions]
    | ==================================================
    | Entering Conditions Initialization Phase...
    | ==================================================

[00:46:48] [INFO ] [ReaderRegistry]
    | Creating reader for: .grpd (name: LoadReader)

[00:46:48] [INFO ] [GrpdMeshReader]
    | Reading file: D:\C++pro\GRPD\Examples\Box_Disp_ADR\Box_Disp_ADR.grpd
    | Entering *PARTICLE section (Line 1)
    | Entering *LOAD section (Line 5003)
    | ============================================
    | File reading complete!
    | Total particles: 5000
    | Total load entries: 100
    | ============================================

[00:46:48] [INFO ] [InitConditions]
    | Load statistics:
    | - DISP : 100
    | Boundary conditions initialization complete.

[00:46:48] [INFO ] [InitNeighbors]
    | ==================================================
    | Entering Neighbor Search Phase...
    | ==================================================
    | Horizon radius: 3.015000

[00:46:48] [INFO ] [NeighborList]
    | Starting full-flat CSR search for 5000 particles, horizon = 3.015000
    | Cell grid: 33 x 17 x 1 = 561 cells
    | Flat cell list built in 1.000166 ms
    | Pass 1 (count) done in 0.999928 ms
    | Total bonds: 134636, Memory: 1 MB
    | Pass 2 (fill) done in 5.000114 ms
    | Max neighbors: 28
    | Total time: 7.000208 ms

[00:46:48] [INFO ] [FieldManager]
    | Added field 'NeighborCount'.

[00:46:48] [INFO ] [InitNeighbors]
    | NeighborCount field populated for 5000 particles.

[00:46:48] [INFO ] [FieldManager]
    | Added field 'Damage'.

[00:46:48] [INFO ] [InitNeighbors]
    | Global Damage scalar field properly initialized to 0.0
    | Neighbor search phase complete.
    | Initializing Material-specific Damage Models...
    | Material Damage Models initialized. Total Active Models: 0

[00:46:48] [INFO ] [InitSolverComponents]
    | ==================================================
    | Entering Solver Components Assembly Phase...
    | ==================================================
    | Building Time Integrator: ADR
    | Time Integrator configured.
    | Building Space Kernel: NOSB_M

[00:46:48] [INFO ] [NOSB_Base]
    | Applied KernelWeightType: Gaussian
    | Applied ZeroEnergyG0: 0.200000
    | Applied ZeroEnergyMethod string: Zhang

[00:46:48] [INFO ] [InitSolverComponents]
    | Space Kernel 'NOSB_M' configured.
    | Total kernels assembled: 1

[00:46:48] [INFO ] [PDEngine]
    | PD simulation context initialized successfully.

[00:46:48] [INFO ] [EngineManager]
    | All solvers initialized. Total: 1
    | ==================================================
    | Entering Main Solver Phase
    | ==================================================
    | Solving: PD

[00:46:48] [INFO ] [PDEngine]
    | Starting PD Engine Solve Phase...

[00:46:48] [INFO ] [ADR]
    | Identified 2nd-order ODE coupling: Displacement <- Velocity <- Acceleration

[00:46:48] [INFO ] [FieldManager]
    | Added field 'ShapeTensorInv'.
    | Added field 'VHorizon'.

[00:46:48] [INFO ] [NOSB_Base]
    | Computing InfluenceWeight + Shape Tensor Inverse (K^-1)...
    | All NOSB base fields registered and Shape Tensor Inverse computed.

[00:46:48] [INFO ] [FieldManager]
    | Added field 'DeformationGradient'.
    | Added field 'PK1Stress'.

[00:46:48] [INFO ] [NOSB_M]
    | Instantiated MechanicalStabilizer globally in Phase 0 using strategy: Zhang

[00:46:48] [INFO ] [ADR]
    | Auto CFL dt: dx = 1.000000, c = 447.213595, massScale = 125000000.000000, dt = 0.001789

[00:46:48] [INFO ] [ADR_Integrator]
    | Starting Custom ADR: NumLoadSteps = 1, NumSubsteps = 10, KBC = 0, MassScale = 125000000.000000,
    | DampingMethod = HybridKinetic, dt = 0.001789
    | === Load Step 0 / 0 ===
    |     [Substep 0] Computed RampIters: 65
    |     [Step 0 / Sub 0] Converged. Iter: 796 | TOL1(V): 6.4206e-06 | TOL2(dU): 3.0483e-09 | TOL3(Res):
    |     9.8069e-05 | cn: 2.8414e+01
    |     [Substep 1] Computed RampIters: 65
    |     [Step 0 / Sub 1] Converged. Iter: 796 | TOL1(V): 6.4125e-06 | TOL2(dU): 5.5997e-09 | TOL3(Res):
    |     9.7955e-05 | cn: 2.8414e+01
    |     [Substep 2] Computed RampIters: 65
    |     [Step 0 / Sub 2] Converged. Iter: 801 | TOL1(V): 6.4195e-06 | TOL2(dU): 5.6058e-09 | TOL3(Res):
    |     9.8267e-05 | cn: 2.8416e+01
    |     [Substep 3] Computed RampIters: 65
    |     [Step 0 / Sub 3] Converged. Iter: 845 | TOL1(V): 6.6511e-06 | TOL2(dU): 5.8187e-09 | TOL3(Res):
    |     9.8624e-05 | cn: 2.7219e+01
    |     [Substep 4] Computed RampIters: 65
    |     [Step 0 / Sub 4] Converged. Iter: 1043 | TOL1(V): 8.8687e-06 | TOL2(dU): 7.6775e-09 |
    |     TOL3(Res): 9.9266e-05 | cn: 2.0836e+01
    |     [Substep 5] Computed RampIters: 65
    |     [Step 0 / Sub 5] Converged. Iter: 1047 | TOL1(V): 8.8510e-06 | TOL2(dU): 7.6482e-09 |
    |     TOL3(Res): 9.8916e-05 | cn: 2.0801e+01
    |     [Substep 6] Computed RampIters: 65
    |     [Step 0 / Sub 6] Converged. Iter: 1047 | TOL1(V): 8.8771e-06 | TOL2(dU): 7.6698e-09 |
    |     TOL3(Res): 9.9116e-05 | cn: 2.0784e+01
    |     [Substep 7] Computed RampIters: 65
    |     [Step 0 / Sub 7] Converged. Iter: 1054 | TOL1(V): 9.0291e-06 | TOL2(dU): 7.8055e-09 |
    |     TOL3(Res): 9.9920e-05 | cn: 2.0602e+01
    |     [Substep 8] Computed RampIters: 65
    |     [Step 0 / Sub 8] Converged. Iter: 1055 | TOL1(V): 8.9982e-06 | TOL2(dU): 7.7803e-09 |
    |     TOL3(Res): 9.9489e-05 | cn: 2.0585e+01
    |     [Substep 9] Computed RampIters: 65
    |     [Step 0 / Sub 9] Converged. Iter: 1056 | TOL1(V): 8.9003e-06 | TOL2(dU): 7.6953e-09 |
    |     TOL3(Res): 9.8367e-05 | cn: 2.0577e+01
    | Finished. Total: 61.118142s  |  Pure Compute avg: 0.002146 s/step

[00:47:49] [INFO ] [PDEngine]
    | PD Engine Solve Phase Finished.

[00:47:49] [INFO ] [EngineManager]
    | Main Solver Phase finished.
    | ==================================================
    | Entering Post-processing Phase
    | ==================================================
    | Outputting: PD
    | Post-processing Phase finished.

[00:54:15] [INFO ] [EngineManager]
    | ==================================================
    | GRPD Solver Engine Initialized                 
    | ==================================================

[00:54:15] [INFO ] [EngineRegistry]
    | Creating Engine instance: PD

[00:54:15] [INFO ] [PDEngine]
    | PD Engine instance created.
    | ===============================================
    | ========== Registered Types Summary ===========
    | TimeIntegrator    : ADR, CentralDifference, Explicit, Staggered
    | FieldRegistry     : DoubleField, IntField
    | PhysicsFields     : Mechanical, Thermal
    | BCRegistry        : BODY_FORCE, CONV, DISP, FLUX, PRESSURE, T, VELOCITY
    | ReaderRegistry    : .grpd, .inp
    | StabilizerRegistry: Mechanical_Silling, Mechanical_Wan, Mechanical_Zhang, Thermal_Silling,
    | Thermal_Wan, Thermal_Zhang
    | MaterialRegistry  : FourierThermalMat, J2PlasticityMat, LinearElasticMat
    | KernelRegistry    : NOSB_M, NOSB_T
    | EngineRegistry    : PD
    | ===============================================

[00:54:15] [INFO ] [EngineManager]
    | Initializing solver: PD

[00:54:15] [INFO ] [PDEngine]
    | Initializing PD simulation context...

[00:54:15] [INFO ] [InitModel]
    | ==================================================
    | Model pre-processing...
    | ==================================================
    | grpd path: D:\C++pro\GRPD\Examples\Box_Disp_ADR\Box_Disp_ADR.grpd
    | model name: Box_Disp_ADR
    | Calling Python pre-processor to generate .grpd mesh...
    | Mesh generated successfully by Python.

[00:54:16] [INFO ] [Context Manager]
    | Formalized model name to: Box_Disp_ADR
    | Model dimension set to: 3D

[00:54:16] [INFO ] [ReaderRegistry]
    | Creating reader for: .grpd (name: Box_Disp_ADR)

[00:54:16] [INFO ] [InitModel]
    | Reading mesh file: D:\C++pro\GRPD\Examples\Box_Disp_ADR\Box_Disp_ADR.grpd (reader: .grpd)

[00:54:16] [INFO ] [GrpdMeshReader]
    | Reading file: D:\C++pro\GRPD\Examples\Box_Disp_ADR\Box_Disp_ADR.grpd
    | Entering *PARTICLE section (Line 1)
    | Entering *LOAD section (Line 50003)
    | ============================================
    | File reading complete!
    | Total particles: 50000
    | Total load entries: 1000
    | ============================================

[00:54:16] [INFO ] [InitModel]
    | Total particles loaded for model Box_Disp_ADR: 50000

[00:54:16] [INFO ] [InitMaterial]
    | ==================================================
    | Entering Material Initialization Phase...
    | ==================================================
    | Instantiating material [1] of type: J2PlasticityMat

[00:54:16] [INFO ] [MaterialRegistry]
    | Using factory to create material: Steel_Plastic (type: J2PlasticityMat)

[00:54:16] [INFO ] [J2PlasticityMat]
    | Hardening Type: Isotropic

[00:54:16] [INFO ] [MaterialManager]
    | Successfully added material instance: Steel_Plastic

[00:54:16] [INFO ] [InitMaterial]
    | Successfully registered material ID 1 (Steel_Plastic)
    | Assigning material pointers to particles...
    | Successfully assigned materials to 50000 particles.

[00:54:16] [INFO ] [InitFields]
    | ==================================================
    | Entering Field Registration Phase...
    | ==================================================

[00:54:16] [INFO ] [FieldManager]
    | Added field 'Displacement'.
    | Added field 'Velocity'.
    | Added field 'Acceleration'.

[00:54:16] [INFO ] [MechanicalFields]
    | Core fields registered: Displacement, Velocity, Acceleration.

[00:54:16] [INFO ] [InitFields]
    | Auto-registered PhysicsFields module: Mechanical

[00:54:16] [INFO ] [FieldManager]
    | Added field 'ID'.
    | Added field 'PartID'.
    | Added field 'MatID'.
    | Added field 'Coords'.
    | Added field 'Volume'.
    | Added field 'EqPlasticStrain_Old'.
    | Added field 'EqPlasticStrain_Trial'.
    | Added field 'PlasticStrain_Old'.
    | Added field 'PlasticStrain_Trial'.
    | Added field 'VonMisesStress'.
    | Resized all 13 fields for 50000 particles.

[00:54:16] [INFO ] [InitFields]
    | Binding high-speed material state pointers...

[00:54:16] [INFO ] [MeshData]
    | Populated particle geometry fields into FieldManager for 50000 particles.

[00:54:16] [INFO ] [InitFields]
    | All fields allocated for 50000 particles. Total fields: 13.

[00:54:16] [INFO ] [InitConditions]
    | ==================================================
    | Entering Conditions Initialization Phase...
    | ==================================================

[00:54:16] [INFO ] [ReaderRegistry]
    | Creating reader for: .grpd (name: LoadReader)

[00:54:16] [INFO ] [GrpdMeshReader]
    | Reading file: D:\C++pro\GRPD\Examples\Box_Disp_ADR\Box_Disp_ADR.grpd
    | Entering *PARTICLE section (Line 1)
    | Entering *LOAD section (Line 50003)
    | ============================================
    | File reading complete!
    | Total particles: 50000
    | Total load entries: 1000
    | ============================================

[00:54:17] [INFO ] [InitConditions]
    | Load statistics:
    | - DISP : 1000
    | Boundary conditions initialization complete.

[00:54:17] [INFO ] [InitNeighbors]
    | ==================================================
    | Entering Neighbor Search Phase...
    | ==================================================
    | Horizon radius: 3.015000

[00:54:17] [INFO ] [NeighborList]
    | Starting full-flat CSR search for 50000 particles, horizon = 3.015000
    | Cell grid: 33 x 17 x 3 = 1683 cells
    | Flat cell list built in 3.000021 ms
    | Pass 1 (count) done in 17.999887 ms
    | Total bonds: 5213528, Memory: 59 MB
    | Pass 2 (fill) done in 47.000170 ms
    | Max neighbors: 122
    | Total time: 68.000078 ms

[00:54:17] [INFO ] [FieldManager]
    | Added field 'NeighborCount'.

[00:54:17] [INFO ] [InitNeighbors]
    | NeighborCount field populated for 50000 particles.

[00:54:17] [INFO ] [FieldManager]
    | Added field 'Damage'.

[00:54:17] [INFO ] [InitNeighbors]
    | Global Damage scalar field properly initialized to 0.0
    | Neighbor search phase complete.
    | Initializing Material-specific Damage Models...
    | Material Damage Models initialized. Total Active Models: 0

[00:54:17] [INFO ] [InitSolverComponents]
    | ==================================================
    | Entering Solver Components Assembly Phase...
    | ==================================================
    | Building Time Integrator: ADR
    | Time Integrator configured.
    | Building Space Kernel: NOSB_M

[00:54:17] [INFO ] [NOSB_Base]
    | Applied KernelWeightType: Gaussian
    | Applied ZeroEnergyG0: 0.200000
    | Applied ZeroEnergyMethod string: Zhang

[00:54:17] [INFO ] [InitSolverComponents]
    | Space Kernel 'NOSB_M' configured.
    | Total kernels assembled: 1

[00:54:17] [INFO ] [PDEngine]
    | PD simulation context initialized successfully.

[00:54:17] [INFO ] [EngineManager]
    | All solvers initialized. Total: 1
    | ==================================================
    | Entering Main Solver Phase
    | ==================================================
    | Solving: PD

[00:54:17] [INFO ] [PDEngine]
    | Starting PD Engine Solve Phase...

[00:54:17] [INFO ] [ADR]
    | Identified 2nd-order ODE coupling: Displacement <- Velocity <- Acceleration

[00:54:17] [INFO ] [FieldManager]
    | Added field 'ShapeTensorInv'.
    | Added field 'VHorizon'.

[00:54:17] [INFO ] [NOSB_Base]
    | Computing InfluenceWeight + Shape Tensor Inverse (K^-1)...
    | All NOSB base fields registered and Shape Tensor Inverse computed.

[00:54:17] [INFO ] [FieldManager]
    | Added field 'DeformationGradient'.
    | Added field 'PK1Stress'.

[00:54:17] [INFO ] [NOSB_M]
    | Instantiated MechanicalStabilizer globally in Phase 0 using strategy: Zhang

[00:54:17] [INFO ] [ADR]
    | Auto CFL dt: dx = 1.000000, c = 447.213595, massScale = 125000000.000000, dt = 0.001789

[00:54:17] [INFO ] [ADR_Integrator]
    | Starting Custom ADR: NumLoadSteps = 1, NumSubsteps = 10, KBC = 0, MassScale = 125000000.000000,
    | DampingMethod = HybridKinetic, dt = 0.001789
    | === Load Step 0 / 0 ===
    |     [Substep 0] Computed RampIters: 139
    |     [Step 0 / Sub 0] Converged. Iter: 910 | TOL1(V): 6.8070e-06 | TOL2(dU): 1.0231e-09 | TOL3(Res):
    |     9.9206e-05 | cn: 2.7203e+01
    |     [Substep 1] Computed RampIters: 139
    |     [Step 0 / Sub 1] Converged. Iter: 910 | TOL1(V): 6.7562e-06 | TOL2(dU): 1.8724e-09 | TOL3(Res):
    |     9.8466e-05 | cn: 2.7203e+01
    |     [Substep 2] Computed RampIters: 139
    |     [Step 0 / Sub 2] Converged. Iter: 916 | TOL1(V): 6.7526e-06 | TOL2(dU): 1.8714e-09 | TOL3(Res):
    |     9.8617e-05 | cn: 2.7204e+01
    |     [Substep 3] Computed RampIters: 139
    |     [Step 0 / Sub 3] Converged. Iter: 1220 | TOL1(V): 8.6845e-06 | TOL2(dU): 2.4367e-09 |
    |     TOL3(Res): 9.9494e-05 | cn: 2.1066e+01
    |     [Substep 4] Computed RampIters: 139
    |     > Sub 4 Iter 2000 | LF: 0.500000 | Res: 8.0132e-01 | cn: 3.6824e+00 | Speed: 19 steps/s
    |     > Sub 4 Iter 4000 | LF: 0.500000 | Res: 2.9405e-03 | cn: 3.6741e+00 | Speed: 19 steps/s
    |     [Step 0 / Sub 4] Converged. Iter: 5125 | TOL1(V): 5.0325e-05 | TOL2(dU): 1.3695e-08 |
    |     TOL3(Res): 9.9897e-05 | cn: 3.6727e+00
    |     [Substep 5] Computed RampIters: 139
    |     > Sub 5 Iter 2000 | LF: 0.600000 | Res: 1.1172e+00 | cn: 3.5565e+00 | Speed: 19 steps/s
    |     > Sub 5 Iter 4000 | LF: 0.600000 | Res: 4.9233e-03 | cn: 3.5530e+00 | Speed: 19 steps/s
    |     [Step 0 / Sub 5] Converged. Iter: 5338 | TOL1(V): 5.2138e-05 | TOL2(dU): 1.3581e-08 |
    |     TOL3(Res): 9.9780e-05 | cn: 3.5528e+00
    |     [Substep 6] Computed RampIters: 139
